This is pdfTeX, Version 3.14159265-2.6-1.40.21 (TeX Live 2020) (preloaded format=latex 2020.4.29)  4 NOV 2023 12:48
entering extended mode
**"Apuntes de clase.tex"
(Apuntes de clase.tex
LaTeX2e <2020-02-02> patch level 5
L3 programming layer <2020-03-06>
(/private/var/containers/Bundle/Application/18046BCE-ED24-4E85-A098-D44683A2929
0/TeX Writer.app/texmf-base/./tex/latex/base/article.cls
Document Class: article 2019/12/20 v1.4l Standard LaTeX document class

(/private/var/containers/Bundle/Application/18046BCE-ED24-4E85-A098-D44683A2929
0/TeX Writer.app/texmf-base/./tex/latex/base/size12.clo
File: size12.clo 2019/12/20 v1.4l Standard LaTeX file (size option)
)
\c@part=\count167
\c@section=\count168
\c@subsection=\count169
\c@subsubsection=\count170
\c@paragraph=\count171
\c@subparagraph=\count172
\c@figure=\count173
\c@table=\count174
\abovecaptionskip=\skip47
\belowcaptionskip=\skip48
\bibindent=\dimen134
)
(/var/mobile/Containers/Data/Application/688D1544-F5A7-4120-8D6F-A40BC0CCAD5B/L
ibrary/Caches/texmf-dist/./tex/latex/preprint/fullpage.sty
Package: fullpage 1999/02/23 1.1 (PWD)
\FP@margin=\skip49
)
(/private/var/containers/Bundle/Application/18046BCE-ED24-4E85-A098-D44683A2929
0/TeX Writer.app/texmf-base/./tex/latex/base/inputenc.sty
Package: inputenc 2018/08/11 v1.3c Input encoding file
\inpenc@prehook=\toks15
\inpenc@posthook=\toks16
)
(/var/mobile/Containers/Data/Application/688D1544-F5A7-4120-8D6F-A40BC0CCAD5B/L
ibrary/Caches/texmf-dist/./tex/latex/pict2e/pict2e.sty
Package: pict2e 2019/08/20 v0.3c Improved picture commands (HjG,RN,JT)

(/var/mobile/Containers/Data/Application/688D1544-F5A7-4120-8D6F-A40BC0CCAD5B/L
ibrary/Caches/texmf-dist/./tex/latex/pict2e/pict2e.cfg
File: pict2e.cfg 2016/02/05 v0.1u pict2e configuration for teTeX/TeXLive
)
Package pict2e Info: Driver file: pdftex.def on input line 119.

(/var/mobile/Containers/Data/Application/688D1544-F5A7-4120-8D6F-A40BC0CCAD5B/L
ibrary/Caches/texmf-dist/./tex/latex/graphics-def/pdftex.def
File: pdftex.def 2018/01/08 v1.0l Graphics/color driver for pdftex
)
Package pict2e Info: Driver file for pict2e: p2e-pdftex.def on input line 121.

(/var/mobile/Containers/Data/Application/688D1544-F5A7-4120-8D6F-A40BC0CCAD5B/L
ibrary/Caches/texmf-dist/./tex/latex/pict2e/p2e-pdftex.def
File: p2e-pdftex.def 2016/02/05 v0.1u Driver-dependant file (RN,HjG,JT)
)
(/private/var/containers/Bundle/Application/18046BCE-ED24-4E85-A098-D44683A2929
0/TeX Writer.app/texmf-base/./tex/latex/graphics/trig.sty
Package: trig 2016/01/03 v1.10 sin cos tan (DPC)
)
\pIIe@GRAPH=\toks17
\@arclen=\dimen135
\@arcrad=\dimen136
\@tempdimd=\dimen137
)
(/private/var/containers/Bundle/Application/18046BCE-ED24-4E85-A098-D44683A2929
0/TeX Writer.app/texmf-base/./tex/latex/amsmath/amsmath.sty
Package: amsmath 2020/01/20 v2.17e AMS math features
\@mathmargin=\skip50

For additional information on amsmath, use the `?' option.

(/private/var/containers/Bundle/Application/18046BCE-ED24-4E85-A098-D44683A2929
0/TeX Writer.app/texmf-base/./tex/latex/amsmath/amstext.sty
Package: amstext 2000/06/29 v2.01 AMS text

(/private/var/containers/Bundle/Application/18046BCE-ED24-4E85-A098-D44683A2929
0/TeX Writer.app/texmf-base/./tex/latex/amsmath/amsgen.sty
File: amsgen.sty 1999/11/30 v2.0 generic functions
\@emptytoks=\toks18
\ex@=\dimen138
))
(/private/var/containers/Bundle/Application/18046BCE-ED24-4E85-A098-D44683A2929
0/TeX Writer.app/texmf-base/./tex/latex/amsmath/amsbsy.sty
Package: amsbsy 1999/11/29 v1.2d Bold Symbols
\pmbraise@=\dimen139
)
(/private/var/containers/Bundle/Application/18046BCE-ED24-4E85-A098-D44683A2929
0/TeX Writer.app/texmf-base/./tex/latex/amsmath/amsopn.sty
Package: amsopn 2016/03/08 v2.02 operator names
)
\inf@bad=\count175
LaTeX Info: Redefining \frac on input line 227.
\uproot@=\count176
\leftroot@=\count177
LaTeX Info: Redefining \overline on input line 389.
\classnum@=\count178
\DOTSCASE@=\count179
LaTeX Info: Redefining \ldots on input line 486.
LaTeX Info: Redefining \dots on input line 489.
LaTeX Info: Redefining \cdots on input line 610.
\Mathstrutbox@=\box45
\strutbox@=\box46
\big@size=\dimen140
LaTeX Font Info:    Redeclaring font encoding OML on input line 733.
LaTeX Font Info:    Redeclaring font encoding OMS on input line 734.
\macc@depth=\count180
\c@MaxMatrixCols=\count181
\dotsspace@=\muskip16
\c@parentequation=\count182
\dspbrk@lvl=\count183
\tag@help=\toks19
\row@=\count184
\column@=\count185
\maxfields@=\count186
\andhelp@=\toks20
\eqnshift@=\dimen141
\alignsep@=\dimen142
\tagshift@=\dimen143
\tagwidth@=\dimen144
\totwidth@=\dimen145
\lineht@=\dimen146
\@envbody=\toks21
\multlinegap=\skip51
\multlinetaggap=\skip52
\mathdisplay@stack=\toks22
LaTeX Info: Redefining \[ on input line 2859.
LaTeX Info: Redefining \] on input line 2860.
)
(/var/mobile/Containers/Data/Application/688D1544-F5A7-4120-8D6F-A40BC0CCAD5B/L
ibrary/Caches/texmf-dist/./tex/latex/enumitem/enumitem.sty
Package: enumitem 2019/06/20 v3.9 Customized lists
\enitkv@toks@=\toks23
\labelindent=\skip53
\enit@outerparindent=\dimen147
\enit@toks=\toks24
\enit@inbox=\box47
\enit@count@id=\count187
\enitdp@description=\count188
)
(/var/mobile/Containers/Data/Application/688D1544-F5A7-4120-8D6F-A40BC0CCAD5B/L
ibrary/Caches/texmf-dist/./tex/latex/eurosym/eurosym.sty
Package: eurosym 1998/08/06 v1.1 European currency symbol ``Euro''
\@eurobox=\box48
)
(/var/mobile/Containers/Data/Application/688D1544-F5A7-4120-8D6F-A40BC0CCAD5B/L
ibrary/Caches/texmf-dist/./tex/latex/mathtools/mathtools.sty
Package: mathtools 2020/03/24 v1.24 mathematical typesetting tools

(/private/var/containers/Bundle/Application/18046BCE-ED24-4E85-A098-D44683A2929
0/TeX Writer.app/texmf-base/./tex/latex/graphics/keyval.sty
Package: keyval 2014/10/28 v1.15 key=value parser (DPC)
\KV@toks@=\toks25
)
(/var/mobile/Containers/Data/Application/688D1544-F5A7-4120-8D6F-A40BC0CCAD5B/L
ibrary/Caches/texmf-dist/./tex/latex/tools/calc.sty
Package: calc 2017/05/25 v4.3 Infix arithmetic (KKT,FJ)
\calc@Acount=\count189
\calc@Bcount=\count190
\calc@Adimen=\dimen148
\calc@Bdimen=\dimen149
\calc@Askip=\skip54
\calc@Bskip=\skip55
LaTeX Info: Redefining \setlength on input line 80.
LaTeX Info: Redefining \addtolength on input line 81.
\calc@Ccount=\count191
\calc@Cskip=\skip56
)
(/var/mobile/Containers/Data/Application/688D1544-F5A7-4120-8D6F-A40BC0CCAD5B/L
ibrary/Caches/texmf-dist/./tex/latex/mathtools/mhsetup.sty
Package: mhsetup 2017/03/31 v1.3 programming setup (MH)
)
LaTeX Info: Thecontrolsequence`\('isalreadyrobust on input line 130.
LaTeX Info: Thecontrolsequence`\)'isalreadyrobust on input line 130.
LaTeX Info: Thecontrolsequence`\['isalreadyrobust on input line 130.
LaTeX Info: Thecontrolsequence`\]'isalreadyrobust on input line 130.
\g_MT_multlinerow_int=\count192
\l_MT_multwidth_dim=\dimen150
\origjot=\skip57
\l_MT_shortvdotswithinadjustabove_dim=\dimen151
\l_MT_shortvdotswithinadjustbelow_dim=\dimen152
\l_MT_above_intertext_sep=\dimen153
\l_MT_below_intertext_sep=\dimen154
\l_MT_above_shortintertext_sep=\dimen155
\l_MT_below_shortintertext_sep=\dimen156
\xmathstrut@box=\box49
\xmathstrut@dim=\dimen157
)
(/private/var/containers/Bundle/Application/18046BCE-ED24-4E85-A098-D44683A2929
0/TeX Writer.app/texmf-base/./tex/latex/amsfonts/amssymb.sty
Package: amssymb 2013/01/14 v3.01 AMS font symbols

(/private/var/containers/Bundle/Application/18046BCE-ED24-4E85-A098-D44683A2929
0/TeX Writer.app/texmf-base/./tex/latex/amsfonts/amsfonts.sty
Package: amsfonts 2013/01/14 v3.01 Basic AMSFonts support
\symAMSa=\mathgroup4
\symAMSb=\mathgroup5
LaTeX Font Info:    Redeclaring math symbol \hbar on input line 98.
LaTeX Font Info:    Overwriting math alphabet `\mathfrak' in version `bold'
(Font)                  U/euf/m/n --> U/euf/b/n on input line 106.
))
(/private/var/containers/Bundle/Application/18046BCE-ED24-4E85-A098-D44683A2929
0/TeX Writer.app/texmf-base/./tex/latex/base/latexsym.sty
Package: latexsym 1998/08/17 v2.2e Standard LaTeX package (lasy symbols)
\symlasy=\mathgroup6
LaTeX Font Info:    Overwriting symbol font `lasy' in version `bold'
(Font)                  U/lasy/m/n --> U/lasy/b/n on input line 52.
)
(/var/mobile/Containers/Data/Application/688D1544-F5A7-4120-8D6F-A40BC0CCAD5B/L
ibrary/Caches/texmf-dist/./tex/latex/cancel/cancel.sty
Package: cancel 2013/04/12 v2.2 Cancel math terms
)
(/private/var/containers/Bundle/Application/18046BCE-ED24-4E85-A098-D44683A2929
0/TeX Writer.app/texmf-base/./tex/latex/graphics/graphicx.sty
Package: graphicx 2019/11/30 v1.2a Enhanced LaTeX Graphics (DPC,SPQR)

(/private/var/containers/Bundle/Application/18046BCE-ED24-4E85-A098-D44683A2929
0/TeX Writer.app/texmf-base/./tex/latex/graphics/graphics.sty
Package: graphics 2019/11/30 v1.4a Standard LaTeX Graphics (DPC,SPQR)

(/var/mobile/Containers/Data/Application/688D1544-F5A7-4120-8D6F-A40BC0CCAD5B/L
ibrary/Caches/texmf-dist/./tex/latex/graphics-cfg/graphics.cfg
File: graphics.cfg 2016/06/04 v1.11 sample graphics configuration
)
Package graphics Info: Driver file: pdftex.def on input line 105.
)
\Gin@req@height=\dimen158
\Gin@req@width=\dimen159
)
(/private/var/containers/Bundle/Application/18046BCE-ED24-4E85-A098-D44683A2929
0/TeX Writer.app/texmf-base/./tex/latex/base/fontenc.sty
Package: fontenc 2020/02/11 v2.0o Standard LaTeX package
)
(/var/mobile/Containers/Data/Application/688D1544-F5A7-4120-8D6F-A40BC0CCAD5B/L
ibrary/Caches/texmf-dist/./tex/latex/setspace/setspace.sty
Package: setspace 2011/12/19 v6.7a set line spacing
)
(/var/mobile/Containers/Data/Application/688D1544-F5A7-4120-8D6F-A40BC0CCAD5B/L
ibrary/Caches/texmf-dist/./tex/latex/pgfplots/pgfplots.sty
(/var/mobile/Containers/Data/Application/688D1544-F5A7-4120-8D6F-A40BC0CCAD5B/L
ibrary/Caches/texmf-dist/./tex/generic/pgfplots/pgfplots.revision.tex)
Package: pgfplots 2020/02/29 v1.17 Data Visualization (1.17)

(/var/mobile/Containers/Data/Application/688D1544-F5A7-4120-8D6F-A40BC0CCAD5B/L
ibrary/Caches/texmf-dist/./tex/latex/pgf/frontendlayer/tikz.sty
(/var/mobile/Containers/Data/Application/688D1544-F5A7-4120-8D6F-A40BC0CCAD5B/L
ibrary/Caches/texmf-dist/./tex/latex/pgf/basiclayer/pgf.sty
(/var/mobile/Containers/Data/Application/688D1544-F5A7-4120-8D6F-A40BC0CCAD5B/L
ibrary/Caches/texmf-dist/./tex/latex/pgf/utilities/pgfrcs.sty
(/var/mobile/Containers/Data/Application/688D1544-F5A7-4120-8D6F-A40BC0CCAD5B/L
ibrary/Caches/texmf-dist/./tex/generic/pgf/utilities/pgfutil-common.tex
\pgfutil@everybye=\toks26
\pgfutil@tempdima=\dimen160
\pgfutil@tempdimb=\dimen161

(/var/mobile/Containers/Data/Application/688D1544-F5A7-4120-8D6F-A40BC0CCAD5B/L
ibrary/Caches/texmf-dist/./tex/generic/pgf/utilities/pgfutil-common-lists.tex))

(/var/mobile/Containers/Data/Application/688D1544-F5A7-4120-8D6F-A40BC0CCAD5B/L
ibrary/Caches/texmf-dist/./tex/generic/pgf/utilities/pgfutil-latex.def
\pgfutil@abb=\box50

(/var/mobile/Containers/Data/Application/688D1544-F5A7-4120-8D6F-A40BC0CCAD5B/L
ibrary/Caches/texmf-dist/./tex/latex/ms/everyshi.sty
Package: everyshi 2001/05/15 v3.00 EveryShipout Package (MS)
))
(/var/mobile/Containers/Data/Application/688D1544-F5A7-4120-8D6F-A40BC0CCAD5B/L
ibrary/Caches/texmf-dist/./tex/generic/pgf/utilities/pgfrcs.code.tex
(/var/mobile/Containers/Data/Application/688D1544-F5A7-4120-8D6F-A40BC0CCAD5B/L
ibrary/Caches/texmf-dist/./tex/generic/pgf/pgf.revision.tex)
Package: pgfrcs 2020/01/08 v3.1.5b (3.1.5b)
))
Package: pgf 2020/01/08 v3.1.5b (3.1.5b)

(/var/mobile/Containers/Data/Application/688D1544-F5A7-4120-8D6F-A40BC0CCAD5B/L
ibrary/Caches/texmf-dist/./tex/latex/pgf/basiclayer/pgfcore.sty
(/var/mobile/Containers/Data/Application/688D1544-F5A7-4120-8D6F-A40BC0CCAD5B/L
ibrary/Caches/texmf-dist/./tex/latex/pgf/systemlayer/pgfsys.sty
(/var/mobile/Containers/Data/Application/688D1544-F5A7-4120-8D6F-A40BC0CCAD5B/L
ibrary/Caches/texmf-dist/./tex/generic/pgf/systemlayer/pgfsys.code.tex
Package: pgfsys 2020/01/08 v3.1.5b (3.1.5b)

(/var/mobile/Containers/Data/Application/688D1544-F5A7-4120-8D6F-A40BC0CCAD5B/L
ibrary/Caches/texmf-dist/./tex/generic/pgf/utilities/pgfkeys.code.tex
\pgfkeys@pathtoks=\toks27
\pgfkeys@temptoks=\toks28

(/var/mobile/Containers/Data/Application/688D1544-F5A7-4120-8D6F-A40BC0CCAD5B/L
ibrary/Caches/texmf-dist/./tex/generic/pgf/utilities/pgfkeysfiltered.code.tex
\pgfkeys@tmptoks=\toks29
))
\pgf@x=\dimen162
\pgf@y=\dimen163
\pgf@xa=\dimen164
\pgf@ya=\dimen165
\pgf@xb=\dimen166
\pgf@yb=\dimen167
\pgf@xc=\dimen168
\pgf@yc=\dimen169
\pgf@xd=\dimen170
\pgf@yd=\dimen171
\w@pgf@writea=\write3
\r@pgf@reada=\read2
\c@pgf@counta=\count193
\c@pgf@countb=\count194
\c@pgf@countc=\count195
\c@pgf@countd=\count196
\t@pgf@toka=\toks30
\t@pgf@tokb=\toks31
\t@pgf@tokc=\toks32
\pgf@sys@id@count=\count197

(/var/mobile/Containers/Data/Application/688D1544-F5A7-4120-8D6F-A40BC0CCAD5B/L
ibrary/Caches/texmf-dist/./tex/generic/pgf/systemlayer/pgf.cfg
File: pgf.cfg 2020/01/08 v3.1.5b (3.1.5b)
)
Driver file for pgf: pgfsys-pdftex.def

(/var/mobile/Containers/Data/Application/688D1544-F5A7-4120-8D6F-A40BC0CCAD5B/L
ibrary/Caches/texmf-dist/./tex/generic/pgf/systemlayer/pgfsys-pdftex.def
File: pgfsys-pdftex.def 2020/01/08 v3.1.5b (3.1.5b)

(/var/mobile/Containers/Data/Application/688D1544-F5A7-4120-8D6F-A40BC0CCAD5B/L
ibrary/Caches/texmf-dist/./tex/generic/pgf/systemlayer/pgfsys-common-pdf.def
File: pgfsys-common-pdf.def 2020/01/08 v3.1.5b (3.1.5b)
)))
(/var/mobile/Containers/Data/Application/688D1544-F5A7-4120-8D6F-A40BC0CCAD5B/L
ibrary/Caches/texmf-dist/./tex/generic/pgf/systemlayer/pgfsyssoftpath.code.tex
File: pgfsyssoftpath.code.tex 2020/01/08 v3.1.5b (3.1.5b)
\pgfsyssoftpath@smallbuffer@items=\count198
\pgfsyssoftpath@bigbuffer@items=\count199
)
(/var/mobile/Containers/Data/Application/688D1544-F5A7-4120-8D6F-A40BC0CCAD5B/L
ibrary/Caches/texmf-dist/./tex/generic/pgf/systemlayer/pgfsysprotocol.code.tex
File: pgfsysprotocol.code.tex 2020/01/08 v3.1.5b (3.1.5b)
))
(/var/mobile/Containers/Data/Application/688D1544-F5A7-4120-8D6F-A40BC0CCAD5B/L
ibrary/Caches/texmf-dist/./tex/latex/xcolor/xcolor.sty
Package: xcolor 2016/05/11 v2.12 LaTeX color extensions (UK)

(/var/mobile/Containers/Data/Application/688D1544-F5A7-4120-8D6F-A40BC0CCAD5B/L
ibrary/Caches/texmf-dist/./tex/latex/graphics-cfg/color.cfg
File: color.cfg 2016/01/02 v1.6 sample color configuration
)
Package xcolor Info: Driver file: pdftex.def on input line 225.
Package xcolor Info: Model `cmy' substituted by `cmy0' on input line 1348.
Package xcolor Info: Model `hsb' substituted by `rgb' on input line 1352.
Package xcolor Info: Model `RGB' extended on input line 1364.
Package xcolor Info: Model `HTML' substituted by `rgb' on input line 1366.
Package xcolor Info: Model `Hsb' substituted by `hsb' on input line 1367.
Package xcolor Info: Model `tHsb' substituted by `hsb' on input line 1368.
Package xcolor Info: Model `HSB' substituted by `hsb' on input line 1369.
Package xcolor Info: Model `Gray' substituted by `gray' on input line 1370.
Package xcolor Info: Model `wave' substituted by `hsb' on input line 1371.
)
(/var/mobile/Containers/Data/Application/688D1544-F5A7-4120-8D6F-A40BC0CCAD5B/L
ibrary/Caches/texmf-dist/./tex/generic/pgf/basiclayer/pgfcore.code.tex
Package: pgfcore 2020/01/08 v3.1.5b (3.1.5b)

(/var/mobile/Containers/Data/Application/688D1544-F5A7-4120-8D6F-A40BC0CCAD5B/L
ibrary/Caches/texmf-dist/./tex/generic/pgf/math/pgfmath.code.tex
(/var/mobile/Containers/Data/Application/688D1544-F5A7-4120-8D6F-A40BC0CCAD5B/L
ibrary/Caches/texmf-dist/./tex/generic/pgf/math/pgfmathcalc.code.tex
(/var/mobile/Containers/Data/Application/688D1544-F5A7-4120-8D6F-A40BC0CCAD5B/L
ibrary/Caches/texmf-dist/./tex/generic/pgf/math/pgfmathutil.code.tex)
(/var/mobile/Containers/Data/Application/688D1544-F5A7-4120-8D6F-A40BC0CCAD5B/L
ibrary/Caches/texmf-dist/./tex/generic/pgf/math/pgfmathparser.code.tex
\pgfmath@dimen=\dimen172
\pgfmath@count=\count266
\pgfmath@box=\box51
\pgfmath@toks=\toks33
\pgfmath@stack@operand=\toks34
\pgfmath@stack@operation=\toks35
)
(/var/mobile/Containers/Data/Application/688D1544-F5A7-4120-8D6F-A40BC0CCAD5B/L
ibrary/Caches/texmf-dist/./tex/generic/pgf/math/pgfmathfunctions.code.tex
(/var/mobile/Containers/Data/Application/688D1544-F5A7-4120-8D6F-A40BC0CCAD5B/L
ibrary/Caches/texmf-dist/./tex/generic/pgf/math/pgfmathfunctions.basic.code.tex
)
(/var/mobile/Containers/Data/Application/688D1544-F5A7-4120-8D6F-A40BC0CCAD5B/L
ibrary/Caches/texmf-dist/./tex/generic/pgf/math/pgfmathfunctions.trigonometric.
code.tex)
(/var/mobile/Containers/Data/Application/688D1544-F5A7-4120-8D6F-A40BC0CCAD5B/L
ibrary/Caches/texmf-dist/./tex/generic/pgf/math/pgfmathfunctions.random.code.te
x)
(/var/mobile/Containers/Data/Application/688D1544-F5A7-4120-8D6F-A40BC0CCAD5B/L
ibrary/Caches/texmf-dist/./tex/generic/pgf/math/pgfmathfunctions.comparison.cod
e.tex)
(/var/mobile/Containers/Data/Application/688D1544-F5A7-4120-8D6F-A40BC0CCAD5B/L
ibrary/Caches/texmf-dist/./tex/generic/pgf/math/pgfmathfunctions.base.code.tex)

(/var/mobile/Containers/Data/Application/688D1544-F5A7-4120-8D6F-A40BC0CCAD5B/L
ibrary/Caches/texmf-dist/./tex/generic/pgf/math/pgfmathfunctions.round.code.tex
)
(/var/mobile/Containers/Data/Application/688D1544-F5A7-4120-8D6F-A40BC0CCAD5B/L
ibrary/Caches/texmf-dist/./tex/generic/pgf/math/pgfmathfunctions.misc.code.tex)

(/var/mobile/Containers/Data/Application/688D1544-F5A7-4120-8D6F-A40BC0CCAD5B/L
ibrary/Caches/texmf-dist/./tex/generic/pgf/math/pgfmathfunctions.integerarithme
tics.code.tex)))
(/var/mobile/Containers/Data/Application/688D1544-F5A7-4120-8D6F-A40BC0CCAD5B/L
ibrary/Caches/texmf-dist/./tex/generic/pgf/math/pgfmathfloat.code.tex
\c@pgfmathroundto@lastzeros=\count267
))
(/var/mobile/Containers/Data/Application/688D1544-F5A7-4120-8D6F-A40BC0CCAD5B/L
ibrary/Caches/texmf-dist/./tex/generic/pgf/math/pgfint.code.tex)
(/var/mobile/Containers/Data/Application/688D1544-F5A7-4120-8D6F-A40BC0CCAD5B/L
ibrary/Caches/texmf-dist/./tex/generic/pgf/basiclayer/pgfcorepoints.code.tex
File: pgfcorepoints.code.tex 2020/01/08 v3.1.5b (3.1.5b)
\pgf@picminx=\dimen173
\pgf@picmaxx=\dimen174
\pgf@picminy=\dimen175
\pgf@picmaxy=\dimen176
\pgf@pathminx=\dimen177
\pgf@pathmaxx=\dimen178
\pgf@pathminy=\dimen179
\pgf@pathmaxy=\dimen180
\pgf@xx=\dimen181
\pgf@xy=\dimen182
\pgf@yx=\dimen183
\pgf@yy=\dimen184
\pgf@zx=\dimen185
\pgf@zy=\dimen186
)
(/var/mobile/Containers/Data/Application/688D1544-F5A7-4120-8D6F-A40BC0CCAD5B/L
ibrary/Caches/texmf-dist/./tex/generic/pgf/basiclayer/pgfcorepathconstruct.code
.tex
File: pgfcorepathconstruct.code.tex 2020/01/08 v3.1.5b (3.1.5b)
\pgf@path@lastx=\dimen187
\pgf@path@lasty=\dimen188
)
(/var/mobile/Containers/Data/Application/688D1544-F5A7-4120-8D6F-A40BC0CCAD5B/L
ibrary/Caches/texmf-dist/./tex/generic/pgf/basiclayer/pgfcorepathusage.code.tex
File: pgfcorepathusage.code.tex 2020/01/08 v3.1.5b (3.1.5b)
\pgf@shorten@end@additional=\dimen189
\pgf@shorten@start@additional=\dimen190
)
(/var/mobile/Containers/Data/Application/688D1544-F5A7-4120-8D6F-A40BC0CCAD5B/L
ibrary/Caches/texmf-dist/./tex/generic/pgf/basiclayer/pgfcorescopes.code.tex
File: pgfcorescopes.code.tex 2020/01/08 v3.1.5b (3.1.5b)
\pgfpic=\box52
\pgf@hbox=\box53
\pgf@layerbox@main=\box54
\pgf@picture@serial@count=\count268
)
(/var/mobile/Containers/Data/Application/688D1544-F5A7-4120-8D6F-A40BC0CCAD5B/L
ibrary/Caches/texmf-dist/./tex/generic/pgf/basiclayer/pgfcoregraphicstate.code.
tex
File: pgfcoregraphicstate.code.tex 2020/01/08 v3.1.5b (3.1.5b)
\pgflinewidth=\dimen191
)
(/var/mobile/Containers/Data/Application/688D1544-F5A7-4120-8D6F-A40BC0CCAD5B/L
ibrary/Caches/texmf-dist/./tex/generic/pgf/basiclayer/pgfcoretransformations.co
de.tex
File: pgfcoretransformations.code.tex 2020/01/08 v3.1.5b (3.1.5b)
\pgf@pt@x=\dimen192
\pgf@pt@y=\dimen193
\pgf@pt@temp=\dimen194
)
(/var/mobile/Containers/Data/Application/688D1544-F5A7-4120-8D6F-A40BC0CCAD5B/L
ibrary/Caches/texmf-dist/./tex/generic/pgf/basiclayer/pgfcorequick.code.tex
File: pgfcorequick.code.tex 2020/01/08 v3.1.5b (3.1.5b)
)
(/var/mobile/Containers/Data/Application/688D1544-F5A7-4120-8D6F-A40BC0CCAD5B/L
ibrary/Caches/texmf-dist/./tex/generic/pgf/basiclayer/pgfcoreobjects.code.tex
File: pgfcoreobjects.code.tex 2020/01/08 v3.1.5b (3.1.5b)
)
(/var/mobile/Containers/Data/Application/688D1544-F5A7-4120-8D6F-A40BC0CCAD5B/L
ibrary/Caches/texmf-dist/./tex/generic/pgf/basiclayer/pgfcorepathprocessing.cod
e.tex
File: pgfcorepathprocessing.code.tex 2020/01/08 v3.1.5b (3.1.5b)
)
(/var/mobile/Containers/Data/Application/688D1544-F5A7-4120-8D6F-A40BC0CCAD5B/L
ibrary/Caches/texmf-dist/./tex/generic/pgf/basiclayer/pgfcorearrows.code.tex
File: pgfcorearrows.code.tex 2020/01/08 v3.1.5b (3.1.5b)
\pgfarrowsep=\dimen195
)
(/var/mobile/Containers/Data/Application/688D1544-F5A7-4120-8D6F-A40BC0CCAD5B/L
ibrary/Caches/texmf-dist/./tex/generic/pgf/basiclayer/pgfcoreshade.code.tex
File: pgfcoreshade.code.tex 2020/01/08 v3.1.5b (3.1.5b)
\pgf@max=\dimen196
\pgf@sys@shading@range@num=\count269
\pgf@shadingcount=\count270
)
(/var/mobile/Containers/Data/Application/688D1544-F5A7-4120-8D6F-A40BC0CCAD5B/L
ibrary/Caches/texmf-dist/./tex/generic/pgf/basiclayer/pgfcoreimage.code.tex
File: pgfcoreimage.code.tex 2020/01/08 v3.1.5b (3.1.5b)

(/var/mobile/Containers/Data/Application/688D1544-F5A7-4120-8D6F-A40BC0CCAD5B/L
ibrary/Caches/texmf-dist/./tex/generic/pgf/basiclayer/pgfcoreexternal.code.tex
File: pgfcoreexternal.code.tex 2020/01/08 v3.1.5b (3.1.5b)
\pgfexternal@startupbox=\box55
))
(/var/mobile/Containers/Data/Application/688D1544-F5A7-4120-8D6F-A40BC0CCAD5B/L
ibrary/Caches/texmf-dist/./tex/generic/pgf/basiclayer/pgfcorelayers.code.tex
File: pgfcorelayers.code.tex 2020/01/08 v3.1.5b (3.1.5b)
)
(/var/mobile/Containers/Data/Application/688D1544-F5A7-4120-8D6F-A40BC0CCAD5B/L
ibrary/Caches/texmf-dist/./tex/generic/pgf/basiclayer/pgfcoretransparency.code.
tex
File: pgfcoretransparency.code.tex 2020/01/08 v3.1.5b (3.1.5b)
)
(/var/mobile/Containers/Data/Application/688D1544-F5A7-4120-8D6F-A40BC0CCAD5B/L
ibrary/Caches/texmf-dist/./tex/generic/pgf/basiclayer/pgfcorepatterns.code.tex
File: pgfcorepatterns.code.tex 2020/01/08 v3.1.5b (3.1.5b)
)
(/var/mobile/Containers/Data/Application/688D1544-F5A7-4120-8D6F-A40BC0CCAD5B/L
ibrary/Caches/texmf-dist/./tex/generic/pgf/basiclayer/pgfcorerdf.code.tex
File: pgfcorerdf.code.tex 2020/01/08 v3.1.5b (3.1.5b)
)))
(/var/mobile/Containers/Data/Application/688D1544-F5A7-4120-8D6F-A40BC0CCAD5B/L
ibrary/Caches/texmf-dist/./tex/generic/pgf/modules/pgfmoduleshapes.code.tex
File: pgfmoduleshapes.code.tex 2020/01/08 v3.1.5b (3.1.5b)
\pgfnodeparttextbox=\box56
)
(/var/mobile/Containers/Data/Application/688D1544-F5A7-4120-8D6F-A40BC0CCAD5B/L
ibrary/Caches/texmf-dist/./tex/generic/pgf/modules/pgfmoduleplot.code.tex
File: pgfmoduleplot.code.tex 2020/01/08 v3.1.5b (3.1.5b)
)
(/var/mobile/Containers/Data/Application/688D1544-F5A7-4120-8D6F-A40BC0CCAD5B/L
ibrary/Caches/texmf-dist/./tex/latex/pgf/compatibility/pgfcomp-version-0-65.sty
Package: pgfcomp-version-0-65 2020/01/08 v3.1.5b (3.1.5b)
\pgf@nodesepstart=\dimen197
\pgf@nodesepend=\dimen198
)
(/var/mobile/Containers/Data/Application/688D1544-F5A7-4120-8D6F-A40BC0CCAD5B/L
ibrary/Caches/texmf-dist/./tex/latex/pgf/compatibility/pgfcomp-version-1-18.sty
Package: pgfcomp-version-1-18 2020/01/08 v3.1.5b (3.1.5b)
))
(/var/mobile/Containers/Data/Application/688D1544-F5A7-4120-8D6F-A40BC0CCAD5B/L
ibrary/Caches/texmf-dist/./tex/latex/pgf/utilities/pgffor.sty
(/var/mobile/Containers/Data/Application/688D1544-F5A7-4120-8D6F-A40BC0CCAD5B/L
ibrary/Caches/texmf-dist/./tex/latex/pgf/utilities/pgfkeys.sty
(/var/mobile/Containers/Data/Application/688D1544-F5A7-4120-8D6F-A40BC0CCAD5B/L
ibrary/Caches/texmf-dist/./tex/generic/pgf/utilities/pgfkeys.code.tex))
(/var/mobile/Containers/Data/Application/688D1544-F5A7-4120-8D6F-A40BC0CCAD5B/L
ibrary/Caches/texmf-dist/./tex/latex/pgf/math/pgfmath.sty
(/var/mobile/Containers/Data/Application/688D1544-F5A7-4120-8D6F-A40BC0CCAD5B/L
ibrary/Caches/texmf-dist/./tex/generic/pgf/math/pgfmath.code.tex))
(/var/mobile/Containers/Data/Application/688D1544-F5A7-4120-8D6F-A40BC0CCAD5B/L
ibrary/Caches/texmf-dist/./tex/generic/pgf/utilities/pgffor.code.tex
Package: pgffor 2020/01/08 v3.1.5b (3.1.5b)

(/var/mobile/Containers/Data/Application/688D1544-F5A7-4120-8D6F-A40BC0CCAD5B/L
ibrary/Caches/texmf-dist/./tex/generic/pgf/math/pgfmath.code.tex)
\pgffor@iter=\dimen199
\pgffor@skip=\dimen256
\pgffor@stack=\toks36
\pgffor@toks=\toks37
))
(/var/mobile/Containers/Data/Application/688D1544-F5A7-4120-8D6F-A40BC0CCAD5B/L
ibrary/Caches/texmf-dist/./tex/generic/pgf/frontendlayer/tikz/tikz.code.tex
Package: tikz 2020/01/08 v3.1.5b (3.1.5b)

(/var/mobile/Containers/Data/Application/688D1544-F5A7-4120-8D6F-A40BC0CCAD5B/L
ibrary/Caches/texmf-dist/./tex/generic/pgf/libraries/pgflibraryplothandlers.cod
e.tex
File: pgflibraryplothandlers.code.tex 2020/01/08 v3.1.5b (3.1.5b)
\pgf@plot@mark@count=\count271
\pgfplotmarksize=\dimen257
)
\tikz@lastx=\dimen258
\tikz@lasty=\dimen259
\tikz@lastxsaved=\dimen260
\tikz@lastysaved=\dimen261
\tikz@lastmovetox=\dimen262
\tikz@lastmovetoy=\dimen263
\tikzleveldistance=\dimen264
\tikzsiblingdistance=\dimen265
\tikz@figbox=\box57
\tikz@figbox@bg=\box58
\tikz@tempbox=\box59
\tikz@tempbox@bg=\box60
\tikztreelevel=\count272
\tikznumberofchildren=\count273
\tikznumberofcurrentchild=\count274
\tikz@fig@count=\count275

(/var/mobile/Containers/Data/Application/688D1544-F5A7-4120-8D6F-A40BC0CCAD5B/L
ibrary/Caches/texmf-dist/./tex/generic/pgf/modules/pgfmodulematrix.code.tex
File: pgfmodulematrix.code.tex 2020/01/08 v3.1.5b (3.1.5b)
\pgfmatrixcurrentrow=\count276
\pgfmatrixcurrentcolumn=\count277
\pgf@matrix@numberofcolumns=\count278
)
\tikz@expandcount=\count279

(/var/mobile/Containers/Data/Application/688D1544-F5A7-4120-8D6F-A40BC0CCAD5B/L
ibrary/Caches/texmf-dist/./tex/generic/pgf/frontendlayer/tikz/libraries/tikzlib
rarytopaths.code.tex
File: tikzlibrarytopaths.code.tex 2020/01/08 v3.1.5b (3.1.5b)
)))
(/var/mobile/Containers/Data/Application/688D1544-F5A7-4120-8D6F-A40BC0CCAD5B/L
ibrary/Caches/texmf-dist/./tex/generic/pgfplots/pgfplots.code.tex
(/var/mobile/Containers/Data/Application/688D1544-F5A7-4120-8D6F-A40BC0CCAD5B/L
ibrary/Caches/texmf-dist/./tex/generic/pgfplots/pgfplotscore.code.tex
\t@pgfplots@toka=\toks38
\t@pgfplots@tokb=\toks39
\t@pgfplots@tokc=\toks40
\pgfplots@tmpa=\dimen266
\c@pgfplots@coordindex=\count280
\c@pgfplots@scanlineindex=\count281

(/var/mobile/Containers/Data/Application/688D1544-F5A7-4120-8D6F-A40BC0CCAD5B/L
ibrary/Caches/texmf-dist/./tex/generic/pgfplots/sys/pgfplotssysgeneric.code.tex
))
(/var/mobile/Containers/Data/Application/688D1544-F5A7-4120-8D6F-A40BC0CCAD5B/L
ibrary/Caches/texmf-dist/./tex/generic/pgfplots/libs/pgfplotslibrary.code.tex)
(/var/mobile/Containers/Data/Application/688D1544-F5A7-4120-8D6F-A40BC0CCAD5B/L
ibrary/Caches/texmf-dist/./tex/generic/pgfplots/oldpgfcompatib/pgfplotsoldpgfsu
pp_loader.code.tex
(/var/mobile/Containers/Data/Application/688D1544-F5A7-4120-8D6F-A40BC0CCAD5B/L
ibrary/Caches/texmf-dist/./tex/generic/pgf/libraries/pgflibraryfpu.code.tex))
(/var/mobile/Containers/Data/Application/688D1544-F5A7-4120-8D6F-A40BC0CCAD5B/L
ibrary/Caches/texmf-dist/./tex/generic/pgfplots/util/pgfplotsutil.code.tex
(/var/mobile/Containers/Data/Application/688D1544-F5A7-4120-8D6F-A40BC0CCAD5B/L
ibrary/Caches/texmf-dist/./tex/generic/pgfplots/liststructure/pgfplotsliststruc
ture.code.tex)
(/var/mobile/Containers/Data/Application/688D1544-F5A7-4120-8D6F-A40BC0CCAD5B/L
ibrary/Caches/texmf-dist/./tex/generic/pgfplots/liststructure/pgfplotsliststruc
tureext.code.tex)
(/var/mobile/Containers/Data/Application/688D1544-F5A7-4120-8D6F-A40BC0CCAD5B/L
ibrary/Caches/texmf-dist/./tex/generic/pgfplots/liststructure/pgfplotsarray.cod
e.tex
\c@pgfplotsarray@tmp=\count282
)
(/var/mobile/Containers/Data/Application/688D1544-F5A7-4120-8D6F-A40BC0CCAD5B/L
ibrary/Caches/texmf-dist/./tex/generic/pgfplots/liststructure/pgfplotsmatrix.co
de.tex)
(/var/mobile/Containers/Data/Application/688D1544-F5A7-4120-8D6F-A40BC0CCAD5B/L
ibrary/Caches/texmf-dist/./tex/generic/pgfplots/numtable/pgfplotstableshared.co
de.tex
\c@pgfplotstable@counta=\count283
\t@pgfplotstable@a=\toks41
)
(/var/mobile/Containers/Data/Application/688D1544-F5A7-4120-8D6F-A40BC0CCAD5B/L
ibrary/Caches/texmf-dist/./tex/generic/pgfplots/liststructure/pgfplotsdeque.cod
e.tex)
(/var/mobile/Containers/Data/Application/688D1544-F5A7-4120-8D6F-A40BC0CCAD5B/L
ibrary/Caches/texmf-dist/./tex/generic/pgfplots/util/pgfplotsbinary.code.tex
(/var/mobile/Containers/Data/Application/688D1544-F5A7-4120-8D6F-A40BC0CCAD5B/L
ibrary/Caches/texmf-dist/./tex/generic/pgfplots/util/pgfplotsbinary.data.code.t
ex))
(/var/mobile/Containers/Data/Application/688D1544-F5A7-4120-8D6F-A40BC0CCAD5B/L
ibrary/Caches/texmf-dist/./tex/generic/pgfplots/util/pgfplotsutil.verb.code.tex
)
(/var/mobile/Containers/Data/Application/688D1544-F5A7-4120-8D6F-A40BC0CCAD5B/L
ibrary/Caches/texmf-dist/./tex/generic/pgfplots/libs/pgflibrarypgfplots.surfsha
ding.code.tex
\c@pgfplotslibrarysurf@no=\count284

(/var/mobile/Containers/Data/Application/688D1544-F5A7-4120-8D6F-A40BC0CCAD5B/L
ibrary/Caches/texmf-dist/./tex/generic/pgfplots/sys/pgflibrarypgfplots.surfshad
ing.pgfsys-pdftex.def)))
(/var/mobile/Containers/Data/Application/688D1544-F5A7-4120-8D6F-A40BC0CCAD5B/L
ibrary/Caches/texmf-dist/./tex/generic/pgfplots/util/pgfplotscolormap.code.tex
(/var/mobile/Containers/Data/Application/688D1544-F5A7-4120-8D6F-A40BC0CCAD5B/L
ibrary/Caches/texmf-dist/./tex/generic/pgfplots/util/pgfplotscolor.code.tex))
(/var/mobile/Containers/Data/Application/688D1544-F5A7-4120-8D6F-A40BC0CCAD5B/L
ibrary/Caches/texmf-dist/./tex/generic/pgfplots/pgfplotsstackedplots.code.tex)
(/var/mobile/Containers/Data/Application/688D1544-F5A7-4120-8D6F-A40BC0CCAD5B/L
ibrary/Caches/texmf-dist/./tex/generic/pgfplots/pgfplotsplothandlers.code.tex
(/var/mobile/Containers/Data/Application/688D1544-F5A7-4120-8D6F-A40BC0CCAD5B/L
ibrary/Caches/texmf-dist/./tex/generic/pgfplots/pgfplotsmeshplothandler.code.te
x
(/var/mobile/Containers/Data/Application/688D1544-F5A7-4120-8D6F-A40BC0CCAD5B/L
ibrary/Caches/texmf-dist/./tex/generic/pgfplots/pgfplotsmeshplotimage.code.tex)
))
(/var/mobile/Containers/Data/Application/688D1544-F5A7-4120-8D6F-A40BC0CCAD5B/L
ibrary/Caches/texmf-dist/./tex/generic/pgfplots/pgfplots.scaling.code.tex)
(/var/mobile/Containers/Data/Application/688D1544-F5A7-4120-8D6F-A40BC0CCAD5B/L
ibrary/Caches/texmf-dist/./tex/generic/pgfplots/pgfplotscoordprocessing.code.te
x)
(/var/mobile/Containers/Data/Application/688D1544-F5A7-4120-8D6F-A40BC0CCAD5B/L
ibrary/Caches/texmf-dist/./tex/generic/pgfplots/pgfplots.errorbars.code.tex)
(/var/mobile/Containers/Data/Application/688D1544-F5A7-4120-8D6F-A40BC0CCAD5B/L
ibrary/Caches/texmf-dist/./tex/generic/pgfplots/pgfplots.markers.code.tex)
(/var/mobile/Containers/Data/Application/688D1544-F5A7-4120-8D6F-A40BC0CCAD5B/L
ibrary/Caches/texmf-dist/./tex/generic/pgfplots/pgfplotsticks.code.tex)
(/var/mobile/Containers/Data/Application/688D1544-F5A7-4120-8D6F-A40BC0CCAD5B/L
ibrary/Caches/texmf-dist/./tex/generic/pgfplots/pgfplots.paths.code.tex)
(/var/mobile/Containers/Data/Application/688D1544-F5A7-4120-8D6F-A40BC0CCAD5B/L
ibrary/Caches/texmf-dist/./tex/generic/pgf/frontendlayer/tikz/libraries/tikzlib
rarydecorations.code.tex
(/var/mobile/Containers/Data/Application/688D1544-F5A7-4120-8D6F-A40BC0CCAD5B/L
ibrary/Caches/texmf-dist/./tex/generic/pgf/modules/pgfmoduledecorations.code.te
x
\pgfdecoratedcompleteddistance=\dimen267
\pgfdecoratedremainingdistance=\dimen268
\pgfdecoratedinputsegmentcompleteddistance=\dimen269
\pgfdecoratedinputsegmentremainingdistance=\dimen270
\pgf@decorate@distancetomove=\dimen271
\pgf@decorate@repeatstate=\count285
\pgfdecorationsegmentamplitude=\dimen272
\pgfdecorationsegmentlength=\dimen273
)
\tikz@lib@dec@box=\box61
)
(/var/mobile/Containers/Data/Application/688D1544-F5A7-4120-8D6F-A40BC0CCAD5B/L
ibrary/Caches/texmf-dist/./tex/generic/pgf/frontendlayer/tikz/libraries/tikzlib
rarydecorations.pathmorphing.code.tex
(/var/mobile/Containers/Data/Application/688D1544-F5A7-4120-8D6F-A40BC0CCAD5B/L
ibrary/Caches/texmf-dist/./tex/generic/pgf/libraries/decorations/pgflibrarydeco
rations.pathmorphing.code.tex))
(/var/mobile/Containers/Data/Application/688D1544-F5A7-4120-8D6F-A40BC0CCAD5B/L
ibrary/Caches/texmf-dist/./tex/generic/pgf/frontendlayer/tikz/libraries/tikzlib
rarydecorations.pathreplacing.code.tex
(/var/mobile/Containers/Data/Application/688D1544-F5A7-4120-8D6F-A40BC0CCAD5B/L
ibrary/Caches/texmf-dist/./tex/generic/pgf/libraries/decorations/pgflibrarydeco
rations.pathreplacing.code.tex))
\pgfplots@numplots=\count286
\pgfplots@xmin@reg=\dimen274
\pgfplots@xmax@reg=\dimen275
\pgfplots@ymin@reg=\dimen276
\pgfplots@ymax@reg=\dimen277
\pgfplots@zmin@reg=\dimen278
\pgfplots@zmax@reg=\dimen279
)
(/var/mobile/Containers/Data/Application/688D1544-F5A7-4120-8D6F-A40BC0CCAD5B/L
ibrary/Caches/texmf-dist/./tex/generic/pgf/frontendlayer/tikz/libraries/tikzlib
raryplotmarks.code.tex
File: tikzlibraryplotmarks.code.tex 2020/01/08 v3.1.5b (3.1.5b)

(/var/mobile/Containers/Data/Application/688D1544-F5A7-4120-8D6F-A40BC0CCAD5B/L
ibrary/Caches/texmf-dist/./tex/generic/pgf/libraries/pgflibraryplotmarks.code.t
ex
File: pgflibraryplotmarks.code.tex 2020/01/08 v3.1.5b (3.1.5b)
)))
(/var/mobile/Containers/Data/Application/688D1544-F5A7-4120-8D6F-A40BC0CCAD5B/L
ibrary/Caches/texmf-dist/./tex/latex/adjustbox/adjustbox.sty
Package: adjustbox 2019/01/04 v1.2 Adjusting TeX boxes (trim, clip, ...)

(/var/mobile/Containers/Data/Application/688D1544-F5A7-4120-8D6F-A40BC0CCAD5B/L
ibrary/Caches/texmf-dist/./tex/latex/xkeyval/xkeyval.sty
Package: xkeyval 2014/12/03 v2.7a package option processing (HA)

(/var/mobile/Containers/Data/Application/688D1544-F5A7-4120-8D6F-A40BC0CCAD5B/L
ibrary/Caches/texmf-dist/./tex/generic/xkeyval/xkeyval.tex
(/var/mobile/Containers/Data/Application/688D1544-F5A7-4120-8D6F-A40BC0CCAD5B/L
ibrary/Caches/texmf-dist/./tex/generic/xkeyval/xkvutils.tex
\XKV@toks=\toks42
\XKV@tempa@toks=\toks43
)
\XKV@depth=\count287
File: xkeyval.tex 2014/12/03 v2.7a key=value parser (HA)
))
(/var/mobile/Containers/Data/Application/688D1544-F5A7-4120-8D6F-A40BC0CCAD5B/L
ibrary/Caches/texmf-dist/./tex/latex/adjustbox/adjcalc.sty
Package: adjcalc 2012/05/16 v1.1 Provides advanced setlength with multiple back
-ends (calc, etex, pgfmath)
)
(/var/mobile/Containers/Data/Application/688D1544-F5A7-4120-8D6F-A40BC0CCAD5B/L
ibrary/Caches/texmf-dist/./tex/latex/adjustbox/trimclip.sty
Package: trimclip 2018/04/08 v1.1 Trim and clip general TeX material

(/var/mobile/Containers/Data/Application/688D1544-F5A7-4120-8D6F-A40BC0CCAD5B/L
ibrary/Caches/texmf-dist/./tex/latex/collectbox/collectbox.sty
Package: collectbox 2012/05/17 v0.4b Collect macro arguments as boxes
\collectedbox=\box62
)
\tc@llx=\dimen280
\tc@lly=\dimen281
\tc@urx=\dimen282
\tc@ury=\dimen283
Package trimclip Info: Using driver 'tc-pdftex.def'.

(/var/mobile/Containers/Data/Application/688D1544-F5A7-4120-8D6F-A40BC0CCAD5B/L
ibrary/Caches/texmf-dist/./tex/latex/adjustbox/tc-pdftex.def
File: tc-pdftex.def 2019/01/04 v2.2 Clipping driver for pdftex
))
\adjbox@Width=\dimen284
\adjbox@Height=\dimen285
\adjbox@Depth=\dimen286
\adjbox@Totalheight=\dimen287
\adjbox@pwidth=\dimen288
\adjbox@pheight=\dimen289
\adjbox@pdepth=\dimen290
\adjbox@ptotalheight=\dimen291

(/var/mobile/Containers/Data/Application/688D1544-F5A7-4120-8D6F-A40BC0CCAD5B/L
ibrary/Caches/texmf-dist/./tex/latex/ifoddpage/ifoddpage.sty
Package: ifoddpage 2016/04/23 v1.1 Conditionals for odd/even page detection
\c@checkoddpage=\count288
)
(/var/mobile/Containers/Data/Application/688D1544-F5A7-4120-8D6F-A40BC0CCAD5B/L
ibrary/Caches/texmf-dist/./tex/latex/varwidth/varwidth.sty
Package: varwidth 2009/03/30 ver 0.92;  Variable-width minipages
\@vwid@box=\box63
\sift@deathcycles=\count289
\@vwid@loff=\dimen292
\@vwid@roff=\dimen293
))
(/var/mobile/Containers/Data/Application/688D1544-F5A7-4120-8D6F-A40BC0CCAD5B/L
ibrary/Caches/texmf-dist/./tex/latex/bold-extra/bold-extra.sty
Package: bold-extra 2001/11/13 v0.1 Use fonts from cm/mf-extra/bold
)
(/var/mobile/Containers/Data/Application/688D1544-F5A7-4120-8D6F-A40BC0CCAD5B/L
ibrary/Caches/texmf-dist/./tex/latex/caption/subcaption.sty
Package: subcaption 2020/01/22 v1.3d Sub-captions (AR)

(/var/mobile/Containers/Data/Application/688D1544-F5A7-4120-8D6F-A40BC0CCAD5B/L
ibrary/Caches/texmf-dist/./tex/latex/caption/caption.sty
Package: caption 2020/01/03 v3.4h Customizing captions (AR)

(/var/mobile/Containers/Data/Application/688D1544-F5A7-4120-8D6F-A40BC0CCAD5B/L
ibrary/Caches/texmf-dist/./tex/latex/caption/caption3.sty
Package: caption3 2020/01/03 v1.8h caption3 kernel (AR)
Package caption3 Info: TeX engine: e-TeX on input line 61.
\captionmargin=\dimen294
\captionmargin@=\dimen295
\captionwidth=\dimen296
\caption@tempdima=\dimen297
\caption@indent=\dimen298
\caption@parindent=\dimen299
\caption@hangindent=\dimen300
Package caption Info: Standard document class detected.
)
\c@caption@flags=\count290
\c@continuedfloat=\count291
)
\c@subfigure=\count292
\c@subtable=\count293
)
(/var/mobile/Containers/Data/Application/688D1544-F5A7-4120-8D6F-A40BC0CCAD5B/L
ibrary/Caches/texmf-dist/./tex/latex/wasysym/wasysym.sty
Package: wasysym 2020/01/19 v2.4 Wasy-2 symbol support package
\symwasy=\mathgroup7
LaTeX Font Info:    Overwriting symbol font `wasy' in version `bold'
(Font)                  U/wasy/m/n --> U/wasy/b/n on input line 93.
)
(/var/mobile/Containers/Data/Application/688D1544-F5A7-4120-8D6F-A40BC0CCAD5B/L
ibrary/Caches/texmf-dist/./tex/latex/tcolorbox/tcolorbox.sty
Package: tcolorbox 2019/11/15 version 4.22 text color boxes

(/var/mobile/Containers/Data/Application/688D1544-F5A7-4120-8D6F-A40BC0CCAD5B/L
ibrary/Caches/texmf-dist/./tex/latex/tools/verbatim.sty
Package: verbatim 2019/11/10 v1.5r LaTeX2e package for verbatim enhancements
\every@verbatim=\toks44
\verbatim@line=\toks45
\verbatim@in@stream=\read3
)
(/var/mobile/Containers/Data/Application/688D1544-F5A7-4120-8D6F-A40BC0CCAD5B/L
ibrary/Caches/texmf-dist/./tex/latex/environ/environ.sty
Package: environ 2014/05/04 v0.3 A new way to define environments

(/var/mobile/Containers/Data/Application/688D1544-F5A7-4120-8D6F-A40BC0CCAD5B/L
ibrary/Caches/texmf-dist/./tex/latex/trimspaces/trimspaces.sty
Package: trimspaces 2009/09/17 v1.1 Trim spaces around a token list
))
(/var/mobile/Containers/Data/Application/688D1544-F5A7-4120-8D6F-A40BC0CCAD5B/L
ibrary/Caches/texmf-dist/./tex/latex/etoolbox/etoolbox.sty
Package: etoolbox 2019/09/21 v2.5h e-TeX tools for LaTeX (JAW)
\etb@tempcnta=\count294
)
\tcb@titlebox=\box64
\tcb@upperbox=\box65
\tcb@lowerbox=\box66
\tcb@phantombox=\box67
\c@tcbbreakpart=\count295
\c@tcblayer=\count296
\tcolorbox@number=\count297
\tcb@temp=\box68
\tcb@temp=\box69
\tcb@temp=\box70
\tcb@temp=\box71
\tcb@out=\write4
\tcb@record@out=\write5
)
(/var/mobile/Containers/Data/Application/688D1544-F5A7-4120-8D6F-A40BC0CCAD5B/L
ibrary/Caches/texmf-dist/./tex/latex/colortbl/colortbl.sty
Package: colortbl 2020/01/04 v1.0e Color table columns (DPC)

(/var/mobile/Containers/Data/Application/688D1544-F5A7-4120-8D6F-A40BC0CCAD5B/L
ibrary/Caches/texmf-dist/./tex/latex/tools/array.sty
Package: array 2019/08/31 v2.4l Tabular extension package (FMi)
\col@sep=\dimen301
\ar@mcellbox=\box72
\extrarowheight=\dimen302
\NC@list=\toks46
\extratabsurround=\skip58
\backup@length=\skip59
\ar@cellbox=\box73
)
\everycr=\toks47
\minrowclearance=\skip60
)
(/var/mobile/Containers/Data/Application/688D1544-F5A7-4120-8D6F-A40BC0CCAD5B/L
ibrary/Caches/texmf-dist/./tex/latex/wrapfig/wrapfig.sty
\wrapoverhang=\dimen303
\WF@size=\dimen304
\c@WF@wrappedlines=\count298
\WF@box=\box74
\WF@everypar=\toks48
Package: wrapfig 2003/01/31  v 3.6
)
(/var/mobile/Containers/Data/Application/688D1544-F5A7-4120-8D6F-A40BC0CCAD5B/L
ibrary/Caches/texmf-dist/./tex/latex/mathtools/empheq.sty
Package: empheq 2017/03/31 v2.15 Emphasizing equations
\l_EQ_equationtype_int=\count299
\l_EQ_alignmentmode_int=\count300
\l_EQ_totalwidth_dim=\dimen305
\l_EQ_displaywidth_dim=\dimen306
\l_EQ_temp_linewidth_dim=\dimen307
\l_EQ_linewidth_dim=\dimen308
\EmphEqdelimitershortfall=\dimen309
\EmphEqdelimiterfactor=\count301
\g_EQ_toptag_height_dim=\dimen310
\g_EQ_bottomtag_depth_dim=\dimen311
\g_EQ_toprow_height_dim=\dimen312
\g_EQ_bottomrow_depth_dim=\dimen313
\g_EQ_widesttag_dim=\dimen314
\EQ_mathdisplay_box=\box75
\EQ_tag_box=\box76
\g_EQ_temprow_int=\count302
)
(/var/mobile/Containers/Data/Application/688D1544-F5A7-4120-8D6F-A40BC0CCAD5B/L
ibrary/Caches/texmf-dist/./tex/latex/parskip/parskip.sty
Package: parskip 2020-01-22 v2.0d non-zero parskip adjustments

(/var/mobile/Containers/Data/Application/688D1544-F5A7-4120-8D6F-A40BC0CCAD5B/L
ibrary/Caches/texmf-dist/./tex/latex/kvoptions/kvoptions.sty
Package: kvoptions 2019/11/29 v3.13 Key value format for package options (HO)

(/var/mobile/Containers/Data/Application/688D1544-F5A7-4120-8D6F-A40BC0CCAD5B/L
ibrary/Caches/texmf-dist/./tex/generic/ltxcmds/ltxcmds.sty
Package: ltxcmds 2019/12/15 v1.24 LaTeX kernel commands for general use (HO)
)
(/var/mobile/Containers/Data/Application/688D1544-F5A7-4120-8D6F-A40BC0CCAD5B/L
ibrary/Caches/texmf-dist/./tex/generic/kvsetkeys/kvsetkeys.sty
Package: kvsetkeys 2019/12/15 v1.18 Key value parser (HO)
)))
(/var/mobile/Containers/Data/Application/688D1544-F5A7-4120-8D6F-A40BC0CCAD5B/L
ibrary/Caches/texmf-dist/./tex/latex/arydshln/arydshln.sty
Package: arydshln 2019/02/21 v1.76 
\dashlinedash=\dimen315
\dashlinegap=\dimen316
\adl@box=\box77
\adl@height=\dimen317
\adl@heightsave=\dimen318
\adl@depth=\dimen319
\adl@depthsave=\dimen320
\adl@finaldepth=\dimen321
\adl@columns=\count303
\adl@ncol=\count304
\adl@currentcolumn=\count305
\adl@currentcolumnsave=\count306
\adl@totalheight=\count307
\adl@totalheightsave=\count308
\adl@dash=\count309
\adl@gap=\count310
\adl@cla=\count311
\adl@clb=\count312
\adl@everyvbox=\toks49
\adl@LTpagetotal=\dimen322
)
(/var/mobile/Containers/Data/Application/688D1544-F5A7-4120-8D6F-A40BC0CCAD5B/L
ibrary/Caches/texmf-dist/./tex/latex/multirow/multirow.sty
Package: multirow 2019/05/31 v2.5 Span multiple rows of a table
\multirow@colwidth=\skip61
\multirow@cntb=\count313
\multirow@dima=\skip62
\bigstrutjot=\dimen323
)
(/var/mobile/Containers/Data/Application/688D1544-F5A7-4120-8D6F-A40BC0CCAD5B/L
ibrary/Caches/texmf-dist/./tex/latex/tools/multicol.sty
Package: multicol 2019/12/09 v1.8y multicolumn formatting (FMi)
\c@tracingmulticols=\count314
\mult@box=\box78
\multicol@leftmargin=\dimen324
\c@unbalance=\count315
\c@collectmore=\count316
\doublecol@number=\count317
\multicoltolerance=\count318
\multicolpretolerance=\count319
\full@width=\dimen325
\page@free=\dimen326
\premulticols=\dimen327
\postmulticols=\dimen328
\multicolsep=\skip63
\multicolbaselineskip=\skip64
\partial@page=\box79
\last@line=\box80
\maxbalancingoverflow=\dimen329
\mult@rightbox=\box81
\mult@grightbox=\box82
\mult@gfirstbox=\box83
\mult@firstbox=\box84
\@tempa=\box85
\@tempa=\box86
\@tempa=\box87
\@tempa=\box88
\@tempa=\box89
\@tempa=\box90
\@tempa=\box91
\@tempa=\box92
\@tempa=\box93
\@tempa=\box94
\@tempa=\box95
\@tempa=\box96
\@tempa=\box97
\@tempa=\box98
\@tempa=\box99
\@tempa=\box100
\@tempa=\box101
\@tempa=\box102
\@tempa=\box103
\@tempa=\box104
\@tempa=\box105
\@tempa=\box106
\@tempa=\box107
\@tempa=\box108
\@tempa=\box109
\@tempa=\box110
\@tempa=\box111
\@tempa=\box112
\@tempa=\box113
\@tempa=\box114
\@tempa=\box115
\@tempa=\box116
\@tempa=\box117
\@tempa=\box118
\@tempa=\box119
\@tempa=\box120
\@tempa=\box121
\c@minrows=\count320
\c@columnbadness=\count321
\c@finalcolumnbadness=\count322
\last@try=\dimen330
\multicolovershoot=\dimen331
\multicolundershoot=\dimen332
\mult@nat@firstbox=\box122
\colbreak@box=\box123
\mc@col@check@num=\count323
)
(/private/var/containers/Bundle/Application/18046BCE-ED24-4E85-A098-D44683A2929
0/TeX Writer.app/texmf-base/./tex/latex/listings/listings.sty
\lst@mode=\count324
\lst@gtempboxa=\box124
\lst@token=\toks50
\lst@length=\count325
\lst@currlwidth=\dimen333
\lst@column=\count326
\lst@pos=\count327
\lst@lostspace=\dimen334
\lst@width=\dimen335
\lst@newlines=\count328
\lst@lineno=\count329
\lst@maxwidth=\dimen336

(/private/var/containers/Bundle/Application/18046BCE-ED24-4E85-A098-D44683A2929
0/TeX Writer.app/texmf-base/./tex/latex/listings/lstmisc.sty
File: lstmisc.sty 2020/03/24 1.8d (Carsten Heinz)
\c@lstnumber=\count330
\lst@skipnumbers=\count331
\lst@framebox=\box125
)
(/private/var/containers/Bundle/Application/18046BCE-ED24-4E85-A098-D44683A2929
0/TeX Writer.app/texmf-base/./tex/latex/listings/listings.cfg
File: listings.cfg 2020/03/24 1.8d listings configuration
))
Package: listings 2020/03/24 1.8d (Carsten Heinz)

(/var/mobile/Containers/Data/Application/688D1544-F5A7-4120-8D6F-A40BC0CCAD5B/L
ibrary/Caches/texmf-dist/./tex/latex/mdframed/mdframed.sty
Package: mdframed 2013/07/01 1.9b: mdframed

(/var/mobile/Containers/Data/Application/688D1544-F5A7-4120-8D6F-A40BC0CCAD5B/L
ibrary/Caches/texmf-dist/./tex/latex/l3packages/xparse/xparse.sty
(/var/mobile/Containers/Data/Application/688D1544-F5A7-4120-8D6F-A40BC0CCAD5B/L
ibrary/Caches/texmf-dist/./tex/latex/l3kernel/expl3.sty
Package: expl3 2020-03-06 L3 programming layer (loader) 

(/private/var/containers/Bundle/Application/18046BCE-ED24-4E85-A098-D44683A2929
0/TeX Writer.app/texmf-base/./tex/latex/l3backend/l3backend-pdfmode.def
File: l3backend-pdfmode.def 2020-03-12 L3 backend support: PDF mode
\l__kernel_color_stack_int=\count332
\l__pdf_internal_box=\box126
))
Package: xparse 2020-03-06 L3 Experimental document command parser
\l__xparse_current_arg_int=\count333
\g__xparse_grabber_int=\count334
\l__xparse_m_args_int=\count335
\l__xparse_v_nesting_int=\count336
)
(/var/mobile/Containers/Data/Application/688D1544-F5A7-4120-8D6F-A40BC0CCAD5B/L
ibrary/Caches/texmf-dist/./tex/latex/zref/zref-abspage.sty
Package: zref-abspage 2020-03-03 v2.29 Module abspage for zref (HO)

(/var/mobile/Containers/Data/Application/688D1544-F5A7-4120-8D6F-A40BC0CCAD5B/L
ibrary/Caches/texmf-dist/./tex/latex/zref/zref-base.sty
Package: zref-base 2020-03-03 v2.29 Module base for zref (HO)

(/var/mobile/Containers/Data/Application/688D1544-F5A7-4120-8D6F-A40BC0CCAD5B/L
ibrary/Caches/texmf-dist/./tex/generic/infwarerr/infwarerr.sty
Package: infwarerr 2019/12/03 v1.5 Providing info/warning/error messages (HO)
)
(/var/mobile/Containers/Data/Application/688D1544-F5A7-4120-8D6F-A40BC0CCAD5B/L
ibrary/Caches/texmf-dist/./tex/generic/kvdefinekeys/kvdefinekeys.sty
Package: kvdefinekeys 2019-12-19 v1.6 Define keys (HO)
)
(/var/mobile/Containers/Data/Application/688D1544-F5A7-4120-8D6F-A40BC0CCAD5B/L
ibrary/Caches/texmf-dist/./tex/latex/pdftexcmds/pdftexcmds.sty
Package: pdftexcmds 2019/11/24 v0.31 Utility functions of pdfTeX for LuaTeX (HO
)

(/var/mobile/Containers/Data/Application/688D1544-F5A7-4120-8D6F-A40BC0CCAD5B/L
ibrary/Caches/texmf-dist/./tex/generic/iftex/iftex.sty
Package: iftex 2020/03/06 v1.0d TeX engine tests
)
Package pdftexcmds Info: \pdf@primitive is available.
Package pdftexcmds Info: \pdf@ifprimitive is available.
Package pdftexcmds Info: \pdfdraftmode found.
)
(/var/mobile/Containers/Data/Application/688D1544-F5A7-4120-8D6F-A40BC0CCAD5B/L
ibrary/Caches/texmf-dist/./tex/generic/etexcmds/etexcmds.sty
Package: etexcmds 2019/12/15 v1.7 Avoid name clashes with e-TeX commands (HO)
)
(/var/mobile/Containers/Data/Application/688D1544-F5A7-4120-8D6F-A40BC0CCAD5B/L
ibrary/Caches/texmf-dist/./tex/latex/auxhook/auxhook.sty
Package: auxhook 2019-12-17 v1.6 Hooks for auxiliary files (HO)
)
Package zref Info: New property list: main on input line 763.
Package zref Info: New property: default on input line 764.
Package zref Info: New property: page on input line 765.
)
(/var/mobile/Containers/Data/Application/688D1544-F5A7-4120-8D6F-A40BC0CCAD5B/L
ibrary/Caches/texmf-dist/./tex/generic/atbegshi/atbegshi.sty
Package: atbegshi 2019/12/05 v1.19 At begin shipout hook (HO)
)
\c@abspage=\count337
Package zref Info: New property: abspage on input line 66.
)
(/var/mobile/Containers/Data/Application/688D1544-F5A7-4120-8D6F-A40BC0CCAD5B/L
ibrary/Caches/texmf-dist/./tex/latex/needspace/needspace.sty
Package: needspace 2010/09/12 v1.3d reserve vertical space
)
\mdf@templength=\skip65
\c@mdf@globalstyle@cnt=\count338
\mdf@skipabove@length=\skip66
\mdf@skipbelow@length=\skip67
\mdf@leftmargin@length=\skip68
\mdf@rightmargin@length=\skip69
\mdf@innerleftmargin@length=\skip70
\mdf@innerrightmargin@length=\skip71
\mdf@innertopmargin@length=\skip72
\mdf@innerbottommargin@length=\skip73
\mdf@splittopskip@length=\skip74
\mdf@splitbottomskip@length=\skip75
\mdf@outermargin@length=\skip76
\mdf@innermargin@length=\skip77
\mdf@linewidth@length=\skip78
\mdf@innerlinewidth@length=\skip79
\mdf@middlelinewidth@length=\skip80
\mdf@outerlinewidth@length=\skip81
\mdf@roundcorner@length=\skip82
\mdf@footenotedistance@length=\skip83
\mdf@userdefinedwidth@length=\skip84
\mdf@needspace@length=\skip85
\mdf@frametitleaboveskip@length=\skip86
\mdf@frametitlebelowskip@length=\skip87
\mdf@frametitlerulewidth@length=\skip88
\mdf@frametitleleftmargin@length=\skip89
\mdf@frametitlerightmargin@length=\skip90
\mdf@shadowsize@length=\skip91
\mdf@extratopheight@length=\skip92
\mdf@subtitleabovelinewidth@length=\skip93
\mdf@subtitlebelowlinewidth@length=\skip94
\mdf@subtitleaboveskip@length=\skip95
\mdf@subtitlebelowskip@length=\skip96
\mdf@subtitleinneraboveskip@length=\skip97
\mdf@subtitleinnerbelowskip@length=\skip98
\mdf@subsubtitleabovelinewidth@length=\skip99
\mdf@subsubtitlebelowlinewidth@length=\skip100
\mdf@subsubtitleaboveskip@length=\skip101
\mdf@subsubtitlebelowskip@length=\skip102
\mdf@subsubtitleinneraboveskip@length=\skip103
\mdf@subsubtitleinnerbelowskip@length=\skip104

(/var/mobile/Containers/Data/Application/688D1544-F5A7-4120-8D6F-A40BC0CCAD5B/L
ibrary/Caches/texmf-dist/./tex/latex/mdframed/md-frame-0.mdf
File: md-frame-0.mdf 2013/07/01\ 1.9b: md-frame-0
)
\mdf@frametitlebox=\box127
\mdf@footnotebox=\box128
\mdf@splitbox@one=\box129
\mdf@splitbox@two=\box130
\mdf@splitbox@save=\box131
\mdfsplitboxwidth=\skip105
\mdfsplitboxtotalwidth=\skip106
\mdfsplitboxheight=\skip107
\mdfsplitboxdepth=\skip108
\mdfsplitboxtotalheight=\skip109
\mdfframetitleboxwidth=\skip110
\mdfframetitleboxtotalwidth=\skip111
\mdfframetitleboxheight=\skip112
\mdfframetitleboxdepth=\skip113
\mdfframetitleboxtotalheight=\skip114
\mdffootnoteboxwidth=\skip115
\mdffootnoteboxtotalwidth=\skip116
\mdffootnoteboxheight=\skip117
\mdffootnoteboxdepth=\skip118
\mdffootnoteboxtotalheight=\skip119
\mdftotallinewidth=\skip120
\mdfboundingboxwidth=\skip121
\mdfboundingboxtotalwidth=\skip122
\mdfboundingboxheight=\skip123
\mdfboundingboxdepth=\skip124
\mdfboundingboxtotalheight=\skip125
\mdf@freevspace@length=\skip126
\mdf@horizontalwidthofbox@length=\skip127
\mdf@verticalmarginwhole@length=\skip128
\mdf@horizontalspaceofbox=\skip129
\mdfsubtitleheight=\skip130
\mdfsubsubtitleheight=\skip131
\c@mdfcountframes=\count339

****** mdframed patching \endmdf@trivlist

****** -- success******

\mdf@envdepth=\count340
\c@mdf@env@i=\count341
\c@mdf@env@ii=\count342
\c@mdf@zref@counter=\count343
Package zref Info: New property: mdf@pagevalue on input line 895.
)
(/var/mobile/Containers/Data/Application/688D1544-F5A7-4120-8D6F-A40BC0CCAD5B/L
ibrary/Caches/texmf-dist/./tex/latex/underscore/underscore.sty
Package: underscore 2006/09/13
LaTeX Info: Redefining \_ on input line 42.
)
(/private/var/containers/Bundle/Application/18046BCE-ED24-4E85-A098-D44683A2929
0/TeX Writer.app/texmf-base/./tex/latex/hyperref/hyperref.sty
Package: hyperref 2020/01/14 v7.00d Hypertext links for LaTeX

(/var/mobile/Containers/Data/Application/688D1544-F5A7-4120-8D6F-A40BC0CCAD5B/L
ibrary/Caches/texmf-dist/./tex/generic/pdfescape/pdfescape.sty
Package: pdfescape 2019/12/09 v1.15 Implements pdfTeX's escape features (HO)
)
(/var/mobile/Containers/Data/Application/688D1544-F5A7-4120-8D6F-A40BC0CCAD5B/L
ibrary/Caches/texmf-dist/./tex/latex/hycolor/hycolor.sty
Package: hycolor 2020-01-27 v1.10 Color options for hyperref/bookmark (HO)
)
(/var/mobile/Containers/Data/Application/688D1544-F5A7-4120-8D6F-A40BC0CCAD5B/L
ibrary/Caches/texmf-dist/./tex/latex/letltxmacro/letltxmacro.sty
Package: letltxmacro 2019/12/03 v1.6 Let assignment for LaTeX macros (HO)
)
\@linkdim=\dimen337
\Hy@linkcounter=\count344
\Hy@pagecounter=\count345

(/private/var/containers/Bundle/Application/18046BCE-ED24-4E85-A098-D44683A2929
0/TeX Writer.app/texmf-base/./tex/latex/hyperref/pd1enc.def
File: pd1enc.def 2020/01/14 v7.00d Hyperref: PDFDocEncoding definition (HO)
Now handling font encoding PD1 ...
... no UTF-8 mapping file for font encoding PD1
)
(/var/mobile/Containers/Data/Application/688D1544-F5A7-4120-8D6F-A40BC0CCAD5B/L
ibrary/Caches/texmf-dist/./tex/generic/intcalc/intcalc.sty
Package: intcalc 2019/12/15 v1.3 Expandable calculations with integers (HO)
)
\Hy@SavedSpaceFactor=\count346
Package hyperref Info: Hyper figures OFF on input line 4547.
Package hyperref Info: Link nesting OFF on input line 4552.
Package hyperref Info: Hyper index ON on input line 4555.
Package hyperref Info: Plain pages OFF on input line 4562.
Package hyperref Info: Backreferencing OFF on input line 4567.
Package hyperref Info: Implicit mode ON; LaTeX internals redefined.
Package hyperref Info: Bookmarks ON on input line 4800.
\c@Hy@tempcnt=\count347

(/var/mobile/Containers/Data/Application/688D1544-F5A7-4120-8D6F-A40BC0CCAD5B/L
ibrary/Caches/texmf-dist/./tex/latex/url/url.sty
\Urlmuskip=\muskip17
Package: url 2013/09/16  ver 3.4  Verb mode for urls, etc.
)
LaTeX Info: Redefining \url on input line 5159.
\XeTeXLinkMargin=\dimen338

(/var/mobile/Containers/Data/Application/688D1544-F5A7-4120-8D6F-A40BC0CCAD5B/L
ibrary/Caches/texmf-dist/./tex/generic/bitset/bitset.sty
Package: bitset 2019/12/09 v1.3 Handle bit-vector datatype (HO)

(/var/mobile/Containers/Data/Application/688D1544-F5A7-4120-8D6F-A40BC0CCAD5B/L
ibrary/Caches/texmf-dist/./tex/generic/bigintcalc/bigintcalc.sty
Package: bigintcalc 2019/12/15 v1.5 Expandable calculations on big integers (HO
)
))
\Fld@menulength=\count348
\Field@Width=\dimen339
\Fld@charsize=\dimen340
Package hyperref Info: Hyper figures OFF on input line 6430.
Package hyperref Info: Link nesting OFF on input line 6435.
Package hyperref Info: Hyper index ON on input line 6438.
Package hyperref Info: backreferencing OFF on input line 6445.
Package hyperref Info: Link coloring OFF on input line 6450.
Package hyperref Info: Link coloring with OCG OFF on input line 6455.
Package hyperref Info: PDF/A mode OFF on input line 6460.
LaTeX Info: Redefining \ref on input line 6500.
LaTeX Info: Redefining \pageref on input line 6504.
\Hy@abspage=\count349
\c@Item=\count350
\c@Hfootnote=\count351
)
Package hyperref Info: Driver (autodetected): hpdftex.

(/private/var/containers/Bundle/Application/18046BCE-ED24-4E85-A098-D44683A2929
0/TeX Writer.app/texmf-base/./tex/latex/hyperref/hpdftex.def
File: hpdftex.def 2020/01/14 v7.00d Hyperref driver for pdfTeX

(/var/mobile/Containers/Data/Application/688D1544-F5A7-4120-8D6F-A40BC0CCAD5B/L
ibrary/Caches/texmf-dist/./tex/latex/atveryend/atveryend.sty
Package: atveryend 2019-12-11 v1.11 Hooks at the very end of document (HO)
)
\HyAnn@Count=\count352
\Fld@listcount=\count353
\c@bookmark@seq@number=\count354

(/var/mobile/Containers/Data/Application/688D1544-F5A7-4120-8D6F-A40BC0CCAD5B/L
ibrary/Caches/texmf-dist/./tex/latex/rerunfilecheck/rerunfilecheck.sty
Package: rerunfilecheck 2019/12/05 v1.9 Rerun checks for auxiliary files (HO)

(/var/mobile/Containers/Data/Application/688D1544-F5A7-4120-8D6F-A40BC0CCAD5B/L
ibrary/Caches/texmf-dist/./tex/generic/uniquecounter/uniquecounter.sty
Package: uniquecounter 2019/12/15 v1.4 Provide unlimited unique counter (HO)
)
Package uniquecounter Info: New unique counter `rerunfilecheck' on input line 2
86.
)
\Hy@SectionHShift=\skip132
)
(/var/mobile/Containers/Data/Application/688D1544-F5A7-4120-8D6F-A40BC0CCAD5B/L
ibrary/Caches/texmf-dist/./tex/generic/pgf/frontendlayer/tikz/libraries/tikzlib
raryshapes.code.tex
File: tikzlibraryshapes.code.tex 2020/01/08 v3.1.5b (3.1.5b)

(/var/mobile/Containers/Data/Application/688D1544-F5A7-4120-8D6F-A40BC0CCAD5B/L
ibrary/Caches/texmf-dist/./tex/generic/pgf/frontendlayer/tikz/libraries/tikzlib
raryshapes.geometric.code.tex
File: tikzlibraryshapes.geometric.code.tex 2020/01/08 v3.1.5b (3.1.5b)

(/var/mobile/Containers/Data/Application/688D1544-F5A7-4120-8D6F-A40BC0CCAD5B/L
ibrary/Caches/texmf-dist/./tex/generic/pgf/libraries/shapes/pgflibraryshapes.ge
ometric.code.tex
File: pgflibraryshapes.geometric.code.tex 2020/01/08 v3.1.5b (3.1.5b)
))
(/var/mobile/Containers/Data/Application/688D1544-F5A7-4120-8D6F-A40BC0CCAD5B/L
ibrary/Caches/texmf-dist/./tex/generic/pgf/frontendlayer/tikz/libraries/tikzlib
raryshapes.misc.code.tex
File: tikzlibraryshapes.misc.code.tex 2020/01/08 v3.1.5b (3.1.5b)

(/var/mobile/Containers/Data/Application/688D1544-F5A7-4120-8D6F-A40BC0CCAD5B/L
ibrary/Caches/texmf-dist/./tex/generic/pgf/libraries/shapes/pgflibraryshapes.mi
sc.code.tex
File: pgflibraryshapes.misc.code.tex 2020/01/08 v3.1.5b (3.1.5b)
))
(/var/mobile/Containers/Data/Application/688D1544-F5A7-4120-8D6F-A40BC0CCAD5B/L
ibrary/Caches/texmf-dist/./tex/generic/pgf/frontendlayer/tikz/libraries/tikzlib
raryshapes.symbols.code.tex
File: tikzlibraryshapes.symbols.code.tex 2020/01/08 v3.1.5b (3.1.5b)

(/var/mobile/Containers/Data/Application/688D1544-F5A7-4120-8D6F-A40BC0CCAD5B/L
ibrary/Caches/texmf-dist/./tex/generic/pgf/libraries/shapes/pgflibraryshapes.sy
mbols.code.tex
File: pgflibraryshapes.symbols.code.tex 2020/01/08 v3.1.5b (3.1.5b)
))
(/var/mobile/Containers/Data/Application/688D1544-F5A7-4120-8D6F-A40BC0CCAD5B/L
ibrary/Caches/texmf-dist/./tex/generic/pgf/frontendlayer/tikz/libraries/tikzlib
raryshapes.arrows.code.tex
File: tikzlibraryshapes.arrows.code.tex 2020/01/08 v3.1.5b (3.1.5b)

(/var/mobile/Containers/Data/Application/688D1544-F5A7-4120-8D6F-A40BC0CCAD5B/L
ibrary/Caches/texmf-dist/./tex/generic/pgf/libraries/shapes/pgflibraryshapes.ar
rows.code.tex
File: pgflibraryshapes.arrows.code.tex 2020/01/08 v3.1.5b (3.1.5b)
))
(/var/mobile/Containers/Data/Application/688D1544-F5A7-4120-8D6F-A40BC0CCAD5B/L
ibrary/Caches/texmf-dist/./tex/generic/pgf/frontendlayer/tikz/libraries/tikzlib
raryshapes.callouts.code.tex
(/var/mobile/Containers/Data/Application/688D1544-F5A7-4120-8D6F-A40BC0CCAD5B/L
ibrary/Caches/texmf-dist/./tex/generic/pgf/libraries/shapes/pgflibraryshapes.ca
llouts.code.tex))
(/var/mobile/Containers/Data/Application/688D1544-F5A7-4120-8D6F-A40BC0CCAD5B/L
ibrary/Caches/texmf-dist/./tex/generic/pgf/frontendlayer/tikz/libraries/tikzlib
raryshapes.multipart.code.tex
File: tikzlibraryshapes.multipart.code.tex 2020/01/08 v3.1.5b (3.1.5b)

(/var/mobile/Containers/Data/Application/688D1544-F5A7-4120-8D6F-A40BC0CCAD5B/L
ibrary/Caches/texmf-dist/./tex/generic/pgf/libraries/shapes/pgflibraryshapes.mu
ltipart.code.tex
File: pgflibraryshapes.multipart.code.tex 2020/01/08 v3.1.5b (3.1.5b)
\pgfnodepartlowerbox=\box132
\pgfnodeparttwobox=\box133
\pgfnodepartthreebox=\box134
\pgfnodepartfourbox=\box135
\pgfnodeparttwentybox=\box136
\pgfnodepartnineteenbox=\box137
\pgfnodeparteighteenbox=\box138
\pgfnodepartseventeenbox=\box139
\pgfnodepartsixteenbox=\box140
\pgfnodepartfifteenbox=\box141
\pgfnodepartfourteenbox=\box142
\pgfnodepartthirteenbox=\box143
\pgfnodeparttwelvebox=\box144
\pgfnodepartelevenbox=\box145
\pgfnodeparttenbox=\box146
\pgfnodepartninebox=\box147
\pgfnodeparteightbox=\box148
\pgfnodepartsevenbox=\box149
\pgfnodepartsixbox=\box150
\pgfnodepartfivebox=\box151
)))
(/var/mobile/Containers/Data/Application/688D1544-F5A7-4120-8D6F-A40BC0CCAD5B/L
ibrary/Caches/texmf-dist/./tex/generic/pgf/frontendlayer/tikz/libraries/tikzlib
rarypositioning.code.tex
File: tikzlibrarypositioning.code.tex 2020/01/08 v3.1.5b (3.1.5b)
)
(/var/mobile/Containers/Data/Application/688D1544-F5A7-4120-8D6F-A40BC0CCAD5B/L
ibrary/Caches/texmf-dist/./tex/generic/pgf/frontendlayer/tikz/libraries/tikzlib
rarypatterns.code.tex
File: tikzlibrarypatterns.code.tex 2020/01/08 v3.1.5b (3.1.5b)

(/var/mobile/Containers/Data/Application/688D1544-F5A7-4120-8D6F-A40BC0CCAD5B/L
ibrary/Caches/texmf-dist/./tex/generic/pgf/libraries/pgflibrarypatterns.code.te
x
File: pgflibrarypatterns.code.tex 2020/01/08 v3.1.5b (3.1.5b)
))
(/var/mobile/Containers/Data/Application/688D1544-F5A7-4120-8D6F-A40BC0CCAD5B/L
ibrary/Caches/texmf-dist/./tex/latex/tikz-qtree/tikz-qtree.sty
(/var/mobile/Containers/Data/Application/688D1544-F5A7-4120-8D6F-A40BC0CCAD5B/L
ibrary/Caches/texmf-dist/./tex/latex/tikz-qtree/pgftree.sty
(/var/mobile/Containers/Data/Application/688D1544-F5A7-4120-8D6F-A40BC0CCAD5B/L
ibrary/Caches/texmf-dist/./tex/latex/tikz-qtree/pgfsubpic.sty
(/var/mobile/Containers/Data/Application/688D1544-F5A7-4120-8D6F-A40BC0CCAD5B/L
ibrary/Caches/texmf-dist/./tex/latex/tikz-qtree/pgfsubpic.tex
\pgf@subpicminx=\dimen341
\pgf@subpicminy=\dimen342
\pgf@subpicmaxx=\dimen343
\pgf@subpicmaxy=\dimen344
))
(/var/mobile/Containers/Data/Application/688D1544-F5A7-4120-8D6F-A40BC0CCAD5B/L
ibrary/Caches/texmf-dist/./tex/latex/tikz-qtree/pgftree.tex
\levelsep=\dimen345
\subtreesep=\dimen346
\smuggle@levelsep=\dimen347
\smuggle@subtreesep=\dimen348
\this@levelsep=\dimen349
\this@subtreesep=\dimen350
\pgftree@childx=\dimen351
\pgftree@savechildx=\dimen352
\pgftree@childy=\dimen353
\pgftree@savechildy=\dimen354
\pgftree@childi=\count355
\pgftree@savechildi=\count356
\pgftree@level=\count357
\pgftree@depth=\dimen355
\pgf@subpic@hbox@children=\box152
\pgf@subpic@minx@children=\dimen356
\pgf@subpic@miny@children=\dimen357
\pgf@subpic@maxx@children=\dimen358
\pgf@subpic@maxy@children=\dimen359
\pgftree@lastchildx=\dimen360
\pgftree@lastchildy=\dimen361
))
(/var/mobile/Containers/Data/Application/688D1544-F5A7-4120-8D6F-A40BC0CCAD5B/L
ibrary/Caches/texmf-dist/./tex/latex/tikz-qtree/tikz-qtree.tex
\@result=\toks51
\child@list=\toks52
\root@node=\toks53
))
(/var/mobile/Containers/Data/Application/688D1544-F5A7-4120-8D6F-A40BC0CCAD5B/L
ibrary/Caches/texmf-dist/./tex/latex/biblatex/biblatex.sty
Package: biblatex 2019/12/01 v3.14 programmable bibliographies (PK/MW)

(/var/mobile/Containers/Data/Application/688D1544-F5A7-4120-8D6F-A40BC0CCAD5B/L
ibrary/Caches/texmf-dist/./tex/latex/logreq/logreq.sty
Package: logreq 2010/08/04 v1.0 xml request logger
\lrq@indent=\count358

(/var/mobile/Containers/Data/Application/688D1544-F5A7-4120-8D6F-A40BC0CCAD5B/L
ibrary/Caches/texmf-dist/./tex/latex/logreq/logreq.def
File: logreq.def 2010/08/04 v1.0 logreq spec v1.0
))
(/private/var/containers/Bundle/Application/18046BCE-ED24-4E85-A098-D44683A2929
0/TeX Writer.app/texmf-base/./tex/latex/base/ifthen.sty
Package: ifthen 2014/09/29 v1.1c Standard LaTeX ifthen package (DPC)
)
\c@tabx@nest=\count359
\c@listtotal=\count360
\c@listcount=\count361
\c@liststart=\count362
\c@liststop=\count363
\c@citecount=\count364
\c@citetotal=\count365
\c@multicitecount=\count366
\c@multicitetotal=\count367
\c@instcount=\count368
\c@maxnames=\count369
\c@minnames=\count370
\c@maxitems=\count371
\c@minitems=\count372
\c@citecounter=\count373
\c@maxcitecounter=\count374
\c@savedcitecounter=\count375
\c@uniquelist=\count376
\c@uniquename=\count377
\c@refsection=\count378
\c@refsegment=\count379
\c@maxextratitle=\count380
\c@maxextratitleyear=\count381
\c@maxextraname=\count382
\c@maxextradate=\count383
\c@maxextraalpha=\count384
\c@abbrvpenalty=\count385
\c@highnamepenalty=\count386
\c@lownamepenalty=\count387
\c@maxparens=\count388
\c@parenlevel=\count389
\blx@tempcnta=\count390
\blx@tempcntb=\count391
\blx@tempcntc=\count392
\blx@maxsection=\count393
\blx@maxsegment@0=\count394
\blx@notetype=\count395
\blx@parenlevel@text=\count396
\blx@parenlevel@foot=\count397
\blx@sectionciteorder@0=\count398
\blx@entrysetcounter=\count399
\labelnumberwidth=\skip133
\labelalphawidth=\skip134
\biblabelsep=\skip135
\bibitemsep=\skip136
\bibnamesep=\skip137
\bibinitsep=\skip138
\bibparsep=\skip139
\bibhang=\skip140
\blx@bcfin=\read4
\blx@bcfout=\write6
\blx@langwohyphens=\language86
\c@mincomprange=\count400
\c@maxcomprange=\count401
\c@mincompwidth=\count402
Package biblatex Info: Trying to load biblatex default data model...
Package biblatex Info: ... file 'blx-dm.def' found.

(/var/mobile/Containers/Data/Application/688D1544-F5A7-4120-8D6F-A40BC0CCAD5B/L
ibrary/Caches/texmf-dist/./tex/latex/biblatex/blx-dm.def
File: blx-dm.def 2019/12/01 v3.14 biblatex localization (PK/MW)
)
Package biblatex Info: Trying to load biblatex custom data model...
Package biblatex Info: ... file 'biblatex-dm.cfg' not found.
\c@afterword=\count403
\c@savedafterword=\count404
\c@annotator=\count405
\c@savedannotator=\count406
\c@author=\count407
\c@savedauthor=\count408
\c@bookauthor=\count409
\c@savedbookauthor=\count410
\c@commentator=\count411
\c@savedcommentator=\count412
\c@editor=\count413
\c@savededitor=\count414
\c@editora=\count415
\c@savededitora=\count416
\c@editorb=\count417
\c@savededitorb=\count418
\c@editorc=\count419
\c@savededitorc=\count420
\c@foreword=\count421
\c@savedforeword=\count422
\c@holder=\count423
\c@savedholder=\count424
\c@introduction=\count425
\c@savedintroduction=\count426
\c@namea=\count427
\c@savednamea=\count428
\c@nameb=\count429
\c@savednameb=\count430
\c@namec=\count431
\c@savednamec=\count432
\c@translator=\count433
\c@savedtranslator=\count434
\c@shortauthor=\count435
\c@savedshortauthor=\count436
\c@shorteditor=\count437
\c@savedshorteditor=\count438
\c@labelname=\count439
\c@savedlabelname=\count440
\c@institution=\count441
\c@savedinstitution=\count442
\c@lista=\count443
\c@savedlista=\count444
\c@listb=\count445
\c@savedlistb=\count446
\c@listc=\count447
\c@savedlistc=\count448
\c@listd=\count449
\c@savedlistd=\count450
\c@liste=\count451
\c@savedliste=\count452
\c@listf=\count453
\c@savedlistf=\count454
\c@location=\count455
\c@savedlocation=\count456
\c@organization=\count457
\c@savedorganization=\count458
\c@origlocation=\count459
\c@savedoriglocation=\count460
\c@origpublisher=\count461
\c@savedorigpublisher=\count462
\c@publisher=\count463
\c@savedpublisher=\count464
\c@language=\count465
\c@savedlanguage=\count466
\c@origlanguage=\count467
\c@savedoriglanguage=\count468
\c@pageref=\count469
\c@savedpageref=\count470
\shorthandwidth=\skip141
\shortjournalwidth=\skip142
\shortserieswidth=\skip143
\shorttitlewidth=\skip144
\shortauthorwidth=\skip145
\shorteditorwidth=\skip146
\locallabelnumberwidth=\skip147
\locallabelalphawidth=\skip148
\localshorthandwidth=\skip149
\localshortjournalwidth=\skip150
\localshortserieswidth=\skip151
\localshorttitlewidth=\skip152
\localshortauthorwidth=\skip153
\localshorteditorwidth=\skip154
Package biblatex Info: Trying to load compatibility code...
Package biblatex Info: ... file 'blx-compat.def' found.

(/var/mobile/Containers/Data/Application/688D1544-F5A7-4120-8D6F-A40BC0CCAD5B/L
ibrary/Caches/texmf-dist/./tex/latex/biblatex/blx-compat.def
File: blx-compat.def 2019/12/01 v3.14 biblatex compatibility (PK/MW)
)
Package biblatex Info: Trying to load generic definitions...
Package biblatex Info: ... file 'biblatex.def' found.

(/var/mobile/Containers/Data/Application/688D1544-F5A7-4120-8D6F-A40BC0CCAD5B/L
ibrary/Caches/texmf-dist/./tex/latex/biblatex/biblatex.def
File: biblatex.def 2019/12/01 v3.14 biblatex compatibility (PK/MW)
\c@textcitecount=\count471
\c@textcitetotal=\count472
\c@textcitemaxnames=\count473
\c@biburlbigbreakpenalty=\count474
\c@biburlbreakpenalty=\count475
\c@biburlnumpenalty=\count476
\c@biburlucpenalty=\count477
\c@biburllcpenalty=\count478
\biburlbigskip=\muskip18
\biburlnumskip=\muskip19
\biburlucskip=\muskip20
\biburllcskip=\muskip21
\c@smartand=\count479
)
Package biblatex Info: Trying to load bibliography style 'numeric'...
Package biblatex Info: ... file 'numeric.bbx' found.

(/var/mobile/Containers/Data/Application/688D1544-F5A7-4120-8D6F-A40BC0CCAD5B/L
ibrary/Caches/texmf-dist/./tex/latex/biblatex/bbx/numeric.bbx
File: numeric.bbx 2019/12/01 v3.14 biblatex bibliography style (PK/MW)
Package biblatex Info: Trying to load bibliography style 'standard'...
Package biblatex Info: ... file 'standard.bbx' found.

(/var/mobile/Containers/Data/Application/688D1544-F5A7-4120-8D6F-A40BC0CCAD5B/L
ibrary/Caches/texmf-dist/./tex/latex/biblatex/bbx/standard.bbx
File: standard.bbx 2019/12/01 v3.14 biblatex bibliography style (PK/MW)
\c@bbx:relatedcount=\count480
\c@bbx:relatedtotal=\count481
))
Package biblatex Info: Trying to load citation style 'numeric'...
Package biblatex Info: ... file 'numeric.cbx' found.

(/var/mobile/Containers/Data/Application/688D1544-F5A7-4120-8D6F-A40BC0CCAD5B/L
ibrary/Caches/texmf-dist/./tex/latex/biblatex/cbx/numeric.cbx
File: numeric.cbx 2019/12/01 v3.14 biblatex citation style (PK/MW)
Package biblatex Info: Redefining '\cite'.
Package biblatex Info: Redefining '\parencite'.
Package biblatex Info: Redefining '\footcite'.
Package biblatex Info: Redefining '\footcitetext'.
Package biblatex Info: Redefining '\smartcite'.
Package biblatex Info: Redefining '\supercite'.
Package biblatex Info: Redefining '\textcite'.
Package biblatex Info: Redefining '\textcites'.
Package biblatex Info: Redefining '\cites'.
Package biblatex Info: Redefining '\parencites'.
Package biblatex Info: Redefining '\smartcites'.
)
Package biblatex Info: Trying to load configuration file...
Package biblatex Info: ... file 'biblatex.cfg' found.

(/var/mobile/Containers/Data/Application/688D1544-F5A7-4120-8D6F-A40BC0CCAD5B/L
ibrary/Caches/texmf-dist/./tex/latex/biblatex/biblatex.cfg
File: biblatex.cfg 
))
(/var/mobile/Containers/Data/Application/688D1544-F5A7-4120-8D6F-A40BC0CCAD5B/L
ibrary/Caches/texmf-dist/./tex/latex/pdfpages/pdfpages.sty
Package: pdfpages 2020/01/28 v0.5q Insert pages of external PDF documents (AM)

(/var/mobile/Containers/Data/Application/688D1544-F5A7-4120-8D6F-A40BC0CCAD5B/L
ibrary/Caches/texmf-dist/./tex/latex/eso-pic/eso-pic.sty
Package: eso-pic 2018/04/12 v2.0h eso-pic (RN)
)
\AM@pagewidth=\dimen362
\AM@pageheight=\dimen363

(/var/mobile/Containers/Data/Application/688D1544-F5A7-4120-8D6F-A40BC0CCAD5B/L
ibrary/Caches/texmf-dist/./tex/latex/pdfpages/pppdftex.def
File: pppdftex.def 2020/01/28 v0.5q Pdfpages driver for pdfTeX (AM)
)
\AM@pagebox=\box153
\AM@global@opts=\toks54
\AM@pagecnt=\count482
\AM@toc@title=\toks55
\c@AM@survey=\count483
\AM@templatesizebox=\box154
)
(/private/var/containers/Bundle/Application/18046BCE-ED24-4E85-A098-D44683A2929
0/TeX Writer.app/texmf-base/./tex/latex/geometry/geometry.sty
Package: geometry 2020/01/02 v5.9 Page Geometry

(/var/mobile/Containers/Data/Application/688D1544-F5A7-4120-8D6F-A40BC0CCAD5B/L
ibrary/Caches/texmf-dist/./tex/generic/iftex/ifvtex.sty
Package: ifvtex 2019/10/25 v1.7 ifvtex legacy package. Use iftex instead.
)
\Gm@cnth=\count484
\Gm@cntv=\count485
\c@Gm@tempcnt=\count486
\Gm@bindingoffset=\dimen364
\Gm@wd@mp=\dimen365
\Gm@odd@mp=\dimen366
\Gm@even@mp=\dimen367
\Gm@layoutwidth=\dimen368
\Gm@layoutheight=\dimen369
\Gm@layouthoffset=\dimen370
\Gm@layoutvoffset=\dimen371
\Gm@dimlist=\toks56
)
(/var/mobile/Containers/Data/Application/688D1544-F5A7-4120-8D6F-A40BC0CCAD5B/L
ibrary/Caches/texmf-dist/./tex/latex/titlesec/titlesec.sty
Package: titlesec 2019/10/16 v2.13 Sectioning titles
\ttl@box=\box155
\beforetitleunit=\skip155
\aftertitleunit=\skip156
\ttl@plus=\dimen372
\ttl@minus=\dimen373
\ttl@toksa=\toks57
\titlewidth=\dimen374
\titlewidthlast=\dimen375
\titlewidthfirst=\dimen376
)
\@quotelevel=\count487
\@quotereset=\count488

No file "Apuntes de clase".aux.
LaTeX Font Info:    Checking defaults for OML/cmm/m/it on input line 58.
LaTeX Font Info:    ... okay on input line 58.
LaTeX Font Info:    Checking defaults for OMS/cmsy/m/n on input line 58.
LaTeX Font Info:    ... okay on input line 58.
LaTeX Font Info:    Checking defaults for OT1/cmr/m/n on input line 58.
LaTeX Font Info:    ... okay on input line 58.
LaTeX Font Info:    Checking defaults for T1/cmr/m/n on input line 58.
LaTeX Font Info:    ... okay on input line 58.
LaTeX Font Info:    Checking defaults for TS1/cmr/m/n on input line 58.
LaTeX Font Info:    ... okay on input line 58.
LaTeX Font Info:    Checking defaults for OMX/cmex/m/n on input line 58.
LaTeX Font Info:    ... okay on input line 58.
LaTeX Font Info:    Checking defaults for U/cmr/m/n on input line 58.
LaTeX Font Info:    ... okay on input line 58.
LaTeX Font Info:    Checking defaults for PD1/pdf/m/n on input line 58.
LaTeX Font Info:    ... okay on input line 58.

(/var/mobile/Containers/Data/Application/688D1544-F5A7-4120-8D6F-A40BC0CCAD5B/L
ibrary/Caches/texmf-dist/./tex/context/base/mkii/supp-pdf.mkii
[Loading MPS to PDF converter (version 2006.09.02).]
\scratchcounter=\count489
\scratchdimen=\dimen377
\scratchbox=\box156
\nofMPsegments=\count490
\nofMParguments=\count491
\everyMPshowfont=\toks58
\MPscratchCnt=\count492
\MPscratchDim=\dimen378
\MPnumerator=\count493
\makeMPintoPDFobject=\count494
\everyMPtoPDFconversion=\toks59
) ABD: EveryShipout initializing macros

Package pgfplots Warning: running in backwards compatibility mode (unsuitable t
ick labels; missing features). Consider writing \pgfplotsset{compat=1.17} into 
your preamble.
 on input line 58.

Package caption Info: Begin \AtBeginDocument code.
Package caption Info: hyperref package is loaded.
Package caption Info: listings package is loaded.
Package caption Info: wrapfig package is loaded.
Package caption Info: End \AtBeginDocument code.
\c@lstlisting=\count495
\AtBeginShipoutBox=\box157
Package hyperref Info: Link coloring OFF on input line 58.

(/private/var/containers/Bundle/Application/18046BCE-ED24-4E85-A098-D44683A2929
0/TeX Writer.app/texmf-base/./tex/latex/hyperref/nameref.sty
Package: nameref 2019/09/16 v2.46 Cross-referencing by name of section

(/var/mobile/Containers/Data/Application/688D1544-F5A7-4120-8D6F-A40BC0CCAD5B/L
ibrary/Caches/texmf-dist/./tex/latex/refcount/refcount.sty
Package: refcount 2019/12/15 v3.6 Data extraction from label references (HO)
)
(/var/mobile/Containers/Data/Application/688D1544-F5A7-4120-8D6F-A40BC0CCAD5B/L
ibrary/Caches/texmf-dist/./tex/generic/gettitlestring/gettitlestring.sty
Package: gettitlestring 2019/12/15 v1.6 Cleanup title references (HO)
)
\c@section@level=\count496
)
LaTeX Info: Redefining \ref on input line 58.
LaTeX Info: Redefining \pageref on input line 58.
LaTeX Info: Redefining \nameref on input line 58.

(Apuntes de clase.out) (Apuntes de clase.out)
\@outlinefile=\write7
Package biblatex Info: Trying to load language 'english'...
Package biblatex Info: ... file 'english.lbx' found.

(/var/mobile/Containers/Data/Application/688D1544-F5A7-4120-8D6F-A40BC0CCAD5B/L
ibrary/Caches/texmf-dist/./tex/latex/biblatex/lbx/english.lbx
File: english.lbx 2019/12/01 v3.14 biblatex localization (PK/MW)
)
Package biblatex Info: Input encoding 'utf8' detected.
Package biblatex Info: Automatic encoding selection.
(biblatex)             Assuming data encoding 'utf8'.
Package biblatex Info: Trying to load bibliographic data...


Package biblatex Warning: File '"Apuntes de clase".bbl' is wrong format version
 - expected 3.1.

Package biblatex Info: ... file '"Apuntes de clase".bbl' found.
(Apuntes de clase.bbl)
Package biblatex Info: Reference section=0 on input line 58.
Package biblatex Info: Reference segment=0 on input line 58.

(/var/mobile/Containers/Data/Application/688D1544-F5A7-4120-8D6F-A40BC0CCAD5B/L
ibrary/Caches/texmf-dist/./tex/latex/pdflscape/pdflscape.sty
Package: pdflscape 2019/12/05 v0.12 Display of landscape pages in PDF (HO)

(/private/var/containers/Bundle/Application/18046BCE-ED24-4E85-A098-D44683A2929
0/TeX Writer.app/texmf-base/./tex/latex/graphics/lscape.sty
Package: lscape 2000/10/22 v3.01 Landscape Pages (DPC)
)
Package pdflscape Info: Auto-detected driver: pdftex on input line 81.
)
*geometry* driver: auto-detecting
*geometry* detected driver: pdftex
*geometry* verbose mode - [ preamble ] result:
* driver: pdftex
* paper: a4paper
* layout: <same size as paper>
* layoutoffset:(h,v)=(0.0pt,0.0pt)
* modes: 
* h-part:(L,W,R)=(28.45274pt, 540.60239pt, 28.45274pt)
* v-part:(T,H,B)=(28.45274pt, 773.91498pt, 42.67912pt)
* \paperwidth=597.50787pt
* \paperheight=845.04684pt
* \textwidth=540.60239pt
* \textheight=773.91498pt
* \oddsidemargin=-43.81725pt
* \evensidemargin=-43.81725pt
* \topmargin=-43.81725pt
* \headheight=0.0pt
* \headsep=0.0pt
* \topskip=12.0pt
* \footskip=30.0pt
* \marginparwidth=44.0pt
* \marginparsep=10.0pt
* \columnsep=10.0pt
* \skip\footins=10.8pt plus 4.0pt minus 2.0pt
* \hoffset=0.0pt
* \voffset=0.0pt
* \mag=1000
* \@twocolumnfalse
* \@twosidefalse
* \@mparswitchfalse
* \@reversemarginfalse
* (1in=72.27pt=25.4mm, 1cm=28.453pt)

LaTeX Font Info:    Trying to load font information for U+msa on input line 61.


(/private/var/containers/Bundle/Application/18046BCE-ED24-4E85-A098-D44683A2929
0/TeX Writer.app/texmf-base/./tex/latex/amsfonts/umsa.fd
File: umsa.fd 2013/01/14 v3.01 AMS symbols A
)
LaTeX Font Info:    Trying to load font information for U+msb on input line 61.


(/private/var/containers/Bundle/Application/18046BCE-ED24-4E85-A098-D44683A2929
0/TeX Writer.app/texmf-base/./tex/latex/amsfonts/umsb.fd
File: umsb.fd 2013/01/14 v3.01 AMS symbols B
)
LaTeX Font Info:    Trying to load font information for U+lasy on input line 61
.

(/private/var/containers/Bundle/Application/18046BCE-ED24-4E85-A098-D44683A2929
0/TeX Writer.app/texmf-base/./tex/latex/base/ulasy.fd
File: ulasy.fd 1998/08/17 v2.2e LaTeX symbol font definitions
)
LaTeX Font Info:    Trying to load font information for U+wasy on input line 61
.

(/var/mobile/Containers/Data/Application/688D1544-F5A7-4120-8D6F-A40BC0CCAD5B/L
ibrary/Caches/texmf-dist/./tex/latex/wasysym/uwasy.fd
File: uwasy.fd 2020/01/19 v2.4 Wasy-2 symbol font definitions
)
Underfull \hbox (badness 10000) in paragraph at lines 67--68

 []

[1

{/private/var/containers/Bundle/Application/18046BCE-ED24-4E85-A098-D44683A2929
0/TeX Writer.app/texmf-base/./fonts/map/pdftex/updmap/pdftex.map}]
Overfull \hbox (13.50688pt too wide) detected at line 136
[]
 []

[2]
Missing character: There is no ; in font nullfont!
 [3]
Overfull \hbox (10.34566pt too wide) in paragraph at lines 206--207
[]$[][] [] [][] \OT1/cmr/m/n/12 = \OML/cmm/m/it/12 n \OMS/cmsy/m/n/12 ^^A [] \O
T1/cmr/m/n/12 = [] \OML/cmm/m/it/12 n \OMS/cmsy/m/n/12 ^^A [] \OT1/cmr/m/n/12 =

 []


LaTeX Font Warning: Command \Large invalid in math mode on input line 210.


LaTeX Font Warning: Command \Large invalid in math mode on input line 210.


LaTeX Font Warning: Command \Large invalid in math mode on input line 219.


LaTeX Font Warning: Command \Large invalid in math mode on input line 221.


LaTeX Font Warning: Command \Large invalid in math mode on input line 221.


LaTeX Font Warning: Command \Large invalid in math mode on input line 221.


LaTeX Font Warning: Command \Large invalid in math mode on input line 223.


LaTeX Font Warning: Command \Large invalid in math mode on input line 223.


LaTeX Font Warning: Command \Large invalid in math mode on input line 223.

[4]

LaTeX Font Warning: Command \Large invalid in math mode on input line 226.

[5]
<imagenes/grafica2 29-09.png, id=59, 80.23322pt x 132.52003pt>
File: imagenes/grafica2 29-09.png Graphic file (type png)
<use imagenes/grafica2 29-09.png>
Package pdftex.def Info: imagenes/grafica2 29-09.png  used on input line 286.
(pdftex.def)             Requested size: 120.3495pt x 198.77954pt.
<imagenes/grafica 29-09.png, id=61, 31.3776pt x 21.53525pt>
File: imagenes/grafica 29-09.png Graphic file (type png)
<use imagenes/grafica 29-09.png>
Package pdftex.def Info: imagenes/grafica 29-09.png  used on input line 326.
(pdftex.def)             Requested size: 313.77502pt x 215.35172pt.
 [6 <imagenes/grafica2 29-09.png>]
! Missing endcsname inserted.
<to be read again> 
                   unhbox 
l.337 ...udegraphics{"imagenes/grafica 18_10.png"}
                                                  
? 
! Emergency stop.
<to be read again> 
                   unhbox 
l.337 ...udegraphics{"imagenes/grafica 18_10.png"}
                                                  
End of file on the terminal!

 
Here is how much of TeX's memory you used:
 45862 strings out of 480618
 1080600 string characters out of 5894377
 1817621 words of memory out of 5000000
 60949 multiletter control sequences out of 15000+600000
 539070 words of font info for 52 fonts, out of 8000000 for 9000
 1141 hyphenation exceptions out of 8191
 69i,25n,100p,1207b,1981s stack positions out of 5000i,500n,10000p,200000b,80000s
!  ==> Fatal error occurred, no output PDF file produced!
