This is pdfTeX, Version 3.141592653-2.6-1.40.25 (MiKTeX 23.10) (preloaded format=pdflatex 2024.1.2)  6 FEB 2024 09:54
entering extended mode
 restricted \write18 enabled.
 %&-line parsing enabled.
**"./Apuntes LaTex/2º Curso/Señales y sistemas/Ejercicios.tex"
(Apuntes LaTex/2º Curso/Señales y sistemas/Ejercicios.tex
LaTeX2e <2023-06-01> patch level 1
L3 programming layer <2023-08-29>

! LaTeX Error: File `../../Macros.tex' not found.

Type X to quit or <RETURN> to proceed,
or enter new name. (Default extension: tex)

Enter file name: Macros.tex

! LaTeX Error: File `Macros.tex' not found.

Type X to quit or <RETURN> to proceed,
or enter new name. (Default extension: tex)

Enter file name: x

! Emergency stop.
<read *> 
         
l.1 \input{../../Macros.tex}
                            
*** (cannot \read from terminal in nonstop modes)

 
Here is how much of TeX's memory you used:
 23 strings out of 475248
 657 string characters out of 5757814
 1917785 words of memory out of 5000000
 21646 multiletter control sequences out of 15000+600000
 558069 words of font info for 36 fonts, out of 8000000 for 9000
 1141 hyphenation exceptions out of 8191
 17i,0n,26p,121b,18s stack positions out of 10000i,1000n,20000p,200000b,200000s
!  ==> Fatal error occurred, no output PDF file produced!
