\BOOKMARK [1][-]{section.1}{\376\377\000L\000o\000s\000\040\000n\000\372\000m\000e\000r\000o\000s\000\040\000n\000a\000t\000u\000r\000a\000l\000e\000s}{}% 1
\BOOKMARK [2][-]{subsection.1.1}{\376\377\000L\000o\000s\000\040\000n\000\372\000m\000e\000r\000o\000s\000\040\000n\000a\000t\000u\000r\000a\000l\000e\000s}{section.1}% 2
\BOOKMARK [3][-]{subsubsection.1.1.1}{\376\377\000E\000l\000\040\000P\000r\000i\000n\000c\000i\000p\000i\000o\000\040\000d\000e\000\040\000I\000n\000d\000u\000c\000c\000i\000\363\000n}{subsection.1.1}% 3
\BOOKMARK [2][-]{subsection.1.2}{\376\377\000L\000o\000s\000\040\000n\000\372\000m\000e\000r\000o\000s\000\040\000r\000e\000a\000l\000e\000s}{section.1}% 4
\BOOKMARK [3][-]{subsubsection.1.2.1}{\376\377\000C\000o\000n\000s\000t\000r\000u\000c\000c\000i\000\363\000n\000\040\000d\000e\000\040\000l\000o\000s\000\040\000n\000\372\000m\000e\000r\000o\000s\000\040\000r\000e\000a\000l\000e\000s}{subsection.1.2}% 5
\BOOKMARK [2][-]{subsection.1.3}{\376\377\000D\000e\000f\000i\000n\000i\000c\000i\000\363\000n\000\040\000a\000x\000i\000o\000m\000\341\000t\000i\000c\000a\000\040\000d\000e\000\040\000l\000o\000s\000\040\000n\000\372\000m\000e\000r\000o\000\040\000r\000e\000a\000l\000e\000s}{section.1}% 6
\BOOKMARK [2][-]{subsection.1.4}{\376\377\000V\000a\000l\000o\000r\000\040\000a\000b\000s\000o\000l\000u\000t\000o}{section.1}% 7
\BOOKMARK [3][-]{subsubsection.1.4.1}{\376\377\000P\000r\000o\000p\000i\000e\000d\000a\000d\000e\000s\000\040\000d\000e\000l\000\040\000v\000a\000l\000o\000r\000\040\000a\000b\000s\000o\000l\000u\000t\000o}{subsection.1.4}% 8
\BOOKMARK [2][-]{subsection.1.5}{\376\377\000D\000e\000n\000s\000i\000d\000a\000d}{section.1}% 9
\BOOKMARK [2][-]{subsection.1.6}{\376\377\000R\000e\000p\000r\000e\000s\000e\000n\000t\000a\000c\000i\000\363\000n\000\040\000d\000e\000c\000i\000m\000a\000l\000\040\000d\000e\000\040\000l\000o\000s\000\040\000n\000\372\000m\000e\000r\000o\000s\000\040\000r\000e\000a\000l\000e\000s}{section.1}% 10
\BOOKMARK [3][-]{subsubsection.1.6.1}{\376\377\000L\000a\000\040\000r\000e\000p\000r\000e\000s\000e\000n\000t\000a\000c\000i\000\363\000n\000\040\000d\000e\000\040\000l\000o\000s\000\040\000n\000\372\000m\000e\000r\000o\000s\000\040\000r\000e\000a\000l\000e\000s\000\040\000e\000n\000\040\000e\000l\000\040\000o\000r\000d\000e\000n\000a\000d\000o\000r\000\040\000\050\000P\000y\000t\000h\000o\000n\000\051}{subsection.1.6}% 11
\BOOKMARK [2][-]{subsection.1.7}{\376\377\000C\000a\000r\000d\000i\000n\000a\000l\000\040\000d\000e\000\040\000u\000n\000\040\000c\000o\000n\000j\000u\000n\000t\000o}{section.1}% 12
\BOOKMARK [2][-]{subsection.1.8}{\376\377\000L\000a\000\040\000i\000d\000e\000a\000\040\000d\000e\000l\000\040\000i\000n\000f\000i\000n\000i\000t\000o}{section.1}% 13
\BOOKMARK [2][-]{subsection.1.9}{\376\377\000F\000u\000n\000c\000i\000o\000n\000e\000s\000\040\000e\000l\000e\000m\000e\000n\000t\000a\000l\000e\000s}{section.1}% 14
\BOOKMARK [3][-]{subsubsection.1.9.1}{\376\377\000P\000o\000t\000e\000n\000c\000i\000a\000s\000\040\000d\000e\000\040\000b\000a\000s\000e\000\040\000r\000e\000a\000l\000\040\000y\000\040\000e\000x\000p\000o\000n\000e\000n\000t\000e\000\040\000e\000n\000t\000e\000r\000o}{subsection.1.9}% 15
\BOOKMARK [3][-]{subsubsection.1.9.2}{\376\377\000F\000u\000n\000c\000i\000\363\000n\000\040\000e\000x\000p\000o\000n\000e\000n\000c\000i\000a\000l}{subsection.1.9}% 16
\BOOKMARK [3][-]{subsubsection.1.9.3}{\376\377\000F\000u\000n\000c\000i\000\363\000n\000\040\000l\000o\000g\000a\000r\000i\000t\000m\000o}{subsection.1.9}% 17
\BOOKMARK [3][-]{subsubsection.1.9.4}{\376\377\000F\000u\000n\000c\000i\000o\000n\000e\000s\000\040\000t\000r\000i\000g\000o\000n\000o\000m\000\351\000t\000r\000i\000c\000a\000s}{subsection.1.9}% 18
\BOOKMARK [2][-]{subsection.1.10}{\376\377\000S\000u\000c\000e\000s\000i\000o\000n\000e\000s\000\040\000d\000e\000\040\000n\000\372\000m\000e\000r\000o\000s\000\040\000r\000e\000a\000l\000e\000s}{section.1}% 19
\BOOKMARK [3][-]{subsubsection.1.10.1}{\376\377\000T\000o\000p\000o\000l\000o\000g\000\355\000a\000\040\000e\000n\000\040\000R}{subsection.1.10}% 20
\BOOKMARK [3][-]{subsubsection.1.10.2}{\376\377\000L\000\355\000m\000i\000t\000e\000\040\000d\000e\000\040\000u\000n\000a\000\040\000s\000u\000c\000e\000s\000i\000\363\000n\000\040\000d\000e\000\040\000n\000\372\000m\000e\000r\000o\000s\000\040\000r\000e\000a\000l\000e\000s}{subsection.1.10}% 21
\BOOKMARK [3][-]{subsubsection.1.10.3}{\376\377\000S\000u\000c\000e\000s\000i\000o\000n\000e\000s\000\040\000c\000o\000n\000v\000e\000r\000g\000e\000n\000t\000e\000s}{subsection.1.10}% 22
\BOOKMARK [2][-]{subsection.1.11}{\376\377\000S\000u\000c\000e\000s\000i\000\363\000n\000\040\000d\000e\000\040\000C\000a\000u\000c\000h\000y}{section.1}% 23
\BOOKMARK [2][-]{subsection.1.12}{\376\377\000S\000u\000c\000e\000s\000i\000\363\000n\000\040\000m\000o\000n\000\363\000t\000o\000n\000a\000\040\000c\000r\000e\000c\000i\000e\000n\000t\000e\000\040\000\050\000d\000e\000c\000r\000e\000c\000i\000e\000n\000t\000e\000\051}{section.1}% 24
\BOOKMARK [2][-]{subsection.1.13}{\376\377\000S\000u\000c\000e\000s\000i\000\363\000n\000\040\000c\000o\000n\000t\000r\000a\000c\000t\000i\000v\000a}{section.1}% 25
\BOOKMARK [2][-]{subsection.1.14}{\376\377\000S\000u\000c\000e\000s\000i\000o\000n\000e\000s\000\040\000e\000q\000u\000i\000v\000a\000l\000e\000n\000t\000e\000s\000.\000\040\000I\000n\000f\000i\000n\000i\000t\000\351\000s\000i\000m\000o\000s\000\040\000e\000\040\000I\000n\000f\000i\000n\000i\000t\000o\000s}{section.1}% 26
\BOOKMARK [2][-]{subsection.1.15}{\376\377\000C\000r\000i\000t\000e\000r\000i\000o\000s\000\040\000d\000e\000\040\000c\000o\000n\000v\000e\000r\000g\000e\000n\000c\000i\000a}{section.1}% 27
\BOOKMARK [3][-]{subsubsection.1.15.1}{\376\377\000L\000\355\000m\000i\000t\000e\000s\000\040\000d\000e\000l\000\040\000n\000\372\000m\000e\000r\000o\000\040\000e}{subsection.1.15}% 28
\BOOKMARK [3][-]{subsubsection.1.15.2}{\376\377\000C\000r\000i\000t\000e\000r\000i\000o\000\040\000d\000e\000\040\000S\000t\000o\000l\000z}{subsection.1.15}% 29
\BOOKMARK [3][-]{subsubsection.1.15.3}{\376\377\000C\000r\000i\000t\000e\000r\000i\000o\000\040\000d\000e\000\040\000l\000a\000\040\000m\000e\000d\000i\000a\000\040\000a\000r\000i\000t\000m\000\351\000t\000i\000c\000a}{subsection.1.15}% 30
\BOOKMARK [3][-]{subsubsection.1.15.4}{\376\377\000C\000r\000i\000t\000e\000r\000i\000o\000\040\000d\000e\000\040\000l\000a\000\040\000m\000e\000d\000i\000a\000\040\000g\000e\000o\000m\000\351\000t\000r\000i\000c\000a}{subsection.1.15}% 31
\BOOKMARK [3][-]{subsubsection.1.15.5}{\376\377\000C\000r\000i\000t\000e\000r\000i\000o\000\040\000d\000e\000\040\000l\000a\000\040\000r\000a\000\355\000z}{subsection.1.15}% 32
\BOOKMARK [3][-]{subsubsection.1.15.6}{\376\377\000R\000e\000g\000l\000a\000\040\000d\000e\000l\000\040\000e\000m\000p\000a\000r\000e\000d\000a\000d\000o}{subsection.1.15}% 33
\BOOKMARK [2][-]{subsection.1.16}{\376\377\000S\000e\000r\000i\000e\000s\000\040\000d\000e\000\040\000n\000\372\000m\000e\000r\000o\000s\000\040\000r\000e\000a\000l\000e\000s}{section.1}% 34
\BOOKMARK [3][-]{subsubsection.1.16.1}{\376\377\000S\000e\000r\000i\000e\000s\000\040\000c\000o\000n\000v\000e\000r\000g\000e\000n\000t\000e\000s}{subsection.1.16}% 35
\BOOKMARK [3][-]{subsubsection.1.16.2}{\376\377\000C\000o\000n\000d\000i\000c\000i\000o\000n\000e\000s\000\040\000g\000e\000n\000e\000r\000a\000l\000e\000s\000\040\000d\000e\000\040\000c\000o\000n\000v\000e\000r\000g\000e\000n\000c\000i\000a\000\040\000d\000e\000\040\000l\000a\000s\000\040\000s\000e\000r\000i\000e\000s}{subsection.1.16}% 36
\BOOKMARK [3][-]{subsubsection.1.16.3}{\376\377\000S\000e\000r\000i\000e\000s\000\040\000d\000e\000\040\000n\000\372\000m\000e\000r\000o\000s\000\040\000p\000o\000s\000i\000t\000i\000v\000o\000s}{subsection.1.16}% 37
\BOOKMARK [3][-]{subsubsection.1.16.4}{\376\377\000S\000e\000r\000i\000e\000s\000\040\000d\000e\000\040\000n\000\372\000m\000e\000r\000o\000s\000\040\000a\000r\000b\000i\000t\000r\000a\000r\000i\000o\000s}{subsection.1.16}% 38
\BOOKMARK [1][-]{section.2}{\376\377\000C\000\341\000l\000c\000u\000l\000o\000\040\000d\000i\000f\000e\000r\000e\000n\000c\000i\000a\000l\000\040\000d\000e\000\040\000u\000n\000a\000\040\000v\000a\000r\000i\000a\000b\000l\000e}{}% 39
\BOOKMARK [2][-]{subsection.2.1}{\376\377\000L\000\355\000m\000i\000t\000e\000\040\000d\000e\000\040\000u\000n\000a\000\040\000f\000u\000n\000c\000i\000\363\000n\000\040\000e\000n\000\040\000u\000n\000\040\000p\000u\000n\000t\000o}{section.2}% 40
\BOOKMARK [3][-]{subsubsection.2.1.1}{\376\377\000D\000e\000f\000i\000n\000i\000c\000i\000\363\000n\000\040\000d\000e\000\040\000l\000\355\000m\000i\000t\000e\000\040\000d\000e\000\040\000u\000n\000a\000\040\000f\000u\000n\000c\000i\000\363\000n}{subsection.2.1}% 41
\BOOKMARK [3][-]{subsubsection.2.1.2}{\376\377\000C\000a\000r\000a\000c\000t\000e\000r\000i\000z\000a\000c\000i\000\363\000n\000\040\000m\000e\000d\000i\000a\000n\000t\000e\000\040\000s\000u\000c\000e\000s\000i\000o\000n\000e\000s}{subsection.2.1}% 42
\BOOKMARK [2][-]{subsection.2.2}{\376\377\000P\000r\000o\000p\000i\000e\000d\000a\000d\000e\000s}{section.2}% 43
\BOOKMARK [2][-]{subsection.2.3}{\376\377\000L\000\355\000m\000i\000t\000e\000s\000\040\000l\000a\000t\000e\000r\000a\000l\000e\000s}{section.2}% 44
\BOOKMARK [2][-]{subsection.2.4}{\376\377\000L\000\355\000m\000i\000t\000e\000s\000\040\000i\000n\000f\000i\000n\000i\000t\000o\000s\000\040\000y\000\040\000l\000\355\000m\000i\000t\000e\000s\000\040\000e\000n\000\040\000e\000l\000\040\000i\000n\000f\000i\000n\000i\000t\000o}{section.2}% 45
\BOOKMARK [3][-]{subsubsection.2.4.1}{\376\377\000L\000\355\000m\000i\000t\000e\000s\000\040\000i\000n\000f\000i\000n\000i\000t\000o\000s}{subsection.2.4}% 46
\BOOKMARK [3][-]{subsubsection.2.4.2}{\376\377\000L\000\355\000m\000i\000t\000e\000s\000\040\000e\000n\000\040\000e\000l\000\040\000i\000n\000f\000i\000n\000i\000t\000o}{subsection.2.4}% 47
\BOOKMARK [2][-]{subsection.2.5}{\376\377\000I\000n\000f\000i\000n\000i\000t\000\351\000s\000i\000m\000o\000s\000\040\000e\000\040\000I\000n\000f\000i\000n\000i\000t\000o\000s\000.\000\040\000I\000n\000d\000e\000t\000e\000r\000m\000i\000n\000a\000c\000i\000o\000n\000e\000s}{section.2}% 48
\BOOKMARK [3][-]{subsubsection.2.5.1}{\376\377\000I\000n\000f\000i\000n\000i\000t\000\351\000s\000i\000m\000o\000s}{subsection.2.5}% 49
\BOOKMARK [3][-]{subsubsection.2.5.2}{\376\377\000I\000n\000f\000i\000n\000i\000t\000o\000s}{subsection.2.5}% 50
\BOOKMARK [3][-]{subsubsection.2.5.3}{\376\377\000I\000n\000d\000e\000t\000e\000r\000m\000i\000n\000a\000c\000i\000o\000n\000e\000s}{subsection.2.5}% 51
\BOOKMARK [2][-]{subsection.2.6}{\376\377\000C\000o\000n\000t\000i\000n\000u\000i\000d\000a\000d\000\040\000d\000e\000\040\000u\000n\000a\000\040\000f\000u\000n\000c\000i\000\363\000n\000\040\000e\000n\000\040\000u\000n\000\040\000p\000u\000n\000t\000o}{section.2}% 52
\BOOKMARK [3][-]{subsubsection.2.6.1}{\376\377\000C\000o\000n\000t\000i\000n\000u\000i\000d\000a\000d}{subsection.2.6}% 53
\BOOKMARK [3][-]{subsubsection.2.6.2}{\376\377\000C\000o\000n\000t\000i\000n\000u\000i\000d\000a\000d\000\040\000l\000a\000t\000e\000r\000a\000l}{subsection.2.6}% 54
\BOOKMARK [3][-]{subsubsection.2.6.3}{\376\377\000D\000i\000s\000c\000o\000n\000t\000i\000n\000u\000i\000d\000a\000d}{subsection.2.6}% 55
\BOOKMARK [3][-]{subsubsection.2.6.4}{\376\377\000D\000i\000s\000c\000o\000n\000t\000i\000n\000u\000i\000d\000a\000d\000e\000s\000\040\000I\000I}{subsection.2.6}% 56
\BOOKMARK [2][-]{subsection.2.7}{\376\377\000O\000p\000e\000r\000a\000c\000i\000o\000n\000e\000s\000\040\000c\000o\000n\000\040\000f\000u\000n\000c\000i\000o\000n\000e\000s\000\040\000c\000o\000n\000t\000i\000n\000u\000a\000s}{section.2}% 57
\BOOKMARK [3][-]{subsubsection.2.7.1}{\376\377\000C\000o\000n\000t\000i\000n\000u\000i\000d\000a\000d\000\040\000d\000e\000\040\000l\000a\000\040\000f\000u\000n\000c\000i\000\363\000n\000\040\000c\000o\000m\000p\000u\000e\000s\000t\000a}{subsection.2.7}% 58
\BOOKMARK [2][-]{subsection.2.8}{\376\377\000T\000e\000o\000r\000e\000m\000a\000\040\000d\000e\000\040\000B\000o\000l\000z\000a\000n\000o}{section.2}% 59
\BOOKMARK [2][-]{subsection.2.9}{\376\377\000T\000e\000o\000r\000e\000m\000a\000\040\000d\000e\000\040\000W\000e\000i\000e\000r\000t\000r\000a\000s\000s}{section.2}% 60
\BOOKMARK [2][-]{subsection.2.10}{\376\377\000H\000o\000m\000e\000o\000m\000o\000r\000f\000i\000s\000m\000o}{section.2}% 61
\BOOKMARK [3][-]{subsubsection.2.10.1}{\376\377\000C\000o\000n\000t\000i\000n\000u\000i\000d\000a\000d\000\040\000d\000e\000\040\000l\000a\000\040\000f\000u\000n\000c\000i\000\363\000n\000\040\000i\000n\000v\000e\000r\000s\000a}{subsection.2.10}% 62
\BOOKMARK [2][-]{subsection.2.11}{\376\377\000D\000e\000r\000i\000v\000a\000d\000a\000\040\000d\000e\000\040\000u\000n\000a\000\040\000f\000u\000n\000c\000i\000\363\000n\000\040\000e\000n\000\040\000u\000n\000\040\000p\000u\000n\000t\000o}{section.2}% 63
\BOOKMARK [3][-]{subsubsection.2.11.1}{\376\377\000D\000e\000f\000i\000n\000i\000c\000i\000\363\000n\000\040\000d\000e\000\040\000d\000e\000r\000i\000v\000a\000d\000a\000\040\000d\000e\000\040\000u\000n\000a\000\040\000f\000u\000n\000c\000i\000\363\000n\000\040\000e\000n\000\040\000u\000n\000\040\000p\000u\000n\000t\000o\000.\000\040\000D\000e\000r\000i\000v\000a\000d\000a\000s\000\040\000l\000a\000t\000e\000r\000a\000l\000e\000s}{subsection.2.11}% 64
\BOOKMARK [3][-]{subsubsection.2.11.2}{\376\377\000R\000e\000l\000a\000c\000i\000\363\000n\000\040\000e\000n\000t\000r\000e\000\040\000d\000e\000r\000i\000v\000a\000b\000i\000l\000i\000d\000a\000d\000\040\000y\000\040\000c\000o\000n\000t\000i\000n\000u\000i\000d\000a\000d}{subsection.2.11}% 65
\BOOKMARK [2][-]{subsection.2.12}{\376\377\000I\000n\000t\000e\000r\000p\000r\000e\000t\000a\000c\000i\000\363\000n\000\040\000g\000e\000o\000m\000\351\000t\000r\000i\000c\000a}{section.2}% 66
\BOOKMARK [3][-]{subsubsection.2.12.1}{\376\377\000R\000e\000c\000t\000a\000\040\000t\000a\000n\000g\000e\000n\000t\000e\000\040\000y\000\040\000r\000e\000c\000t\000a\000\040\000n\000o\000r\000m\000a\000l\000\040\000a\000\040\000u\000n\000a\000\040\000f\000u\000n\000c\000i\000\363\000n\000\040\000e\000n\000\040\000u\000n\000\040\000p\000u\000n\000t\000o}{subsection.2.12}% 67
\BOOKMARK [3][-]{subsubsection.2.12.2}{\376\377\000F\000u\000n\000c\000i\000\363\000n\000\040\000d\000e\000r\000i\000v\000a\000d\000a\000.\000\040\000D\000e\000r\000i\000v\000a\000d\000a\000s\000\040\000s\000u\000c\000e\000s\000i\000v\000a\000s}{subsection.2.12}% 68
\BOOKMARK [3][-]{subsubsection.2.12.3}{\376\377\000C\000o\000m\000p\000o\000s\000i\000c\000i\000\363\000n\000\040\000d\000e\000\040\000f\000u\000n\000c\000i\000o\000n\000e\000s\000:\000\040\000R\000e\000g\000l\000a\000\040\000d\000e\000\040\000l\000a\000\040\000c\000a\000d\000e\000n\000a}{subsection.2.12}% 69
\BOOKMARK [2][-]{subsection.2.13}{\376\377\000D\000i\000f\000e\000r\000e\000n\000c\000i\000a\000l\000\040\000d\000e\000\040\000u\000n\000a\000\040\000f\000u\000n\000c\000i\000\363\000n\000\040\000e\000n\000\040\000u\000n\000\040\000p\000u\000n\000t\000o}{section.2}% 70
\BOOKMARK [2][-]{subsection.2.14}{\376\377\000T\000e\000o\000r\000e\000m\000a\000s\000\040\000s\000o\000b\000r\000e\000\040\000v\000a\000l\000o\000r\000e\000s\000\040\000m\000e\000d\000i\000o\000s\000\040\000d\000e\000\040\000f\000u\000n\000c\000i\000o\000n\000e\000s\000\040\000d\000e\000r\000i\000v\000a\000b\000l\000e\000s}{section.2}% 71
\BOOKMARK [3][-]{subsubsection.2.14.1}{\376\377\000E\000x\000t\000r\000e\000m\000o\000s\000\040\000r\000e\000l\000a\000t\000i\000v\000o\000s}{subsection.2.14}% 72
\BOOKMARK [3][-]{subsubsection.2.14.2}{\376\377\000E\000x\000t\000r\000e\000m\000o\000s\000\040\000r\000e\000l\000a\000t\000i\000v\000o\000s\000\040\000y\000\040\000a\000b\000s\000o\000l\000u\000t\000o\000s}{subsection.2.14}% 73
\BOOKMARK [3][-]{subsubsection.2.14.3}{\376\377\000C\000\341\000l\000c\000u\000l\000o\000\040\000d\000e\000\040\000m\000\341\000x\000i\000m\000o\000s\000\040\000y\000\040\000m\000\355\000n\000i\000m\000o\000s\000\040\000r\000e\000l\000a\000t\000i\000v\000o\000s\000\040\000y\000\040\000a\000b\000s\000o\000l\000u\000t\000o\000s}{subsection.2.14}% 74
\BOOKMARK [3][-]{subsubsection.2.14.4}{\376\377\000T\000e\000o\000r\000e\000m\000a\000\040\000d\000e\000\040\000R\000o\000l\000l\000e}{subsection.2.14}% 75
\BOOKMARK [3][-]{subsubsection.2.14.5}{\376\377\000T\000e\000o\000r\000e\000m\000a\000\040\000d\000e\000l\000\040\000v\000a\000l\000o\000r\000\040\000m\000e\000d\000i\000o\000\040\000d\000e\000\040\000L\000a\000g\000r\000a\000n\000g\000e\000\040\000\050\000T\000e\000o\000r\000e\000m\000a\000\040\000d\000e\000\040\000l\000o\000s\000\040\000i\000n\000c\000r\000e\000m\000e\000n\000t\000o\000s\000\040\000f\000i\000n\000i\000t\000o\000s\000\051}{subsection.2.14}% 76
\BOOKMARK [3][-]{subsubsection.2.14.6}{\376\377\000A\000p\000l\000i\000c\000a\000c\000i\000\363\000n\000:\000\040\000S\000e\000p\000a\000r\000a\000c\000i\000\363\000n\000\040\000d\000e\000\040\000r\000a\000\355\000c\000e\000s\000\040\000d\000e\000\040\000u\000n\000a\000\040\000e\000c\000u\000a\000c\000i\000\363\000n\000\040\000f\000\050\000x\000\051\000=\0000}{subsection.2.14}% 77
\BOOKMARK [3][-]{subsubsection.2.14.7}{\376\377\000A\000p\000l\000i\000c\000a\000c\000i\000\363\000n\000:\000\040\000D\000e\000s\000i\000g\000u\000a\000l\000d\000a\000d\000e\000s}{subsection.2.14}% 78
\BOOKMARK [3][-]{subsubsection.2.14.8}{\376\377\000A\000p\000l\000i\000c\000a\000c\000i\000\363\000n\000:\000\040\000C\000\341\000l\000c\000u\000l\000o\000s\000\040\000a\000p\000r\000o\000x\000i\000m\000a\000d\000o\000,\000\040\000a\000c\000o\000t\000a\000c\000i\000\363\000n\000\040\000d\000e\000\040\000v\000a\000l\000o\000r\000e\000s}{subsection.2.14}% 79
\BOOKMARK [2][-]{subsection.2.15}{\376\377\000R\000e\000g\000l\000a\000\040\000d\000e\000\040\000L\000'\000H\000\364\000p\000i\000t\000a\000l}{section.2}% 80
\BOOKMARK [2][-]{subsection.2.16}{\376\377\000A\000p\000r\000o\000x\000i\000m\000a\000c\000i\000\363\000n\000\040\000l\000o\000c\000a\000l\000\040\000d\000e\000\040\000f\000u\000n\000c\000i\000o\000n\000e\000s\000\040\000m\000e\000d\000i\000a\000n\000t\000e\000\040\000p\000o\000l\000i\000n\000o\000m\000i\000o\000s}{section.2}% 81
\BOOKMARK [3][-]{subsubsection.2.16.1}{\376\377\000P\000o\000l\000i\000n\000o\000m\000i\000o\000\040\000d\000e\000\040\000T\000a\000y\000l\000o\000r\000\040\000d\000e\000\040\000g\000r\000a\000d\000o\000\040\000n}{subsection.2.16}% 82
\BOOKMARK [3][-]{subsubsection.2.16.2}{\376\377\000I\000n\000t\000e\000r\000p\000o\000l\000a\000c\000i\000\363\000n}{subsection.2.16}% 83
\BOOKMARK [2][-]{subsection.2.17}{\376\377\000S\000o\000l\000u\000c\000i\000o\000n\000e\000s\000\040\000d\000e\000\040\000e\000c\000u\000a\000c\000i\000o\000n\000e\000s\000\040\000d\000e\000\040\000u\000n\000a\000\040\000v\000a\000r\000i\000a\000b\000l\000e}{section.2}% 84
\BOOKMARK [3][-]{subsubsection.2.17.1}{\376\377\000N\000e\000w\000t\000o\000n\000-\000R\000a\000p\000h\000s\000o\000n}{subsection.2.17}% 85
\BOOKMARK [1][-]{section.3}{\376\377\000E\000l\000\040\000c\000o\000n\000c\000e\000p\000t\000o\000\040\000d\000e\000\040\000i\000n\000t\000e\000g\000r\000a\000l\000\040\000d\000e\000\040\000R\000i\000e\000m\000a\000n\000n\000\040\000y\000\040\000s\000u\000s\000\040\000p\000r\000o\000p\000i\000e\000d\000a\000d\000e\000s}{}% 86
\BOOKMARK [2][-]{subsection.3.1}{\376\377\000F\000u\000n\000c\000i\000\363\000n\000\040\000i\000n\000t\000e\000g\000r\000a\000b\000l\000e}{section.3}% 87
\BOOKMARK [2][-]{subsection.3.2}{\376\377\000P\000r\000o\000p\000i\000e\000d\000a\000d\000e\000s\000\040\000d\000e\000\040\000l\000a\000\040\000I\000n\000t\000e\000g\000r\000a\000l\000\040\000d\000e\000\040\000R\000i\000e\000m\000a\000n\000n}{section.3}% 88
\BOOKMARK [2][-]{subsection.3.3}{\376\377\000T\000e\000o\000r\000e\000m\000a\000\040\000d\000e\000\040\000l\000a\000\040\000M\000e\000d\000i\000a\000\040\000I\000n\000t\000e\000g\000r\000a\000l}{section.3}% 89
\BOOKMARK [2][-]{subsection.3.4}{\376\377\000E\000l\000\040\000t\000e\000o\000r\000e\000m\000a\000\040\000F\000u\000n\000d\000a\000m\000e\000n\000t\000a\000l\000\040\000d\000e\000l\000\040\000C\000\341\000l\000c\000u\000l\000o\000\040\000I\000n\000t\000e\000g\000r\000a\000l}{section.3}% 90
\BOOKMARK [2][-]{subsection.3.5}{\376\377\000R\000e\000g\000l\000a\000\040\000d\000e\000\040\000B\000a\000r\000r\000o\000w}{section.3}% 91
\BOOKMARK [2][-]{subsection.3.6}{\376\377\000I\000n\000t\000e\000g\000r\000a\000l\000e\000s\000\040\000i\000m\000p\000r\000o\000p\000i\000a\000s}{section.3}% 92
\BOOKMARK [3][-]{subsubsection.3.6.1}{\376\377\000I\000n\000t\000e\000g\000r\000a\000l\000e\000s\000\040\000i\000m\000p\000r\000o\000p\000i\000a\000s\000\040\000d\000e\000\040\000p\000r\000i\000m\000e\000r\000a\000\040\000e\000s\000p\000e\000c\000i\000a}{subsection.3.6}% 93
\BOOKMARK [3][-]{subsubsection.3.6.2}{\376\377\000C\000r\000i\000t\000e\000r\000i\000o\000s\000\040\000d\000e\000\040\000c\000o\000n\000v\000e\000r\000g\000e\000n\000c\000i\000a\000\040\000I}{subsection.3.6}% 94
\BOOKMARK [3][-]{subsubsection.3.6.3}{\376\377\000I\000n\000t\000e\000g\000r\000a\000l\000e\000s\000\040\000i\000m\000p\000r\000o\000p\000i\000a\000s\000\040\000d\000e\000\040\000s\000e\000g\000u\000n\000d\000a\000\040\000e\000s\000p\000e\000c\000i\000e}{subsection.3.6}% 95
\BOOKMARK [3][-]{subsubsection.3.6.4}{\376\377\000C\000r\000i\000t\000e\000r\000i\000o\000s\000\040\000d\000e\000\040\000c\000o\000n\000v\000e\000r\000g\000e\000n\000c\000i\000a\000\040\000I\000I}{subsection.3.6}% 96
\BOOKMARK [2][-]{subsection.3.7}{\376\377\000C\000\341\000l\000c\000u\000l\000o\000\040\000d\000e\000\040\000p\000r\000i\000m\000i\000t\000i\000v\000a\000s}{section.3}% 97
\BOOKMARK [3][-]{subsubsection.3.7.1}{\376\377\000F\000\363\000r\000m\000u\000l\000a\000\040\000d\000e\000\040\000c\000a\000m\000b\000i\000o\000\040\000d\000e\000\040\000v\000a\000r\000i\000a\000b\000l\000e}{subsection.3.7}% 98
\BOOKMARK [3][-]{subsubsection.3.7.2}{\376\377\000A\000l\000g\000u\000n\000o\000s\000\040\000e\000j\000e\000m\000p\000l\000o\000s}{subsection.3.7}% 99
\BOOKMARK [3][-]{subsubsection.3.7.3}{\376\377\000C\000a\000m\000b\000i\000o\000s\000\040\000e\000s\000p\000e\000c\000\355\000f\000i\000c\000o\000s\000\040\000p\000a\000r\000a\000\040\000d\000e\000t\000e\000r\000m\000i\000n\000a\000d\000a\000s\000\040\000f\000u\000n\000c\000i\000o\000n\000e\000s}{subsection.3.7}% 100
\BOOKMARK [2][-]{subsection.3.8}{\376\377\000A\000p\000l\000i\000c\000a\000c\000i\000o\000n\000e\000s\000\040\000G\000e\000o\000m\000\351\000t\000r\000i\000c\000a\000s\000\040\000d\000e\000\040\000l\000a\000\040\000I\000n\000t\000e\000g\000r\000a\000l}{section.3}% 101
\BOOKMARK [3][-]{subsubsection.3.8.1}{\376\377\000C\000\341\000l\000c\000u\000l\000o\000\040\000d\000e\000l\000\040\000\341\000r\000e\000a\000\040\000d\000e\000\040\000r\000e\000g\000i\000o\000n\000e\000s\000\040\000p\000l\000a\000n\000a\000s}{subsection.3.8}% 102
\BOOKMARK [3][-]{subsubsection.3.8.2}{\376\377\000C\000\341\000l\000c\000u\000l\000o\000\040\000d\000e\000l\000\040\000v\000o\000l\000u\000m\000e\000n\000\040\000u\000t\000i\000l\000i\000z\000a\000n\000d\000o\000\040\000s\000e\000c\000c\000i\000o\000n\000e\000s}{subsection.3.8}% 103
\BOOKMARK [3][-]{subsubsection.3.8.3}{\376\377\000C\000\341\000l\000c\000u\000l\000o\000\040\000d\000e\000\040\000l\000a\000\040\000l\000o\000n\000g\000i\000t\000u\000d\000\040\000d\000e\000\040\000u\000n\000a\000\040\000c\000u\000r\000v\000a}{subsection.3.8}% 104
\BOOKMARK [3][-]{subsubsection.3.8.4}{\376\377\000C\000\341\000l\000c\000u\000l\000o\000\040\000d\000e\000\040\000l\000a\000\040\000s\000u\000p\000e\000r\000f\000i\000c\000i\000e\000\040\000d\000e\000\040\000u\000n\000\040\000s\000\363\000l\000i\000d\000o\000\040\000d\000e\000\040\000r\000e\000v\000o\000l\000u\000c\000i\000\363\000n\000\040\000s\000o\000b\000r\000e\000\040\000e\000l\000\040\000e\000j\000e\000\040\000O\000X}{subsection.3.8}% 105
\BOOKMARK [3][-]{subsubsection.3.8.5}{\376\377\000C\000\341\000l\000c\000u\000l\000o\000\040\000d\000e\000\040\000l\000a\000\040\000s\000u\000p\000e\000r\000f\000i\000c\000i\000e\000\040\000d\000e\000\040\000u\000n\000\040\000s\000\363\000l\000i\000d\000o\000\040\000d\000e\000\040\000r\000e\000v\000o\000l\000u\000c\000i\000\363\000n\000\040\000g\000e\000n\000e\000r\000a\000d\000o\000\040\000p\000o\000r\000\040\000u\000n\000a\000\040\000c\000u\000r\000v\000a\000\040\000p\000a\000r\000a\000m\000e\000t\000r\000i\000z\000a\000d\000a}{subsection.3.8}% 106
\BOOKMARK [3][-]{subsubsection.3.8.6}{\376\377\000C\000\341\000l\000c\000u\000l\000o\000\040\000d\000e\000l\000\040\000v\000o\000l\000u\000m\000e\000n\000\040\000d\000e\000\040\000u\000n\000\040\000s\000\363\000l\000i\000d\000o\000\040\000d\000e\000\040\000r\000e\000v\000o\000l\000u\000c\000i\000\363\000n}{subsection.3.8}% 107
\BOOKMARK [3][-]{subsubsection.3.8.7}{\376\377\000O\000t\000r\000a\000s\000\040\000o\000p\000c\000i\000o\000n\000e\000s}{subsection.3.8}% 108
\BOOKMARK [2][-]{subsection.3.9}{\376\377\000I\000n\000t\000e\000g\000r\000a\000c\000i\000\363\000n\000\040\000n\000u\000m\000\351\000r\000i\000c\000a}{section.3}% 109
\BOOKMARK [3][-]{subsubsection.3.9.1}{\376\377\000F\000\363\000r\000m\000u\000l\000a\000\040\000d\000e\000l\000\040\000r\000e\000c\000t\000\341\000n\000g\000u\000l\000o}{subsection.3.9}% 110
\BOOKMARK [3][-]{subsubsection.3.9.2}{\376\377\000F\000\363\000r\000m\000u\000l\000a\000\040\000d\000e\000l\000\040\000p\000u\000n\000t\000o\000\040\000m\000e\000d\000i\000o}{subsection.3.9}% 111
\BOOKMARK [3][-]{subsubsection.3.9.3}{\376\377\000F\000\363\000r\000m\000u\000l\000a\000\040\000d\000e\000l\000\040\000t\000r\000a\000p\000e\000c\000i\000o}{subsection.3.9}% 112
\BOOKMARK [3][-]{subsubsection.3.9.4}{\376\377\000F\000\363\000r\000m\000u\000l\000a\000\040\000d\000e\000\040\000N\000e\000w\000t\000o\000n\000-\000C\000\364\000t\000e\000s}{subsection.3.9}% 113
\BOOKMARK [1][-]{section.4}{\376\377\000S\000e\000r\000i\000e\000s\000\040\000d\000e\000\040\000p\000o\000t\000e\000n\000c\000i\000a\000s\000.\000\040\000S\000e\000r\000i\000e\000s\000\040\000d\000e\000\040\000F\000o\000u\000r\000i\000e\000r\000.\000\040\000E\000c\000u\000a\000c\000i\000o\000n\000e\000s\000\040\000d\000i\000f\000e\000r\000e\000n\000c\000i\000a\000l\000e\000s}{}% 114
\BOOKMARK [2][-]{subsection.4.1}{\376\377\000I\000n\000t\000r\000o\000d\000u\000c\000c\000i\000\363\000n}{section.4}% 115
\BOOKMARK [2][-]{subsection.4.2}{\376\377\000C\000o\000n\000v\000e\000r\000g\000e\000n\000c\000i\000a\000\040\000p\000u\000n\000t\000u\000a\000l}{section.4}% 116
\BOOKMARK [2][-]{subsection.4.3}{\376\377\000C\000o\000n\000v\000e\000r\000g\000e\000n\000c\000i\000a\000\040\000u\000n\000i\000f\000o\000r\000m\000e}{section.4}% 117
\BOOKMARK [2][-]{subsection.4.4}{\376\377\000S\000e\000r\000i\000e\000s\000\040\000d\000e\000\040\000p\000o\000t\000e\000n\000c\000i\000a\000s}{section.4}% 118
\BOOKMARK [3][-]{subsubsection.4.4.1}{\376\377\000C\000o\000n\000v\000e\000r\000g\000e\000n\000c\000i\000a\000\040\000u\000n\000i\000f\000o\000r\000m\000e\000\040\000d\000e\000\040\000l\000a\000s\000\040\000s\000e\000r\000i\000e\000s\000\040\000d\000e\000\040\000p\000o\000t\000e\000n\000c\000i\000a\000s}{subsection.4.4}% 119
\BOOKMARK [3][-]{subsubsection.4.4.2}{\376\377\000C\000o\000n\000t\000i\000n\000u\000i\000d\000a\000d\000\040\000d\000e\000\040\000u\000n\000a\000\040\000s\000e\000r\000i\000e\000\040\000d\000e\000\040\000p\000o\000t\000e\000n\000c\000i\000a\000s}{subsection.4.4}% 120
\BOOKMARK [3][-]{subsubsection.4.4.3}{\376\377\000D\000e\000r\000i\000v\000a\000c\000i\000\363\000n\000\040\000d\000e\000\040\000u\000n\000a\000\040\000s\000e\000r\000i\000e\000\040\000d\000e\000\040\000p\000o\000t\000e\000n\000c\000i\000a\000s}{subsection.4.4}% 121
\BOOKMARK [3][-]{subsubsection.4.4.4}{\376\377\000I\000n\000t\000e\000g\000r\000a\000c\000i\000\363\000n\000\040\000d\000e\000\040\000u\000n\000a\000\040\000s\000e\000r\000i\000e\000\040\000d\000e\000\040\000p\000o\000t\000e\000n\000c\000i\000a\000s}{subsection.4.4}% 122
\BOOKMARK [3][-]{subsubsection.4.4.5}{\376\377\000S\000e\000r\000i\000e\000s\000\040\000d\000e\000\040\000p\000o\000t\000e\000n\000c\000i\000a\000s\000\040\000y\000\040\000d\000e\000s\000a\000r\000r\000o\000l\000l\000o\000\040\000d\000e\000\040\000T\000a\000y\000l\000o\000r}{subsection.4.4}% 123
\BOOKMARK [3][-]{subsubsection.4.4.6}{\376\377\000D\000e\000s\000a\000r\000r\000o\000l\000l\000o\000s\000\040\000e\000n\000\040\000s\000e\000r\000i\000e\000s\000\040\000d\000e\000\040\000f\000u\000n\000c\000i\000o\000n\000e\000s}{subsection.4.4}% 124
\BOOKMARK [3][-]{subsubsection.4.4.7}{\376\377\000S\000e\000r\000i\000e\000s\000\040\000d\000e\000\040\000F\000o\000u\000r\000i\000e\000r}{subsection.4.4}% 125
\BOOKMARK [2][-]{subsection.4.5}{\376\377\000E\000c\000u\000a\000c\000i\000o\000n\000e\000s\000\040\000d\000i\000f\000e\000r\000e\000n\000c\000i\000a\000l\000e\000s}{section.4}% 126
\BOOKMARK [3][-]{subsubsection.4.5.1}{\376\377\000D\000e\000f\000i\000n\000i\000c\000i\000o\000n\000e\000s\000\040\000b\000\341\000s\000i\000c\000a\000s}{subsection.4.5}% 127
\BOOKMARK [2][-]{subsection.4.6}{\376\377\000E\000x\000i\000s\000t\000e\000n\000c\000i\000a\000\040\000y\000\040\000u\000n\000i\000c\000i\000d\000a\000d\000\040\000d\000e\000\040\000s\000o\000l\000u\000c\000i\000o\000n\000e\000s}{section.4}% 128
\BOOKMARK [2][-]{subsection.4.7}{\376\377\000M\000\351\000t\000o\000d\000o\000s\000\040\000p\000a\000r\000a\000\040\000r\000e\000s\000o\000l\000v\000e\000r\000\040\000e\000c\000u\000a\000c\000i\000o\000n\000e\000s\000\040\000d\000i\000f\000e\000r\000e\000n\000c\000i\000a\000l\000e\000s}{section.4}% 129
\BOOKMARK [3][-]{subsubsection.4.7.1}{\376\377\000E\000c\000u\000a\000c\000i\000o\000n\000e\000s\000\040\000d\000e\000l\000\040\000t\000i\000p\000o\000\040\000y\000'\000=\000f\000\050\000x\000\051}{subsection.4.7}% 130
