This is pdfTeX, Version 3.14159265-2.6-1.40.21 (TeX Live 2020) (preloaded format=latex 2020.4.29)  7 NOV 2024 12:31
entering extended mode
**Macros.tex
(Macros.tex
LaTeX2e <2020-02-02> patch level 5
L3 programming layer <2020-03-06>
(/private/var/containers/Bundle/Application/38CAA5E5-7B85-4BF0-8BF3-3C6105CB5C8
4/TeX Writer.app/texmf-base/./tex/latex/base/article.cls
Document Class: article 2019/12/20 v1.4l Standard LaTeX document class

(/private/var/containers/Bundle/Application/38CAA5E5-7B85-4BF0-8BF3-3C6105CB5C8
4/TeX Writer.app/texmf-base/./tex/latex/base/size10.clo
File: size10.clo 2019/12/20 v1.4l Standard LaTeX file (size option)
)
\c@part=\count167
\c@section=\count168
\c@subsection=\count169
\c@subsubsection=\count170
\c@paragraph=\count171
\c@subparagraph=\count172
\c@figure=\count173
\c@table=\count174
\abovecaptionskip=\skip47
\belowcaptionskip=\skip48
\bibindent=\dimen134
)
(/var/mobile/Containers/Data/Application/467E7597-C7BE-49DF-AE4E-DDA95A01BBDF/L
ibrary/Caches/texmf-dist/./tex/latex/preprint/fullpage.sty
Package: fullpage 1999/02/23 1.1 (PWD)
\FP@margin=\skip49
)
(/private/var/containers/Bundle/Application/38CAA5E5-7B85-4BF0-8BF3-3C6105CB5C8
4/TeX Writer.app/texmf-base/./tex/latex/base/inputenc.sty
Package: inputenc 2018/08/11 v1.3c Input encoding file
\inpenc@prehook=\toks15
\inpenc@posthook=\toks16
)
(/var/mobile/Containers/Data/Application/467E7597-C7BE-49DF-AE4E-DDA95A01BBDF/L
ibrary/Caches/texmf-dist/./tex/latex/pict2e/pict2e.sty
Package: pict2e 2019/08/20 v0.3c Improved picture commands (HjG,RN,JT)

(/var/mobile/Containers/Data/Application/467E7597-C7BE-49DF-AE4E-DDA95A01BBDF/L
ibrary/Caches/texmf-dist/./tex/latex/pict2e/pict2e.cfg
File: pict2e.cfg 2016/02/05 v0.1u pict2e configuration for teTeX/TeXLive
)
Package pict2e Info: Driver file: pdftex.def on input line 119.

(/var/mobile/Containers/Data/Application/467E7597-C7BE-49DF-AE4E-DDA95A01BBDF/L
ibrary/Caches/texmf-dist/./tex/latex/graphics-def/pdftex.def
File: pdftex.def 2018/01/08 v1.0l Graphics/color driver for pdftex
)
Package pict2e Info: Driver file for pict2e: p2e-pdftex.def on input line 121.

(/var/mobile/Containers/Data/Application/467E7597-C7BE-49DF-AE4E-DDA95A01BBDF/L
ibrary/Caches/texmf-dist/./tex/latex/pict2e/p2e-pdftex.def
File: p2e-pdftex.def 2016/02/05 v0.1u Driver-dependant file (RN,HjG,JT)
)
(/private/var/containers/Bundle/Application/38CAA5E5-7B85-4BF0-8BF3-3C6105CB5C8
4/TeX Writer.app/texmf-base/./tex/latex/graphics/trig.sty
Package: trig 2016/01/03 v1.10 sin cos tan (DPC)
)
\pIIe@GRAPH=\toks17
\@arclen=\dimen135
\@arcrad=\dimen136
\@tempdimd=\dimen137
)
(/private/var/containers/Bundle/Application/38CAA5E5-7B85-4BF0-8BF3-3C6105CB5C8
4/TeX Writer.app/texmf-base/./tex/latex/amsmath/amsmath.sty
Package: amsmath 2020/01/20 v2.17e AMS math features
\@mathmargin=\skip50

For additional information on amsmath, use the `?' option.

(/private/var/containers/Bundle/Application/38CAA5E5-7B85-4BF0-8BF3-3C6105CB5C8
4/TeX Writer.app/texmf-base/./tex/latex/amsmath/amstext.sty
Package: amstext 2000/06/29 v2.01 AMS text

(/private/var/containers/Bundle/Application/38CAA5E5-7B85-4BF0-8BF3-3C6105CB5C8
4/TeX Writer.app/texmf-base/./tex/latex/amsmath/amsgen.sty
File: amsgen.sty 1999/11/30 v2.0 generic functions
\@emptytoks=\toks18
\ex@=\dimen138
))
(/private/var/containers/Bundle/Application/38CAA5E5-7B85-4BF0-8BF3-3C6105CB5C8
4/TeX Writer.app/texmf-base/./tex/latex/amsmath/amsbsy.sty
Package: amsbsy 1999/11/29 v1.2d Bold Symbols
\pmbraise@=\dimen139
)
(/private/var/containers/Bundle/Application/38CAA5E5-7B85-4BF0-8BF3-3C6105CB5C8
4/TeX Writer.app/texmf-base/./tex/latex/amsmath/amsopn.sty
Package: amsopn 2016/03/08 v2.02 operator names
)
\inf@bad=\count175
LaTeX Info: Redefining \frac on input line 227.
\uproot@=\count176
\leftroot@=\count177
LaTeX Info: Redefining \overline on input line 389.
\classnum@=\count178
\DOTSCASE@=\count179
LaTeX Info: Redefining \ldots on input line 486.
LaTeX Info: Redefining \dots on input line 489.
LaTeX Info: Redefining \cdots on input line 610.
\Mathstrutbox@=\box45
\strutbox@=\box46
\big@size=\dimen140
LaTeX Font Info:    Redeclaring font encoding OML on input line 733.
LaTeX Font Info:    Redeclaring font encoding OMS on input line 734.
\macc@depth=\count180
\c@MaxMatrixCols=\count181
\dotsspace@=\muskip16
\c@parentequation=\count182
\dspbrk@lvl=\count183
\tag@help=\toks19
\row@=\count184
\column@=\count185
\maxfields@=\count186
\andhelp@=\toks20
\eqnshift@=\dimen141
\alignsep@=\dimen142
\tagshift@=\dimen143
\tagwidth@=\dimen144
\totwidth@=\dimen145
\lineht@=\dimen146
\@envbody=\toks21
\multlinegap=\skip51
\multlinetaggap=\skip52
\mathdisplay@stack=\toks22
LaTeX Info: Redefining \[ on input line 2859.
LaTeX Info: Redefining \] on input line 2860.
)
(/var/mobile/Containers/Data/Application/467E7597-C7BE-49DF-AE4E-DDA95A01BBDF/L
ibrary/Caches/texmf-dist/./tex/latex/enumitem/enumitem.sty
Package: enumitem 2019/06/20 v3.9 Customized lists
\enitkv@toks@=\toks23
\labelindent=\skip53
\enit@outerparindent=\dimen147
\enit@toks=\toks24
\enit@inbox=\box47
\enit@count@id=\count187
\enitdp@description=\count188
)
(/var/mobile/Containers/Data/Application/467E7597-C7BE-49DF-AE4E-DDA95A01BBDF/L
ibrary/Caches/texmf-dist/./tex/latex/eurosym/eurosym.sty
Package: eurosym 1998/08/06 v1.1 European currency symbol ``Euro''
\@eurobox=\box48
)
(/var/mobile/Containers/Data/Application/467E7597-C7BE-49DF-AE4E-DDA95A01BBDF/L
ibrary/Caches/texmf-dist/./tex/latex/mathtools/mathtools.sty
Package: mathtools 2020/03/24 v1.24 mathematical typesetting tools

(/private/var/containers/Bundle/Application/38CAA5E5-7B85-4BF0-8BF3-3C6105CB5C8
4/TeX Writer.app/texmf-base/./tex/latex/graphics/keyval.sty
Package: keyval 2014/10/28 v1.15 key=value parser (DPC)
\KV@toks@=\toks25
)
(/var/mobile/Containers/Data/Application/467E7597-C7BE-49DF-AE4E-DDA95A01BBDF/L
ibrary/Caches/texmf-dist/./tex/latex/tools/calc.sty
Package: calc 2017/05/25 v4.3 Infix arithmetic (KKT,FJ)
\calc@Acount=\count189
\calc@Bcount=\count190
\calc@Adimen=\dimen148
\calc@Bdimen=\dimen149
\calc@Askip=\skip54
\calc@Bskip=\skip55
LaTeX Info: Redefining \setlength on input line 80.
LaTeX Info: Redefining \addtolength on input line 81.
\calc@Ccount=\count191
\calc@Cskip=\skip56
)
(/var/mobile/Containers/Data/Application/467E7597-C7BE-49DF-AE4E-DDA95A01BBDF/L
ibrary/Caches/texmf-dist/./tex/latex/mathtools/mhsetup.sty
Package: mhsetup 2017/03/31 v1.3 programming setup (MH)
)
LaTeX Info: Thecontrolsequence`\('isalreadyrobust on input line 130.
LaTeX Info: Thecontrolsequence`\)'isalreadyrobust on input line 130.
LaTeX Info: Thecontrolsequence`\['isalreadyrobust on input line 130.
LaTeX Info: Thecontrolsequence`\]'isalreadyrobust on input line 130.
\g_MT_multlinerow_int=\count192
\l_MT_multwidth_dim=\dimen150
\origjot=\skip57
\l_MT_shortvdotswithinadjustabove_dim=\dimen151
\l_MT_shortvdotswithinadjustbelow_dim=\dimen152
\l_MT_above_intertext_sep=\dimen153
\l_MT_below_intertext_sep=\dimen154
\l_MT_above_shortintertext_sep=\dimen155
\l_MT_below_shortintertext_sep=\dimen156
\xmathstrut@box=\box49
\xmathstrut@dim=\dimen157
)
(/private/var/containers/Bundle/Application/38CAA5E5-7B85-4BF0-8BF3-3C6105CB5C8
4/TeX Writer.app/texmf-base/./tex/latex/amsfonts/amssymb.sty
Package: amssymb 2013/01/14 v3.01 AMS font symbols

(/private/var/containers/Bundle/Application/38CAA5E5-7B85-4BF0-8BF3-3C6105CB5C8
4/TeX Writer.app/texmf-base/./tex/latex/amsfonts/amsfonts.sty
Package: amsfonts 2013/01/14 v3.01 Basic AMSFonts support
\symAMSa=\mathgroup4
\symAMSb=\mathgroup5
LaTeX Font Info:    Redeclaring math symbol \hbar on input line 98.
LaTeX Font Info:    Overwriting math alphabet `\mathfrak' in version `bold'
(Font)                  U/euf/m/n --> U/euf/b/n on input line 106.
))
(/private/var/containers/Bundle/Application/38CAA5E5-7B85-4BF0-8BF3-3C6105CB5C8
4/TeX Writer.app/texmf-base/./tex/latex/base/latexsym.sty
Package: latexsym 1998/08/17 v2.2e Standard LaTeX package (lasy symbols)
\symlasy=\mathgroup6
LaTeX Font Info:    Overwriting symbol font `lasy' in version `bold'
(Font)                  U/lasy/m/n --> U/lasy/b/n on input line 52.
)
(/var/mobile/Containers/Data/Application/467E7597-C7BE-49DF-AE4E-DDA95A01BBDF/L
ibrary/Caches/texmf-dist/./tex/latex/cancel/cancel.sty
Package: cancel 2013/04/12 v2.2 Cancel math terms
)
(/private/var/containers/Bundle/Application/38CAA5E5-7B85-4BF0-8BF3-3C6105CB5C8
4/TeX Writer.app/texmf-base/./tex/latex/graphics/graphicx.sty
Package: graphicx 2019/11/30 v1.2a Enhanced LaTeX Graphics (DPC,SPQR)

(/private/var/containers/Bundle/Application/38CAA5E5-7B85-4BF0-8BF3-3C6105CB5C8
4/TeX Writer.app/texmf-base/./tex/latex/graphics/graphics.sty
Package: graphics 2019/11/30 v1.4a Standard LaTeX Graphics (DPC,SPQR)

(/var/mobile/Containers/Data/Application/467E7597-C7BE-49DF-AE4E-DDA95A01BBDF/L
ibrary/Caches/texmf-dist/./tex/latex/graphics-cfg/graphics.cfg
File: graphics.cfg 2016/06/04 v1.11 sample graphics configuration
)
Package graphics Info: Driver file: pdftex.def on input line 105.
)
\Gin@req@height=\dimen158
\Gin@req@width=\dimen159
)
(/private/var/containers/Bundle/Application/38CAA5E5-7B85-4BF0-8BF3-3C6105CB5C8
4/TeX Writer.app/texmf-base/./tex/latex/base/fontenc.sty
Package: fontenc 2020/02/11 v2.0o Standard LaTeX package
)

! LaTeX Error: File `slashbox.sty' not found.

Type X to quit or <RETURN> to proceed,
or enter new name. (Default extension: sty)

Enter file name: 
! Emergency stop.
<read *> 
         
l.14 \usepackage
                {setspace}^^M
End of file on the terminal!

 
Here is how much of TeX's memory you used:
 3085 strings out of 480618
 45830 string characters out of 5894377
 280192 words of memory out of 5000000
 18979 multiletter control sequences out of 15000+600000
 532338 words of font info for 24 fonts, out of 8000000 for 9000
 1141 hyphenation exceptions out of 8191
 30i,0n,31p,223b,36s stack positions out of 5000i,500n,10000p,200000b,80000s
!  ==> Fatal error occurred, no output PDF file produced!
