This is pdfTeX, Version 3.14159265-2.6-1.40.21 (TeX Live 2020) (preloaded format=latex 2020.4.29)  7 NOV 2024 12:41
entering extended mode
**prueba.tex
(prueba.tex
LaTeX2e <2020-02-02> patch level 5
L3 programming layer <2020-03-06>
(/private/var/containers/Bundle/Application/38CAA5E5-7B85-4BF0-8BF3-3C6105CB5C8
4/TeX Writer.app/texmf-base/./tex/latex/base/article.cls
Document Class: article 2019/12/20 v1.4l Standard LaTeX document class

(/private/var/containers/Bundle/Application/38CAA5E5-7B85-4BF0-8BF3-3C6105CB5C8
4/TeX Writer.app/texmf-base/./tex/latex/base/size12.clo
File: size12.clo 2019/12/20 v1.4l Standard LaTeX file (size option)
)
\c@part=\count167
\c@section=\count168
\c@subsection=\count169
\c@subsubsection=\count170
\c@paragraph=\count171
\c@subparagraph=\count172
\c@figure=\count173
\c@table=\count174
\abovecaptionskip=\skip47
\belowcaptionskip=\skip48
\bibindent=\dimen134
)
(/private/var/containers/Bundle/Application/38CAA5E5-7B85-4BF0-8BF3-3C6105CB5C8
4/TeX Writer.app/texmf-base/./tex/latex/geometry/geometry.sty
Package: geometry 2020/01/02 v5.9 Page Geometry

(/private/var/containers/Bundle/Application/38CAA5E5-7B85-4BF0-8BF3-3C6105CB5C8
4/TeX Writer.app/texmf-base/./tex/latex/graphics/keyval.sty
Package: keyval 2014/10/28 v1.15 key=value parser (DPC)
\KV@toks@=\toks15
)
(/var/mobile/Containers/Data/Application/467E7597-C7BE-49DF-AE4E-DDA95A01BBDF/L
ibrary/Caches/texmf-dist/./tex/generic/iftex/ifvtex.sty
Package: ifvtex 2019/10/25 v1.7 ifvtex legacy package. Use iftex instead.

(/var/mobile/Containers/Data/Application/467E7597-C7BE-49DF-AE4E-DDA95A01BBDF/L
ibrary/Caches/texmf-dist/./tex/generic/iftex/iftex.sty
Package: iftex 2020/03/06 v1.0d TeX engine tests
))
\Gm@cnth=\count175
\Gm@cntv=\count176
\c@Gm@tempcnt=\count177
\Gm@bindingoffset=\dimen135
\Gm@wd@mp=\dimen136
\Gm@odd@mp=\dimen137
\Gm@even@mp=\dimen138
\Gm@layoutwidth=\dimen139
\Gm@layoutheight=\dimen140
\Gm@layouthoffset=\dimen141
\Gm@layoutvoffset=\dimen142
\Gm@dimlist=\toks16
)
(/private/var/containers/Bundle/Application/38CAA5E5-7B85-4BF0-8BF3-3C6105CB5C8
4/TeX Writer.app/texmf-base/./tex/latex/l3backend/l3backend-pdfmode.def
File: l3backend-pdfmode.def 2020-03-12 L3 backend support: PDF mode
\l__kernel_color_stack_int=\count178
\l__pdf_internal_box=\box45
)
(prueba.aux)
LaTeX Font Info:    Checking defaults for OML/cmm/m/it on input line 7.
LaTeX Font Info:    ... okay on input line 7.
LaTeX Font Info:    Checking defaults for OMS/cmsy/m/n on input line 7.
LaTeX Font Info:    ... okay on input line 7.
LaTeX Font Info:    Checking defaults for OT1/cmr/m/n on input line 7.
LaTeX Font Info:    ... okay on input line 7.
LaTeX Font Info:    Checking defaults for T1/cmr/m/n on input line 7.
LaTeX Font Info:    ... okay on input line 7.
LaTeX Font Info:    Checking defaults for TS1/cmr/m/n on input line 7.
LaTeX Font Info:    ... okay on input line 7.
LaTeX Font Info:    Checking defaults for OMX/cmex/m/n on input line 7.
LaTeX Font Info:    ... okay on input line 7.
LaTeX Font Info:    Checking defaults for U/cmr/m/n on input line 7.
LaTeX Font Info:    ... okay on input line 7.

*geometry* driver: auto-detecting
*geometry* detected driver: pdftex
*geometry* verbose mode - [ preamble ] result:
* driver: pdftex
* paper: a4paper
* layout: <same size as paper>
* layoutoffset:(h,v)=(0.0pt,0.0pt)
* modes: 
* h-part:(L,W,R)=(28.45274pt, 540.60239pt, 28.45274pt)
* v-part:(T,H,B)=(28.45274pt, 773.91498pt, 42.67912pt)
* \paperwidth=597.50787pt
* \paperheight=845.04684pt
* \textwidth=540.60239pt
* \textheight=773.91498pt
* \oddsidemargin=-43.81725pt
* \evensidemargin=-43.81725pt
* \topmargin=-80.81725pt
* \headheight=12.0pt
* \headsep=25.0pt
* \topskip=12.0pt
* \footskip=30.0pt
* \marginparwidth=44.0pt
* \marginparsep=10.0pt
* \columnsep=10.0pt
* \skip\footins=10.8pt plus 4.0pt minus 2.0pt
* \hoffset=0.0pt
* \voffset=0.0pt
* \mag=1000
* \@twocolumnfalse
* \@twosidefalse
* \@mparswitchfalse
* \@reversemarginfalse
* (1in=72.27pt=25.4mm, 1cm=28.453pt)

LaTeX Font Info:    External font `cmex10' loaded for size
(Font)              <14.4> on input line 8.
LaTeX Font Info:    External font `cmex10' loaded for size
(Font)              <7> on input line 8.
(prueba.toc)
\tf@toc=\write3
 [1

{/private/var/containers/Bundle/Application/38CAA5E5-7B85-4BF0-8BF3-3C6105CB5C8
4/TeX Writer.app/texmf-base/./fonts/map/pdftex/updmap/pdftex.map}] (prueba.aux)
 ) 
Here is how much of TeX's memory you used:
 918 strings out of 480618
 15610 string characters out of 5894377
 253292 words of memory out of 5000000
 16869 multiletter control sequences out of 15000+600000
 534454 words of font info for 31 fonts, out of 8000000 for 9000
 1141 hyphenation exceptions out of 8191
 30i,7n,25p,197b,200s stack positions out of 5000i,500n,10000p,200000b,80000s
</private/var/containers/Bundle/Application/38CAA5E5-7B85-4BF0-8BF3-3C6105CB5
C84/TeX Writer.app/texmf-base/./fonts/type1/public/amsfonts/cm/cmbx12.pfb></pri
vate/var/containers/Bundle/Application/38CAA5E5-7B85-4BF0-8BF3-3C6105CB5C84/TeX
 Writer.app/texmf-base/./fonts/type1/public/amsfonts/cm/cmr12.pfb></private/var
/containers/Bundle/Application/38CAA5E5-7B85-4BF0-8BF3-3C6105CB5C84/TeX Writer.
app/texmf-base/./fonts/type1/public/amsfonts/cm/cmr17.pfb>
Output written on prueba.pdf (1 page, 29435 bytes).
PDF statistics:
 18 PDF objects out of 1000 (max. 8388607)
 0 named destinations out of 1000 (max. 500000)
 1 words of extra memory for PDF output out of 10000 (max. 10000000)

