\BOOKMARK [1][-]{section.1}{\376\377\000V\000e\000c\000t\000o\000r\000e\000s\000\040\000a\000l\000e\000a\000t\000o\000r\000i\000o\000s}{}% 1
\BOOKMARK [2][-]{subsection.1.1}{\376\377\000I\000n\000t\000r\000o\000d\000u\000c\000c\000i\000\363\000n}{section.1}% 2
\BOOKMARK [2][-]{subsection.1.2}{\376\377\000I\000n\000d\000e\000p\000e\000n\000d\000e\000n\000c\000i\000a\000\040\000d\000e\000\040\000l\000a\000s\000\040\000v\000a\000r\000i\000a\000b\000l\000e\000s\000\040\000a\000l\000e\000a\000t\000o\000r\000i\000a\000s}{section.1}% 3
\BOOKMARK [2][-]{subsection.1.3}{\376\377\000D\000i\000s\000t\000r\000i\000b\000u\000c\000i\000o\000n\000e\000s\000\040\000m\000a\000r\000g\000i\000n\000a\000l\000e\000s}{section.1}% 4
\BOOKMARK [2][-]{subsection.1.4}{\376\377\000V\000e\000c\000t\000o\000r\000\040\000a\000l\000e\000a\000t\000o\000r\000i\000o\000\040\000a\000b\000s\000o\000l\000u\000t\000a\000m\000e\000n\000t\000e\000\040\000c\000o\000n\000t\000i\000n\000u\000o}{section.1}% 5
\BOOKMARK [2][-]{subsection.1.5}{\376\377\000V\000e\000c\000t\000o\000r\000\040\000a\000l\000e\000a\000t\000o\000r\000i\000o\000\040\000d\000i\000s\000c\000r\000e\000t\000o}{section.1}% 6
\BOOKMARK [2][-]{subsection.1.6}{\376\377\000D\000i\000s\000t\000r\000i\000b\000u\000c\000i\000o\000n\000e\000s\000\040\000m\000a\000r\000g\000i\000n\000a\000l\000e\000s}{section.1}% 7
\BOOKMARK [3][-]{subsubsection.1.6.1}{\376\377\000C\000a\000s\000o\000\040\000c\000o\000n\000t\000i\000n\000u\000o}{subsection.1.6}% 8
\BOOKMARK [3][-]{subsubsection.1.6.2}{\376\377\000C\000a\000s\000o\000\040\000d\000i\000s\000c\000r\000e\000t\000o}{subsection.1.6}% 9
\BOOKMARK [2][-]{subsection.1.7}{\376\377\000D\000i\000s\000t\000r\000i\000b\000u\000c\000i\000o\000n\000e\000s\000\040\000c\000o\000n\000d\000i\000c\000i\000o\000n\000a\000d\000a\000s}{section.1}% 10
\BOOKMARK [3][-]{subsubsection.1.7.1}{\376\377\000C\000a\000s\000o\000\040\000c\000o\000n\000t\000i\000n\000u\000o}{subsection.1.7}% 11
\BOOKMARK [3][-]{subsubsection.1.7.2}{\376\377\000C\000a\000s\000o\000\040\000d\000i\000s\000c\000r\000e\000t\000o}{subsection.1.7}% 12
\BOOKMARK [2][-]{subsection.1.8}{\376\377\000D\000i\000s\000t\000r\000i\000b\000u\000c\000i\000\363\000n\000\040\000n\000o\000r\000m\000a\000l\000\040\000m\000u\000l\000t\000i\000v\000a\000r\000i\000a\000n\000t\000e\000\040\000N\000\137\000k\000\050\000,\000V\000\051}{section.1}% 13
\BOOKMARK [3][-]{subsubsection.1.8.1}{\376\377\000N\000o\000r\000m\000a\000l\000\040\000b\000i\000v\000a\000r\000i\000a\000n\000t\000e}{subsection.1.8}% 14
\BOOKMARK [2][-]{subsection.1.9}{\376\377\000D\000i\000s\000t\000r\000i\000b\000u\000c\000i\000\363\000n\000\040\000m\000u\000l\000t\000i\000n\000o\000m\000i\000a\000l\000\040\000M\000\137\000k\000\050\000n\000,\000p\000\137\0001\000,\040\046\000,\000p\000\137\000k\000\051}{section.1}% 15
\BOOKMARK [2][-]{subsection.1.10}{\376\377\000E\000s\000t\000a\000d\000\355\000s\000t\000i\000c\000o\000\040\000d\000e\000\040\000P\000e\000a\000r\000s\000o\000n}{section.1}% 16
\BOOKMARK [2][-]{subsection.1.11}{\376\377\000M\000e\000d\000i\000a\000s\000\040\000y\000\040\000c\000o\000v\000a\000r\000i\000a\000n\000z\000a\000s}{section.1}% 17
\BOOKMARK [3][-]{subsubsection.1.11.1}{\376\377\000E\000s\000p\000e\000r\000a\000n\000z\000a\000\040\000d\000e\000\040\000l\000a\000\040\000t\000r\000a\000n\000s\000f\000o\000r\000m\000a\000c\000i\000\363\000n\000\040\000g\000:\000`\0003\003\001\0009\000`\0004\0002\000`\000"\003\007\0006\0001\0003\000A\000`\000`\0004\0005\000`\0004\0007\000`\000"\0006\0000\0003\000A\000R\000k\000-\0003\000m\000u\000`\0003\003\001\0009\000`\0004\0002\000`\000"\003\007\0006\0001\0003\000A\000`\000`\0004\0005\000`\0004\0007\000`\000"\0006\0000\0003\000A\000R}{subsection.1.11}% 18
\BOOKMARK [2][-]{subsection.1.12}{\376\377\000C\000o\000r\000r\000e\000l\000a\000c\000i\000\363\000n}{section.1}% 19
\BOOKMARK [3][-]{subsubsection.1.12.1}{\376\377\000C\000o\000r\000r\000e\000l\000a\000c\000i\000\363\000n\000\040\000e\000n\000t\000r\000e\000\040\000v\000e\000c\000t\000o\000r\000e\000s\000\040\000a\000l\000e\000a\000t\000o\000r\000i\000o\000s}{subsection.1.12}% 20
\BOOKMARK [2][-]{subsection.1.13}{\376\377\000R\000e\000s\000u\000l\000t\000a\000d\000o\000s\000\040\000b\000\341\000s\000i\000c\000o\000s\000\040\000d\000e\000\040\000l\000a\000\040\000i\000n\000f\000e\000r\000e\000n\000c\000i\000a}{section.1}% 21
\BOOKMARK [3][-]{subsubsection.1.13.1}{\376\377\000\277\000C\000\363\000m\000o\000\040\000s\000e\000\040\000r\000e\000p\000r\000e\000s\000e\000n\000t\000a\000n\000\040\000l\000a\000s\000\040\000m\000u\000e\000s\000t\000r\000a\000s\000\040\000a\000l\000e\000a\000t\000o\000r\000i\000a\000s\000?}{subsection.1.13}% 22
\BOOKMARK [3][-]{subsubsection.1.13.2}{\376\377\000\277\000C\000\363\000m\000o\000\040\000s\000e\000\040\000m\000u\000e\000s\000t\000r\000a\000n\000\040\000l\000o\000s\000\040\000v\000a\000l\000o\000r\000e\000s\000\040\000m\000u\000e\000s\000t\000r\000a\000l\000e\000s\000?}{subsection.1.13}% 23
\BOOKMARK [3][-]{subsubsection.1.13.3}{\376\377\000E\000l\000\040\000c\000o\000n\000j\000u\000n\000t\000o\000\040\000d\000e\000\040\000d\000a\000t\000o\000s\000\040\000L\000i\000f\000e\000C\000y\000c\000l\000e\000S\000a\000v\000i\000n\000g\000s}{subsection.1.13}% 24
\BOOKMARK [2][-]{subsection.1.14}{\376\377\000E\000s\000t\000i\000m\000a\000d\000o\000r\000\040\000p\000a\000r\000a\000\040\000e\000l\000\040\000v\000e\000c\000t\000o\000r\000\040\000d\000e\000\040\000m\000e\000d\000i\000a\000s\000\040}{section.1}% 25
\BOOKMARK [3][-]{subsubsection.1.14.1}{\376\377\000\277\000D\000\363\000n\000d\000e\000\040\000s\000e\000\040\000e\000n\000c\000u\000e\000n\000t\000r\000a\000\040\000e\000l\000\040\000v\000e\000c\000t\000o\000r\000\040\000d\000e\000\040\000m\000e\000d\000i\000a\000s\000\040\000m\000u\000e\000s\000t\000r\000a\000l\000e\000s\000?}{subsection.1.14}% 26
\BOOKMARK [2][-]{subsection.1.15}{\376\377\000E\000s\000t\000i\000m\000a\000d\000o\000r\000\040\000p\000a\000r\000a\000\040\000l\000a\000\040\000m\000a\000t\000r\000i\000z\000\040\000d\000e\000\040\000c\000o\000v\000a\000r\000i\000a\000n\000z\000a\000s\000\040\000V}{section.1}% 27
\BOOKMARK [3][-]{subsubsection.1.15.1}{\376\377\000P\000a\000r\000a\000\040\000u\000n\000a\000\040\000d\000i\000s\000t\000r\000i\000b\000u\000c\000i\000\363\000n\000\040\000n\000o\000r\000m\000a\000l}{subsection.1.15}% 28
\BOOKMARK [1][-]{section.2}{\376\377\000R\000e\000g\000r\000e\000s\000i\000\363\000n\000\040\000l\000i\000n\000e\000a\000l\000\040\000s\000i\000m\000p\000l\000e\000\040\000y\000\040\000m\000\372\000l\000t\000i\000p\000l\000e}{}% 29
\BOOKMARK [2][-]{subsection.2.1}{\376\377\000E\000s\000t\000i\000m\000a\000c\000i\000\363\000n\000\040\000d\000e\000\040\000l\000o\000s\000\040\000p\000a\000r\000\341\000m\000e\000t\000r\000o\000s}{section.2}% 30
\BOOKMARK [3][-]{subsubsection.2.1.1}{\376\377\000M\000u\000e\000s\000t\000r\000a}{subsection.2.1}% 31
\BOOKMARK [2][-]{subsection.2.2}{\376\377\000C\000o\000n\000j\000u\000n\000t\000o\000\040\000d\000e\000\040\000d\000a\000t\000o\000s\000\040\000U\000S\000A\000r\000r\000e\000s\000t\000s}{section.2}% 32
\BOOKMARK [3][-]{subsubsection.2.2.1}{\376\377\000O\000b\000j\000e\000t\000i\000v\000o}{subsection.2.2}% 33
\BOOKMARK [3][-]{subsubsection.2.2.2}{\376\377\000M\000a\000t\000r\000i\000z\000\040\000d\000e\000\040\000g\000r\000\341\000f\000i\000c\000o\000s}{subsection.2.2}% 34
\BOOKMARK [3][-]{subsubsection.2.2.3}{\376\377\000R\000e\000s\000u\000m\000e\000n\000\040\000n\000u\000m\000\351\000r\000i\000c\000o\000\040\000d\000e\000\040\000l\000a\000s\000\040\000v\000a\000r\000i\000a\000b\000l\000e\000s}{subsection.2.2}% 35
\BOOKMARK [3][-]{subsubsection.2.2.4}{\376\377\000E\000s\000t\000i\000m\000a\000c\000i\000\363\000n\000\040\000d\000e\000\040\000l\000a\000s\000\040\000v\000a\000r\000i\000a\000n\000z\000a\000s\000\040\000y\000\040\000c\000o\000v\000a\000r\000i\000a\000n\000z\000a\000s}{subsection.2.2}% 36
\BOOKMARK [3][-]{subsubsection.2.2.5}{\376\377\000M\000o\000d\000e\000l\000o\000\040\000c\000o\000m\000p\000l\000e\000t\000o}{subsection.2.2}% 37
\BOOKMARK [2][-]{subsection.2.3}{\376\377\000R\000e\000g\000r\000e\000s\000i\000\363\000n\000\040\000l\000i\000n\000e\000a\000l\000\040\000s\000i\000m\000p\000l\000e}{section.2}% 38
\BOOKMARK [3][-]{subsubsection.2.3.1}{\376\377\000M\000o\000d\000e\000l\000o\000\040\000t\000e\000\363\000r\000i\000c\000o}{subsection.2.3}% 39
\BOOKMARK [3][-]{subsubsection.2.3.2}{\376\377\000F\000u\000n\000c\000i\000\363\000n\000\040\000\363\000p\000t\000i\000m\000a}{subsection.2.3}% 40
\BOOKMARK [2][-]{subsection.2.4}{\376\377\000C\000a\000s\000o\000\040\000d\000e\000\040\000n\000o\000r\000m\000a\000l\000i\000d\000a\000d}{section.2}% 41
\BOOKMARK [3][-]{subsubsection.2.4.1}{\376\377\000C\000o\000e\000f\000i\000c\000i\000e\000n\000t\000e\000\040\000d\000e\000\040\000c\000o\000r\000r\000e\000l\000a\000c\000i\000\363\000n\000\040\000d\000e\000\040\000P\000e\000a\000r\000s\000o\000n}{subsection.2.4}% 42
\BOOKMARK [2][-]{subsection.2.5}{\376\377\000C\000a\000s\000o\000\040\000d\000e\000\040\000n\000o\000\040\000n\000o\000r\000m\000a\000l\000i\000d\000a\000d}{section.2}% 43
\BOOKMARK [2][-]{subsection.2.6}{\376\377\000R\000e\000s\000t\000r\000i\000c\000c\000i\000\363\000n\000\040\000s\000o\000b\000r\000e\000\040\000l\000a\000\040\000f\000u\000n\000c\000i\000\363\000n\000\040\000h}{section.2}% 44
\BOOKMARK [2][-]{subsection.2.7}{\376\377\000M\000i\000n\000i\000m\000i\000z\000a\000r\000\040\000l\000a\000\040\000f\000u\000n\000c\000i\000\363\000n\000\040\000c\000o\000s\000t\000o}{section.2}% 45
\BOOKMARK [3][-]{subsubsection.2.7.1}{\376\377\000E\000c\000u\000a\000c\000i\000o\000n\000e\000s\000\040\000n\000o\000r\000m\000a\000l\000e\000s\000\040\000d\000e\000\040\000l\000a\000\040\000r\000e\000c\000t\000a}{subsection.2.7}% 46
\BOOKMARK [2][-]{subsection.2.8}{\376\377\000E\000x\000p\000r\000e\000s\000i\000\363\000n\000\040\000d\000e\000\040\000l\000a\000\040\000r\000e\000c\000t\000a}{section.2}% 47
\BOOKMARK [3][-]{subsubsection.2.8.1}{\376\377\000R\000e\000c\000t\000a\000\040\000d\000e\000\040\000r\000e\000g\000r\000e\000s\000i\000\363\000n\000\040\000p\000a\000r\000a\000\040\000p\000r\000e\000d\000e\000c\000i\000r\000\040\000Y\000\040\000e\000n\000\040\000f\000u\000n\000c\000i\000\363\000n\000\040\000d\000e\000\040\000X}{subsection.2.8}% 48
\BOOKMARK [2][-]{subsection.2.9}{\376\377\000D\000e\000s\000c\000o\000m\000p\000o\000s\000i\000c\000i\000\363\000n\000\040\000d\000e\000\040\000l\000a\000\040\000v\000a\000r\000i\000a\000n\000z\000a}{section.2}% 49
\BOOKMARK [3][-]{subsubsection.2.9.1}{\376\377\000R\000e\000l\000a\000c\000i\000o\000n\000e\000s\000\040\000e\000n\000t\000r\000e\000\040\000l\000a\000s\000\040\000v\000a\000r\000i\000a\000n\000z\000a\000s}{subsection.2.9}% 50
\BOOKMARK [2][-]{subsection.2.10}{\376\377\000C\000o\000e\000f\000i\000c\000i\000e\000n\000t\000e\000\040\000d\000e\000\040\000d\000e\000t\000e\000r\000m\000i\000n\000a\000c\000i\000\363\000n}{section.2}% 51
\BOOKMARK [2][-]{subsection.2.11}{\376\377\000I\000n\000f\000e\000r\000e\000n\000c\000i\000a\000\040\000y\000\040\000p\000r\000e\000d\000i\000c\000c\000i\000\363\000n}{section.2}% 52
\BOOKMARK [2][-]{subsection.2.12}{\376\377\000F\000u\000n\000c\000i\000\363\000n\000\040\000c\000o\000s\000t\000o\000\040\000e\000m\000p\000\355\000r\000i\000c\000a}{section.2}% 53
\BOOKMARK [3][-]{subsubsection.2.12.1}{\376\377\000O\000b\000j\000e\000t\000i\000v\000o}{subsection.2.12}% 54
\BOOKMARK [3][-]{subsubsection.2.12.2}{\376\377\000D\000i\000f\000e\000r\000e\000n\000c\000i\000a\000r\000\040\000J}{subsection.2.12}% 55
\BOOKMARK [3][-]{subsubsection.2.12.3}{\376\377\000S\000o\000l\000u\000c\000i\000\363\000n\000\040\000e\000x\000a\000c\000t\000a}{subsection.2.12}% 56
\BOOKMARK [2][-]{subsection.2.13}{\376\377\000R\000e\000g\000r\000e\000s\000i\000\363\000n\000\040\000l\000i\000n\000e\000a\000l\000\040\000m\000\372\000l\000t\000i\000p\000l\000e}{section.2}% 57
\BOOKMARK [3][-]{subsubsection.2.13.1}{\376\377\000M\000o\000d\000e\000l\000o\000\040\000t\000e\000\363\000r\000i\000c\000o}{subsection.2.13}% 58
\BOOKMARK [3][-]{subsubsection.2.13.2}{\376\377\000O\000b\000t\000e\000n\000c\000i\000\363\000n\000\040\000d\000e\000l\000\040\000m\000\355\000n\000i\000m\000o}{subsection.2.13}% 59
