This is pdfTeX, Version 3.14159265-2.6-1.40.21 (TeX Live 2020) (preloaded format=latex 2020.4.29)  2 NOV 2023 08:00
entering extended mode
**"Los Elementales.tex"
(Los Elementales.tex
LaTeX2e <2020-02-02> patch level 5
L3 programming layer <2020-03-06>
(/private/var/containers/Bundle/Application/18046BCE-ED24-4E85-A098-D44683A2929
0/TeX Writer.app/texmf-base/./tex/latex/base/book.cls
Document Class: book 2019/12/20 v1.4l Standard LaTeX document class

(/private/var/containers/Bundle/Application/18046BCE-ED24-4E85-A098-D44683A2929
0/TeX Writer.app/texmf-base/./tex/latex/base/bk12.clo
File: bk12.clo 2019/12/20 v1.4l Standard LaTeX file (size option)
)
\c@part=\count167
\c@chapter=\count168
\c@section=\count169
\c@subsection=\count170
\c@subsubsection=\count171
\c@paragraph=\count172
\c@subparagraph=\count173
\c@figure=\count174
\c@table=\count175
\abovecaptionskip=\skip47
\belowcaptionskip=\skip48
\bibindent=\dimen134
)
(/private/var/containers/Bundle/Application/18046BCE-ED24-4E85-A098-D44683A2929
0/TeX Writer.app/texmf-base/./tex/latex/l3backend/l3backend-pdfmode.def
File: l3backend-pdfmode.def 2020-03-12 L3 backend support: PDF mode
\l__kernel_color_stack_int=\count176
\l__pdf_internal_box=\box45
)
(Los Elementales.aux)
LaTeX Font Info:    Checking defaults for OML/cmm/m/it on input line 9.
LaTeX Font Info:    ... okay on input line 9.
LaTeX Font Info:    Checking defaults for OMS/cmsy/m/n on input line 9.
LaTeX Font Info:    ... okay on input line 9.
LaTeX Font Info:    Checking defaults for OT1/cmr/m/n on input line 9.
LaTeX Font Info:    ... okay on input line 9.
LaTeX Font Info:    Checking defaults for T1/cmr/m/n on input line 9.
LaTeX Font Info:    ... okay on input line 9.
LaTeX Font Info:    Checking defaults for TS1/cmr/m/n on input line 9.
LaTeX Font Info:    ... okay on input line 9.
LaTeX Font Info:    Checking defaults for OMX/cmex/m/n on input line 9.
LaTeX Font Info:    ... okay on input line 9.
LaTeX Font Info:    Checking defaults for U/cmr/m/n on input line 9.
LaTeX Font Info:    ... okay on input line 9.
LaTeX Font Info:    External font `cmex10' loaded for size
(Font)              <14.4> on input line 10.
LaTeX Font Info:    External font `cmex10' loaded for size
(Font)              <7> on input line 10.
 [1


{/private/var/containers/Bundle/Application/18046BCE-ED24-4E85-A098-D44683A2929
0/TeX Writer.app/texmf-base/./fonts/map/pdftex/updmap/pdftex.map}] [2

] (Los Elementales.toc)
\tf@toc=\write3
 [3] [4]
Cap^^c3^^adtulo 1.
[5

] [6

]
Cap^^c3^^adtulo 2.
[7] [8

]
Cap^^c3^^adtulo 3.
[9] [10

]
Cap^^c3^^adtulo 4.
[11] [12

]
Cap^^c3^^adtulo 5.
[13] [14

]
Cap^^c3^^adtulo 6.
[15] [16

]
Cap^^c3^^adtulo 7.
[17] (Los Elementales.aux) ) 
Here is how much of TeX's memory you used:
 411 strings out of 480618
 7490 string characters out of 5894377
 240600 words of memory out of 5000000
 16376 multiletter control sequences out of 15000+600000
 535767 words of font info for 35 fonts, out of 8000000 for 9000
 1141 hyphenation exceptions out of 8191
 24i,7n,21p,619b,190s stack positions out of 5000i,500n,10000p,200000b,80000s
</private/var/containers/Bundle/Application/18046BC
E-ED24-4E85-A098-D44683A29290/TeX Writer.app/texmf-base/./fonts/type1/public/am
sfonts/cm/cmbx12.pfb></private/var/containers/Bundle/Application/18046BCE-ED24-
4E85-A098-D44683A29290/TeX Writer.app/texmf-base/./fonts/type1/public/amsfonts/
cm/cmr12.pfb></private/var/containers/Bundle/Application/18046BCE-ED24-4E85-A09
8-D44683A29290/TeX Writer.app/texmf-base/./fonts/type1/public/amsfonts/cm/cmsl1
2.pfb></private/var/containers/Bundle/Application/18046BCE-ED24-4E85-A098-D4468
3A29290/TeX Writer.app/texmf-base/./fonts/type1/public/amsfonts/cm/cmti12.pfb>
Output written on "Los Elementales.pdf" (17 pages, 66979 bytes).
PDF statistics:
 73 PDF objects out of 1000 (max. 8388607)
 0 named destinations out of 1000 (max. 500000)
 1 words of extra memory for PDF output out of 10000 (max. 10000000)

