This is pdfTeX, Version 3.141592653-2.6-1.40.25 (MiKTeX 24.1) (preloaded format=pdflatex 2024.2.16)  16 FEB 2024 11:45
entering extended mode
 restricted \write18 enabled.
 %&-line parsing enabled.
**"./ML I.tex"
(ML I.tex
LaTeX2e <2023-11-01> patch level 1
L3 programming layer <2024-01-22>
(../../Macros.tex
(C:\Users\fcoja\AppData\Local\Programs\MiKTeX\tex/latex\base\article.cls
Document Class: article 2023/05/17 v1.4n Standard LaTeX document class
(C:\Users\fcoja\AppData\Local\Programs\MiKTeX\tex/latex\base\size10.clo
File: size10.clo 2023/05/17 v1.4n Standard LaTeX file (size option)
)
\c@part=\count187
\c@section=\count188
\c@subsection=\count189
\c@subsubsection=\count190
\c@paragraph=\count191
\c@subparagraph=\count192
\c@figure=\count193
\c@table=\count194
\abovecaptionskip=\skip48
\belowcaptionskip=\skip49
\bibindent=\dimen140
)
(C:\Users\fcoja\AppData\Local\Programs\MiKTeX\tex/latex\preprint\fullpage.sty
Package: fullpage 1999/02/23 1.1 (PWD)
\FP@margin=\skip50
)
(C:\Users\fcoja\AppData\Local\Programs\MiKTeX\tex/latex\base\inputenc.sty
Package: inputenc 2021/02/14 v1.3d Input encoding file
\inpenc@prehook=\toks17
\inpenc@posthook=\toks18
)
(C:\Users\fcoja\AppData\Local\Programs\MiKTeX\tex/latex\pict2e\pict2e.sty
Package: pict2e 2020/09/30 v0.4b Improved picture commands (HjG,RN,JT)

(C:\Users\fcoja\AppData\Local\Programs\MiKTeX\tex/latex\pict2e\pict2e.cfg
File: pict2e.cfg 2016/02/05 v0.1u pict2e configuration for teTeX/TeXLive
)
Package pict2e Info: Driver file: pdftex.def on input line 112.

(C:\Users\fcoja\AppData\Local\Programs\MiKTeX\tex/latex\graphics-def\pdftex.def
File: pdftex.def 2022/09/22 v1.2b Graphics/color driver for pdftex
)
Package pict2e Info: Driver file for pict2e: p2e-pdftex.def on input line 114.
 (C:\Users\fcoja\AppData\Local\Programs\MiKTeX\tex/latex\pict2e\p2e-pdftex.def
File: p2e-pdftex.def 2016/02/05 v0.1u Driver-dependant file (RN,HjG,JT)
) (C:\Users\fcoja\AppData\Local\Programs\MiKTeX\tex/latex\graphics\trig.sty
Package: trig 2021/08/11 v1.11 sin cos tan (DPC)
)
\pIIe@GRAPH=\toks19
\@arclen=\dimen141
\@arcrad=\dimen142
\pIIe@tempdima=\dimen143
\pIIe@tempdimb=\dimen144
\pIIe@tempdimc=\dimen145
\pIIe@tempdimd=\dimen146
\pIIe@tempdime=\dimen147
\pIIe@tempdimf=\dimen148
)
(C:\Users\fcoja\AppData\Local\Programs\MiKTeX\tex/latex\amsmath\amsmath.sty
Package: amsmath 2023/05/13 v2.17o AMS math features
\@mathmargin=\skip51

For additional information on amsmath, use the `?' option.
(C:\Users\fcoja\AppData\Local\Programs\MiKTeX\tex/latex\amsmath\amstext.sty
Package: amstext 2021/08/26 v2.01 AMS text

(C:\Users\fcoja\AppData\Local\Programs\MiKTeX\tex/latex\amsmath\amsgen.sty
File: amsgen.sty 1999/11/30 v2.0 generic functions
\@emptytoks=\toks20
\ex@=\dimen149
))
(C:\Users\fcoja\AppData\Local\Programs\MiKTeX\tex/latex\amsmath\amsbsy.sty
Package: amsbsy 1999/11/29 v1.2d Bold Symbols
\pmbraise@=\dimen150
)
(C:\Users\fcoja\AppData\Local\Programs\MiKTeX\tex/latex\amsmath\amsopn.sty
Package: amsopn 2022/04/08 v2.04 operator names
)
\inf@bad=\count195
LaTeX Info: Redefining \frac on input line 234.
\uproot@=\count196
\leftroot@=\count197
LaTeX Info: Redefining \overline on input line 399.
LaTeX Info: Redefining \colon on input line 410.
\classnum@=\count198
\DOTSCASE@=\count199
LaTeX Info: Redefining \ldots on input line 496.
LaTeX Info: Redefining \dots on input line 499.
LaTeX Info: Redefining \cdots on input line 620.
\Mathstrutbox@=\box51
\strutbox@=\box52
LaTeX Info: Redefining \big on input line 722.
LaTeX Info: Redefining \Big on input line 723.
LaTeX Info: Redefining \bigg on input line 724.
LaTeX Info: Redefining \Bigg on input line 725.
\big@size=\dimen151
LaTeX Font Info:    Redeclaring font encoding OML on input line 743.
LaTeX Font Info:    Redeclaring font encoding OMS on input line 744.
\macc@depth=\count266
LaTeX Info: Redefining \bmod on input line 905.
LaTeX Info: Redefining \pmod on input line 910.
LaTeX Info: Redefining \smash on input line 940.
LaTeX Info: Redefining \relbar on input line 970.
LaTeX Info: Redefining \Relbar on input line 971.
\c@MaxMatrixCols=\count267
\dotsspace@=\muskip16
\c@parentequation=\count268
\dspbrk@lvl=\count269
\tag@help=\toks21
\row@=\count270
\column@=\count271
\maxfields@=\count272
\andhelp@=\toks22
\eqnshift@=\dimen152
\alignsep@=\dimen153
\tagshift@=\dimen154
\tagwidth@=\dimen155
\totwidth@=\dimen156
\lineht@=\dimen157
\@envbody=\toks23
\multlinegap=\skip52
\multlinetaggap=\skip53
\mathdisplay@stack=\toks24
LaTeX Info: Redefining \[ on input line 2953.
LaTeX Info: Redefining \] on input line 2954.
)
(C:\Users\fcoja\AppData\Local\Programs\MiKTeX\tex/latex\enumitem\enumitem.sty
Package: enumitem 2019/06/20 v3.9 Customized lists
\enitkv@toks@=\toks25
\labelindent=\skip54
\enit@outerparindent=\dimen158
\enit@toks=\toks26
\enit@inbox=\box53
\enit@count@id=\count273
\enitdp@description=\count274
)
(C:\Users\fcoja\AppData\Local\Programs\MiKTeX\tex/latex\eurosym\eurosym.sty
Package: eurosym 1998/08/06 v1.1 European currency symbol ``Euro''
\@eurobox=\box54
)
(C:\Users\fcoja\AppData\Local\Programs\MiKTeX\tex/latex\mathtools\mathtools.sty
Package: mathtools 2022/06/29 v1.29 mathematical typesetting tools
(C:\Users\fcoja\AppData\Local\Programs\MiKTeX\tex/latex\graphics\keyval.sty
Package: keyval 2022/05/29 v1.15 key=value parser (DPC)
\KV@toks@=\toks27
)
(C:\Users\fcoja\AppData\Local\Programs\MiKTeX\tex/latex\tools\calc.sty
Package: calc 2023/07/08 v4.3 Infix arithmetic (KKT,FJ)
\calc@Acount=\count275
\calc@Bcount=\count276
\calc@Adimen=\dimen159
\calc@Bdimen=\dimen160
\calc@Askip=\skip55
\calc@Bskip=\skip56
LaTeX Info: Redefining \setlength on input line 80.
LaTeX Info: Redefining \addtolength on input line 81.
\calc@Ccount=\count277
\calc@Cskip=\skip57
)
(C:\Users\fcoja\AppData\Local\Programs\MiKTeX\tex/latex\mathtools\mhsetup.sty
Package: mhsetup 2021/03/18 v1.4 programming setup (MH)
)
\g_MT_multlinerow_int=\count278
\l_MT_multwidth_dim=\dimen161
\origjot=\skip58
\l_MT_shortvdotswithinadjustabove_dim=\dimen162
\l_MT_shortvdotswithinadjustbelow_dim=\dimen163
\l_MT_above_intertext_sep=\dimen164
\l_MT_below_intertext_sep=\dimen165
\l_MT_above_shortintertext_sep=\dimen166
\l_MT_below_shortintertext_sep=\dimen167
\xmathstrut@box=\box55
\xmathstrut@dim=\dimen168
) (C:\Users\fcoja\AppData\Local\Programs\MiKTeX\tex/latex\amsfonts\amssymb.sty
Package: amssymb 2013/01/14 v3.01 AMS font symbols

(C:\Users\fcoja\AppData\Local\Programs\MiKTeX\tex/latex\amsfonts\amsfonts.sty
Package: amsfonts 2013/01/14 v3.01 Basic AMSFonts support
\symAMSa=\mathgroup4
\symAMSb=\mathgroup5
LaTeX Font Info:    Redeclaring math symbol \hbar on input line 98.
LaTeX Font Info:    Overwriting math alphabet `\mathfrak' in version `bold'
(Font)                  U/euf/m/n --> U/euf/b/n on input line 106.
)) (C:\Users\fcoja\AppData\Local\Programs\MiKTeX\tex/latex\base\latexsym.sty
Package: latexsym 1998/08/17 v2.2e Standard LaTeX package (lasy symbols)
\symlasy=\mathgroup6
LaTeX Font Info:    Overwriting symbol font `lasy' in version `bold'
(Font)                  U/lasy/m/n --> U/lasy/b/n on input line 52.
)
(C:\Users\fcoja\AppData\Local\Programs\MiKTeX\tex/latex\cancel\cancel.sty
Package: cancel 2013/04/12 v2.2 Cancel math terms
)
(C:\Users\fcoja\AppData\Local\Programs\MiKTeX\tex/latex\graphics\graphicx.sty
Package: graphicx 2021/09/16 v1.2d Enhanced LaTeX Graphics (DPC,SPQR)

(C:\Users\fcoja\AppData\Local\Programs\MiKTeX\tex/latex\graphics\graphics.sty
Package: graphics 2022/03/10 v1.4e Standard LaTeX Graphics (DPC,SPQR)

(C:\Users\fcoja\AppData\Local\Programs\MiKTeX\tex/latex\graphics-cfg\graphics.c
fg
File: graphics.cfg 2016/06/04 v1.11 sample graphics configuration
)
Package graphics Info: Driver file: pdftex.def on input line 107.
)
\Gin@req@height=\dimen169
\Gin@req@width=\dimen170
) (C:\Users\fcoja\AppData\Local\Programs\MiKTeX\tex/latex\base\fontenc.sty
Package: fontenc 2021/04/29 v2.0v Standard LaTeX package
) (C:\Users\fcoja\AppData\Local\Programs\MiKTeX\tex/latex\slashbox\slashbox.sty

slashbox style by K.Yasuoka, May 1993.
\@slashboxa=\box56
\@slashboxb=\box57
\@slashboxc=\box58
\@slashboxwd=\count279
\@slashboxht=\count280
\@slashsepl=\dimen171
\@slashsepr=\dimen172
) (C:\Users\fcoja\AppData\Local\Programs\MiKTeX\tex/latex\setspace\setspace.sty
Package: setspace 2022/12/04 v6.7b set line spacing
) (C:\Users\fcoja\AppData\Local\Programs\MiKTeX\tex/latex\gensymb\gensymb.sty
Package: gensymb 2022/10/17 v1.0.2 (KJH)
)
(C:\Users\fcoja\AppData\Local\Programs\MiKTeX\tex/latex\accents\accents.sty
Package: accents 2006/05/12 v1.4 Math Accent Tools
\cc@skew=\dimen173
\cc@wd=\dimen174
\cc@code=\count281
\cc@group=\count282
\cc@skewchar=\count283
)
(C:\Users\fcoja\AppData\Local\Programs\MiKTeX\tex/latex\adjustbox\adjustbox.sty
Package: adjustbox 2022/10/17 v1.3a Adjusting TeX boxes (trim, clip, ...)
(C:\Users\fcoja\AppData\Local\Programs\MiKTeX\tex/latex\xkeyval\xkeyval.sty
Package: xkeyval 2022/06/16 v2.9 package option processing (HA)

(C:\Users\fcoja\AppData\Local\Programs\MiKTeX\tex/generic\xkeyval\xkeyval.tex
(C:\Users\fcoja\AppData\Local\Programs\MiKTeX\tex/generic\xkeyval\xkvutils.tex
\XKV@toks=\toks28
\XKV@tempa@toks=\toks29
)
\XKV@depth=\count284
File: xkeyval.tex 2014/12/03 v2.7a key=value parser (HA)
))
(C:\Users\fcoja\AppData\Local\Programs\MiKTeX\tex/latex\adjustbox\adjcalc.sty
Package: adjcalc 2012/05/16 v1.1 Provides advanced setlength with multiple back
-ends (calc, etex, pgfmath)
)
(C:\Users\fcoja\AppData\Local\Programs\MiKTeX\tex/latex\adjustbox\trimclip.sty
Package: trimclip 2020/08/19 v1.2 Trim and clip general TeX material

(C:\Users\fcoja\AppData\Local\Programs\MiKTeX\tex/latex\collectbox\collectbox.s
ty
Package: collectbox 2022/10/17 v0.4c Collect macro arguments as boxes
\collectedbox=\box59
)
\tc@llx=\dimen175
\tc@lly=\dimen176
\tc@urx=\dimen177
\tc@ury=\dimen178
Package trimclip Info: Using driver 'tc-pdftex.def'.

(C:\Users\fcoja\AppData\Local\Programs\MiKTeX\tex/latex\adjustbox\tc-pdftex.def
File: tc-pdftex.def 2019/01/04 v2.2 Clipping driver for pdftex
))
\adjbox@Width=\dimen179
\adjbox@Height=\dimen180
\adjbox@Depth=\dimen181
\adjbox@Totalheight=\dimen182
\adjbox@pwidth=\dimen183
\adjbox@pheight=\dimen184
\adjbox@pdepth=\dimen185
\adjbox@ptotalheight=\dimen186

(C:\Users\fcoja\AppData\Local\Programs\MiKTeX\tex/latex\ifoddpage\ifoddpage.sty
Package: ifoddpage 2022/10/18 v1.2 Conditionals for odd/even page detection
\c@checkoddpage=\count285
) (C:\Users\fcoja\AppData\Local\Programs\MiKTeX\tex/latex\varwidth\varwidth.sty
Package: varwidth 2009/03/30 ver 0.92;  Variable-width minipages
\@vwid@box=\box60
\sift@deathcycles=\count286
\@vwid@loff=\dimen187
\@vwid@roff=\dimen188
))
(C:\Users\fcoja\AppData\Local\Programs\MiKTeX\tex/latex\bold-extra\bold-extra.s
ty
Package: bold-extra 2001/11/13 v0.1 Use fonts from cm/mf-extra/bold
)
(C:\Users\fcoja\AppData\Local\Programs\MiKTeX\tex/latex\caption\subcaption.sty
Package: subcaption 2023/07/28 v1.6b Sub-captions (AR)

(C:\Users\fcoja\AppData\Local\Programs\MiKTeX\tex/latex\caption\caption.sty
Package: caption 2023/08/05 v3.6o Customizing captions (AR)

(C:\Users\fcoja\AppData\Local\Programs\MiKTeX\tex/latex\caption\caption3.sty
Package: caption3 2023/07/31 v2.4d caption3 kernel (AR)
\caption@tempdima=\dimen189
\captionmargin=\dimen190
\caption@leftmargin=\dimen191
\caption@rightmargin=\dimen192
\caption@width=\dimen193
\caption@indent=\dimen194
\caption@parindent=\dimen195
\caption@hangindent=\dimen196
Package caption Info: Standard document class detected.
)
\c@caption@flags=\count287
\c@continuedfloat=\count288
)
Package caption Info: New subtype `subfigure' on input line 238.
\c@subfigure=\count289
Package caption Info: New subtype `subtable' on input line 238.
\c@subtable=\count290
)
(C:\Users\fcoja\AppData\Local\Programs\MiKTeX\tex/latex\tcolorbox\tcolorbox.sty
Package: tcolorbox 2024/01/10 version 6.2.0 text color boxes
(C:\Users\fcoja\AppData\Local\Programs\MiKTeX\tex/latex\pgf\basiclayer\pgf.sty
(C:\Users\fcoja\AppData\Local\Programs\MiKTeX\tex/latex\pgf\utilities\pgfrcs.st
y
(C:\Users\fcoja\AppData\Local\Programs\MiKTeX\tex/generic\pgf\utilities\pgfutil
-common.tex
\pgfutil@everybye=\toks30
\pgfutil@tempdima=\dimen197
\pgfutil@tempdimb=\dimen198
)
(C:\Users\fcoja\AppData\Local\Programs\MiKTeX\tex/generic\pgf\utilities\pgfutil
-latex.def
\pgfutil@abb=\box61
)
(C:\Users\fcoja\AppData\Local\Programs\MiKTeX\tex/generic\pgf\utilities\pgfrcs.
code.tex
(C:\Users\fcoja\AppData\Local\Programs\MiKTeX\tex/generic\pgf\pgf.revision.tex)
Package: pgfrcs 2023-01-15 v3.1.10 (3.1.10)
))
Package: pgf 2023-01-15 v3.1.10 (3.1.10)

(C:\Users\fcoja\AppData\Local\Programs\MiKTeX\tex/latex\pgf\basiclayer\pgfcore.
sty
(C:\Users\fcoja\AppData\Local\Programs\MiKTeX\tex/latex\pgf\systemlayer\pgfsys.
sty
(C:\Users\fcoja\AppData\Local\Programs\MiKTeX\tex/generic\pgf\systemlayer\pgfsy
s.code.tex
Package: pgfsys 2023-01-15 v3.1.10 (3.1.10)

(C:\Users\fcoja\AppData\Local\Programs\MiKTeX\tex/generic\pgf\utilities\pgfkeys
.code.tex
\pgfkeys@pathtoks=\toks31
\pgfkeys@temptoks=\toks32

(C:\Users\fcoja\AppData\Local\Programs\MiKTeX\tex/generic\pgf\utilities\pgfkeys
libraryfiltered.code.tex
\pgfkeys@tmptoks=\toks33
))
\pgf@x=\dimen199
\pgf@y=\dimen256
\pgf@xa=\dimen257
\pgf@ya=\dimen258
\pgf@xb=\dimen259
\pgf@yb=\dimen260
\pgf@xc=\dimen261
\pgf@yc=\dimen262
\pgf@xd=\dimen263
\pgf@yd=\dimen264
\w@pgf@writea=\write3
\r@pgf@reada=\read2
\c@pgf@counta=\count291
\c@pgf@countb=\count292
\c@pgf@countc=\count293
\c@pgf@countd=\count294
\t@pgf@toka=\toks34
\t@pgf@tokb=\toks35
\t@pgf@tokc=\toks36
\pgf@sys@id@count=\count295

(C:\Users\fcoja\AppData\Local\Programs\MiKTeX\tex/generic\pgf\systemlayer\pgf.c
fg
File: pgf.cfg 2023-01-15 v3.1.10 (3.1.10)
)
Driver file for pgf: pgfsys-pdftex.def

(C:\Users\fcoja\AppData\Local\Programs\MiKTeX\tex/generic\pgf\systemlayer\pgfsy
s-pdftex.def
File: pgfsys-pdftex.def 2023-01-15 v3.1.10 (3.1.10)

(C:\Users\fcoja\AppData\Local\Programs\MiKTeX\tex/generic\pgf\systemlayer\pgfsy
s-common-pdf.def
File: pgfsys-common-pdf.def 2023-01-15 v3.1.10 (3.1.10)
)))
(C:\Users\fcoja\AppData\Local\Programs\MiKTeX\tex/generic\pgf\systemlayer\pgfsy
ssoftpath.code.tex
File: pgfsyssoftpath.code.tex 2023-01-15 v3.1.10 (3.1.10)
\pgfsyssoftpath@smallbuffer@items=\count296
\pgfsyssoftpath@bigbuffer@items=\count297
)
(C:\Users\fcoja\AppData\Local\Programs\MiKTeX\tex/generic\pgf\systemlayer\pgfsy
sprotocol.code.tex
File: pgfsysprotocol.code.tex 2023-01-15 v3.1.10 (3.1.10)
))
(C:\Users\fcoja\AppData\Local\Programs\MiKTeX\tex/latex\xcolor\xcolor.sty
Package: xcolor 2023/11/15 v3.01 LaTeX color extensions (UK)

(C:\Users\fcoja\AppData\Local\Programs\MiKTeX\tex/latex\graphics-cfg\color.cfg
File: color.cfg 2016/01/02 v1.6 sample color configuration
)
Package xcolor Info: Driver file: pdftex.def on input line 274.
(C:\Users\fcoja\AppData\Local\Programs\MiKTeX\tex/latex\graphics\mathcolor.ltx)
Package xcolor Info: Model `cmy' substituted by `cmy0' on input line 1350.
Package xcolor Info: Model `hsb' substituted by `rgb' on input line 1354.
Package xcolor Info: Model `RGB' extended on input line 1366.
Package xcolor Info: Model `HTML' substituted by `rgb' on input line 1368.
Package xcolor Info: Model `Hsb' substituted by `hsb' on input line 1369.
Package xcolor Info: Model `tHsb' substituted by `hsb' on input line 1370.
Package xcolor Info: Model `HSB' substituted by `hsb' on input line 1371.
Package xcolor Info: Model `Gray' substituted by `gray' on input line 1372.
Package xcolor Info: Model `wave' substituted by `hsb' on input line 1373.
)
(C:\Users\fcoja\AppData\Local\Programs\MiKTeX\tex/generic\pgf\basiclayer\pgfcor
e.code.tex
Package: pgfcore 2023-01-15 v3.1.10 (3.1.10)

(C:\Users\fcoja\AppData\Local\Programs\MiKTeX\tex/generic\pgf\math\pgfmath.code
.tex
(C:\Users\fcoja\AppData\Local\Programs\MiKTeX\tex/generic\pgf\math\pgfmathutil.
code.tex)
(C:\Users\fcoja\AppData\Local\Programs\MiKTeX\tex/generic\pgf\math\pgfmathparse
r.code.tex
\pgfmath@dimen=\dimen265
\pgfmath@count=\count298
\pgfmath@box=\box62
\pgfmath@toks=\toks37
\pgfmath@stack@operand=\toks38
\pgfmath@stack@operation=\toks39
)
(C:\Users\fcoja\AppData\Local\Programs\MiKTeX\tex/generic\pgf\math\pgfmathfunct
ions.code.tex)
(C:\Users\fcoja\AppData\Local\Programs\MiKTeX\tex/generic\pgf\math\pgfmathfunct
ions.basic.code.tex)
(C:\Users\fcoja\AppData\Local\Programs\MiKTeX\tex/generic\pgf\math\pgfmathfunct
ions.trigonometric.code.tex)
(C:\Users\fcoja\AppData\Local\Programs\MiKTeX\tex/generic\pgf\math\pgfmathfunct
ions.random.code.tex)
(C:\Users\fcoja\AppData\Local\Programs\MiKTeX\tex/generic\pgf\math\pgfmathfunct
ions.comparison.code.tex)
(C:\Users\fcoja\AppData\Local\Programs\MiKTeX\tex/generic\pgf\math\pgfmathfunct
ions.base.code.tex)
(C:\Users\fcoja\AppData\Local\Programs\MiKTeX\tex/generic\pgf\math\pgfmathfunct
ions.round.code.tex)
(C:\Users\fcoja\AppData\Local\Programs\MiKTeX\tex/generic\pgf\math\pgfmathfunct
ions.misc.code.tex)
(C:\Users\fcoja\AppData\Local\Programs\MiKTeX\tex/generic\pgf\math\pgfmathfunct
ions.integerarithmetics.code.tex)
(C:\Users\fcoja\AppData\Local\Programs\MiKTeX\tex/generic\pgf\math\pgfmathcalc.
code.tex)
(C:\Users\fcoja\AppData\Local\Programs\MiKTeX\tex/generic\pgf\math\pgfmathfloat
.code.tex
\c@pgfmathroundto@lastzeros=\count299
))
(C:\Users\fcoja\AppData\Local\Programs\MiKTeX\tex/generic\pgf\math\pgfint.code.
tex)
(C:\Users\fcoja\AppData\Local\Programs\MiKTeX\tex/generic\pgf\basiclayer\pgfcor
epoints.code.tex
File: pgfcorepoints.code.tex 2023-01-15 v3.1.10 (3.1.10)
\pgf@picminx=\dimen266
\pgf@picmaxx=\dimen267
\pgf@picminy=\dimen268
\pgf@picmaxy=\dimen269
\pgf@pathminx=\dimen270
\pgf@pathmaxx=\dimen271
\pgf@pathminy=\dimen272
\pgf@pathmaxy=\dimen273
\pgf@xx=\dimen274
\pgf@xy=\dimen275
\pgf@yx=\dimen276
\pgf@yy=\dimen277
\pgf@zx=\dimen278
\pgf@zy=\dimen279
)
(C:\Users\fcoja\AppData\Local\Programs\MiKTeX\tex/generic\pgf\basiclayer\pgfcor
epathconstruct.code.tex
File: pgfcorepathconstruct.code.tex 2023-01-15 v3.1.10 (3.1.10)
\pgf@path@lastx=\dimen280
\pgf@path@lasty=\dimen281
)
(C:\Users\fcoja\AppData\Local\Programs\MiKTeX\tex/generic\pgf\basiclayer\pgfcor
epathusage.code.tex
File: pgfcorepathusage.code.tex 2023-01-15 v3.1.10 (3.1.10)
\pgf@shorten@end@additional=\dimen282
\pgf@shorten@start@additional=\dimen283
)
(C:\Users\fcoja\AppData\Local\Programs\MiKTeX\tex/generic\pgf\basiclayer\pgfcor
escopes.code.tex
File: pgfcorescopes.code.tex 2023-01-15 v3.1.10 (3.1.10)
\pgfpic=\box63
\pgf@hbox=\box64
\pgf@layerbox@main=\box65
\pgf@picture@serial@count=\count300
)
(C:\Users\fcoja\AppData\Local\Programs\MiKTeX\tex/generic\pgf\basiclayer\pgfcor
egraphicstate.code.tex
File: pgfcoregraphicstate.code.tex 2023-01-15 v3.1.10 (3.1.10)
\pgflinewidth=\dimen284
)
(C:\Users\fcoja\AppData\Local\Programs\MiKTeX\tex/generic\pgf\basiclayer\pgfcor
etransformations.code.tex
File: pgfcoretransformations.code.tex 2023-01-15 v3.1.10 (3.1.10)
\pgf@pt@x=\dimen285
\pgf@pt@y=\dimen286
\pgf@pt@temp=\dimen287
)
(C:\Users\fcoja\AppData\Local\Programs\MiKTeX\tex/generic\pgf\basiclayer\pgfcor
equick.code.tex
File: pgfcorequick.code.tex 2023-01-15 v3.1.10 (3.1.10)
)
(C:\Users\fcoja\AppData\Local\Programs\MiKTeX\tex/generic\pgf\basiclayer\pgfcor
eobjects.code.tex
File: pgfcoreobjects.code.tex 2023-01-15 v3.1.10 (3.1.10)
)
(C:\Users\fcoja\AppData\Local\Programs\MiKTeX\tex/generic\pgf\basiclayer\pgfcor
epathprocessing.code.tex
File: pgfcorepathprocessing.code.tex 2023-01-15 v3.1.10 (3.1.10)
)
(C:\Users\fcoja\AppData\Local\Programs\MiKTeX\tex/generic\pgf\basiclayer\pgfcor
earrows.code.tex
File: pgfcorearrows.code.tex 2023-01-15 v3.1.10 (3.1.10)
\pgfarrowsep=\dimen288
)
(C:\Users\fcoja\AppData\Local\Programs\MiKTeX\tex/generic\pgf\basiclayer\pgfcor
eshade.code.tex
File: pgfcoreshade.code.tex 2023-01-15 v3.1.10 (3.1.10)
\pgf@max=\dimen289
\pgf@sys@shading@range@num=\count301
\pgf@shadingcount=\count302
)
(C:\Users\fcoja\AppData\Local\Programs\MiKTeX\tex/generic\pgf\basiclayer\pgfcor
eimage.code.tex
File: pgfcoreimage.code.tex 2023-01-15 v3.1.10 (3.1.10)
)
(C:\Users\fcoja\AppData\Local\Programs\MiKTeX\tex/generic\pgf\basiclayer\pgfcor
eexternal.code.tex
File: pgfcoreexternal.code.tex 2023-01-15 v3.1.10 (3.1.10)
\pgfexternal@startupbox=\box66
)
(C:\Users\fcoja\AppData\Local\Programs\MiKTeX\tex/generic\pgf\basiclayer\pgfcor
elayers.code.tex
File: pgfcorelayers.code.tex 2023-01-15 v3.1.10 (3.1.10)
)
(C:\Users\fcoja\AppData\Local\Programs\MiKTeX\tex/generic\pgf\basiclayer\pgfcor
etransparency.code.tex
File: pgfcoretransparency.code.tex 2023-01-15 v3.1.10 (3.1.10)
)
(C:\Users\fcoja\AppData\Local\Programs\MiKTeX\tex/generic\pgf\basiclayer\pgfcor
epatterns.code.tex
File: pgfcorepatterns.code.tex 2023-01-15 v3.1.10 (3.1.10)
)
(C:\Users\fcoja\AppData\Local\Programs\MiKTeX\tex/generic\pgf\basiclayer\pgfcor
erdf.code.tex
File: pgfcorerdf.code.tex 2023-01-15 v3.1.10 (3.1.10)
)))
(C:\Users\fcoja\AppData\Local\Programs\MiKTeX\tex/generic\pgf\modules\pgfmodule
shapes.code.tex
File: pgfmoduleshapes.code.tex 2023-01-15 v3.1.10 (3.1.10)
\pgfnodeparttextbox=\box67
)
(C:\Users\fcoja\AppData\Local\Programs\MiKTeX\tex/generic\pgf\modules\pgfmodule
plot.code.tex
File: pgfmoduleplot.code.tex 2023-01-15 v3.1.10 (3.1.10)
)
(C:\Users\fcoja\AppData\Local\Programs\MiKTeX\tex/latex\pgf\compatibility\pgfco
mp-version-0-65.sty
Package: pgfcomp-version-0-65 2023-01-15 v3.1.10 (3.1.10)
\pgf@nodesepstart=\dimen290
\pgf@nodesepend=\dimen291
)
(C:\Users\fcoja\AppData\Local\Programs\MiKTeX\tex/latex\pgf\compatibility\pgfco
mp-version-1-18.sty
Package: pgfcomp-version-1-18 2023-01-15 v3.1.10 (3.1.10)
))
(C:\Users\fcoja\AppData\Local\Programs\MiKTeX\tex/latex\tools\verbatim.sty
Package: verbatim 2023-11-06 v1.5v LaTeX2e package for verbatim enhancements
\every@verbatim=\toks40
\verbatim@line=\toks41
\verbatim@in@stream=\read3
)
(C:\Users\fcoja\AppData\Local\Programs\MiKTeX\tex/latex\environ\environ.sty
Package: environ 2014/05/04 v0.3 A new way to define environments

(C:\Users\fcoja\AppData\Local\Programs\MiKTeX\tex/latex\trimspaces\trimspaces.s
ty
Package: trimspaces 2009/09/17 v1.1 Trim spaces around a token list
))
(C:\Users\fcoja\AppData\Local\Programs\MiKTeX\tex/latex\etoolbox\etoolbox.sty
Package: etoolbox 2020/10/05 v2.5k e-TeX tools for LaTeX (JAW)
\etb@tempcnta=\count303
)
\tcb@titlebox=\box68
\tcb@upperbox=\box69
\tcb@lowerbox=\box70
\tcb@phantombox=\box71
\c@tcbbreakpart=\count304
\c@tcblayer=\count305
\c@tcolorbox@number=\count306
\l__tcobox_tmpa_box=\box72
\l__tcobox_tmpa_dim=\dimen292
\tcb@temp=\box73
\tcb@temp=\box74
\tcb@temp=\box75
\tcb@temp=\box76
) (C:\Users\fcoja\AppData\Local\Programs\MiKTeX\tex/latex\colortbl\colortbl.sty
Package: colortbl 2022/06/20 v1.0f Color table columns (DPC)

(C:\Users\fcoja\AppData\Local\Programs\MiKTeX\tex/latex\tools\array.sty
Package: array 2023/10/16 v2.5g Tabular extension package (FMi)
\col@sep=\dimen293
\ar@mcellbox=\box77
\extrarowheight=\dimen294
\NC@list=\toks42
\extratabsurround=\skip59
\backup@length=\skip60
\ar@cellbox=\box78
)
\everycr=\toks43
\minrowclearance=\skip61
\rownum=\count307
)
(C:\Users\fcoja\AppData\Local\Programs\MiKTeX\tex/latex\wrapfig\wrapfig.sty
\wrapoverhang=\dimen295
\WF@size=\dimen296
\c@WF@wrappedlines=\count308
\WF@box=\box79
\WF@everypar=\toks44
Package: wrapfig 2003/01/31  v 3.6
)
(C:\Users\fcoja\AppData\Local\Programs\MiKTeX\tex/latex\mathtools\empheq.sty
Package: empheq 2017/03/31 v2.15 Emphasizing equations
\l_EQ_equationtype_int=\count309
\l_EQ_alignmentmode_int=\count310
\l_EQ_totalwidth_dim=\dimen297
\l_EQ_displaywidth_dim=\dimen298
\l_EQ_temp_linewidth_dim=\dimen299
\l_EQ_linewidth_dim=\dimen300
\EmphEqdelimitershortfall=\dimen301
\EmphEqdelimiterfactor=\count311
\g_EQ_toptag_height_dim=\dimen302
\g_EQ_bottomtag_depth_dim=\dimen303
\g_EQ_toprow_height_dim=\dimen304
\g_EQ_bottomrow_depth_dim=\dimen305
\g_EQ_widesttag_dim=\dimen306
\EQ_mathdisplay_box=\box80
\EQ_tag_box=\box81
\g_EQ_temprow_int=\count312
)
(C:\Users\fcoja\AppData\Local\Programs\MiKTeX\tex/latex\parskip\parskip.sty
Package: parskip 2021-03-14 v2.0h non-zero parskip adjustments

(C:\Users\fcoja\AppData\Local\Programs\MiKTeX\tex/latex\kvoptions\kvoptions.sty
Package: kvoptions 2022-06-15 v3.15 Key value format for package options (HO)
(C:\Users\fcoja\AppData\Local\Programs\MiKTeX\tex/generic\ltxcmds\ltxcmds.sty
Package: ltxcmds 2023-12-04 v1.26 LaTeX kernel commands for general use (HO)
)
(C:\Users\fcoja\AppData\Local\Programs\MiKTeX\tex/latex\kvsetkeys\kvsetkeys.sty
Package: kvsetkeys 2022-10-05 v1.19 Key value parser (HO)
)))
(C:\Users\fcoja\AppData\Local\Programs\MiKTeX\tex/latex\arydshln\arydshln.sty
Package: arydshln 2019/02/21 v1.76 
\dashlinedash=\dimen307
\dashlinegap=\dimen308
\adl@box=\box82
\adl@height=\dimen309
\adl@heightsave=\dimen310
\adl@depth=\dimen311
\adl@depthsave=\dimen312
\adl@finaldepth=\dimen313
\adl@columns=\count313
\adl@ncol=\count314
\adl@currentcolumn=\count315
\adl@currentcolumnsave=\count316
\adl@totalheight=\count317
\adl@totalheightsave=\count318
\adl@dash=\count319
\adl@gap=\count320
\adl@cla=\count321
\adl@clb=\count322
\adl@everyvbox=\toks45
\adl@LTpagetotal=\dimen314
)
(C:\Users\fcoja\AppData\Local\Programs\MiKTeX\tex/latex\multirow\multirow.sty
Package: multirow 2021/03/15 v2.8 Span multiple rows of a table
\multirow@colwidth=\skip62
\multirow@cntb=\count323
\multirow@dima=\skip63
\bigstrutjot=\dimen315
)
(C:\Users\fcoja\AppData\Local\Programs\MiKTeX\tex/latex\tools\multicol.sty
Package: multicol 2023/03/30 v1.9f multicolumn formatting (FMi)
\c@tracingmulticols=\count324
\mult@box=\box83
\multicol@leftmargin=\dimen316
\c@unbalance=\count325
\c@collectmore=\count326
\doublecol@number=\count327
\multicoltolerance=\count328
\multicolpretolerance=\count329
\full@width=\dimen317
\page@free=\dimen318
\premulticols=\dimen319
\postmulticols=\dimen320
\multicolsep=\skip64
\multicolbaselineskip=\skip65
\partial@page=\box84
\last@line=\box85
\mc@boxedresult=\box86
\maxbalancingoverflow=\dimen321
\mult@rightbox=\box87
\mult@grightbox=\box88
\mult@firstbox=\box89
\mult@gfirstbox=\box90
\@tempa=\box91
\@tempa=\box92
\@tempa=\box93
\@tempa=\box94
\@tempa=\box95
\@tempa=\box96
\@tempa=\box97
\@tempa=\box98
\@tempa=\box99
\@tempa=\box100
\@tempa=\box101
\@tempa=\box102
\@tempa=\box103
\@tempa=\box104
\@tempa=\box105
\@tempa=\box106
\@tempa=\box107
\@tempa=\box108
\@tempa=\box109
\@tempa=\box110
\@tempa=\box111
\@tempa=\box112
\@tempa=\box113
\@tempa=\box114
\@tempa=\box115
\@tempa=\box116
\@tempa=\box117
\@tempa=\box118
\@tempa=\box119
\@tempa=\box120
\@tempa=\box121
\@tempa=\box122
\@tempa=\box123
\@tempa=\box124
\@tempa=\box125
\@tempa=\box126
\c@minrows=\count330
\c@columnbadness=\count331
\c@finalcolumnbadness=\count332
\last@try=\dimen322
\multicolovershoot=\dimen323
\multicolundershoot=\dimen324
\mult@nat@firstbox=\box127
\colbreak@box=\box128
\mc@col@check@num=\count333
)
(C:\Users\fcoja\AppData\Local\Programs\MiKTeX\tex/latex\listings\listings.sty
\lst@mode=\count334
\lst@gtempboxa=\box129
\lst@token=\toks46
\lst@length=\count335
\lst@currlwidth=\dimen325
\lst@column=\count336
\lst@pos=\count337
\lst@lostspace=\dimen326
\lst@width=\dimen327
\lst@newlines=\count338
\lst@lineno=\count339
\lst@maxwidth=\dimen328

(C:\Users\fcoja\AppData\Local\Programs\MiKTeX\tex/latex\listings\lstmisc.sty
File: lstmisc.sty 2023/02/27 1.9 (Carsten Heinz)
\c@lstnumber=\count340
\lst@skipnumbers=\count341
\lst@framebox=\box130
)
(C:\Users\fcoja\AppData\Local\Programs\MiKTeX\tex/latex\listings\listings.cfg
File: listings.cfg 2023/02/27 1.9 listings configuration
))
Package: listings 2023/02/27 1.9 (Carsten Heinz)
(C:\Users\fcoja\AppData\Local\Programs\MiKTeX\tex/latex\mdframed\mdframed.sty
Package: mdframed 2013/07/01 1.9b: mdframed

(C:\Users\fcoja\AppData\Local\Programs\MiKTeX\tex/latex\l3packages\xparse\xpars
e.sty
(C:\Users\fcoja\AppData\Local\Programs\MiKTeX\tex/latex\l3kernel\expl3.sty
Package: expl3 2024-01-22 L3 programming layer (loader) 

(C:\Users\fcoja\AppData\Local\Programs\MiKTeX\tex/latex\l3backend\l3backend-pdf
tex.def
File: l3backend-pdftex.def 2024-01-04 L3 backend support: PDF output (pdfTeX)
\l__color_backend_stack_int=\count342
\l__pdf_internal_box=\box131
))
Package: xparse 2023-10-10 L3 Experimental document command parser
)
(C:\Users\fcoja\AppData\Local\Programs\MiKTeX\tex/latex\zref\zref-abspage.sty
Package: zref-abspage 2023-09-14 v2.35 Module abspage for zref (HO)

(C:\Users\fcoja\AppData\Local\Programs\MiKTeX\tex/latex\zref\zref-base.sty
Package: zref-base 2023-09-14 v2.35 Module base for zref (HO)

(C:\Users\fcoja\AppData\Local\Programs\MiKTeX\tex/generic\infwarerr\infwarerr.s
ty
Package: infwarerr 2019/12/03 v1.5 Providing info/warning/error messages (HO)
)
(C:\Users\fcoja\AppData\Local\Programs\MiKTeX\tex/generic\kvdefinekeys\kvdefine
keys.sty
Package: kvdefinekeys 2019-12-19 v1.6 Define keys (HO)
)
(C:\Users\fcoja\AppData\Local\Programs\MiKTeX\tex/generic\pdftexcmds\pdftexcmds
.sty
Package: pdftexcmds 2020-06-27 v0.33 Utility functions of pdfTeX for LuaTeX (HO
)
 (C:\Users\fcoja\AppData\Local\Programs\MiKTeX\tex/generic\iftex\iftex.sty
Package: iftex 2022/02/03 v1.0f TeX engine tests
)
Package pdftexcmds Info: \pdf@primitive is available.
Package pdftexcmds Info: \pdf@ifprimitive is available.
Package pdftexcmds Info: \pdfdraftmode found.
)
(C:\Users\fcoja\AppData\Local\Programs\MiKTeX\tex/generic\etexcmds\etexcmds.sty
Package: etexcmds 2019/12/15 v1.7 Avoid name clashes with e-TeX commands (HO)
) (C:\Users\fcoja\AppData\Local\Programs\MiKTeX\tex/latex\auxhook\auxhook.sty
Package: auxhook 2019-12-17 v1.6 Hooks for auxiliary files (HO)
)
Package zref Info: New property list: main on input line 767.
Package zref Info: New property: default on input line 768.
Package zref Info: New property: page on input line 769.
)
\c@abspage=\count343
Package zref Info: New property: abspage on input line 67.
)
(C:\Users\fcoja\AppData\Local\Programs\MiKTeX\tex/latex\needspace\needspace.sty
Package: needspace 2010/09/12 v1.3d reserve vertical space
)
\mdf@templength=\skip66
\c@mdf@globalstyle@cnt=\count344
\mdf@skipabove@length=\skip67
\mdf@skipbelow@length=\skip68
\mdf@leftmargin@length=\skip69
\mdf@rightmargin@length=\skip70
\mdf@innerleftmargin@length=\skip71
\mdf@innerrightmargin@length=\skip72
\mdf@innertopmargin@length=\skip73
\mdf@innerbottommargin@length=\skip74
\mdf@splittopskip@length=\skip75
\mdf@splitbottomskip@length=\skip76
\mdf@outermargin@length=\skip77
\mdf@innermargin@length=\skip78
\mdf@linewidth@length=\skip79
\mdf@innerlinewidth@length=\skip80
\mdf@middlelinewidth@length=\skip81
\mdf@outerlinewidth@length=\skip82
\mdf@roundcorner@length=\skip83
\mdf@footenotedistance@length=\skip84
\mdf@userdefinedwidth@length=\skip85
\mdf@needspace@length=\skip86
\mdf@frametitleaboveskip@length=\skip87
\mdf@frametitlebelowskip@length=\skip88
\mdf@frametitlerulewidth@length=\skip89
\mdf@frametitleleftmargin@length=\skip90
\mdf@frametitlerightmargin@length=\skip91
\mdf@shadowsize@length=\skip92
\mdf@extratopheight@length=\skip93
\mdf@subtitleabovelinewidth@length=\skip94
\mdf@subtitlebelowlinewidth@length=\skip95
\mdf@subtitleaboveskip@length=\skip96
\mdf@subtitlebelowskip@length=\skip97
\mdf@subtitleinneraboveskip@length=\skip98
\mdf@subtitleinnerbelowskip@length=\skip99
\mdf@subsubtitleabovelinewidth@length=\skip100
\mdf@subsubtitlebelowlinewidth@length=\skip101
\mdf@subsubtitleaboveskip@length=\skip102
\mdf@subsubtitlebelowskip@length=\skip103
\mdf@subsubtitleinneraboveskip@length=\skip104
\mdf@subsubtitleinnerbelowskip@length=\skip105

(C:\Users\fcoja\AppData\Local\Programs\MiKTeX\tex/latex\mdframed\md-frame-0.mdf
File: md-frame-0.mdf 2013/07/01\ 1.9b: md-frame-0
)
\mdf@frametitlebox=\box132
\mdf@footnotebox=\box133
\mdf@splitbox@one=\box134
\mdf@splitbox@two=\box135
\mdf@splitbox@save=\box136
\mdfsplitboxwidth=\skip106
\mdfsplitboxtotalwidth=\skip107
\mdfsplitboxheight=\skip108
\mdfsplitboxdepth=\skip109
\mdfsplitboxtotalheight=\skip110
\mdfframetitleboxwidth=\skip111
\mdfframetitleboxtotalwidth=\skip112
\mdfframetitleboxheight=\skip113
\mdfframetitleboxdepth=\skip114
\mdfframetitleboxtotalheight=\skip115
\mdffootnoteboxwidth=\skip116
\mdffootnoteboxtotalwidth=\skip117
\mdffootnoteboxheight=\skip118
\mdffootnoteboxdepth=\skip119
\mdffootnoteboxtotalheight=\skip120
\mdftotallinewidth=\skip121
\mdfboundingboxwidth=\skip122
\mdfboundingboxtotalwidth=\skip123
\mdfboundingboxheight=\skip124
\mdfboundingboxdepth=\skip125
\mdfboundingboxtotalheight=\skip126
\mdf@freevspace@length=\skip127
\mdf@horizontalwidthofbox@length=\skip128
\mdf@verticalmarginwhole@length=\skip129
\mdf@horizontalspaceofbox=\skip130
\mdfsubtitleheight=\skip131
\mdfsubsubtitleheight=\skip132
\c@mdfcountframes=\count345

****** mdframed patching \endmdf@trivlist

****** -- success******

\mdf@envdepth=\count346
\c@mdf@env@i=\count347
\c@mdf@env@ii=\count348
\c@mdf@zref@counter=\count349
Package zref Info: New property: mdf@page