\BOOKMARK [1][-]{section.1}{\376\377\000I\000n\000t\000r\000o\000d\000u\000c\000c\000i\000\363\000n\000\040\000a\000l\000\040\000M\000a\000c\000h\000i\000n\000e\000\040\000L\000e\000a\000r\000n\000i\000n\000g}{}% 1
\BOOKMARK [2][-]{subsection.1.1}{\376\377\000T\000a\000r\000e\000a\000s\000\040\000b\000\341\000s\000i\000c\000a\000s\000\040\000d\000e\000l\000\040\000M\000a\000c\000h\000i\000n\000e\000\040\000L\000e\000a\000r\000n\000i\000n\000g}{section.1}% 2
\BOOKMARK [2][-]{subsection.1.2}{\376\377\000G\000e\000n\000e\000r\000a\000l\000i\000z\000a\000c\000i\000\363\000n\000:\000\040\000s\000u\000b\000a\000j\000u\000s\000t\000e\000\040\000y\000\040\000s\000o\000b\000r\000e\000a\000j\000u\000s\000t\000e}{section.1}% 3
\BOOKMARK [3][-]{subsubsection.1.2.1}{\376\377\000P\000l\000a\000n\000t\000e\000a\000m\000i\000e\000n\000t\000o\000\040\000d\000e\000l\000\040\000p\000r\000o\000b\000l\000e\000m\000a}{subsection.1.2}% 4
\BOOKMARK [3][-]{subsubsection.1.2.2}{\376\377\000P\000l\000a\000n\000t\000e\000a\000m\000i\000e\000n\000t\000o\000\040\000d\000e\000\040\000l\000a\000\040\000s\000o\000l\000u\000c\000i\000\363\000n}{subsection.1.2}% 5
\BOOKMARK [3][-]{subsubsection.1.2.3}{\376\377\000P\000e\000l\000i\000g\000r\000o\000s}{subsection.1.2}% 6
\BOOKMARK [3][-]{subsubsection.1.2.4}{\376\377\000S\000u\000b\000a\000j\000u\000s\000t\000e\000\040\000y\000\040\000s\000o\000b\000r\000e\000a\000j\000u\000s\000t\000e}{subsection.1.2}% 7
\BOOKMARK [3][-]{subsubsection.1.2.5}{\376\377\000C\000o\000m\000p\000l\000e\000j\000i\000d\000a\000d\000\040\000d\000e\000l\000\040\000m\000o\000d\000e\000l\000o\000\040\000v\000s\000\040\000n\000\372\000m\000e\000r\000o\000\040\000d\000e\000\040\000d\000a\000t\000o\000s}{subsection.1.2}% 8
\BOOKMARK [3][-]{subsubsection.1.2.6}{\376\377\000C\000o\000n\000c\000l\000u\000s\000i\000\363\000n}{subsection.1.2}% 9
\BOOKMARK [3][-]{subsubsection.1.2.7}{\376\377\000D\000e\000s\000c\000o\000m\000p\000o\000s\000i\000c\000i\000\363\000n\000\040\000s\000e\000s\000g\000o\000-\000v\000a\000r\000i\000a\000n\000z\000a\000.\000\040\000C\000o\000s\000t\000e\000\040\000c\000u\000a\000d\000r\000\341\000t\000i\000c\000o}{subsection.1.2}% 10
\BOOKMARK [3][-]{subsubsection.1.2.8}{\376\377\000A\000l\000g\000u\000n\000a\000s\000\040\000t\000\351\000c\000n\000i\000c\000a\000s\000\040\000d\000e\000\040\000g\000e\000n\000e\000r\000a\000l\000i\000z\000a\000c\000i\000\363\000n}{subsection.1.2}% 11
\BOOKMARK [3][-]{subsubsection.1.2.9}{\376\377\000E\000v\000i\000t\000a\000r\000\040\000e\000l\000\040\000s\000o\000b\000r\000e\000a\000j\000u\000s\000t\000e\000:\000\040\000"\000e\000a\000r\000l\000y\000\040\000s\000t\000o\000p\000p\000i\000n\000g\000"}{subsection.1.2}% 12
\BOOKMARK [3][-]{subsubsection.1.2.10}{\376\377\000E\000v\000i\000t\000a\000r\000\040\000e\000l\000\040\000s\000o\000b\000r\000e\000a\000j\000u\000s\000t\000e\000:\000\040\000"\000W\000e\000i\000g\000h\000t\000\040\000D\000e\000c\000a\000y\000"}{subsection.1.2}% 13
\BOOKMARK [2][-]{subsection.1.3}{\376\377\000E\000v\000a\000l\000u\000a\000c\000i\000\363\000n\000\040\000d\000e\000\040\000p\000r\000e\000s\000t\000a\000c\000i\000o\000n\000e\000s}{section.1}% 14
\BOOKMARK [3][-]{subsubsection.1.3.1}{\376\377\000R\000e\000g\000r\000e\000s\000i\000\363\000n}{subsection.1.3}% 15
\BOOKMARK [3][-]{subsubsection.1.3.2}{\376\377\000C\000l\000a\000s\000i\000f\000i\000c\000a\000c\000i\000\363\000n}{subsection.1.3}% 16
\BOOKMARK [4][-]{subsubsubsection.1.3.2.1}{\376\377\000I\000n\000t\000e\000r\000p\000r\000e\000t\000a\000c\000i\000\363\000n\000\040\000d\000e\000\040\000l\000a\000\040\000P\000r\000e\000c\000i\000s\000i\000\363\000n\000\040\000y\000\040\000l\000a\000\040\000S\000e\000n\000s\000i\000b\000i\000l\000i\000d\000a\000d}{subsubsection.1.3.2}% 17
\BOOKMARK [4][-]{subsubsubsection.1.3.2.2}{\376\377\000P\000u\000n\000t\000u\000a\000c\000i\000\363\000n\000\040\000K\000a\000p\000p\000a}{subsubsection.1.3.2}% 18
\BOOKMARK [3][-]{subsubsection.1.3.3}{\376\377\000H\000o\000l\000d\000-\000o\000u\000t}{subsection.1.3}% 19
\BOOKMARK [4][-]{subsubsubsection.1.3.3.1}{\376\377\000V\000a\000l\000i\000d\000a\000c\000i\000\363\000n\000\040\000C\000r\000u\000z\000a\000d\000a}{subsubsection.1.3.3}% 20
\BOOKMARK [1][-]{section.2}{\376\377\000A\000p\000r\000e\000n\000d\000i\000z\000a\000j\000e\000\040\000S\000u\000p\000e\000r\000v\000i\000s\000a\000d\000o}{}% 21
\BOOKMARK [2][-]{subsection.2.1}{\376\377\000\301\000r\000b\000o\000l\000e\000s\000\040\000d\000e\000\040\000D\000e\000c\000i\000s\000i\000\363\000n}{section.2}% 22
\BOOKMARK [3][-]{subsubsubsection.2.1.0.1}{\376\377\000A\000r\000q\000u\000i\000t\000e\000c\000t\000u\000r\000a}{subsection.2.1}% 23
\BOOKMARK [4][-]{subsubsubsection.2.1.0.2}{\376\377\000V\000e\000n\000t\000a\000j\000a\000s\000\040\000y\000\040\000d\000e\000s\000v\000e\000n\000t\000a\000j\000a\000s}{subsubsubsection.2.1.0.1}% 24
\BOOKMARK [4][-]{subsubsubsection.2.1.0.3}{\376\377\000C\000l\000a\000s\000i\000f\000i\000c\000a\000c\000i\000\363\000n\000\040\000v\000s\000\040\000R\000e\000g\000r\000e\000s\000i\000\363\000n}{subsubsubsection.2.1.0.1}% 25
\BOOKMARK [3][-]{subsubsection.2.1.1}{\376\377\000C\000o\000n\000s\000t\000r\000u\000c\000c\000i\000\363\000n\000\040\000d\000e\000\040\000\341\000r\000b\000o\000l\000e\000s\000\040\000d\000e\000\040\000d\000e\000c\000i\000s\000i\000\363\000n}{subsection.2.1}% 26
\BOOKMARK [4][-]{subsubsubsection.2.1.1.1}{\376\377\000P\000a\000r\000t\000i\000c\000i\000o\000n\000e\000s}{subsubsection.2.1.1}% 27
\BOOKMARK [4][-]{subsubsubsection.2.1.1.2}{\376\377\000P\000a\000r\000t\000i\000c\000i\000o\000n\000e\000s\000\040\000p\000o\000s\000i\000b\000l\000e\000s}{subsubsection.2.1.1}% 28
\BOOKMARK [3][-]{subsubsection.2.1.2}{\376\377\000I\000D\0003\000:\000\040\000A\000l\000g\000o\000r\000i\000t\000m\000o\000\040\000b\000\341\000s\000i\000c\000o\000\040\000d\000e\000\040\000a\000p\000r\000e\000n\000d\000i\000z\000a\000j\000e}{subsection.2.1}% 29
\BOOKMARK [4][-]{subsubsubsection.2.1.2.1}{\376\377\000E\000n\000t\000r\000o\000p\000\355\000a}{subsubsection.2.1.2}% 30
\BOOKMARK [4][-]{subsubsubsection.2.1.2.2}{\376\377\000G\000a\000n\000a\000n\000c\000i\000a\000\040\000d\000e\000\040\000I\000n\000f\000o\000r\000m\000a\000c\000i\000\363\000n}{subsubsection.2.1.2}% 31
\BOOKMARK [4][-]{subsubsubsection.2.1.2.3}{\376\377\000E\000r\000r\000o\000r\000\040\000g\000l\000o\000b\000a\000l}{subsubsection.2.1.2}% 32
\BOOKMARK [4][-]{subsubsubsection.2.1.2.4}{\376\377\000A\000l\000g\000o\000r\000i\000t\000m\000o}{subsubsection.2.1.2}% 33
\BOOKMARK [3][-]{subsubsection.2.1.3}{\376\377\000S\000o\000b\000r\000e\000-\000a\000j\000u\000s\000t\000e}{subsection.2.1}% 34
\BOOKMARK [4][-]{subsubsubsection.2.1.3.1}{\376\377\000E\000s\000p\000a\000c\000i\000o\000\040\000d\000e\000\040\000h\000i\000p\000\363\000t\000e\000s\000i\000s\000\040\000y\000\040\000s\000o\000b\000r\000e\000-\000a\000j\000u\000s\000t\000e}{subsubsection.2.1.3}% 35
\BOOKMARK [4][-]{subsubsubsection.2.1.3.2}{\376\377\000P\000r\000o\000c\000e\000s\000o\000\040\000d\000e\000\040\000p\000o\000d\000a}{subsubsection.2.1.3}% 36
\BOOKMARK [4][-]{subsubsubsection.2.1.3.3}{\376\377\000O\000t\000r\000a\000s\000\040\000m\000e\000d\000i\000d\000a\000s}{subsubsection.2.1.3}% 37
\BOOKMARK [3][-]{subsubsection.2.1.4}{\376\377\000A\000l\000g\000o\000r\000i\000t\000m\000o\000\040\000C\000A\000R\000T\000\040\000y\000\040\000O\000t\000r\000o\000s}{subsection.2.1}% 38
\BOOKMARK [4][-]{subsubsubsection.2.1.4.1}{\376\377\000C\000A\000R\000T}{subsubsection.2.1.4}% 39
\BOOKMARK [4][-]{subsubsubsection.2.1.4.2}{\376\377\000C\0004\000.\0005\000,\000\040\000C\0005\000.\0000}{subsubsection.2.1.4}% 40
\BOOKMARK [3][-]{subsubsection.2.1.5}{\376\377\000R\000a\000n\000d\000o\000m\000\040\000F\000o\000r\000e\000s\000t\000s}{subsection.2.1}% 41
\BOOKMARK [4][-]{subsubsubsection.2.1.5.1}{\376\377\000A\000l\000g\000o\000r\000i\000t\000m\000o}{subsubsection.2.1.5}% 42
\BOOKMARK [4][-]{subsubsubsection.2.1.5.2}{\376\377\000O\000B\000B\000\040\000e\000\040\000i\000m\000p\000o\000r\000t\000a\000n\000c\000i\000a\000\040\000d\000e\000\040\000l\000a\000s\000\040\000v\000a\000r\000i\000a\000b\000l\000e\000s}{subsubsection.2.1.5}% 43
\BOOKMARK [3][-]{subsubsection.2.1.6}{\376\377\000C\000o\000n\000c\000l\000u\000s\000i\000o\000n\000e\000s}{subsection.2.1}% 44
\BOOKMARK [3][-]{subsubsection.2.1.7}{\376\377\000B\000o\000s\000q\000u\000e\000s\000\040\000A\000l\000e\000a\000t\000o\000r\000i\000o\000s\000\040\000\050\000"\000R\000a\000n\000d\000o\000m\000\040\000F\000o\000r\000e\000s\000t\000"\000\051}{subsection.2.1}% 45
\BOOKMARK [4][-]{subsubsubsection.2.1.7.1}{\376\377\000M\000o\000t\000i\000v\000a\000c\000i\000\363\000n}{subsubsection.2.1.7}% 46
\BOOKMARK [4][-]{subsubsubsection.2.1.7.2}{\376\377\000S\000o\000l\000u\000c\000i\000\363\000n}{subsubsection.2.1.7}% 47
\BOOKMARK [4][-]{subsubsubsection.2.1.7.3}{\376\377\000N\000\372\000m\000e\000r\000o\000\040\000d\000e\000\040\000\341\000r\000b\000o\000l\000e\000s}{subsubsection.2.1.7}% 48
\BOOKMARK [4][-]{subsubsubsection.2.1.7.4}{\376\377\000G\000e\000n\000e\000r\000a\000c\000i\000\363\000n\000\040\000c\000o\000n\000j\000u\000n\000t\000o\000s\000\040\000d\000e\000\040\000e\000n\000t\000r\000e\000n\000a\000m\000i\000e\000n\000t\000o}{subsubsection.2.1.7}% 49
\BOOKMARK [4][-]{subsubsubsection.2.1.7.5}{\376\377\000E\000n\000t\000r\000e\000n\000a\000m\000i\000e\000n\000t\000o\000\040\000d\000e\000\040\000l\000o\000s\000\040\000\341\000r\000b\000o\000l\000e\000s}{subsubsection.2.1.7}% 50
\BOOKMARK [4][-]{subsubsubsection.2.1.7.6}{\376\377\000M\000o\000d\000o\000\040\000o\000p\000e\000r\000a\000c\000i\000\363\000n}{subsubsection.2.1.7}% 51
\BOOKMARK [4][-]{subsubsubsection.2.1.7.7}{\376\377\000B\000a\000g\000g\000i\000n\000g\000\040\000y\000\040\000C\000o\000n\000j\000u\000n\000t\000o\000\040\000d\000e\000\040\000V\000a\000l\000i\000d\000a\000c\000i\000\363\000n}{subsubsection.2.1.7}% 52
\BOOKMARK [4][-]{subsubsubsection.2.1.7.8}{\376\377\000S\000e\000l\000e\000c\000c\000i\000\363\000n\000\040\000d\000e\000l\000\040\000n\000\372\000m\000e\000r\000o\000\040\000d\000e\000\040\000\341\000r\000b\000o\000l\000e\000s}{subsubsection.2.1.7}% 53
\BOOKMARK [4][-]{subsubsubsection.2.1.7.9}{\376\377\000S\000e\000l\000e\000c\000c\000i\000o\000n\000a\000r\000\040\000d\000e\000l\000\040\000n\000\372\000m\000e\000r\000o\000\040\000d\000e\000\040\000c\000a\000r\000a\000c\000t\000e\000r\000\355\000s\000t\000i\000c\000a\000s}{subsubsection.2.1.7}% 54
\BOOKMARK [4][-]{subsubsubsection.2.1.7.10}{\376\377\000S\000e\000l\000e\000c\000c\000i\000\363\000n\000\040\000d\000e\000l\000\040\000c\000r\000i\000t\000e\000r\000i\000o\000\040\000d\000e\000\040\000p\000a\000r\000a\000d\000a}{subsubsection.2.1.7}% 55
\BOOKMARK [4][-]{subsubsubsection.2.1.7.11}{\376\377\000R\000e\000l\000e\000v\000a\000n\000c\000i\000a\000\040\000d\000e\000\040\000l\000a\000s\000\040\000c\000a\000r\000a\000c\000t\000e\000r\000\355\000s\000t\000i\000c\000a\000s}{subsubsection.2.1.7}% 56
\BOOKMARK [2][-]{subsection.2.2}{\376\377\000P\000e\000r\000c\000e\000p\000t\000r\000\363\000n\000\040\000m\000o\000n\000o\000c\000a\000p\000a\000\040\000y\000\040\000m\000u\000l\000t\000i\000c\000a\000p\000a\000\040\000\050\000M\000L\000P\000\051}{section.2}% 57
\BOOKMARK [3][-]{subsubsection.2.2.1}{\376\377\000T\000e\000o\000r\000\355\000a\000\040\000d\000e\000\040\000l\000a\000\040\000d\000e\000c\000i\000s\000i\000\363\000n}{subsection.2.2}% 58
\BOOKMARK [4][-]{subsubsubsection.2.2.1.1}{\376\377\000D\000e\000c\000i\000s\000i\000\363\000n\000\040\000a\000n\000a\000l\000\355\000t\000i\000c\000a}{subsubsection.2.2.1}% 59
\BOOKMARK [4][-]{subsubsubsection.2.2.1.2}{\376\377\000M\000o\000d\000e\000l\000o\000s\000\040\000d\000i\000s\000c\000r\000i\000m\000i\000n\000a\000t\000o\000r\000i\000o\000s}{subsubsection.2.2.1}% 60
\BOOKMARK [4][-]{subsubsubsection.2.2.1.3}{\376\377\000F\000u\000n\000c\000i\000o\000n\000e\000s\000\040\000d\000i\000s\000c\000r\000i\000m\000i\000n\000a\000n\000t\000e\000s}{subsubsection.2.2.1}% 61
\BOOKMARK [3][-]{subsubsection.2.2.2}{\376\377\000F\000u\000n\000d\000a\000m\000e\000n\000t\000o\000\040\000b\000i\000o\000l\000\363\000g\000i\000c\000o}{subsection.2.2}% 62
\BOOKMARK [3][-]{subsubsection.2.2.3}{\376\377\000P\000e\000r\000c\000e\000p\000t\000r\000\363\000n\000\040\000m\000o\000n\000o\000c\000a\000p\000a}{subsection.2.2}% 63
\BOOKMARK [4][-]{subsubsubsection.2.2.3.1}{\376\377\000\050\000W\000i\000d\000r\000o\000w\000\051\000:\000\040\000f\000i\000l\000t\000r\000o\000\040\000t\000r\000a\000n\000s\000v\000e\000r\000s\000a\000l\000\040\000\050\000a\000d\000a\000p\000t\000a\000t\000i\000v\000o\000\051\000\040\000+\000\040\000u\000m\000b\000r\000a\000l\000\040\000d\000u\000r\000o}{subsubsection.2.2.3}% 64
\BOOKMARK [4][-]{subsubsubsection.2.2.3.2}{\376\377\000\050\000R\000o\000s\000e\000n\000b\000l\000a\000t\000t\000\051\000:\000\040\000d\000a\000d\000o\000s\000\040\000N\000\040\000p\000a\000r\000e\000s\000\040\000e\000n\000t\000r\000a\000d\000a\000-\000s\000a\000l\000i\000d\000a\000:\000\040\000\173\000x\000_\000k\000,\000d\000_\000k\000\175\000_\0001\000N}{subsubsection.2.2.3}% 65
\BOOKMARK [3][-]{subsubsection.2.2.4}{\376\377\000L\000i\000m\000i\000t\000a\000c\000i\000o\000n\000e\000s\000\040\000d\000e\000l\000\040\000P\000e\000r\000c\000e\000p\000t\000r\000o\000n\000\040\000M\000o\000n\000o\000c\000a\000p\000a}{subsection.2.2}% 66
\BOOKMARK [3][-]{subsubsection.2.2.5}{\376\377\000E\000l\000\040\000a\000l\000g\000o\000r\000i\000t\000m\000o\000\040\000L\000M\000S}{subsection.2.2}% 67
\BOOKMARK [3][-]{subsubsection.2.2.6}{\376\377\000C\000a\000r\000a\000c\000t\000e\000r\000\355\000s\000t\000i\000c\000a\000s\000\040\000d\000e\000l\000\040\000L\000M\000S}{subsection.2.2}% 68
\BOOKMARK [3][-]{subsubsection.2.2.7}{\376\377\000E\000r\000r\000o\000r\000\040\000c\000u\000a\000d\000r\000\341\000t\000i\000c\000o\000\040\000\050\000S\000S\000E\000\051\000\040\000p\000a\000r\000a\000\040\000c\000l\000a\000s\000i\000f\000i\000c\000a\000c\000i\000\363\000n}{subsection.2.2}% 69
\BOOKMARK [4][-]{subsubsubsection.2.2.7.1}{\376\377\000P\000r\000o\000b\000l\000e\000m\000a\000\040\000c\000o\000n\000\040\000l\000o\000s\000\040\000"\000O\000U\000T\000L\000I\000E\000R\000S\000"}{subsubsection.2.2.7}% 70
\BOOKMARK [3][-]{subsubsection.2.2.8}{\376\377\000A\000c\000t\000i\000v\000a\000c\000i\000\363\000n\000\040\000b\000l\000a\000n\000d\000a}{subsection.2.2}% 71
\BOOKMARK [3][-]{subsubsection.2.2.9}{\376\377\000L\000M\000S\000\040\000c\000o\000n\000\040\000a\000c\000t\000i\000v\000a\000c\000i\000\363\000n\000\040\000b\000l\000a\000n\000d\000a}{subsection.2.2}% 72
\BOOKMARK [3][-]{subsubsection.2.2.10}{\376\377\000A\000r\000q\000u\000i\000t\000e\000c\000t\000u\000r\000a\000\040\000d\000e\000l\000\040\000P\000e\000r\000c\000e\000p\000t\000r\000o\000n\000\040\000M\000u\000l\000t\000i\000c\000a\000p\000a\000\040\000\050\000M\000L\000P\000\051}{subsection.2.2}% 73
\BOOKMARK [4][-]{subsubsubsection.2.2.10.1}{\376\377\000R\000e\000d\000e\000s\000\040\000M\000u\000l\000t\000i\000c\000a\000p\000a}{subsubsection.2.2.10}% 74
\BOOKMARK [3][-]{subsubsection.2.2.11}{\376\377\000P\000r\000o\000p\000i\000e\000d\000a\000d\000e\000s\000\040\000d\000e\000\040\000l\000a\000s\000\040\000M\000L\000P}{subsection.2.2}% 75
\BOOKMARK [3][-]{subsubsection.2.2.12}{\376\377\000C\000a\000p\000a\000c\000i\000d\000a\000d\000e\000s\000\040\000d\000e\000l\000\040\000M\000L\000P}{subsection.2.2}% 76
\BOOKMARK [3][-]{subsubsection.2.2.13}{\376\377\000N\000o\000t\000a\000c\000i\000\363\000n\000\040\000u\000t\000i\000l\000i\000z\000a\000d\000a\000\040\000M\000L\000P}{subsection.2.2}% 77
\BOOKMARK [3][-]{subsubsection.2.2.14}{\376\377\000A\000l\000g\000o\000r\000i\000t\000m\000o\000\040\000d\000e\000\040\000r\000e\000t\000r\000o\000p\000r\000o\000p\000a\000g\000a\000c\000i\000\363\000n\000\040\000\050\000B\000a\000c\000k\000P\000r\000o\000p\000a\000g\000a\000t\000i\000o\000n\000\040\000\050\000B\000P\000\051\000\051}{subsection.2.2}% 78
\BOOKMARK [3][-]{subsubsection.2.2.15}{\376\377\000M\000o\000d\000o\000s\000\040\000d\000e\000\040\000e\000n\000t\000r\000e\000n\000a\000m\000i\000e\000n\000t\000o}{subsection.2.2}% 79
\BOOKMARK [3][-]{subsubsection.2.2.16}{\376\377\000S\000o\000b\000r\000e\000\040\000l\000a\000s\000\040\000m\000u\000e\000s\000t\000r\000a\000s}{subsection.2.2}% 80
\BOOKMARK [3][-]{subsubsection.2.2.17}{\376\377\000S\000o\000b\000r\000e\000\040\000e\000l\000\040\000d\000i\000m\000e\000n\000s\000i\000o\000n\000a\000d\000o}{subsection.2.2}% 81
\BOOKMARK [3][-]{subsubsection.2.2.18}{\376\377\000S\000o\000b\000r\000e\000\040\000e\000l\000\040\000a\000l\000g\000o\000r\000i\000t\000m\000o\000\040\000d\000e\000\040\000e\000n\000t\000r\000e\000n\000a\000m\000i\000e\000n\000t\000o}{subsection.2.2}% 82
\BOOKMARK [2][-]{subsection.2.3}{\376\377\000R\000e\000d\000e\000s\000\040\000d\000e\000\040\000f\000u\000n\000c\000i\000o\000n\000e\000s\000\040\000d\000e\000\040\000b\000a\000s\000e\000\040\000r\000a\000d\000i\000a\000l}{section.2}% 83
\BOOKMARK [3][-]{subsubsection.2.3.1}{\376\377\000A\000p\000r\000o\000x\000i\000m\000a\000d\000o\000r\000e\000s\000\040\000u\000n\000i\000v\000e\000r\000s\000a\000l\000e\000s}{subsection.2.3}% 84
\BOOKMARK [3][-]{subsubsection.2.3.2}{\376\377\000F\000u\000n\000c\000i\000o\000n\000e\000s\000\040\000r\000a\000d\000i\000l\000e\000s}{subsection.2.3}% 85
\BOOKMARK [3][-]{subsubsection.2.3.3}{\376\377\000P\000r\000o\000p\000u\000e\000s\000t\000a\000s\000\040\000d\000e\000\040\000R\000B\000F}{subsection.2.3}% 86
\BOOKMARK [4][-]{subsubsubsection.2.3.3.1}{\376\377\000P\000r\000i\000m\000e\000r\000a\000\040\000p\000r\000o\000p\000u\000e\000s\000t\000a\000:\000\040\000I\000n\000t\000e\000r\000p\000o\000l\000a\000c\000i\000\363\000n\000\040\000e\000x\000a\000c\000t\000a}{subsubsection.2.3.3}% 87
\BOOKMARK [4][-]{subsubsubsection.2.3.3.2}{\376\377\000S\000e\000g\000u\000n\000d\000a\000\040\000p\000r\000o\000p\000u\000e\000s\000t\000a\000:\000\040\000I\000n\000t\000e\000r\000p\000o\000l\000a\000c\000i\000\363\000n\000\040\000n\000o\000\040\000e\000x\000a\000c\000t\000a}{subsubsection.2.3.3}% 88
\BOOKMARK [3][-]{subsubsection.2.3.4}{\376\377\000E\000n\000t\000r\000e\000n\000a\000m\000i\000e\000n\000t\000o\000\040\000d\000e\000\040\000l\000a\000s\000\040\000R\000B\000F}{subsection.2.3}% 89
\BOOKMARK [4][-]{subsubsubsection.2.3.4.1}{\376\377\000M\000\351\000t\000o\000d\000o\000\040\0001\000:\000\040\000C\000e\000n\000t\000r\000o\000i\000d\000e\000s\000\040\000f\000i\000j\000a\000d\000o\000s\000\040\000a\000l\000e\000a\000t\000o\000r\000i\000a\000m\000e\000n\000t\000e}{subsubsection.2.3.4}% 90
\BOOKMARK [4][-]{subsubsubsection.2.3.4.2}{\376\377\000C\000\341\000l\000c\000u\000l\000o\000\040\000d\000e\000\040\000l\000o\000s\000\040\000p\000e\000s\000o\000s\000\040\000d\000e\000\040\000l\000a\000\040\000c\000a\000p\000a\000\040\000d\000e\000\040\000s\000a\000l\000i\000d\000a}{subsubsection.2.3.4}% 91
\BOOKMARK [4][-]{subsubsubsection.2.3.4.3}{\376\377\000M\000\351\000t\000o\000d\000o\000\040\0002\000:\000\040\000C\000e\000n\000t\000r\000o\000i\000d\000e\000s\000\040\000f\000i\000j\000a\000d\000o\000s\000\040\000s\000e\000g\000\372\000n\000\040\000c\000u\000a\000n\000t\000i\000f\000i\000a\000c\000i\000\363\000n\000\040\000v\000e\000c\000t\000o\000r\000i\000a\000l}{subsubsection.2.3.4}% 92
\BOOKMARK [4][-]{subsubsubsection.2.3.4.4}{\376\377\000M\000\351\000t\000o\000d\000o\000\040\0003\000:\000\040\000E\000n\000t\000r\000e\000n\000a\000m\000i\000e\000n\000t\000o\000\040\000c\000o\000m\000p\000l\000e\000t\000o\000\040\000p\000o\000r\000\040\000g\000r\000a\000d\000i\000e\000n\000t\000e\000\040\000s\000u\000p\000e\000r\000v\000i\000s\000a\000d\000o}{subsubsection.2.3.4}% 93
\BOOKMARK [2][-]{subsection.2.4}{\376\377\000M\000\341\000q\000u\000i\000n\000a\000s\000\040\000d\000e\000\040\000V\000e\000c\000t\000o\000r\000e\000s\000\040\000S\000o\000p\000o\000r\000t\000e}{section.2}% 94
