This is pdfTeX, Version 3.14159265-2.6-1.40.21 (TeX Live 2020) (preloaded format=latex 2020.4.29)  28 DEC 2024 21:13
entering extended mode
**Apuntes.tex
(Apuntes.tex
LaTeX2e <2020-02-02> patch level 5
L3 programming layer <2020-03-06> (../../../Macros.tex
(/private/var/containers/Bundle/Application/38CAA5E5-7B85-4BF0-8BF3-3C6105CB5C8
4/TeX Writer.app/texmf-base/./tex/latex/base/article.cls
Document Class: article 2019/12/20 v1.4l Standard LaTeX document class

(/private/var/containers/Bundle/Application/38CAA5E5-7B85-4BF0-8BF3-3C6105CB5C8
4/TeX Writer.app/texmf-base/./tex/latex/base/size10.clo
File: size10.clo 2019/12/20 v1.4l Standard LaTeX file (size option)
)
\c@part=\count167
\c@section=\count168
\c@subsection=\count169
\c@subsubsection=\count170
\c@paragraph=\count171
\c@subparagraph=\count172
\c@figure=\count173
\c@table=\count174
\abovecaptionskip=\skip47
\belowcaptionskip=\skip48
\bibindent=\dimen134
)
(/var/mobile/Containers/Data/Application/467E7597-C7BE-49DF-AE4E-DDA95A01BBDF/L
ibrary/Caches/texmf-dist/./tex/latex/preprint/fullpage.sty
Package: fullpage 1999/02/23 1.1 (PWD)
\FP@margin=\skip49
)
(/private/var/containers/Bundle/Application/38CAA5E5-7B85-4BF0-8BF3-3C6105CB5C8
4/TeX Writer.app/texmf-base/./tex/latex/base/inputenc.sty
Package: inputenc 2018/08/11 v1.3c Input encoding file
\inpenc@prehook=\toks15
\inpenc@posthook=\toks16
)
(/var/mobile/Containers/Data/Application/467E7597-C7BE-49DF-AE4E-DDA95A01BBDF/L
ibrary/Caches/texmf-dist/./tex/latex/setspace/setspace.sty
Package: setspace 2011/12/19 v6.7a set line spacing
)
(/var/mobile/Containers/Data/Application/467E7597-C7BE-49DF-AE4E-DDA95A01BBDF/L
ibrary/Caches/texmf-dist/./tex/latex/pict2e/pict2e.sty
Package: pict2e 2019/08/20 v0.3c Improved picture commands (HjG,RN,JT)

(/var/mobile/Containers/Data/Application/467E7597-C7BE-49DF-AE4E-DDA95A01BBDF/L
ibrary/Caches/texmf-dist/./tex/latex/pict2e/pict2e.cfg
File: pict2e.cfg 2016/02/05 v0.1u pict2e configuration for teTeX/TeXLive
)
Package pict2e Info: Driver file: pdftex.def on input line 119.

(/var/mobile/Containers/Data/Application/467E7597-C7BE-49DF-AE4E-DDA95A01BBDF/L
ibrary/Caches/texmf-dist/./tex/latex/graphics-def/pdftex.def
File: pdftex.def 2018/01/08 v1.0l Graphics/color driver for pdftex
)
Package pict2e Info: Driver file for pict2e: p2e-pdftex.def on input line 121.

(/var/mobile/Containers/Data/Application/467E7597-C7BE-49DF-AE4E-DDA95A01BBDF/L
ibrary/Caches/texmf-dist/./tex/latex/pict2e/p2e-pdftex.def
File: p2e-pdftex.def 2016/02/05 v0.1u Driver-dependant file (RN,HjG,JT)
)
(/private/var/containers/Bundle/Application/38CAA5E5-7B85-4BF0-8BF3-3C6105CB5C8
4/TeX Writer.app/texmf-base/./tex/latex/graphics/trig.sty
Package: trig 2016/01/03 v1.10 sin cos tan (DPC)
)
\pIIe@GRAPH=\toks17
\@arclen=\dimen135
\@arcrad=\dimen136
\@tempdimd=\dimen137
)
(/private/var/containers/Bundle/Application/38CAA5E5-7B85-4BF0-8BF3-3C6105CB5C8
4/TeX Writer.app/texmf-base/./tex/latex/amsmath/amsmath.sty
Package: amsmath 2020/01/20 v2.17e AMS math features
\@mathmargin=\skip50

For additional information on amsmath, use the `?' option.

(/private/var/containers/Bundle/Application/38CAA5E5-7B85-4BF0-8BF3-3C6105CB5C8
4/TeX Writer.app/texmf-base/./tex/latex/amsmath/amstext.sty
Package: amstext 2000/06/29 v2.01 AMS text

(/private/var/containers/Bundle/Application/38CAA5E5-7B85-4BF0-8BF3-3C6105CB5C8
4/TeX Writer.app/texmf-base/./tex/latex/amsmath/amsgen.sty
File: amsgen.sty 1999/11/30 v2.0 generic functions
\@emptytoks=\toks18
\ex@=\dimen138
))
(/private/var/containers/Bundle/Application/38CAA5E5-7B85-4BF0-8BF3-3C6105CB5C8
4/TeX Writer.app/texmf-base/./tex/latex/amsmath/amsbsy.sty
Package: amsbsy 1999/11/29 v1.2d Bold Symbols
\pmbraise@=\dimen139
)
(/private/var/containers/Bundle/Application/38CAA5E5-7B85-4BF0-8BF3-3C6105CB5C8
4/TeX Writer.app/texmf-base/./tex/latex/amsmath/amsopn.sty
Package: amsopn 2016/03/08 v2.02 operator names
)
\inf@bad=\count175
LaTeX Info: Redefining \frac on input line 227.
\uproot@=\count176
\leftroot@=\count177
LaTeX Info: Redefining \overline on input line 389.
\classnum@=\count178
\DOTSCASE@=\count179
LaTeX Info: Redefining \ldots on input line 486.
LaTeX Info: Redefining \dots on input line 489.
LaTeX Info: Redefining \cdots on input line 610.
\Mathstrutbox@=\box45
\strutbox@=\box46
\big@size=\dimen140
LaTeX Font Info:    Redeclaring font encoding OML on input line 733.
LaTeX Font Info:    Redeclaring font encoding OMS on input line 734.
\macc@depth=\count180
\c@MaxMatrixCols=\count181
\dotsspace@=\muskip16
\c@parentequation=\count182
\dspbrk@lvl=\count183
\tag@help=\toks19
\row@=\count184
\column@=\count185
\maxfields@=\count186
\andhelp@=\toks20
\eqnshift@=\dimen141
\alignsep@=\dimen142
\tagshift@=\dimen143
\tagwidth@=\dimen144
\totwidth@=\dimen145
\lineht@=\dimen146
\@envbody=\toks21
\multlinegap=\skip51
\multlinetaggap=\skip52
\mathdisplay@stack=\toks22
LaTeX Info: Redefining \[ on input line 2859.
LaTeX Info: Redefining \] on input line 2860.
)
(/var/mobile/Containers/Data/Application/467E7597-C7BE-49DF-AE4E-DDA95A01BBDF/L
ibrary/Caches/texmf-dist/./tex/latex/enumitem/enumitem.sty
Package: enumitem 2019/06/20 v3.9 Customized lists
\enitkv@toks@=\toks23
\labelindent=\skip53
\enit@outerparindent=\dimen147
\enit@toks=\toks24
\enit@inbox=\box47
\enit@count@id=\count187
\enitdp@description=\count188
)
(/var/mobile/Containers/Data/Application/467E7597-C7BE-49DF-AE4E-DDA95A01BBDF/L
ibrary/Caches/texmf-dist/./tex/latex/eurosym/eurosym.sty
Package: eurosym 1998/08/06 v1.1 European currency symbol ``Euro''
\@eurobox=\box48
)
(/var/mobile/Containers/Data/Application/467E7597-C7BE-49DF-AE4E-DDA95A01BBDF/L
ibrary/Caches/texmf-dist/./tex/latex/mathtools/mathtools.sty
Package: mathtools 2020/03/24 v1.24 mathematical typesetting tools

(/private/var/containers/Bundle/Application/38CAA5E5-7B85-4BF0-8BF3-3C6105CB5C8
4/TeX Writer.app/texmf-base/./tex/latex/graphics/keyval.sty
Package: keyval 2014/10/28 v1.15 key=value parser (DPC)
\KV@toks@=\toks25
)
(/var/mobile/Containers/Data/Application/467E7597-C7BE-49DF-AE4E-DDA95A01BBDF/L
ibrary/Caches/texmf-dist/./tex/latex/tools/calc.sty
Package: calc 2017/05/25 v4.3 Infix arithmetic (KKT,FJ)
\calc@Acount=\count189
\calc@Bcount=\count190
\calc@Adimen=\dimen148
\calc@Bdimen=\dimen149
\calc@Askip=\skip54
\calc@Bskip=\skip55
LaTeX Info: Redefining \setlength on input line 80.
LaTeX Info: Redefining \addtolength on input line 81.
\calc@Ccount=\count191
\calc@Cskip=\skip56
)
(/var/mobile/Containers/Data/Application/467E7597-C7BE-49DF-AE4E-DDA95A01BBDF/L
ibrary/Caches/texmf-dist/./tex/latex/mathtools/mhsetup.sty
Package: mhsetup 2017/03/31 v1.3 programming setup (MH)
)
LaTeX Info: Thecontrolsequence`\('isalreadyrobust on input line 130.
LaTeX Info: Thecontrolsequence`\)'isalreadyrobust on input line 130.
LaTeX Info: Thecontrolsequence`\['isalreadyrobust on input line 130.
LaTeX Info: Thecontrolsequence`\]'isalreadyrobust on input line 130.
\g_MT_multlinerow_int=\count192
\l_MT_multwidth_dim=\dimen150
\origjot=\skip57
\l_MT_shortvdotswithinadjustabove_dim=\dimen151
\l_MT_shortvdotswithinadjustbelow_dim=\dimen152
\l_MT_above_intertext_sep=\dimen153
\l_MT_below_intertext_sep=\dimen154
\l_MT_above_shortintertext_sep=\dimen155
\l_MT_below_shortintertext_sep=\dimen156
\xmathstrut@box=\box49
\xmathstrut@dim=\dimen157
)
(/private/var/containers/Bundle/Application/38CAA5E5-7B85-4BF0-8BF3-3C6105CB5C8
4/TeX Writer.app/texmf-base/./tex/latex/amsfonts/amssymb.sty
Package: amssymb 2013/01/14 v3.01 AMS font symbols

(/private/var/containers/Bundle/Application/38CAA5E5-7B85-4BF0-8BF3-3C6105CB5C8
4/TeX Writer.app/texmf-base/./tex/latex/amsfonts/amsfonts.sty
Package: amsfonts 2013/01/14 v3.01 Basic AMSFonts support
\symAMSa=\mathgroup4
\symAMSb=\mathgroup5
LaTeX Font Info:    Redeclaring math symbol \hbar on input line 98.
LaTeX Font Info:    Overwriting math alphabet `\mathfrak' in version `bold'
(Font)                  U/euf/m/n --> U/euf/b/n on input line 106.
))
(/private/var/containers/Bundle/Application/38CAA5E5-7B85-4BF0-8BF3-3C6105CB5C8
4/TeX Writer.app/texmf-base/./tex/latex/base/latexsym.sty
Package: latexsym 1998/08/17 v2.2e Standard LaTeX package (lasy symbols)
\symlasy=\mathgroup6
LaTeX Font Info:    Overwriting symbol font `lasy' in version `bold'
(Font)                  U/lasy/m/n --> U/lasy/b/n on input line 52.
)
(/var/mobile/Containers/Data/Application/467E7597-C7BE-49DF-AE4E-DDA95A01BBDF/L
ibrary/Caches/texmf-dist/./tex/latex/cancel/cancel.sty
Package: cancel 2013/04/12 v2.2 Cancel math terms
)
(/var/mobile/Containers/Data/Application/467E7597-C7BE-49DF-AE4E-DDA95A01BBDF/L
ibrary/Caches/texmf-dist/./tex/latex/caption/subcaption.sty
Package: subcaption 2020/01/22 v1.3d Sub-captions (AR)

(/var/mobile/Containers/Data/Application/467E7597-C7BE-49DF-AE4E-DDA95A01BBDF/L
ibrary/Caches/texmf-dist/./tex/latex/caption/caption.sty
Package: caption 2020/01/03 v3.4h Customizing captions (AR)

(/var/mobile/Containers/Data/Application/467E7597-C7BE-49DF-AE4E-DDA95A01BBDF/L
ibrary/Caches/texmf-dist/./tex/latex/caption/caption3.sty
Package: caption3 2020/01/03 v1.8h caption3 kernel (AR)
Package caption3 Info: TeX engine: e-TeX on input line 61.
\captionmargin=\dimen158
\captionmargin@=\dimen159
\captionwidth=\dimen160
\caption@tempdima=\dimen161
\caption@indent=\dimen162
\caption@parindent=\dimen163
\caption@hangindent=\dimen164
Package caption Info: Standard document class detected.
)
\c@caption@flags=\count193
\c@continuedfloat=\count194
)
\c@subfigure=\count195
\c@subtable=\count196
)
(/var/mobile/Containers/Data/Application/467E7597-C7BE-49DF-AE4E-DDA95A01BBDF/L
ibrary/Caches/texmf-dist/./tex/latex/tcolorbox/tcolorbox.sty
Package: tcolorbox 2019/11/15 version 4.22 text color boxes

(/var/mobile/Containers/Data/Application/467E7597-C7BE-49DF-AE4E-DDA95A01BBDF/L
ibrary/Caches/texmf-dist/./tex/latex/pgf/basiclayer/pgf.sty
(/var/mobile/Containers/Data/Application/467E7597-C7BE-49DF-AE4E-DDA95A01BBDF/L
ibrary/Caches/texmf-dist/./tex/latex/pgf/utilities/pgfrcs.sty
(/var/mobile/Containers/Data/Application/467E7597-C7BE-49DF-AE4E-DDA95A01BBDF/L
ibrary/Caches/texmf-dist/./tex/generic/pgf/utilities/pgfutil-common.tex
\pgfutil@everybye=\toks26
\pgfutil@tempdima=\dimen165
\pgfutil@tempdimb=\dimen166

(/var/mobile/Containers/Data/Application/467E7597-C7BE-49DF-AE4E-DDA95A01BBDF/L
ibrary/Caches/texmf-dist/./tex/generic/pgf/utilities/pgfutil-common-lists.tex))

(/var/mobile/Containers/Data/Application/467E7597-C7BE-49DF-AE4E-DDA95A01BBDF/L
ibrary/Caches/texmf-dist/./tex/generic/pgf/utilities/pgfutil-latex.def
\pgfutil@abb=\box50

(/var/mobile/Containers/Data/Application/467E7597-C7BE-49DF-AE4E-DDA95A01BBDF/L
ibrary/Caches/texmf-dist/./tex/latex/ms/everyshi.sty
Package: everyshi 2001/05/15 v3.00 EveryShipout Package (MS)
))
(/var/mobile/Containers/Data/Application/467E7597-C7BE-49DF-AE4E-DDA95A01BBDF/L
ibrary/Caches/texmf-dist/./tex/generic/pgf/utilities/pgfrcs.code.tex
(/var/mobile/Containers/Data/Application/467E7597-C7BE-49DF-AE4E-DDA95A01BBDF/L
ibrary/Caches/texmf-dist/./tex/generic/pgf/pgf.revision.tex)
Package: pgfrcs 2020/01/08 v3.1.5b (3.1.5b)
))
Package: pgf 2020/01/08 v3.1.5b (3.1.5b)

(/var/mobile/Containers/Data/Application/467E7597-C7BE-49DF-AE4E-DDA95A01BBDF/L
ibrary/Caches/texmf-dist/./tex/latex/pgf/basiclayer/pgfcore.sty
(/private/var/containers/Bundle/Application/38CAA5E5-7B85-4BF0-8BF3-3C6105CB5C8
4/TeX Writer.app/texmf-base/./tex/latex/graphics/graphicx.sty
Package: graphicx 2019/11/30 v1.2a Enhanced LaTeX Graphics (DPC,SPQR)

(/private/var/containers/Bundle/Application/38CAA5E5-7B85-4BF0-8BF3-3C6105CB5C8
4/TeX Writer.app/texmf-base/./tex/latex/graphics/graphics.sty
Package: graphics 2019/11/30 v1.4a Standard LaTeX Graphics (DPC,SPQR)

(/var/mobile/Containers/Data/Application/467E7597-C7BE-49DF-AE4E-DDA95A01BBDF/L
ibrary/Caches/texmf-dist/./tex/latex/graphics-cfg/graphics.cfg
File: graphics.cfg 2016/06/04 v1.11 sample graphics configuration
)
Package graphics Info: Driver file: pdftex.def on input line 105.
)
\Gin@req@height=\dimen167
\Gin@req@width=\dimen168
)
(/var/mobile/Containers/Data/Application/467E7597-C7BE-49DF-AE4E-DDA95A01BBDF/L
ibrary/Caches/texmf-dist/./tex/latex/pgf/systemlayer/pgfsys.sty
(/var/mobile/Containers/Data/Application/467E7597-C7BE-49DF-AE4E-DDA95A01BBDF/L
ibrary/Caches/texmf-dist/./tex/generic/pgf/systemlayer/pgfsys.code.tex
Package: pgfsys 2020/01/08 v3.1.5b (3.1.5b)

(/var/mobile/Containers/Data/Application/467E7597-C7BE-49DF-AE4E-DDA95A01BBDF/L
ibrary/Caches/texmf-dist/./tex/generic/pgf/utilities/pgfkeys.code.tex
\pgfkeys@pathtoks=\toks27
\pgfkeys@temptoks=\toks28

(/var/mobile/Containers/Data/Application/467E7597-C7BE-49DF-AE4E-DDA95A01BBDF/L
ibrary/Caches/texmf-dist/./tex/generic/pgf/utilities/pgfkeysfiltered.code.tex
\pgfkeys@tmptoks=\toks29
))
\pgf@x=\dimen169
\pgf@y=\dimen170
\pgf@xa=\dimen171
\pgf@ya=\dimen172
\pgf@xb=\dimen173
\pgf@yb=\dimen174
\pgf@xc=\dimen175
\pgf@yc=\dimen176
\pgf@xd=\dimen177
\pgf@yd=\dimen178
\w@pgf@writea=\write3
\r@pgf@reada=\read2
\c@pgf@counta=\count197
\c@pgf@countb=\count198
\c@pgf@countc=\count199
\c@pgf@countd=\count266
\t@pgf@toka=\toks30
\t@pgf@tokb=\toks31
\t@pgf@tokc=\toks32
\pgf@sys@id@count=\count267

(/var/mobile/Containers/Data/Application/467E7597-C7BE-49DF-AE4E-DDA95A01BBDF/L
ibrary/Caches/texmf-dist/./tex/generic/pgf/systemlayer/pgf.cfg
File: pgf.cfg 2020/01/08 v3.1.5b (3.1.5b)
)
Driver file for pgf: pgfsys-pdftex.def

(/var/mobile/Containers/Data/Application/467E7597-C7BE-49DF-AE4E-DDA95A01BBDF/L
ibrary/Caches/texmf-dist/./tex/generic/pgf/systemlayer/pgfsys-pdftex.def
File: pgfsys-pdftex.def 2020/01/08 v3.1.5b (3.1.5b)

(/var/mobile/Containers/Data/Application/467E7597-C7BE-49DF-AE4E-DDA95A01BBDF/L
ibrary/Caches/texmf-dist/./tex/generic/pgf/systemlayer/pgfsys-common-pdf.def
File: pgfsys-common-pdf.def 2020/01/08 v3.1.5b (3.1.5b)
)))
(/var/mobile/Containers/Data/Application/467E7597-C7BE-49DF-AE4E-DDA95A01BBDF/L
ibrary/Caches/texmf-dist/./tex/generic/pgf/systemlayer/pgfsyssoftpath.code.tex
File: pgfsyssoftpath.code.tex 2020/01/08 v3.1.5b (3.1.5b)
\pgfsyssoftpath@smallbuffer@items=\count268
\pgfsyssoftpath@bigbuffer@items=\count269
)
(/var/mobile/Containers/Data/Application/467E7597-C7BE-49DF-AE4E-DDA95A01BBDF/L
ibrary/Caches/texmf-dist/./tex/generic/pgf/systemlayer/pgfsysprotocol.code.tex
File: pgfsysprotocol.code.tex 2020/01/08 v3.1.5b (3.1.5b)
))
(/var/mobile/Containers/Data/Application/467E7597-C7BE-49DF-AE4E-DDA95A01BBDF/L
ibrary/Caches/texmf-dist/./tex/latex/xcolor/xcolor.sty
Package: xcolor 2016/05/11 v2.12 LaTeX color extensions (UK)

(/var/mobile/Containers/Data/Application/467E7597-C7BE-49DF-AE4E-DDA95A01BBDF/L
ibrary/Caches/texmf-dist/./tex/latex/graphics-cfg/color.cfg
File: color.cfg 2016/01/02 v1.6 sample color configuration
)
Package xcolor Info: Driver file: pdftex.def on input line 225.
Package xcolor Info: Model `cmy' substituted by `cmy0' on input line 1348.
Package xcolor Info: Model `hsb' substituted by `rgb' on input line 1352.
Package xcolor Info: Model `RGB' extended on input line 1364.
Package xcolor Info: Model `HTML' substituted by `rgb' on input line 1366.
Package xcolor Info: Model `Hsb' substituted by `hsb' on input line 1367.
Package xcolor Info: Model `tHsb' substituted by `hsb' on input line 1368.
Package xcolor Info: Model `HSB' substituted by `hsb' on input line 1369.
Package xcolor Info: Model `Gray' substituted by `gray' on input line 1370.
Package xcolor Info: Model `wave' substituted by `hsb' on input line 1371.
)
(/var/mobile/Containers/Data/Application/467E7597-C7BE-49DF-AE4E-DDA95A01BBDF/L
ibrary/Caches/texmf-dist/./tex/generic/pgf/basiclayer/pgfcore.code.tex
Package: pgfcore 2020/01/08 v3.1.5b (3.1.5b)

(/var/mobile/Containers/Data/Application/467E7597-C7BE-49DF-AE4E-DDA95A01BBDF/L
ibrary/Caches/texmf-dist/./tex/generic/pgf/math/pgfmath.code.tex
(/var/mobile/Containers/Data/Application/467E7597-C7BE-49DF-AE4E-DDA95A01BBDF/L
ibrary/Caches/texmf-dist/./tex/generic/pgf/math/pgfmathcalc.code.tex
(/var/mobile/Containers/Data/Application/467E7597-C7BE-49DF-AE4E-DDA95A01BBDF/L
ibrary/Caches/texmf-dist/./tex/generic/pgf/math/pgfmathutil.code.tex)
(/var/mobile/Containers/Data/Application/467E7597-C7BE-49DF-AE4E-DDA95A01BBDF/L
ibrary/Caches/texmf-dist/./tex/generic/pgf/math/pgfmathparser.code.tex
\pgfmath@dimen=\dimen179
\pgfmath@count=\count270
\pgfmath@box=\box51
\pgfmath@toks=\toks33
\pgfmath@stack@operand=\toks34
\pgfmath@stack@operation=\toks35
)
(/var/mobile/Containers/Data/Application/467E7597-C7BE-49DF-AE4E-DDA95A01BBDF/L
ibrary/Caches/texmf-dist/./tex/generic/pgf/math/pgfmathfunctions.code.tex
(/var/mobile/Containers/Data/Application/467E7597-C7BE-49DF-AE4E-DDA95A01BBDF/L
ibrary/Caches/texmf-dist/./tex/generic/pgf/math/pgfmathfunctions.basic.code.tex
)
(/var/mobile/Containers/Data/Application/467E7597-C7BE-49DF-AE4E-DDA95A01BBDF/L
ibrary/Caches/texmf-dist/./tex/generic/pgf/math/pgfmathfunctions.trigonometric.
code.tex)
(/var/mobile/Containers/Data/Application/467E7597-C7BE-49DF-AE4E-DDA95A01BBDF/L
ibrary/Caches/texmf-dist/./tex/generic/pgf/math/pgfmathfunctions.random.code.te
x)
(/var/mobile/Containers/Data/Application/467E7597-C7BE-49DF-AE4E-DDA95A01BBDF/L
ibrary/Caches/texmf-dist/./tex/generic/pgf/math/pgfmathfunctions.comparison.cod
e.tex)
(/var/mobile/Containers/Data/Application/467E7597-C7BE-49DF-AE4E-DDA95A01BBDF/L
ibrary/Caches/texmf-dist/./tex/generic/pgf/math/pgfmathfunctions.base.code.tex)

(/var/mobile/Containers/Data/Application/467E7597-C7BE-49DF-AE4E-DDA95A01BBDF/L
ibrary/Caches/texmf-dist/./tex/generic/pgf/math/pgfmathfunctions.round.code.tex
)
(/var/mobile/Containers/Data/Application/467E7597-C7BE-49DF-AE4E-DDA95A01BBDF/L
ibrary/Caches/texmf-dist/./tex/generic/pgf/math/pgfmathfunctions.misc.code.tex)

(/var/mobile/Containers/Data/Application/467E7597-C7BE-49DF-AE4E-DDA95A01BBDF/L
ibrary/Caches/texmf-dist/./tex/generic/pgf/math/pgfmathfunctions.integerarithme
tics.code.tex)))
(/var/mobile/Containers/Data/Application/467E7597-C7BE-49DF-AE4E-DDA95A01BBDF/L
ibrary/Caches/texmf-dist/./tex/generic/pgf/math/pgfmathfloat.code.tex
\c@pgfmathroundto@lastzeros=\count271
))
(/var/mobile/Containers/Data/Application/467E7597-C7BE-49DF-AE4E-DDA95A01BBDF/L
ibrary/Caches/texmf-dist/./tex/generic/pgf/math/pgfint.code.tex)
(/var/mobile/Containers/Data/Application/467E7597-C7BE-49DF-AE4E-DDA95A01BBDF/L
ibrary/Caches/texmf-dist/./tex/generic/pgf/basiclayer/pgfcorepoints.code.tex
File: pgfcorepoints.code.tex 2020/01/08 v3.1.5b (3.1.5b)
\pgf@picminx=\dimen180
\pgf@picmaxx=\dimen181
\pgf@picminy=\dimen182
\pgf@picmaxy=\dimen183
\pgf@pathminx=\dimen184
\pgf@pathmaxx=\dimen185
\pgf@pathminy=\dimen186
\pgf@pathmaxy=\dimen187
\pgf@xx=\dimen188
\pgf@xy=\dimen189
\pgf@yx=\dimen190
\pgf@yy=\dimen191
\pgf@zx=\dimen192
\pgf@zy=\dimen193
)
(/var/mobile/Containers/Data/Application/467E7597-C7BE-49DF-AE4E-DDA95A01BBDF/L
ibrary/Caches/texmf-dist/./tex/generic/pgf/basiclayer/pgfcorepathconstruct.code
.tex
File: pgfcorepathconstruct.code.tex 2020/01/08 v3.1.5b (3.1.5b)
\pgf@path@lastx=\dimen194
\pgf@path@lasty=\dimen195
)
(/var/mobile/Containers/Data/Application/467E7597-C7BE-49DF-AE4E-DDA95A01BBDF/L
ibrary/Caches/texmf-dist/./tex/generic/pgf/basiclayer/pgfcorepathusage.code.tex
File: pgfcorepathusage.code.tex 2020/01/08 v3.1.5b (3.1.5b)
\pgf@shorten@end@additional=\dimen196
\pgf@shorten@start@additional=\dimen197
)
(/var/mobile/Containers/Data/Application/467E7597-C7BE-49DF-AE4E-DDA95A01BBDF/L
ibrary/Caches/texmf-dist/./tex/generic/pgf/basiclayer/pgfcorescopes.code.tex
File: pgfcorescopes.code.tex 2020/01/08 v3.1.5b (3.1.5b)
\pgfpic=\box52
\pgf@hbox=\box53
\pgf@layerbox@main=\box54
\pgf@picture@serial@count=\count272
)
(/var/mobile/Containers/Data/Application/467E7597-C7BE-49DF-AE4E-DDA95A01BBDF/L
ibrary/Caches/texmf-dist/./tex/generic/pgf/basiclayer/pgfcoregraphicstate.code.
tex
File: pgfcoregraphicstate.code.tex 2020/01/08 v3.1.5b (3.1.5b)
\pgflinewidth=\dimen198
)
(/var/mobile/Containers/Data/Application/467E7597-C7BE-49DF-AE4E-DDA95A01BBDF/L
ibrary/Caches/texmf-dist/./tex/generic/pgf/basiclayer/pgfcoretransformations.co
de.tex
File: pgfcoretransformations.code.tex 2020/01/08 v3.1.5b (3.1.5b)
\pgf@pt@x=\dimen199
\pgf@pt@y=\dimen256
\pgf@pt@temp=\dimen257
)
(/var/mobile/Containers/Data/Application/467E7597-C7BE-49DF-AE4E-DDA95A01BBDF/L
ibrary/Caches/texmf-dist/./tex/generic/pgf/basiclayer/pgfcorequick.code.tex
File: pgfcorequick.code.tex 2020/01/08 v3.1.5b (3.1.5b)
)
(/var/mobile/Containers/Data/Application/467E7597-C7BE-49DF-AE4E-DDA95A01BBDF/L
ibrary/Caches/texmf-dist/./tex/generic/pgf/basiclayer/pgfcoreobjects.code.tex
File: pgfcoreobjects.code.tex 2020/01/08 v3.1.5b (3.1.5b)
)
(/var/mobile/Containers/Data/Application/467E7597-C7BE-49DF-AE4E-DDA95A01BBDF/L
ibrary/Caches/texmf-dist/./tex/generic/pgf/basiclayer/pgfcorepathprocessing.cod
e.tex
File: pgfcorepathprocessing.code.tex 2020/01/08 v3.1.5b (3.1.5b)
)
(/var/mobile/Containers/Data/Application/467E7597-C7BE-49DF-AE4E-DDA95A01BBDF/L
ibrary/Caches/texmf-dist/./tex/generic/pgf/basiclayer/pgfcorearrows.code.tex
File: pgfcorearrows.code.tex 2020/01/08 v3.1.5b (3.1.5b)
\pgfarrowsep=\dimen258
)
(/var/mobile/Containers/Data/Application/467E7597-C7BE-49DF-AE4E-DDA95A01BBDF/L
ibrary/Caches/texmf-dist/./tex/generic/pgf/basiclayer/pgfcoreshade.code.tex
File: pgfcoreshade.code.tex 2020/01/08 v3.1.5b (3.1.5b)
\pgf@max=\dimen259
\pgf@sys@shading@range@num=\count273
\pgf@shadingcount=\count274
)
(/var/mobile/Containers/Data/Application/467E7597-C7BE-49DF-AE4E-DDA95A01BBDF/L
ibrary/Caches/texmf-dist/./tex/generic/pgf/basiclayer/pgfcoreimage.code.tex
File: pgfcoreimage.code.tex 2020/01/08 v3.1.5b (3.1.5b)

(/var/mobile/Containers/Data/Application/467E7597-C7BE-49DF-AE4E-DDA95A01BBDF/L
ibrary/Caches/texmf-dist/./tex/generic/pgf/basiclayer/pgfcoreexternal.code.tex
File: pgfcoreexternal.code.tex 2020/01/08 v3.1.5b (3.1.5b)
\pgfexternal@startupbox=\box55
))
(/var/mobile/Containers/Data/Application/467E7597-C7BE-49DF-AE4E-DDA95A01BBDF/L
ibrary/Caches/texmf-dist/./tex/generic/pgf/basiclayer/pgfcorelayers.code.tex
File: pgfcorelayers.code.tex 2020/01/08 v3.1.5b (3.1.5b)
)
(/var/mobile/Containers/Data/Application/467E7597-C7BE-49DF-AE4E-DDA95A01BBDF/L
ibrary/Caches/texmf-dist/./tex/generic/pgf/basiclayer/pgfcoretransparency.code.
tex
File: pgfcoretransparency.code.tex 2020/01/08 v3.1.5b (3.1.5b)
)
(/var/mobile/Containers/Data/Application/467E7597-C7BE-49DF-AE4E-DDA95A01BBDF/L
ibrary/Caches/texmf-dist/./tex/generic/pgf/basiclayer/pgfcorepatterns.code.tex
File: pgfcorepatterns.code.tex 2020/01/08 v3.1.5b (3.1.5b)
)
(/var/mobile/Containers/Data/Application/467E7597-C7BE-49DF-AE4E-DDA95A01BBDF/L
ibrary/Caches/texmf-dist/./tex/generic/pgf/basiclayer/pgfcorerdf.code.tex
File: pgfcorerdf.code.tex 2020/01/08 v3.1.5b (3.1.5b)
)))
(/var/mobile/Containers/Data/Application/467E7597-C7BE-49DF-AE4E-DDA95A01BBDF/L
ibrary/Caches/texmf-dist/./tex/generic/pgf/modules/pgfmoduleshapes.code.tex
File: pgfmoduleshapes.code.tex 2020/01/08 v3.1.5b (3.1.5b)
\pgfnodeparttextbox=\box56
)
(/var/mobile/Containers/Data/Application/467E7597-C7BE-49DF-AE4E-DDA95A01BBDF/L
ibrary/Caches/texmf-dist/./tex/generic/pgf/modules/pgfmoduleplot.code.tex
File: pgfmoduleplot.code.tex 2020/01/08 v3.1.5b (3.1.5b)
)
(/var/mobile/Containers/Data/Application/467E7597-C7BE-49DF-AE4E-DDA95A01BBDF/L
ibrary/Caches/texmf-dist/./tex/latex/pgf/compatibility/pgfcomp-version-0-65.sty
Package: pgfcomp-version-0-65 2020/01/08 v3.1.5b (3.1.5b)
\pgf@nodesepstart=\dimen260
\pgf@nodesepend=\dimen261
)
(/var/mobile/Containers/Data/Application/467E7597-C7BE-49DF-AE4E-DDA95A01BBDF/L
ibrary/Caches/texmf-dist/./tex/latex/pgf/compatibility/pgfcomp-version-1-18.sty
Package: pgfcomp-version-1-18 2020/01/08 v3.1.5b (3.1.5b)
))
(/var/mobile/Containers/Data/Application/467E7597-C7BE-49DF-AE4E-DDA95A01BBDF/L
ibrary/Caches/texmf-dist/./tex/latex/tools/verbatim.sty
Package: verbatim 2019/11/10 v1.5r LaTeX2e package for verbatim enhancements
\every@verbatim=\toks36
\verbatim@line=\toks37
\verbatim@in@stream=\read3
)
(/var/mobile/Containers/Data/Application/467E7597-C7BE-49DF-AE4E-DDA95A01BBDF/L
ibrary/Caches/texmf-dist/./tex/latex/environ/environ.sty
Package: environ 2014/05/04 v0.3 A new way to define environments

(/var/mobile/Containers/Data/Application/467E7597-C7BE-49DF-AE4E-DDA95A01BBDF/L
ibrary/Caches/texmf-dist/./tex/latex/trimspaces/trimspaces.sty
Package: trimspaces 2009/09/17 v1.1 Trim spaces around a token list
))
(/var/mobile/Containers/Data/Application/467E7597-C7BE-49DF-AE4E-DDA95A01BBDF/L
ibrary/Caches/texmf-dist/./tex/latex/etoolbox/etoolbox.sty
Package: etoolbox 2019/09/21 v2.5h e-TeX tools for LaTeX (JAW)
\etb@tempcnta=\count275
)
\tcb@titlebox=\box57
\tcb@upperbox=\box58
\tcb@lowerbox=\box59
\tcb@phantombox=\box60
\c@tcbbreakpart=\count276
\c@tcblayer=\count277
\tcolorbox@number=\count278
\tcb@temp=\box61
\tcb@temp=\box62
\tcb@temp=\box63
\tcb@temp=\box64
\tcb@out=\write4
\tcb@record@out=\write5
)
(/var/mobile/Containers/Data/Application/467E7597-C7BE-49DF-AE4E-DDA95A01BBDF/L
ibrary/Caches/texmf-dist/./tex/latex/colortbl/colortbl.sty
Package: colortbl 2020/01/04 v1.0e Color table columns (DPC)

(/var/mobile/Containers/Data/Application/467E7597-C7BE-49DF-AE4E-DDA95A01BBDF/L
ibrary/Caches/texmf-dist/./tex/latex/tools/array.sty
Package: array 2019/08/31 v2.4l Tabular extension package (FMi)
\col@sep=\dimen262
\ar@mcellbox=\box65
\extrarowheight=\dimen263
\NC@list=\toks38
\extratabsurround=\skip58
\backup@length=\skip59
\ar@cellbox=\box66
)
\everycr=\toks39
\minrowclearance=\skip60
)
(/var/mobile/Containers/Data/Application/467E7597-C7BE-49DF-AE4E-DDA95A01BBDF/L
ibrary/Caches/texmf-dist/./tex/latex/wrapfig/wrapfig.sty
\wrapoverhang=\dimen264
\WF@size=\dimen265
\c@WF@wrappedlines=\count279
\WF@box=\box67
\WF@everypar=\toks40
Package: wrapfig 2003/01/31  v 3.6
)
(/var/mobile/Containers/Data/Application/467E7597-C7BE-49DF-AE4E-DDA95A01BBDF/L
ibrary/Caches/texmf-dist/./tex/latex/arydshln/arydshln.sty
Package: arydshln 2019/02/21 v1.76 
\dashlinedash=\dimen266
\dashlinegap=\dimen267
\adl@box=\box68
\adl@height=\dimen268
\adl@heightsave=\dimen269
\adl@depth=\dimen270
\adl@depthsave=\dimen271
\adl@finaldepth=\dimen272
\adl@columns=\count280
\adl@ncol=\count281
\adl@currentcolumn=\count282
\adl@currentcolumnsave=\count283
\adl@totalheight=\count284
\adl@totalheightsave=\count285
\adl@dash=\count286
\adl@gap=\count287
\adl@cla=\count288
\adl@clb=\count289
\adl@everyvbox=\toks41
\adl@LTpagetotal=\dimen273
)
(/var/mobile/Containers/Data/Application/467E7597-C7BE-49DF-AE4E-DDA95A01BBDF/L
ibrary/Caches/texmf-dist/./tex/latex/mathtools/empheq.sty
Package: empheq 2017/03/31 v2.15 Emphasizing equations
\l_EQ_equationtype_int=\count290
\l_EQ_alignmentmode_int=\count291
\l_EQ_totalwidth_dim=\dimen274
\l_EQ_displaywidth_dim=\dimen275
\l_EQ_temp_linewidth_dim=\dimen276
\l_EQ_linewidth_dim=\dimen277
\EmphEqdelimitershortfall=\dimen278
\EmphEqdelimiterfactor=\count292
\g_EQ_toptag_height_dim=\dimen279
\g_EQ_bottomtag_depth_dim=\dimen280
\g_EQ_toprow_height_dim=\dimen281
\g_EQ_bottomrow_depth_dim=\dimen282
\g_EQ_widesttag_dim=\dimen283
\EQ_mathdisplay_box=\box69
\EQ_tag_box=\box70
\g_EQ_temprow_int=\count293
)
(/var/mobile/Containers/Data/Application/467E7597-C7BE-49DF-AE4E-DDA95A01BBDF/L
ibrary/Caches/texmf-dist/./tex/latex/parskip/parskip.sty
Package: parskip 2020-01-22 v2.0d non-zero parskip adjustments

(/var/mobile/Containers/Data/Application/467E7597-C7BE-49DF-AE4E-DDA95A01BBDF/L
ibrary/Caches/texmf-dist/./tex/latex/kvoptions/kvoptions.sty
Package: kvoptions 2019/11/29 v3.13 Key value format for package options (HO)

(/var/mobile/Containers/Data/Application/467E7597-C7BE-49DF-AE4E-DDA95A01BBDF/L
ibrary/Caches/texmf-dist/./tex/generic/ltxcmds/ltxcmds.sty
Package: ltxcmds 2019/12/15 v1.24 LaTeX kernel commands for general use (HO)
)
(/var/mobile/Containers/Data/Application/467E7597-C7BE-49DF-AE4E-DDA95A01BBDF/L
ibrary/Caches/texmf-dist/./tex/generic/kvsetkeys/kvsetkeys.sty
Package: kvsetkeys 2019/12/15 v1.18 Key value parser (HO)
)))
(/var/mobile/Containers/Data/Application/467E7597-C7BE-49DF-AE4E-DDA95A01BBDF/L
ibrary/Caches/texmf-dist/./tex/latex/multirow/multirow.sty
Package: multirow 2019/05/31 v2.5 Span multiple rows of a table
\multirow@colwidth=\skip61
\multirow@cntb=\count294
\multirow@dima=\skip62
\bigstrutjot=\dimen284
)
(/var/mobile/Containers/Data/Application/467E7597-C7BE-49DF-AE4E-DDA95A01BBDF/L
ibrary/Caches/texmf-dist/./tex/latex/tools/multicol.sty
Package: multicol 2019/12/09 v1.8y multicolumn formatting (FMi)
\c@tracingmulticols=\count295
\mult@box=\box71
\multicol@leftmargin=\dimen285
\c@unbalance=\count296
\c@collectmore=\count297
\doublecol@number=\count298
\multicoltolerance=\count299
\multicolpretolerance=\count300
\full@width=\dimen286
\page@free=\dimen287
\premulticols=\dimen288
\postmulticols=\dimen289
\multicolsep=\skip63
\multicolbaselineskip=\skip64
\partial@page=\box72
\last@line=\box73
\maxbalancingoverflow=\dimen290
\mult@rightbox=\box74
\mult@grightbox=\box75
\mult@gfirstbox=\box76
\mult@firstbox=\box77
\@tempa=\box78
\@tempa=\box79
\@tempa=\box80
\@tempa=\box81
\@tempa=\box82
\@tempa=\box83
\@tempa=\box84
\@tempa=\box85
\@tempa=\box86
\@tempa=\box87
\@tempa=\box88
\@tempa=\box89
\@tempa=\box90
\@tempa=\box91
\@tempa=\box92
\@tempa=\box93
\@tempa=\box94
\@tempa=\box95
\@tempa=\box96
\@tempa=\box97
\@tempa=\box98
\@tempa=\box99
\@tempa=\box100
\@tempa=\box101
\@tempa=\box102
\@tempa=\box103
\@tempa=\box104
\@tempa=\box105
\@tempa=\box106
\@tempa=\box107
\@tempa=\box108
\@tempa=\box109
\@tempa=\box110
\@tempa=\box111
\@tempa=\box112
\@tempa=\box113
\@tempa=\box114
\c@minrows=\count301
\c@columnbadness=\count302
\c@finalcolumnbadness=\count303
\last@try=\dimen291
\multicolovershoot=\dimen292
\multicolundershoot=\dimen293
\mult@nat@firstbox=\box115
\colbreak@box=\box116
\mc@col@check@num=\count304
)
(/private/var/containers/Bundle/Application/38CAA5E5-7B85-4BF0-8BF3-3C6105CB5C8
4/TeX Writer.app/texmf-base/./tex/latex/listings/listings.sty
\lst@mode=\count305
\lst@gtempboxa=\box117
\lst@token=\toks42
\lst@length=\count306
\lst@currlwidth=\dimen294
\lst@column=\count307
\lst@pos=\count308
\lst@lostspace=\dimen295
\lst@width=\dimen296
\lst@newlines=\count309
\lst@lineno=\count310
\lst@maxwidth=\dimen297

(/private/var/containers/Bundle/Application/38CAA5E5-7B85-4BF0-8BF3-3C6105CB5C8
4/TeX Writer.app/texmf-base/./tex/latex/listings/lstmisc.sty
File: lstmisc.sty 2020/03/24 1.8d (Carsten Heinz)
\c@lstnumber=\count311
\lst@skipnumbers=\count312
\lst@framebox=\box118
)
(/private/var/containers/Bundle/Application/38CAA5E5-7B85-4BF0-8BF3-3C6105CB5C8
4/TeX Writer.app/texmf-base/./tex/latex/listings/listings.cfg
File: listings.cfg 2020/03/24 1.8d listings configuration
))
Package: listings 2020/03/24 1.8d (Carsten Heinz)

(/var/mobile/Containers/Data/Application/467E7597-C7BE-49DF-AE4E-DDA95A01BBDF/L
ibrary/Caches/texmf-dist/./tex/latex/pgf/frontendlayer/tikz.sty
(/var/mobile/Containers/Data/Application/467E7597-C7BE-49DF-AE4E-DDA95A01BBDF/L
ibrary/Caches/texmf-dist/./tex/latex/pgf/utilities/pgffor.sty
(/var/mobile/Containers/Data/Application/467E7597-C7BE-49DF-AE4E-DDA95A01BBDF/L
ibrary/Caches/texmf-dist/./tex/latex/pgf/utilities/pgfkeys.sty
(/var/mobile/Containers/Data/Application/467E7597-C7BE-49DF-AE4E-DDA95A01BBDF/L
ibrary/Caches/texmf-dist/./tex/generic/pgf/utilities/pgfkeys.code.tex))
(/var/mobile/Containers/Data/Application/467E7597-C7BE-49DF-AE4E-DDA95A01BBDF/L
ibrary/Caches/texmf-dist/./tex/latex/pgf/math/pgfmath.sty
(/var/mobile/Containers/Data/Application/467E7597-C7BE-49DF-AE4E-DDA95A01BBDF/L
ibrary/Caches/texmf-dist/./tex/generic/pgf/math/pgfmath.code.tex))
(/var/mobile/Containers/Data/Application/467E7597-C7BE-49DF-AE4E-DDA95A01BBDF/L
ibrary/Caches/texmf-dist/./tex/generic/pgf/utilities/pgffor.code.tex
Package: pgffor 2020/01/08 v3.1.5b (3.1.5b)

(/var/mobile/Containers/Data/Application/467E7597-C7BE-49DF-AE4E-DDA95A01BBDF/L
ibrary/Caches/texmf-dist/./tex/generic/pgf/math/pgfmath.code.tex)
\pgffor@iter=\dimen298
\pgffor@skip=\dimen299
\pgffor@stack=\toks43
\pgffor@toks=\toks44
))
(/var/mobile/Containers/Data/Application/467E7597-C7BE-49DF-AE4E-DDA95A01BBDF/L
ibrary/Caches/texmf-dist/./tex/generic/pgf/frontendlayer/tikz/tikz.code.tex
Package: tikz 2020/01/08 v3.1.5b (3.1.5b)

(/var/mobile/Containers/Data/Application/467E7597-C7BE-49DF-AE4E-DDA95A01BBDF/L
ibrary/Caches/texmf-dist/./tex/generic/pgf/libraries/pgflibraryplothandlers.cod
e.tex
File: pgflibraryplothandlers.code.tex 2020/01/08 v3.1.5b (3.1.5b)
\pgf@plot@mark@count=\count313
\pgfplotmarksize=\dimen300
)
\tikz@lastx=\dimen301
\tikz@lasty=\dimen302
\tikz@lastxsaved=\dimen303
\tikz@lastysaved=\dimen304
\tikz@lastmovetox=\dimen305
\tikz@lastmovetoy=\dimen306
\tikzleveldistance=\dimen307
\tikzsiblingdistance=\dimen308
\tikz@figbox=\box119
\tikz@figbox@bg=\box120
\tikz@tempbox=\box121
\tikz@tempbox@bg=\box122
\tikztreelevel=\count314
\tikznumberofchildren=\count315
\tikznumberofcurrentchild=\count316
\tikz@fig@count=\count317

(/var/mobile/Containers/Data/Application/467E7597-C7BE-49DF-AE4E-DDA95A01BBDF/L
ibrary/Caches/texmf-dist/./tex/generic/pgf/modules/pgfmodulematrix.code.tex
File: pgfmodulematrix.code.tex 2020/01/08 v3.1.5b (3.1.5b)
\pgfmatrixcurrentrow=\count318
\pgfmatrixcurrentcolumn=\count319
\pgf@matrix@numberofcolumns=\count320
)
\tikz@expandcount=\count321

(/var/mobile/Containers/Data/Application/467E7597-C7BE-49DF-AE4E-DDA95A01BBDF/L
ibrary/Caches/texmf-dist/./tex/generic/pgf/frontendlayer/tikz/libraries/tikzlib
rarytopaths.code.tex
File: tikzlibrarytopaths.code.tex 2020/01/08 v3.1.5b (3.1.5b)
)))
(/var/mobile/Containers/Data/Application/467E7597-C7BE-49DF-AE4E-DDA95A01BBDF/L
ibrary/Caches/texmf-dist/./tex/latex/tikz-cd/tikz-cd.sty
Package: tikz-cd 2018/11/19 v0.9f Commutative diagrams with TikZ

(/var/mobile/Containers/Data/Application/467E7597-C7BE-49DF-AE4E-DDA95A01BBDF/L
ibrary/Caches/texmf-dist/./tex/generic/tikz-cd/tikzlibrarycd.code.tex
(/var/mobile/Containers/Data/Application/467E7597-C7BE-49DF-AE4E-DDA95A01BBDF/L
ibrary/Caches/texmf-dist/./tex/generic/pgf/frontendlayer/tikz/libraries/tikzlib
rarymatrix.code.tex
File: tikzlibrarymatrix.code.tex 2020/01/08 v3.1.5b (3.1.5b)
)
(/var/mobile/Containers/Data/Application/467E7597-C7BE-49DF-AE4E-DDA95A01BBDF/L
ibrary/Caches/texmf-dist/./tex/generic/pgf/frontendlayer/tikz/libraries/tikzlib
raryquotes.code.tex
File: tikzlibraryquotes.code.tex 2020/01/08 v3.1.5b (3.1.5b)
)
(/var/mobile/Containers/Data/Application/467E7597-C7BE-49DF-AE4E-DDA95A01BBDF/L
ibrary/Caches/texmf-dist/./tex/generic/pgf/libraries/pgflibraryarrows.meta.code
.tex
File: pgflibraryarrows.meta.code.tex 2020/01/08 v3.1.5b (3.1.5b)
\pgfarrowinset=\dimen309
\pgfarrowlength=\dimen310
\pgfarrowwidth=\dimen311
\pgfarrowlinewidth=\dimen312
)))
(/var/mobile/Containers/Data/Application/467E7597-C7BE-49DF-AE4E-DDA95A01BBDF/L
ibrary/Caches/texmf-dist/./tex/generic/pgf/frontendlayer/tikz/libraries/tikzlib
raryshapes.code.tex
File: tikzlibraryshapes.code.tex 2020/01/08 v3.1.5b (3.1.5b)

(/var/mobile/Containers/Data/Application/467E7597-C7BE-49DF-AE4E-DDA95A01BBDF/L
ibrary/Caches/texmf-dist/./tex/generic/pgf/frontendlayer/tikz/libraries/tikzlib
raryshapes.geometric.code.tex
File: tikzlibraryshapes.geometric.code.tex 2020/01/08 v3.1.5b (3.1.5b)

(/var/mobile/Containers/Data/Application/467E7597-C7BE-49DF-AE4E-DDA95A01BBDF/L
ibrary/Caches/texmf-dist/./tex/generic/pgf/libraries/shapes/pgflibraryshapes.ge
ometric.code.tex
File: pgflibraryshapes.geometric.code.tex 2020/01/08 v3.1.5b (3.1.5b)
))
(/var/mobile/Containers/Data/Application/467E7597-C7BE-49DF-AE4E-DDA95A01BBDF/L
ibrary/Caches/texmf-dist/./tex/generic/pgf/frontendlayer/tikz/libraries/tikzlib
raryshapes.misc.code.tex
File: tikzlibraryshapes.misc.code.tex 2020/01/08 v3.1.5b (3.1.5b)

(/var/mobile/Containers/Data/Application/467E7597-C7BE-49DF-AE4E-DDA95A01BBDF/L
ibrary/Caches/texmf-dist/./tex/generic/pgf/libraries/shapes/pgflibraryshapes.mi
sc.code.tex
File: pgflibraryshapes.misc.code.tex 2020/01/08 v3.1.5b (3.1.5b)
))
(/var/mobile/Containers/Data/Application/467E7597-C7BE-49DF-AE4E-DDA95A01BBDF/L
ibrary/Caches/texmf-dist/./tex/generic/pgf/frontendlayer/tikz/libraries/tikzlib
raryshapes.symbols.code.tex
File: tikzlibraryshapes.symbols.code.tex 2020/01/08 v3.1.5b (3.1.5b)

(/var/mobile/Containers/Data/Application/467E7597-C7BE-49DF-AE4E-DDA95A01BBDF/L
ibrary/Caches/texmf-dist/./tex/generic/pgf/libraries/shapes/pgflibraryshapes.sy
mbols.code.tex
File: pgflibraryshapes.symbols.code.tex 2020/01/08 v3.1.5b (3.1.5b)
))
(/var/mobile/Containers/Data/Application/467E7597-C7BE-49DF-AE4E-DDA95A01BBDF/L
ibrary/Caches/texmf-dist/./tex/generic/pgf/frontendlayer/tikz/libraries/tikzlib
raryshapes.arrows.code.tex
File: tikzlibraryshapes.arrows.code.tex 2020/01/08 v3.1.5b (3.1.5b)

(/var/mobile/Containers/Data/Application/467E7597-C7BE-49DF-AE4E-DDA95A01BBDF/L
ibrary/Caches/texmf-dist/./tex/generic/pgf/libraries/shapes/pgflibraryshapes.ar
rows.code.tex
File: pgflibraryshapes.arrows.code.tex 2020/01/08 v3.1.5b (3.1.5b)
))
(/var/mobile/Containers/Data/Application/467E7597-C7BE-49DF-AE4E-DDA95A01BBDF/L
ibrary/Caches/texmf-dist/./tex/generic/pgf/frontendlayer/tikz/libraries/tikzlib
raryshapes.callouts.code.tex
(/var/mobile/Containers/Data/Application/467E7597-C7BE-49DF-AE4E-DDA95A01BBDF/L
ibrary/Caches/texmf-dist/./tex/generic/pgf/libraries/shapes/pgflibraryshapes.ca
llouts.code.tex))
(/var/mobile/Containers/Data/Application/467E7597-C7BE-49DF-AE4E-DDA95A01BBDF/L
ibrary/Caches/texmf-dist/./tex/generic/pgf/frontendlayer/tikz/libraries/tikzlib
raryshapes.multipart.code.tex
File: tikzlibraryshapes.multipart.code.tex 2020/01/08 v3.1.5b (3.1.5b)

(/var/mobile/Containers/Data/Application/467E7597-C7BE-49DF-AE4E-DDA95A01BBDF/L
ibrary/Caches/texmf-dist/./tex/generic/pgf/libraries/shapes/pgflibraryshapes.mu
ltipart.code.tex
File: pgflibraryshapes.multipart.code.tex 2020/01/08 v3.1.5b (3.1.5b)
\pgfnodepartlowerbox=\box123
\pgfnodeparttwobox=\box124
\pgfnodepartthreebox=\box125
\pgfnodepartfourbox=\box126
\pgfnodeparttwentybox=\box127
\pgfnodepartnineteenbox=\box128
\pgfnodeparteighteenbox=\box129
\pgfnodepartseventeenbox=\box130
\pgfnodepartsixteenbox=\box131
\pgfnodepartfifteenbox=\box132
\pgfnodepartfourteenbox=\box133
\pgfnodepartthirteenbox=\box134
\pgfnodeparttwelvebox=\box135
\pgfnodepartelevenbox=\box136
\pgfnodeparttenbox=\box137
\pgfnodepartninebox=\box138
\pgfnodeparteightbox=\box139
\pgfnodepartsevenbox=\box140
\pgfnodepartsixbox=\box141
\pgfnodepartfivebox=\box142
)))
(/var/mobile/Containers/Data/Application/467E7597-C7BE-49DF-AE4E-DDA95A01BBDF/L
ibrary/Caches/texmf-dist/./tex/generic/pgf/frontendlayer/tikz/libraries/tikzlib
rarypositioning.code.tex
File: tikzlibrarypositioning.code.tex 2020/01/08 v3.1.5b (3.1.5b)
)
(/var/mobile/Containers/Data/Application/467E7597-C7BE-49DF-AE4E-DDA95A01BBDF/L
ibrary/Caches/texmf-dist/./tex/generic/pgf/frontendlayer/tikz/libraries/tikzlib
rarypatterns.code.tex
File: tikzlibrarypatterns.code.tex 2020/01/08 v3.1.5b (3.1.5b)

(/var/mobile/Containers/Data/Application/467E7597-C7BE-49DF-AE4E-DDA95A01BBDF/L
ibrary/Caches/texmf-dist/./tex/generic/pgf/libraries/pgflibrarypatterns.code.te
x
File: pgflibrarypatterns.code.tex 2020/01/08 v3.1.5b (3.1.5b)
))
(/var/mobile/Containers/Data/Application/467E7597-C7BE-49DF-AE4E-DDA95A01BBDF/L
ibrary/Caches/texmf-dist/./tex/latex/tikz-qtree/tikz-qtree.sty
(/var/mobile/Containers/Data/Application/467E7597-C7BE-49DF-AE4E-DDA95A01BBDF/L
ibrary/Caches/texmf-dist/./tex/latex/tikz-qtree/pgftree.sty
(/var/mobile/Containers/Data/Application/467E7597-C7BE-49DF-AE4E-DDA95A01BBDF/L
ibrary/Caches/texmf-dist/./tex/latex/tikz-qtree/pgfsubpic.sty
(/var/mobile/Containers/Data/Application/467E7597-C7BE-49DF-AE4E-DDA95A01BBDF/L
ibrary/Caches/texmf-dist/./tex/latex/tikz-qtree/pgfsubpic.tex
\pgf@subpicminx=\dimen313
\pgf@subpicminy=\dimen314
\pgf@subpicmaxx=\dimen315
\pgf@subpicmaxy=\dimen316
))
(/var/mobile/Containers/Data/Application/467E7597-C7BE-49DF-AE4E-DDA95A01BBDF/L
ibrary/Caches/texmf-dist/./tex/latex/tikz-qtree/pgftree.tex
\levelsep=\dimen317
\subtreesep=\dimen318
\smuggle@levelsep=\dimen319
\smuggle@subtreesep=\dimen320
\this@levelsep=\dimen321
\this@subtreesep=\dimen322
\pgftree@childx=\dimen323
\pgftree@savechildx=\dimen324
\pgftree@childy=\dimen325
\pgftree@savechildy=\dimen326
\pgftree@childi=\count322
\pgftree@savechildi=\count323
\pgftree@level=\count324
\pgftree@depth=\dimen327
\pgf@subpic@hbox@children=\box143
\pgf@subpic@minx@children=\dimen328
\pgf@subpic@miny@children=\dimen329
\pgf@subpic@maxx@children=\dimen330
\pgf@subpic@maxy@children=\dimen331
\pgftree@lastchildx=\dimen332
\pgftree@lastchildy=\dimen333
))
(/var/mobile/Containers/Data/Application/467E7597-C7BE-49DF-AE4E-DDA95A01BBDF/L
ibrary/Caches/texmf-dist/./tex/latex/tikz-qtree/tikz-qtree.tex
\@result=\toks45
\child@list=\toks46
\root@node=\toks47
))
(/var/mobile/Containers/Data/Application/467E7597-C7BE-49DF-AE4E-DDA95A01BBDF/L
ibrary/Caches/texmf-dist/./tex/latex/biblatex/biblatex.sty
Package: biblatex 2019/12/01 v3.14 programmable bibliographies (PK/MW)

(/var/mobile/Containers/Data/Application/467E7597-C7BE-49DF-AE4E-DDA95A01BBDF/L
ibrary/Caches/texmf-dist/./tex/latex/pdftexcmds/pdftexcmds.sty
Package: pdftexcmds 2019/11/24 v0.31 Utility functions of pdfTeX for LuaTeX (HO
)

(/var/mobile/Containers/Data/Application/467E7597-C7BE-49DF-AE4E-DDA95A01BBDF/L
ibrary/Caches/texmf-dist/./tex/generic/infwarerr/infwarerr.sty
Package: infwarerr 2019/12/03 v1.5 Providing info/warning/error messages (HO)
)
(/var/mobile/Containers/Data/Application/467E7597-C7BE-49DF-AE4E-DDA95A01BBDF/L
ibrary/Caches/texmf-dist/./tex/generic/iftex/iftex.sty
Package: iftex 2020/03/06 v1.0d TeX engine tests
)
Package pdftexcmds Info: \pdf@primitive is available.
Package pdftexcmds Info: \pdf@ifprimitive is available.
Package pdftexcmds Info: \pdfdraftmode found.
)
(/var/mobile/Containers/Data/Application/467E7597-C7BE-49DF-AE4E-DDA95A01BBDF/L
ibrary/Caches/texmf-dist/./tex/latex/logreq/logreq.sty
Package: logreq 2010/08/04 v1.0 xml request logger
\lrq@indent=\count325

(/var/mobile/Containers/Data/Application/467E7597-C7BE-49DF-AE4E-DDA95A01BBDF/L
ibrary/Caches/texmf-dist/./tex/latex/logreq/logreq.def
File: logreq.def 2010/08/04 v1.0 logreq spec v1.0
))
(/private/var/containers/Bundle/Application/38CAA5E5-7B85-4BF0-8BF3-3C6105CB5C8
4/TeX Writer.app/texmf-base/./tex/latex/base/ifthen.sty
Package: ifthen 2014/09/29 v1.1c Standard LaTeX ifthen package (DPC)
)
(/var/mobile/Containers/Data/Application/467E7597-C7BE-49DF-AE4E-DDA95A01BBDF/L
ibrary/Caches/texmf-dist/./tex/latex/url/url.sty
\Urlmuskip=\muskip17
Package: url 2013/09/16  ver 3.4  Verb mode for urls, etc.
)
\c@tabx@nest=\count326
\c@listtotal=\count327
\c@listcount=\count328
\c@liststart=\count329
\c@liststop=\count330
\c@citecount=\count331
\c@citetotal=\count332
\c@multicitecount=\count333
\c@multicitetotal=\count334
\c@instcount=\count335
\c@maxnames=\count336
\c@minnames=\count337
\c@maxitems=\count338
\c@minitems=\count339
\c@citecounter=\count340
\c@maxcitecounter=\count341
\c@savedcitecounter=\count342
\c@uniquelist=\count343
\c@uniquename=\count344
\c@refsection=\count345
\c@refsegment=\count346
\c@maxextratitle=\count347
\c@maxextratitleyear=\count348
\c@maxextraname=\count349
\c@maxextradate=\count350
\c@maxextraalpha=\count351
\c@abbrvpenalty=\count352
\c@highnamepenalty=\count353
\c@lownamepenalty=\count354
\c@maxparens=\count355
\c@parenlevel=\count356
\blx@tempcnta=\count357
\blx@tempcntb=\count358
\blx@tempcntc=\count359
\blx@maxsection=\count360
\blx@maxsegment@0=\count361
\blx@notetype=\count362
\blx@parenlevel@text=\count363
\blx@parenlevel@foot=\count364
\blx@sectionciteorder@0=\count365
\blx@entrysetcounter=\count366
\labelnumberwidth=\skip65
\labelalphawidth=\skip66
\biblabelsep=\skip67
\bibitemsep=\skip68
\bibnamesep=\skip69
\bibinitsep=\skip70
\bibparsep=\skip71
\bibhang=\skip72
\blx@bcfin=\read4
\blx@bcfout=\write6
\blx@langwohyphens=\language86
\c@mincomprange=\count367
\c@maxcomprange=\count368
\c@mincompwidth=\count369
Package biblatex Info: Trying to load biblatex default data model...
Package biblatex Info: ... file 'blx-dm.def' found.

(/var/mobile/Containers/Data/Application/467E7597-C7BE-49DF-AE4E-DDA95A01BBDF/L
ibrary/Caches/texmf-dist/./tex/latex/biblatex/blx-dm.def
File: blx-dm.def 2019/12/01 v3.14 biblatex localization (PK/MW)
)
Package biblatex Info: Trying to load biblatex custom data model...
Package biblatex Info: ... file 'biblatex-dm.cfg' not found.
\c@afterword=\count370
\c@savedafterword=\count371
\c@annotator=\count372
\c@savedannotator=\count373
\c@author=\count374
\c@savedauthor=\count375
\c@bookauthor=\count376
\c@savedbookauthor=\count377
\c@commentator=\count378
\c@savedcommentator=\count379
\c@editor=\count380
\c@savededitor=\count381
\c@editora=\count382
\c@savededitora=\count383
\c@editorb=\count384
\c@savededitorb=\count385
\c@editorc=\count386
\c@savededitorc=\count387
\c@foreword=\count388
\c@savedforeword=\count389
\c@holder=\count390
\c@savedholder=\count391
\c@introduction=\count392
\c@savedintroduction=\count393
\c@namea=\count394
\c@savednamea=\count395
\c@nameb=\count396
\c@savednameb=\count397
\c@namec=\count398
\c@savednamec=\count399
\c@translator=\count400
\c@savedtranslator=\count401
\c@shortauthor=\count402
\c@savedshortauthor=\count403
\c@shorteditor=\count404
\c@savedshorteditor=\count405
\c@labelname=\count406
\c@savedlabelname=\count407
\c@institution=\count408
\c@savedinstitution=\count409
\c@lista=\count410
\c@savedlista=\count411
\c@listb=\count412
\c@savedlistb=\count413
\c@listc=\count414
\c@savedlistc=\count415
\c@listd=\count416
\c@savedlistd=\count417
\c@liste=\count418
\c@savedliste=\count419
\c@listf=\count420
\c@savedlistf=\count421
\c@location=\count422
\c@savedlocation=\count423
\c@organization=\count424
\c@savedorganization=\count425
\c@origlocation=\count426
\c@savedoriglocation=\count427
\c@origpublisher=\count428
\c@savedorigpublisher=\count429
\c@publisher=\count430
\c@savedpublisher=\count431
\c@language=\count432
\c@savedlanguage=\count433
\c@origlanguage=\count434
\c@savedoriglanguage=\count435
\c@pageref=\count436
\c@savedpageref=\count437
\shorthandwidth=\skip73
\shortjournalwidth=\skip74
\shortserieswidth=\skip75
\shorttitlewidth=\skip76
\shortauthorwidth=\skip77
\shorteditorwidth=\skip78
\locallabelnumberwidth=\skip79
\locallabelalphawidth=\skip80
\localshorthandwidth=\skip81
\localshortjournalwidth=\skip82
\localshortserieswidth=\skip83
\localshorttitlewidth=\skip84
\localshortauthorwidth=\skip85
\localshorteditorwidth=\skip86
Package biblatex Info: Trying to load compatibility code...
Package biblatex Info: ... file 'blx-compat.def' found.

(/var/mobile/Containers/Data/Application/467E7597-C7BE-49DF-AE4E-DDA95A01BBDF/L
ibrary/Caches/texmf-dist/./tex/latex/biblatex/blx-compat.def
File: blx-compat.def 2019/12/01 v3.14 biblatex compatibility (PK/MW)
)
Package biblatex Info: Trying to load generic definitions...
Package biblatex Info: ... file 'biblatex.def' found.

(/var/mobile/Containers/Data/Application/467E7597-C7BE-49DF-AE4E-DDA95A01BBDF/L
ibrary/Caches/texmf-dist/./tex/latex/biblatex/biblatex.def
File: biblatex.def 2019/12/01 v3.14 biblatex compatibility (PK/MW)
\c@textcitecount=\count438
\c@textcitetotal=\count439
\c@textcitemaxnames=\count440
\c@biburlbigbreakpenalty=\count441
\c@biburlbreakpenalty=\count442
\c@biburlnumpenalty=\count443
\c@biburlucpenalty=\count444
\c@biburllcpenalty=\count445
\biburlbigskip=\muskip18
\biburlnumskip=\muskip19
\biburlucskip=\muskip20
\biburllcskip=\muskip21
\c@smartand=\count446
)
Package biblatex Info: Trying to load bibliography style 'numeric'...
Package biblatex Info: ... file 'numeric.bbx' found.

(/var/mobile/Containers/Data/Application/467E7597-C7BE-49DF-AE4E-DDA95A01BBDF/L
ibrary/Caches/texmf-dist/./tex/latex/biblatex/bbx/numeric.bbx
File: numeric.bbx 2019/12/01 v3.14 biblatex bibliography style (PK/MW)
Package biblatex Info: Trying to load bibliography style 'standard'...
Package biblatex Info: ... file 'standard.bbx' found.

(/var/mobile/Containers/Data/Application/467E7597-C7BE-49DF-AE4E-DDA95A01BBDF/L
ibrary/Caches/texmf-dist/./tex/latex/biblatex/bbx/standard.bbx
File: standard.bbx 2019/12/01 v3.14 biblatex bibliography style (PK/MW)
\c@bbx:relatedcount=\count447
\c@bbx:relatedtotal=\count448
))
Package biblatex Info: Trying to load citation style 'numeric'...
Package biblatex Info: ... file 'numeric.cbx' found.

(/var/mobile/Containers/Data/Application/467E7597-C7BE-49DF-AE4E-DDA95A01BBDF/L
ibrary/Caches/texmf-dist/./tex/latex/biblatex/cbx/numeric.cbx
File: numeric.cbx 2019/12/01 v3.14 biblatex citation style (PK/MW)
Package biblatex Info: Redefining '\cite'.
Package biblatex Info: Redefining '\parencite'.
Package biblatex Info: Redefining '\footcite'.
Package biblatex Info: Redefining '\footcitetext'.
Package biblatex Info: Redefining '\smartcite'.
Package biblatex Info: Redefining '\supercite'.
Package biblatex Info: Redefining '\textcite'.
Package biblatex Info: Redefining '\textcites'.
Package biblatex Info: Redefining '\cites'.
Package biblatex Info: Redefining '\parencites'.
Package biblatex Info: Redefining '\smartcites'.
)
Package biblatex Info: Trying to load configuration file...
Package biblatex Info: ... file 'biblatex.cfg' found.

(/var/mobile/Containers/Data/Application/467E7597-C7BE-49DF-AE4E-DDA95A01BBDF/L
ibrary/Caches/texmf-dist/./tex/latex/biblatex/biblatex.cfg
File: biblatex.cfg 
))
(/var/mobile/Containers/Data/Application/467E7597-C7BE-49DF-AE4E-DDA95A01BBDF/L
ibrary/Caches/texmf-dist/./tex/latex/pdfpages/pdfpages.sty
Package: pdfpages 2020/01/28 v0.5q Insert pages of external PDF documents (AM)

(/var/mobile/Containers/Data/Application/467E7597-C7BE-49DF-AE4E-DDA95A01BBDF/L
ibrary/Caches/texmf-dist/./tex/latex/eso-pic/eso-pic.sty
Package: eso-pic 2018/04/12 v2.0h eso-pic (RN)

(/var/mobile/Containers/Data/Application/467E7597-C7BE-49DF-AE4E-DDA95A01BBDF/L
ibrary/Caches/texmf-dist/./tex/generic/atbegshi/atbegshi.sty
Package: atbegshi 2019/12/05 v1.19 At begin shipout hook (HO)
))
\AM@pagewidth=\dimen334
\AM@pageheight=\dimen335

(/var/mobile/Containers/Data/Application/467E7597-C7BE-49DF-AE4E-DDA95A01BBDF/L
ibrary/Caches/texmf-dist/./tex/latex/pdfpages/pppdftex.def
File: pppdftex.def 2020/01/28 v0.5q Pdfpages driver for pdfTeX (AM)
)
\AM@pagebox=\box144
\AM@global@opts=\toks48
\AM@pagecnt=\count449
\AM@toc@title=\toks49
\c@AM@survey=\count450
\AM@templatesizebox=\box145
)
(/var/mobile/Containers/Data/Application/467E7597-C7BE-49DF-AE4E-DDA95A01BBDF/L
ibrary/Caches/texmf-dist/./tex/latex/pgfplots/pgfplots.sty
(/var/mobile/Containers/Data/Application/467E7597-C7BE-49DF-AE4E-DDA95A01BBDF/L
ibrary/Caches/texmf-dist/./tex/generic/pgfplots/pgfplots.revision.tex)
Package: pgfplots 2020/02/29 v1.17 Data Visualization (1.17)

(/var/mobile/Containers/Data/Application/467E7597-C7BE-49DF-AE4E-DDA95A01BBDF/L
ibrary/Caches/texmf-dist/./tex/generic/pgfplots/pgfplots.code.tex
(/var/mobile/Containers/Data/Application/467E7597-C7BE-49DF-AE4E-DDA95A01BBDF/L
ibrary/Caches/texmf-dist/./tex/generic/pgfplots/pgfplotscore.code.tex
\t@pgfplots@toka=\toks50
\t@pgfplots@tokb=\toks51
\t@pgfplots@tokc=\toks52
\pgfplots@tmpa=\dimen336
\c@pgfplots@coordindex=\count451
\c@pgfplots@scanlineindex=\count452

(/var/mobile/Containers/Data/Application/467E7597-C7BE-49DF-AE4E-DDA95A01BBDF/L
ibrary/Caches/texmf-dist/./tex/generic/pgfplots/sys/pgfplotssysgeneric.code.tex
))
(/var/mobile/Containers/Data/Application/467E7597-C7BE-49DF-AE4E-DDA95A01BBDF/L
ibrary/Caches/texmf-dist/./tex/generic/pgfplots/libs/pgfplotslibrary.code.tex)
(/var/mobile/Containers/Data/Application/467E7597-C7BE-49DF-AE4E-DDA95A01BBDF/L
ibrary/Caches/texmf-dist/./tex/generic/pgfplots/oldpgfcompatib/pgfplotsoldpgfsu
pp_loader.code.tex
(/var/mobile/Containers/Data/Application/467E7597-C7BE-49DF-AE4E-DDA95A01BBDF/L
ibrary/Caches/texmf-dist/./tex/generic/pgf/libraries/pgflibraryfpu.code.tex))
(/var/mobile/Containers/Data/Application/467E7597-C7BE-49DF-AE4E-DDA95A01BBDF/L
ibrary/Caches/texmf-dist/./tex/generic/pgfplots/util/pgfplotsutil.code.tex
(/var/mobile/Containers/Data/Application/467E7597-C7BE-49DF-AE4E-DDA95A01BBDF/L
ibrary/Caches/texmf-dist/./tex/generic/pgfplots/liststructure/pgfplotsliststruc
ture.code.tex)
(/var/mobile/Containers/Data/Application/467E7597-C7BE-49DF-AE4E-DDA95A01BBDF/L
ibrary/Caches/texmf-dist/./tex/generic/pgfplots/liststructure/pgfplotsliststruc
tureext.code.tex)
(/var/mobile/Containers/Data/Application/467E7597-C7BE-49DF-AE4E-DDA95A01BBDF/L
ibrary/Caches/texmf-dist/./tex/generic/pgfplots/liststructure/pgfplotsarray.cod
e.tex
\c@pgfplotsarray@tmp=\count453
)
(/var/mobile/Containers/Data/Application/467E7597-C7BE-49DF-AE4E-DDA95A01BBDF/L
ibrary/Caches/texmf-dist/./tex/generic/pgfplots/liststructure/pgfplotsmatrix.co
de.tex)
(/var/mobile/Containers/Data/Application/467E7597-C7BE-49DF-AE4E-DDA95A01BBDF/L
ibrary/Caches/texmf-dist/./tex/generic/pgfplots/numtable/pgfplotstableshared.co
de.tex
\c@pgfplotstable@counta=\count454
\t@pgfplotstable@a=\toks53
)
(/var/mobile/Containers/Data/Application/467E7597-C7BE-49DF-AE4E-DDA95A01BBDF/L
ibrary/Caches/texmf-dist/./tex/generic/pgfplots/liststructure/pgfplotsdeque.cod
e.tex)
(/var/mobile/Containers/Data/Application/467E7597-C7BE-49DF-AE4E-DDA95A01BBDF/L
ibrary/Caches/texmf-dist/./tex/generic/pgfplots/util/pgfplotsbinary.code.tex
(/var/mobile/Containers/Data/Application/467E7597-C7BE-49DF-AE4E-DDA95A01BBDF/L
ibrary/Caches/texmf-dist/./tex/generic/pgfplots/util/pgfplotsbinary.data.code.t
ex))
(/var/mobile/Containers/Data/Application/467E7597-C7BE-49DF-AE4E-DDA95A01BBDF/L
ibrary/Caches/texmf-dist/./tex/generic/pgfplots/util/pgfplotsutil.verb.code.tex
)
(/var/mobile/Containers/Data/Application/467E7597-C7BE-49DF-AE4E-DDA95A01BBDF/L
ibrary/Caches/texmf-dist/./tex/generic/pgfplots/libs/pgflibrarypgfplots.surfsha
ding.code.tex
\c@pgfplotslibrarysurf@no=\count455

(/var/mobile/Containers/Data/Application/467E7597-C7BE-49DF-AE4E-DDA95A01BBDF/L
ibrary/Caches/texmf-dist/./tex/generic/pgfplots/sys/pgflibrarypgfplots.surfshad
ing.pgfsys-pdftex.def)))
(/var/mobile/Containers/Data/Application/467E7597-C7BE-49DF-AE4E-DDA95A01BBDF/L
ibrary/Caches/texmf-dist/./tex/generic/pgfplots/util/pgfplotscolormap.code.tex
(/var/mobile/Containers/Data/Application/467E7597-C7BE-49DF-AE4E-DDA95A01BBDF/L
ibrary/Caches/texmf-dist/./tex/generic/pgfplots/util/pgfplotscolor.code.tex))
(/var/mobile/Containers/Data/Application/467E7597-C7BE-49DF-AE4E-DDA95A01BBDF/L
ibrary/Caches/texmf-dist/./tex/generic/pgfplots/pgfplotsstackedplots.code.tex)
(/var/mobile/Containers/Data/Application/467E7597-C7BE-49DF-AE4E-DDA95A01BBDF/L
ibrary/Caches/texmf-dist/./tex/generic/pgfplots/pgfplotsplothandlers.code.tex
(/var/mobile/Containers/Data/Application/467E7597-C7BE-49DF-AE4E-DDA95A01BBDF/L
ibrary/Caches/texmf-dist/./tex/generic/pgfplots/pgfplotsmeshplothandler.code.te
x
(/var/mobile/Containers/Data/Application/467E7597-C7BE-49DF-AE4E-DDA95A01BBDF/L
ibrary/Caches/texmf-dist/./tex/generic/pgfplots/pgfplotsmeshplotimage.code.tex)
))
(/var/mobile/Containers/Data/Application/467E7597-C7BE-49DF-AE4E-DDA95A01BBDF/L
ibrary/Caches/texmf-dist/./tex/generic/pgfplots/pgfplots.scaling.code.tex)
(/var/mobile/Containers/Data/Application/467E7597-C7BE-49DF-AE4E-DDA95A01BBDF/L
ibrary/Caches/texmf-dist/./tex/generic/pgfplots/pgfplotscoordprocessing.code.te
x)
(/var/mobile/Containers/Data/Application/467E7597-C7BE-49DF-AE4E-DDA95A01BBDF/L
ibrary/Caches/texmf-dist/./tex/generic/pgfplots/pgfplots.errorbars.code.tex)
(/var/mobile/Containers/Data/Application/467E7597-C7BE-49DF-AE4E-DDA95A01BBDF/L
ibrary/Caches/texmf-dist/./tex/generic/pgfplots/pgfplots.markers.code.tex)
(/var/mobile/Containers/Data/Application/467E7597-C7BE-49DF-AE4E-DDA95A01BBDF/L
ibrary/Caches/texmf-dist/./tex/generic/pgfplots/pgfplotsticks.code.tex)
(/var/mobile/Containers/Data/Application/467E7597-C7BE-49DF-AE4E-DDA95A01BBDF/L
ibrary/Caches/texmf-dist/./tex/generic/pgfplots/pgfplots.paths.code.tex)
(/var/mobile/Containers/Data/Application/467E7597-C7BE-49DF-AE4E-DDA95A01BBDF/L
ibrary/Caches/texmf-dist/./tex/generic/pgf/frontendlayer/tikz/libraries/tikzlib
rarydecorations.code.tex
(/var/mobile/Containers/Data/Application/467E7597-C7BE-49DF-AE4E-DDA95A01BBDF/L
ibrary/Caches/texmf-dist/./tex/generic/pgf/modules/pgfmoduledecorations.code.te
x
\pgfdecoratedcompleteddistance=\dimen337
\pgfdecoratedremainingdistance=\dimen338
\pgfdecoratedinputsegmentcompleteddistance=\dimen339
\pgfdecoratedinputsegmentremainingdistance=\dimen340
\pgf@decorate@distancetomove=\dimen341
\pgf@decorate@repeatstate=\count456
\pgfdecorationsegmentamplitude=\dimen342
\pgfdecorationsegmentlength=\dimen343
)
\tikz@lib@dec@box=\box146
)
(/var/mobile/Containers/Data/Application/467E7597-C7BE-49DF-AE4E-DDA95A01BBDF/L
ibrary/Caches/texmf-dist/./tex/generic/pgf/frontendlayer/tikz/libraries/tikzlib
rarydecorations.pathmorphing.code.tex
(/var/mobile/Containers/Data/Application/467E7597-C7BE-49DF-AE4E-DDA95A01BBDF/L
ibrary/Caches/texmf-dist/./tex/generic/pgf/libraries/decorations/pgflibrarydeco
rations.pathmorphing.code.tex))
(/var/mobile/Containers/Data/Application/467E7597-C7BE-49DF-AE4E-DDA95A01BBDF/L
ibrary/Caches/texmf-dist/./tex/generic/pgf/frontendlayer/tikz/libraries/tikzlib
rarydecorations.pathreplacing.code.tex
(/var/mobile/Containers/Data/Application/467E7597-C7BE-49DF-AE4E-DDA95A01BBDF/L
ibrary/Caches/texmf-dist/./tex/generic/pgf/libraries/decorations/pgflibrarydeco
rations.pathreplacing.code.tex))
\pgfplots@numplots=\count457
\pgfplots@xmin@reg=\dimen344
\pgfplots@xmax@reg=\dimen345
\pgfplots@ymin@reg=\dimen346
\pgfplots@ymax@reg=\dimen347
\pgfplots@zmin@reg=\dimen348
\pgfplots@zmax@reg=\dimen349
)
(/var/mobile/Containers/Data/Application/467E7597-C7BE-49DF-AE4E-DDA95A01BBDF/L
ibrary/Caches/texmf-dist/./tex/generic/pgf/frontendlayer/tikz/libraries/tikzlib
raryplotmarks.code.tex
File: tikzlibraryplotmarks.code.tex 2020/01/08 v3.1.5b (3.1.5b)

(/var/mobile/Containers/Data/Application/467E7597-C7BE-49DF-AE4E-DDA95A01BBDF/L
ibrary/Caches/texmf-dist/./tex/generic/pgf/libraries/pgflibraryplotmarks.code.t
ex
File: pgflibraryplotmarks.code.tex 2020/01/08 v3.1.5b (3.1.5b)
)))
(/private/var/containers/Bundle/Application/38CAA5E5-7B85-4BF0-8BF3-3C6105CB5C8
4/TeX Writer.app/texmf-base/./tex/latex/geometry/geometry.sty
Package: geometry 2020/01/02 v5.9 Page Geometry

(/var/mobile/Containers/Data/Application/467E7597-C7BE-49DF-AE4E-DDA95A01BBDF/L
ibrary/Caches/texmf-dist/./tex/generic/iftex/ifvtex.sty
Package: ifvtex 2019/10/25 v1.7 ifvtex legacy package. Use iftex instead.
)
\Gm@cnth=\count458
\Gm@cntv=\count459
\c@Gm@tempcnt=\count460
\Gm@bindingoffset=\dimen350
\Gm@wd@mp=\dimen351
\Gm@odd@mp=\dimen352
\Gm@even@mp=\dimen353
\Gm@layoutwidth=\dimen354
\Gm@layoutheight=\dimen355
\Gm@layouthoffset=\dimen356
\Gm@layoutvoffset=\dimen357
\Gm@dimlist=\toks54
)
(/var/mobile/Containers/Data/Application/467E7597-C7BE-49DF-AE4E-DDA95A01BBDF/L
ibrary/Caches/texmf-dist/./tex/latex/titlesec/titlesec.sty
Package: titlesec 2019/10/16 v2.13 Sectioning titles
\ttl@box=\box147
\beforetitleunit=\skip87
\aftertitleunit=\skip88
\ttl@plus=\dimen358
\ttl@minus=\dimen359
\ttl@toksa=\toks55
\titlewidth=\dimen360
\titlewidthlast=\dimen361
\titlewidthfirst=\dimen362
)
(/var/mobile/Containers/Data/Application/467E7597-C7BE-49DF-AE4E-DDA95A01BBDF/L
ibrary/Caches/texmf-dist/./tex/latex/titlesec/titletoc.sty
Package: titletoc 2019/10/16 v2.13 TOC entries
\ttl@leftsep=\dimen363
)
(/var/mobile/Containers/Data/Application/467E7597-C7BE-49DF-AE4E-DDA95A01BBDF/L
ibrary/Caches/texmf-dist/./tex/latex/tikz-3dplot/tikz-3dplot.sty
(/var/mobile/Containers/Data/Application/467E7597-C7BE-49DF-AE4E-DDA95A01BBDF/L
ibrary/Caches/texmf-dist/./tex/generic/pgf/frontendlayer/tikz/libraries/tikzlib
rarycalc.code.tex
File: tikzlibrarycalc.code.tex 2020/01/08 v3.1.5b (3.1.5b)
)
(/var/mobile/Containers/Data/Application/467E7597-C7BE-49DF-AE4E-DDA95A01BBDF/L
ibrary/Caches/texmf-dist/./tex/generic/pgf/frontendlayer/tikz/libraries/tikzlib
rary3d.code.tex
File: tikzlibrary3d.code.tex 2020/01/08 v3.1.5b (3.1.5b)
)
(/var/mobile/Containers/Data/Application/467E7597-C7BE-49DF-AE4E-DDA95A01BBDF/L
ibrary/Caches/texmf-dist/./tex/generic/pgf/frontendlayer/tikz/libraries/tikzlib
raryarrows.code.tex
File: tikzlibraryarrows.code.tex 2020/01/08 v3.1.5b (3.1.5b)

(/var/mobile/Containers/Data/Application/467E7597-C7BE-49DF-AE4E-DDA95A01BBDF/L
ibrary/Caches/texmf-dist/./tex/generic/pgf/libraries/pgflibraryarrows.code.tex
File: pgflibraryarrows.code.tex 2020/01/08 v3.1.5b (3.1.5b)
\arrowsize=\dimen364
)))
\c@subsubsubsection=\count461
)
(/private/var/containers/Bundle/Application/38CAA5E5-7B85-4BF0-8BF3-3C6105CB5C8
4/TeX Writer.app/texmf-base/./tex/latex/hyperref/hyperref.sty
Package: hyperref 2020/01/14 v7.00d Hypertext links for LaTeX

(/var/mobile/Containers/Data/Application/467E7597-C7BE-49DF-AE4E-DDA95A01BBDF/L
ibrary/Caches/texmf-dist/./tex/generic/kvdefinekeys/kvdefinekeys.sty
Package: kvdefinekeys 2019-12-19 v1.6 Define keys (HO)
)
(/var/mobile/Containers/Data/Application/467E7597-C7BE-49DF-AE4E-DDA95A01BBDF/L
ibrary/Caches/texmf-dist/./tex/generic/pdfescape/pdfescape.sty
Package: pdfescape 2019/12/09 v1.15 Implements pdfTeX's escape features (HO)
)
(/var/mobile/Containers/Data/Application/467E7597-C7BE-49DF-AE4E-DDA95A01BBDF/L
ibrary/Caches/texmf-dist/./tex/latex/hycolor/hycolor.sty
Package: hycolor 2020-01-27 v1.10 Color options for hyperref/bookmark (HO)
)
(/var/mobile/Containers/Data/Application/467E7597-C7BE-49DF-AE4E-DDA95A01BBDF/L
ibrary/Caches/texmf-dist/./tex/latex/letltxmacro/letltxmacro.sty
Package: letltxmacro 2019/12/03 v1.6 Let assignment for LaTeX macros (HO)
)
(/var/mobile/Containers/Data/Application/467E7597-C7BE-49DF-AE4E-DDA95A01BBDF/L
ibrary/Caches/texmf-dist/./tex/latex/auxhook/auxhook.sty
Package: auxhook 2019-12-17 v1.6 Hooks for auxiliary files (HO)
)
\@linkdim=\dimen365
\Hy@linkcounter=\count462
\Hy@pagecounter=\count463

(/private/var/containers/Bundle/Application/38CAA5E5-7B85-4BF0-8BF3-3C6105CB5C8
4/TeX Writer.app/texmf-base/./tex/latex/hyperref/pd1enc.def
File: pd1enc.def 2020/01/14 v7.00d Hyperref: PDFDocEncoding definition (HO)
Now handling font encoding PD1 ...
... no UTF-8 mapping file for font encoding PD1
)
(/var/mobile/Containers/Data/Application/467E7597-C7BE-49DF-AE4E-DDA95A01BBDF/L
ibrary/Caches/texmf-dist/./tex/generic/intcalc/intcalc.sty
Package: intcalc 2019/12/15 v1.3 Expandable calculations with integers (HO)
)
(/var/mobile/Containers/Data/Application/467E7597-C7BE-49DF-AE4E-DDA95A01BBDF/L
ibrary/Caches/texmf-dist/./tex/generic/etexcmds/etexcmds.sty
Package: etexcmds 2019/12/15 v1.7 Avoid name clashes with e-TeX commands (HO)
)
\Hy@SavedSpaceFactor=\count464
Package hyperref Info: Hyper figures OFF on input line 4547.
Package hyperref Info: Link nesting OFF on input line 4552.
Package hyperref Info: Hyper index ON on input line 4555.
Package hyperref Info: Plain pages OFF on input line 4562.
Package hyperref Info: Backreferencing OFF on input line 4567.
Package hyperref Info: Implicit mode ON; LaTeX internals redefined.
Package hyperref Info: Bookmarks ON on input line 4800.
\c@Hy@tempcnt=\count465
LaTeX Info: Redefining \url on input line 5159.
\XeTeXLinkMargin=\dimen366

(/var/mobile/Containers/Data/Application/467E7597-C7BE-49DF-AE4E-DDA95A01BBDF/L
ibrary/Caches/texmf-dist/./tex/generic/bitset/bitset.sty
Package: bitset 2019/12/09 v1.3 Handle bit-vector datatype (HO)

(/var/mobile/Containers/Data/Application/467E7597-C7BE-49DF-AE4E-DDA95A01BBDF/L
ibrary/Caches/texmf-dist/./tex/generic/bigintcalc/bigintcalc.sty
Package: bigintcalc 2019/12/15 v1.5 Expandable calculations on big integers (HO
)
))
\Fld@menulength=\count466
\Field@Width=\dimen367
\Fld@charsize=\dimen368
Package hyperref Info: Hyper figures OFF on input line 6430.
Package hyperref Info: Link nesting OFF on input line 6435.
Package hyperref Info: Hyper index ON on input line 6438.
Package hyperref Info: backreferencing OFF on input line 6445.
Package hyperref Info: Link coloring OFF on input line 6450.
Package hyperref Info: Link coloring with OCG OFF on input line 6455.
Package hyperref Info: PDF/A mode OFF on input line 6460.
LaTeX Info: Redefining \ref on input line 6500.
LaTeX Info: Redefining \pageref on input line 6504.
\Hy@abspage=\count467
\c@Item=\count468
\c@Hfootnote=\count469
)
Package hyperref Info: Driver (autodetected): hpdftex.

(/private/var/containers/Bundle/Application/38CAA5E5-7B85-4BF0-8BF3-3C6105CB5C8
4/TeX Writer.app/texmf-base/./tex/latex/hyperref/hpdftex.def
File: hpdftex.def 2020/01/14 v7.00d Hyperref driver for pdfTeX

(/var/mobile/Containers/Data/Application/467E7597-C7BE-49DF-AE4E-DDA95A01BBDF/L
ibrary/Caches/texmf-dist/./tex/latex/atveryend/atveryend.sty
Package: atveryend 2019-12-11 v1.11 Hooks at the very end of document (HO)
)
\Fld@listcount=\count470
\c@bookmark@seq@number=\count471

(/var/mobile/Containers/Data/Application/467E7597-C7BE-49DF-AE4E-DDA95A01BBDF/L
ibrary/Caches/texmf-dist/./tex/latex/rerunfilecheck/rerunfilecheck.sty
Package: rerunfilecheck 2019/12/05 v1.9 Rerun checks for auxiliary files (HO)

(/var/mobile/Containers/Data/Application/467E7597-C7BE-49DF-AE4E-DDA95A01BBDF/L
ibrary/Caches/texmf-dist/./tex/generic/uniquecounter/uniquecounter.sty
Package: uniquecounter 2019/12/15 v1.4 Provide unlimited unique counter (HO)
)
Package uniquecounter Info: New unique counter `rerunfilecheck' on input line 2
86.
)
\Hy@SectionHShift=\skip89
)
(/private/var/containers/Bundle/Application/38CAA5E5-7B85-4BF0-8BF3-3C6105CB5C8
4/TeX Writer.app/texmf-base/./tex/latex/listings/lstlang1.sty
File: lstlang1.sty 2020/03/24 1.8d listings language file
)
(/private/var/containers/Bundle/Application/38CAA5E5-7B85-4BF0-8BF3-3C6105CB5C8
4/TeX Writer.app/texmf-base/./tex/latex/listings/lstlang2.sty
File: lstlang2.sty 2020/03/24 1.8d listings language file
)
(/private/var/containers/Bundle/Application/38CAA5E5-7B85-4BF0-8BF3-3C6105CB5C8
4/TeX Writer.app/texmf-base/./tex/latex/listings/lstlang3.sty
File: lstlang3.sty 2020/03/24 1.8d listings language file
)
\@quotelevel=\count472
\@quotereset=\count473

(/private/var/containers/Bundle/Application/38CAA5E5-7B85-4BF0-8BF3-3C6105CB5C8
4/TeX Writer.app/texmf-base/./tex/latex/l3backend/l3backend-pdfmode.def
File: l3backend-pdfmode.def 2020-03-12 L3 backend support: PDF mode
\l__kernel_color_stack_int=\count474
\l__pdf_internal_box=\box148
)
(Apuntes.aux)
LaTeX Font Info:    Checking defaults for OML/cmm/m/it on input line 25.
LaTeX Font Info:    ... okay on input line 25.
LaTeX Font Info:    Checking defaults for OMS/cmsy/m/n on input line 25.
LaTeX Font Info:    ... okay on input line 25.
LaTeX Font Info:    Checking defaults for OT1/cmr/m/n on input line 25.
LaTeX Font Info:    ... okay on input line 25.
LaTeX Font Info:    Checking defaults for T1/cmr/m/n on input line 25.
LaTeX Font Info:    ... okay on input line 25.
LaTeX Font Info:    Checking defaults for TS1/cmr/m/n on input line 25.
LaTeX Font Info:    ... okay on input line 25.
LaTeX Font Info:    Checking defaults for OMX/cmex/m/n on input line 25.
LaTeX Font Info:    ... okay on input line 25.
LaTeX Font Info:    Checking defaults for U/cmr/m/n on input line 25.
LaTeX Font Info:    ... okay on input line 25.
LaTeX Font Info:    Checking defaults for PD1/pdf/m/n on input line 25.
LaTeX Font Info:    ... okay on input line 25.

(/var/mobile/Containers/Data/Application/467E7597-C7BE-49DF-AE4E-DDA95A01BBDF/L
ibrary/Caches/texmf-dist/./tex/context/base/mkii/supp-pdf.mkii
[Loading MPS to PDF converter (version 2006.09.02).]
\scratchcounter=\count475
\scratchdimen=\dimen369
\scratchbox=\box149
\nofMPsegments=\count476
\nofMParguments=\count477
\everyMPshowfont=\toks56
\MPscratchCnt=\count478
\MPscratchDim=\dimen370
\MPnumerator=\count479
\makeMPintoPDFobject=\count480
\everyMPtoPDFconversion=\toks57
)
Package caption Info: Begin \AtBeginDocument code.
Package caption Info: hyperref package is loaded.
Package caption Info: listings package is loaded.
Package caption Info: wrapfig package is loaded.
Package caption Info: End \AtBeginDocument code.
 ABD: EveryShipout initializing macros
\c@lstlisting=\count481
Package biblatex Info: Trying to load language 'english'...
Package biblatex Info: ... file 'english.lbx' found.

(/var/mobile/Containers/Data/Application/467E7597-C7BE-49DF-AE4E-DDA95A01BBDF/L
ibrary/Caches/texmf-dist/./tex/latex/biblatex/lbx/english.lbx
File: english.lbx 2019/12/01 v3.14 biblatex localization (PK/MW)
)
Package biblatex Info: Input encoding 'utf8' detected.
Package biblatex Info: Automatic encoding selection.
(biblatex)             Assuming data encoding 'utf8'.
Package biblatex Info: Trying to load bibliographic data...
Package biblatex Info: ... file 'Apuntes.bbl' not found.

No file Apuntes.bbl.
Package biblatex Info: Reference section=0 on input line 25.
Package biblatex Info: Reference segment=0 on input line 25.
\AtBeginShipoutBox=\box150

(/var/mobile/Containers/Data/Application/467E7597-C7BE-49DF-AE4E-DDA95A01BBDF/L
ibrary/Caches/texmf-dist/./tex/latex/pdflscape/pdflscape.sty
Package: pdflscape 2019/12/05 v0.12 Display of landscape pages in PDF (HO)

(/private/var/containers/Bundle/Application/38CAA5E5-7B85-4BF0-8BF3-3C6105CB5C8
4/TeX Writer.app/texmf-base/./tex/latex/graphics/lscape.sty
Package: lscape 2000/10/22 v3.01 Landscape Pages (DPC)
)
Package pdflscape Info: Auto-detected driver: pdftex on input line 81.
)

Package pgfplots Warning: running in backwards compatibility mode (unsuitable t
ick labels; missing features). Consider writing \pgfplotsset{compat=1.17} into 
your preamble.
 on input line 25.

*geometry* driver: auto-detecting
*geometry* detected driver: pdftex
*geometry* verbose mode - [ preamble ] result:
* driver: pdftex
* paper: a4paper
* layout: <same size as paper>
* layoutoffset:(h,v)=(0.0pt,0.0pt)
* modes: 
* h-part:(L,W,R)=(28.45274pt, 540.60239pt, 28.45274pt)
* v-part:(T,H,B)=(28.45274pt, 773.91498pt, 42.67912pt)
* \paperwidth=597.50787pt
* \paperheight=845.04684pt
* \textwidth=540.60239pt
* \textheight=773.91498pt
* \oddsidemargin=-43.81725pt
* \evensidemargin=-43.81725pt
* \topmargin=-43.81725pt
* \headheight=0.0pt
* \headsep=0.0pt
* \topskip=10.0pt
* \footskip=30.0pt
* \marginparwidth=57.0pt
* \marginparsep=11.0pt
* \columnsep=10.0pt
* \skip\footins=9.0pt plus 4.0pt minus 2.0pt
* \hoffset=0.0pt
* \voffset=0.0pt
* \mag=1000
* \@twocolumnfalse
* \@twosidefalse
* \@mparswitchfalse
* \@reversemarginfalse
* (1in=72.27pt=25.4mm, 1cm=28.453pt)

Package hyperref Info: Link coloring OFF on input line 25.

(/private/var/containers/Bundle/Application/38CAA5E5-7B85-4BF0-8BF3-3C6105CB5C8
4/TeX Writer.app/texmf-base/./tex/latex/hyperref/nameref.sty
Package: nameref 2019/09/16 v2.46 Cross-referencing by name of section

(/var/mobile/Containers/Data/Application/467E7597-C7BE-49DF-AE4E-DDA95A01BBDF/L
ibrary/Caches/texmf-dist/./tex/latex/refcount/refcount.sty
Package: refcount 2019/12/15 v3.6 Data extraction from label references (HO)
)
(/var/mobile/Containers/Data/Application/467E7597-C7BE-49DF-AE4E-DDA95A01BBDF/L
ibrary/Caches/texmf-dist/./tex/generic/gettitlestring/gettitlestring.sty
Package: gettitlestring 2019/12/15 v1.6 Cleanup title references (HO)
)
\c@section@level=\count482
)
LaTeX Info: Redefining \ref on input line 25.
LaTeX Info: Redefining \pageref on input line 25.
LaTeX Info: Redefining \nameref on input line 25.

(Apuntes.out) (Apuntes.out)
\@outlinefile=\write7
LaTeX Font Info:    Trying to load font information for U+msa on input line 30.


(/private/var/containers/Bundle/Application/38CAA5E5-7B85-4BF0-8BF3-3C6105CB5C8
4/TeX Writer.app/texmf-base/./tex/latex/amsfonts/umsa.fd
File: umsa.fd 2013/01/14 v3.01 AMS symbols A
)
LaTeX Font Info:    Trying to load font information for U+msb on input line 30.


(/private/var/containers/Bundle/Application/38CAA5E5-7B85-4BF0-8BF3-3C6105CB5C8
4/TeX Writer.app/texmf-base/./tex/latex/amsfonts/umsb.fd
File: umsb.fd 2013/01/14 v3.01 AMS symbols B
)
LaTeX Font Info:    Trying to load font information for U+lasy on input line 30
.

(/private/var/containers/Bundle/Application/38CAA5E5-7B85-4BF0-8BF3-3C6105CB5C8
4/TeX Writer.app/texmf-base/./tex/latex/base/ulasy.fd
File: ulasy.fd 1998/08/17 v2.2e LaTeX symbol font definitions
) (Apuntes.toc)
\tf@toc=\write8
 [1

{/private/var/containers/Bundle/Application/38CAA5E5-7B85-4BF0-8BF3-3C6105CB5C8
4/TeX Writer.app/texmf-base/./fonts/map/pdftex/updmap/pdftex.map}] (Tema 1/Tema
 1.texpdfTeX warning (ext4): destination with the same identifier (name{page.1}
) has been already used, duplicate ignored
<to be read again> 
                   \relax 
l.72 \begin{lstlisting}
                        [1]
<Tema 1/figures/Figure 1.png, id=151, 529.98pt x 326.93571pt>
File: Tema 1/figures/Figure 1.png Graphic file (type png)
<use Tema 1/figures/Figure 1.png>
Package pdftex.def Info: Tema 1/figures/Figure 1.png  used on input line 100.
(pdftex.def)             Requested size: 378.42001pt x 233.44296pt.
 [2 <Tema 1/figures/Figure 1.png>]
<Tema 1/figures/Figure 2.png, id=174, 529.98pt x 326.93571pt>
File: Tema 1/figures/Figure 2.png Graphic file (type png)
<use Tema 1/figures/Figure 2.png>
Package pdftex.def Info: Tema 1/figures/Figure 2.png  used on input line 112.
(pdftex.def)             Requested size: 378.42001pt x 233.44296pt.
<Tema 1/figures/Figure 3.png, id=175, 529.98pt x 326.93571pt>
File: Tema 1/figures/Figure 3.png Graphic file (type png)
<use Tema 1/figures/Figure 3.png>
Package pdftex.def Info: Tema 1/figures/Figure 3.png  used on input line 131.
(pdftex.def)             Requested size: 378.42001pt x 233.44296pt.
 [3 <Tema 1/figures/Figure 2.png>]
<Tema 1/figures/Figure 4.png, id=182, 1027.61057pt x 435.68486pt>
File: Tema 1/figures/Figure 4.png Graphic file (type png)
<use Tema 1/figures/Figure 4.png>
Package pdftex.def Info: Tema 1/figures/Figure 4.png  used on input line 144.
(pdftex.def)             Requested size: 540.60239pt x 229.20998pt.
<Tema 1/figures/Figure 5.png, id=183, 923.67943pt x 368.92114pt>
File: Tema 1/figures/Figure 5.png Graphic file (type png)
<use Tema 1/figures/Figure 5.png>
Package pdftex.def Info: Tema 1/figures/Figure 5.png  used on input line 145.
(pdftex.def)             Requested size: 540.60239pt x 215.92776pt.
 [4 <Tema 1/figures/Figure 3.png> <Tema 1/figures/Figure 4.png>] [5 <Tema 1/fig
ures/Figure 5.png>]
<Tema 1/figures/Figure 6.png, id=197, 923.67943pt x 368.92114pt>
File: Tema 1/figures/Figure 6.png Graphic file (type png)
<use Tema 1/figures/Figure 6.png>
Package pdftex.def Info: Tema 1/figures/Figure 6.png  used on input line 199.
(pdftex.def)             Requested size: 540.60239pt x 215.92776pt.
 [6 <Tema 1/figures/Figure 6.png>]
<Tema 1/figures/Figure 7.png, id=204, 722.7pt x 207.77625pt>
File: Tema 1/figures/Figure 7.png Graphic file (type png)
<use Tema 1/figures/Figure 7.png>
Package pdftex.def Info: Tema 1/figures/Figure 7.png  used on input line 220.
(pdftex.def)             Requested size: 540.60239pt x 155.4228pt.
 [7 <Tema 1/figures/Figure 7.png>]

Package hyperref Warning: Token not allowed in a PDF string (PDFDocEncoding):
(hyperref)                removing `math shift' on input line 244.


Package hyperref Warning: Token not allowed in a PDF string (PDFDocEncoding):
(hyperref)                removing `\@@overline' on input line 244.


Package hyperref Warning: Token not allowed in a PDF string (PDFDocEncoding):
(hyperref)                removing `math shift' on input line 244.


Package hyperref Warning: Token not allowed in a PDF string (PDFDocEncoding):
(hyperref)                removing `math shift' on input line 244.


Package hyperref Warning: Token not allowed in a PDF string (PDFDocEncoding):
(hyperref)                removing `superscript' on input line 244.


Package hyperref Warning: Token not allowed in a PDF string (PDFDocEncoding):
(hyperref)                removing `math shift' on input line 244.


Package hyperref Warning: Token not allowed in a PDF string (PDFDocEncoding):
(hyperref)                removing `math shift' on input line 252.


Package hyperref Warning: Token not allowed in a PDF string (PDFDocEncoding):
(hyperref)                removing `\@@overline' on input line 252.


Package hyperref Warning: Token not allowed in a PDF string (PDFDocEncoding):
(hyperref)                removing `math shift' on input line 252.


Package hyperref Warning: Token not allowed in a PDF string (PDFDocEncoding):
(hyperref)                removing `math shift' on input line 252.


Package hyperref Warning: Token not allowed in a PDF string (PDFDocEncoding):
(hyperref)                removing `superscript' on input line 252.


Package hyperref Warning: Token not allowed in a PDF string (PDFDocEncoding):
(hyperref)                removing `math shift' on input line 252.


Package hyperref Warning: Token not allowed in a PDF string (PDFDocEncoding):
(hyperref)                removing `math shift' on input line 261.


Package hyperref Warning: Token not allowed in a PDF string (PDFDocEncoding):
(hyperref)                removing `\chi' on input line 261.


Package hyperref Warning: Token not allowed in a PDF string (PDFDocEncoding):
(hyperref)                removing `superscript' on input line 261.


Package hyperref Warning: Token not allowed in a PDF string (PDFDocEncoding):
(hyperref)                removing `math shift' on input line 261.


Package hyperref Warning: Token not allowed in a PDF string (PDFDocEncoding):
(hyperref)                removing `math shift' on input line 261.


Package hyperref Warning: Token not allowed in a PDF string (PDFDocEncoding):
(hyperref)                removing `math shift' on input line 261.

[8]
<Tema 1/figures/Figure 8.png, id=221, 960.15857pt x 351.02571pt>
File: Tema 1/figures/Figure 8.png Graphic file (type png)
<use Tema 1/figures/Figure 8.png>
Package pdftex.def Info: Tema 1/figures/Figure 8.png  used on input line 277.
(pdftex.def)             Requested size: 540.60239pt x 197.64429pt.
 [9 <Tema 1/figures/Figure 8.png>]
<Tema 1/figures/Figure 9.png, id=228, 722.7pt x 361.35pt>
File: Tema 1/figures/Figure 9.png Graphic file (type png)
<use Tema 1/figures/Figure 9.png>
Package pdftex.def Info: Tema 1/figures/Figure 9.png  used on input line 309.
(pdftex.def)             Requested size: 378.42001pt x 189.20984pt.
 [10 <Tema 1/figures/Figure 9.png>]
<Tema 1/figures/Figure 10.png, id=234, 722.7pt x 361.35pt>
File: Tema 1/figures/Figure 10.png Graphic file (type png)
<use Tema 1/figures/Figure 10.png>
Package pdftex.def Info: Tema 1/figures/Figure 10.png  used on input line 330.
(pdftex.def)             Requested size: 459.51532pt x 229.75795pt.


Package hyperref Warning: Token not allowed in a PDF string (PDFDocEncoding):
(hyperref)                removing `math shift' on input line 332.


Package hyperref Warning: Token not allowed in a PDF string (PDFDocEncoding):
(hyperref)                removing `math shift' on input line 332.

<Tema 1/figures/Figure 11.png, id=235, 722.7pt x 361.35pt>
File: Tema 1/figures/Figure 11.png Graphic file (type png)
<use Tema 1/figures/Figure 11.png>
Package pdftex.def Info: Tema 1/figures/Figure 11.png  used on input line 354.
(pdftex.def)             Requested size: 540.60239pt x 270.30055pt.
[11 <Tema 1/figures/Figure 10.png>] [12 <Tema 1/figures/Figure 11.png>]
[13]
<Tema 1/figures/Figure 12.png, id=252, 722.7pt x 361.35pt>
File: Tema 1/figures/Figure 12.png Graphic file (type png)
<use Tema 1/figures/Figure 12.png>
Package pdftex.def Info: Tema 1/figures/Figure 12.png  used on input line 425.
(pdftex.def)             Requested size: 432.48355pt x 216.24376pt.
<Tema 1/figures/Figure 13.png, id=253, 722.7pt x 361.35pt>
File: Tema 1/figures/Figure 13.png Graphic file (type png)
<use Tema 1/figures/Figure 13.png>
Package pdftex.def Info: Tema 1/figures/Figure 13.png  used on input line 439.
(pdftex.def)             Requested size: 432.48355pt x 216.24376pt.
 [14 <Tema 1/figures/Figure 12.png>]
<Tema 1/figures/Figure 14.png, id=259, 722.7pt x 361.35pt>
File: Tema 1/figures/Figure 14.png Graphic file (type png)
<use Tema 1/figures/Figure 14.png>
Package pdftex.def Info: Tema 1/figures/Figure 14.png  used on input line 443.
(pdftex.def)             Requested size: 432.48355pt x 216.24376pt.
<Tema 1/figures/Figure 15.png, id=260, 722.7pt x 361.35pt>
File: Tema 1/figures/Figure 15.png Graphic file (type png)
<use Tema 1/figures/Figure 15.png>
Package pdftex.def Info: Tema 1/figures/Figure 15.png  used on input line 453.
(pdftex.def)             Requested size: 432.48355pt x 216.24376pt.
 [15 <Tema 1/figures/Figure 13.png> <Tema 1/figures/Figure 14.png>]
LaTeX Font Info:    Font shape `OT1/cmtt/bx/n' in size <10> not available
(Font)              Font shape `OT1/cmtt/m/n' tried instead on input line 465.
 [16 <Tema 1/figures/Figure 15.png>]
<Tema 1/figures/Figure 16.png, id=277, 722.7pt x 361.35pt>
File: Tema 1/figures/Figure 16.png Graphic file (type png)
<use Tema 1/figures/Figure 16.png>
Package pdftex.def Info: Tema 1/figures/Figure 16.png  used on input line 495.
(pdftex.def)             Requested size: 378.42001pt x 189.20984pt.
<Tema 1/figures/Figure 17.png, id=278, 722.7pt x 361.35pt>
File: Tema 1/figures/Figure 17.png Graphic file (type png)
<use Tema 1/figures/Figure 17.png>
Package pdftex.def Info: Tema 1/figures/Figure 17.png  used on input line 499.
(pdftex.def)             Requested size: 378.42001pt x 189.20984pt.
 [17 <Tema 1/figures/Figure 16.png> <Tema 1/figures/Figure 17.png>] [18] [19]
(Tema 1/Ejercicios Tema 1/Ejercicios Tema 1.tex [20] [21] [22] [23] [24]
[25] [26] [27] [28] [29] [30] [31] [32] [33] [34])) [35] (Tema 2/Tema 2.tex
[36] [37]
<Tema 2/figures/Figure 1.png, id=462, 469.755pt x 252.945pt>
File: Tema 2/figures/Figure 1.png Graphic file (type png)
<use Tema 2/figures/Figure 1.png>
Package pdftex.def Info: Tema 2/figures/Figure 1.png  used on input line 138.
(pdftex.def)             Requested size: 378.42001pt x 203.76503pt.
 [38]
<Tema 2/figures/Figure 2.png, id=469, 469.755pt x 252.945pt>
File: Tema 2/figures/Figure 2.png Graphic file (type png)
<use Tema 2/figures/Figure 2.png>
Package pdftex.def Info: Tema 2/figures/Figure 2.png  used on input line 158.
(pdftex.def)             Requested size: 378.42001pt x 203.76503pt.
 [39 <Tema 2/figures/Figure 1.png> <Tema 2/figures/Figure 2.png>] [40] [41]) [4
2]
Package atveryend Info: Empty hook `BeforeClearDocument' on input line 41.
Package atveryend Info: Empty hook `AfterLastShipout' on input line 41.
 (Apuntes.aux)
Package atveryend Info: Executing hook `AtVeryEndDocument' on input line 41.
Package atveryend Info: Executing hook `AtEndAfterFileList' on input line 41.


Package rerunfilecheck Warning: File `Apuntes.out' has changed.
(rerunfilecheck)                Rerun to get outlines right
(rerunfilecheck)                or use package `bookmark'.

Package rerunfilecheck Info: Checksums for `Apuntes.out':
(rerunfilecheck)             Before: F6532F2201079BEC9902D4A740F0A070;2714
(rerunfilecheck)             After:  2640B8E10CC517C921AC8649C99DDF6A;3658.
Package logreq Info: Writing requests to 'Apuntes.run.xml'.
 ) 
Here is how much of TeX's memory you used:
 46063 strings out of 480618
 1084583 string characters out of 5894377
 1836890 words of memory out of 5000000
 60966 multiletter control sequences out of 15000+600000
 544153 words of font info for 74 fonts, out of 8000000 for 9000
 1141 hyphenation exceptions out of 8191
 66i,19n,100p,1196b,1813s stack positions out of 5000i,500n,10000p,200000b,80000s
{/var/mobile/Containers/Data/Application/467E7597-C7BE-49DF-AE4E-DDA95A01BBDF
/Library/Caches/texmf-dist/./fonts/enc/dvips/cm-super/cm-super-ts1.enc}</privat
e/var/containers/Bundle/Application/38CAA5E5-7B85-4BF0-8BF3-3C6105CB5C84/TeX Wr
iter.app/texmf-base/./fonts/type1/public/amsfonts/cm/cmbx10.pfb></private/var/c
ontainers/Bundle/Application/38CAA5E5-7B85-4BF0-8BF3-3C6105CB5C84/TeX Writer.ap
p/texmf-base/./fonts/type1/public/amsfonts/cm/cmbx12.pfb></private/var/containe
rs/Bundle/Application/38CAA5E5-7B85-4BF0-8BF3-3C6105CB5C84/TeX Writer.app/texmf
-base/./fonts/type1/public/amsfonts/cm/cmex10.pfb></private/var/containers/Bund
le/Application/38CAA5E5-7B85-4BF0-8BF3-3C6105CB5C84/TeX Writer.app/texmf-base/.
/fonts/type1/public/amsfonts/cmextra/cmex7.pfb></private/var/containers/Bundle/
Application/38CAA5E5-7B85-4BF0-8BF3-3C6105CB5C84/TeX Writer.app/texmf-base/./fo
nts/type1/public/amsfonts/cm/cmmi10.pfb></private/var/containers/Bundle/Applica
tion/38CAA5E5-7B85-4BF0-8BF3-3C6105CB5C84/TeX Writer.app/texmf-base/./fonts/typ
e1/public/amsfonts/cm/cmmi12.pfb></private/var/containers/Bundle/Application/38
CAA5E5-7B85-4BF0-8BF3-3C6105CB5C84/TeX Writer.app/texmf-base/./fonts/type1/publ
ic/amsfonts/cm/cmmi5.pfb></private/var/containers/Bundle/Application/38CAA5E5-7
B85-4BF0-8BF3-3C6105CB5C84/TeX Writer.app/texmf-base/./fonts/type1/public/amsfo
nts/cm/cmmi7.pfb></private/var/containers/Bundle/Application/38CAA5E5-7B85-4BF0
-8BF3-3C6105CB5C84/TeX Writer.app/texmf-base/./fonts/type1/public/amsfonts/cm/c
mr10.pfb></private/var/containers/Bundle/Application/38CAA5E5-7B85-4BF0-8BF3-3C
6105CB5C84/TeX Writer.app/texmf-base/./fonts/type1/public/amsfonts/cm/cmr12.pfb
></private/var/containers/Bundle/Application/38CAA5E5-7B85-4BF0-8BF3-3C6105CB5C
84/TeX Writer.app/texmf-base/./fonts/type1/public/amsfonts/cm/cmr17.pfb></priva
te/var/containers/Bundle/Application/38CAA5E5-7B85-4BF0-8BF3-3C6105CB5C84/TeX W
riter.app/texmf-base/./fonts/type1/public/amsfonts/cm/cmr5.pfb></private/var/co
ntainers/Bundle/Application/38CAA5E5-7B85-4BF0-8BF3-3C6105CB5C84/TeX Writer.app
/texmf-base/./fonts/type1/public/amsfonts/cm/cmr7.pfb></private/var/containers/
Bundle/Application/38CAA5E5-7B85-4BF0-8BF3-3C6105CB5C84/TeX Writer.app/texmf-ba
se/./fonts/type1/public/amsfonts/cm/cmsy10.pfb></private/var/containers/Bundle/
Application/38CAA5E5-7B85-4BF0-8BF3-3C6105CB5C84/TeX Writer.app/texmf-base/./fo
nts/type1/public/amsfonts/cm/cmsy5.pfb></private/var/containers/Bundle/Applicat
ion/38CAA5E5-7B85-4BF0-8BF3-3C6105CB5C84/TeX Writer.app/texmf-base/./fonts/type
1/public/amsfonts/cm/cmsy7.pfb></private/var/containers/Bundle/Application/38CA
A5E5-7B85-4BF0-8BF3-3C6105CB5C84/TeX Writer.app/texmf-base/./fonts/type1/public
/amsfonts/cm/cmti10.pfb></private/var/containers/Bundle/Application/38CAA5E5-7B
85-4BF0-8BF3-3C6105CB5C84/TeX Writer.app/texmf-base/./fonts/type1/public/amsfon
ts/cm/cmtt10.pfb></private/var/containers/Bundle/Application/38CAA5E5-7B85-4BF0
-8BF3-3C6105CB5C84/TeX Writer.app/texmf-base/./fonts/type1/public/amsfonts/cm/c
mtt9.pfb></private/var/containers/Bundle/Application/38CAA5E5-7B85-4BF0-8BF3-3C
6105CB5C84/TeX Writer.app/texmf-base/./fonts/type1/public/amsfonts/latxfont/las
y10.pfb></private/var/containers/Bundle/Application/38CAA5E5-7B85-4BF0-8BF3-3C6
105CB5C84/TeX Writer.app/texmf-base/./fonts/type1/public/amsfonts/latxfont/line
10.pfb></private/var/containers/Bundle/Application/38CAA5E5-7B85-4BF0-8BF3-3C61
05CB5C84/TeX Writer.app/texmf-base/./fonts/type1/public/amsfonts/symbols/msbm10
.pfb></var/mobile/Containers/Data/Application/467E7597-C7BE-49DF-AE4E-DDA95A01B
BDF/Library/Caches/texmf-dist/./fonts/type1/public/cm-super/sfbx1440.pfb></var/
mobile/Containers/Data/Application/467E7597-C7BE-49DF-AE4E-DDA95A01BBDF/Library
/Caches/texmf-dist/./fonts/type1/public/cm-super/sfrm1000.pfb>
Output written on Apuntes.pdf (43 pages, 735990 bytes).
PDF statistics:
 614 PDF objects out of 1000 (max. 8388607)
 194 named destinations out of 1000 (max. 500000)
 364 words of extra memory for PDF output out of 10000 (max. 10000000)

