\BOOKMARK [1][-]{section.1}{\376\377\000M\000u\000e\000s\000t\000r\000e\000o\000\040\000y\000\040\000d\000i\000s\000t\000r\000i\000b\000u\000c\000i\000o\000n\000e\000s\000\040\000m\000u\000e\000s\000t\000r\000a\000l\000e\000s}{}% 1
\BOOKMARK [2][-]{subsection.1.1}{\376\377\000I\000n\000t\000r\000o\000d\000u\000c\000c\000i\000\363\000n}{section.1}% 2
\BOOKMARK [2][-]{subsection.1.2}{\376\377\000E\000j\000e\000m\000p\000l\000o\000s}{section.1}% 3
\BOOKMARK [2][-]{subsection.1.3}{\376\377\000S\000u\000r\000g\000e\000\040\000u\000n\000a\000\040\000p\000r\000e\000g\000u\000n\000t\000a}{section.1}% 4
\BOOKMARK [2][-]{subsection.1.4}{\376\377\000E\000s\000b\000o\000z\000o\000\040\000d\000e\000\040\000r\000e\000s\000p\000u\000e\000s\000t\000a\000:\000\040\000t\000a\000s\000a\000\040\000d\000e\000\040\000p\000a\000r\000t\000i\000c\000i\000p\000a\000c\000i\000\363\000n}{section.1}% 5
\BOOKMARK [2][-]{subsection.1.5}{\376\377\000R\000e\000a\000l\000i\000z\000a\000c\000i\000\363\000n\000\040\000d\000e\000l\000\040\000e\000x\000p\000e\000r\000i\000m\000e\000n\000t\000o\000:\000\040\000c\000o\000n\000c\000l\000u\000s\000i\000o\000n\000e\000s}{section.1}% 6
\BOOKMARK [2][-]{subsection.1.6}{\376\377\000E\000n\000\040\000l\000a\000\040\000p\000r\000\341\000c\000t\000i\000c\000a}{section.1}% 7
\BOOKMARK [2][-]{subsection.1.7}{\376\377\000U\000s\000o\000\040\000d\000e\000\040\000l\000a\000\040\000d\000i\000s\000t\000r\000i\000b\000u\000c\000i\000\363\000n\000\040\000m\000u\000e\000s\000t\000r\000a\000l}{section.1}% 8
\BOOKMARK [2][-]{subsection.1.8}{\376\377\000A\000n\000t\000e\000s\000\040\000d\000e\000\040\000e\000x\000t\000r\000a\000e\000r\000\040\000u\000n\000a\000\040\000m\000u\000e\000s\000t\000r\000a\000:}{section.1}% 9
\BOOKMARK [2][-]{subsection.1.9}{\376\377\000O\000t\000r\000o\000\040\000e\000j\000e\000m\000p\000l\000o\000:\000\040\000v\000a\000l\000o\000r\000e\000s\000\040\000m\000u\000e\000s\000t\000r\000a\000l\000e\000s\000\040\000d\000e\000\040\000u\000n\000a\000\040\000d\000i\000s\000t\000r\000i\000b\000u\000c\000i\000\363\000n\000\040\000n\000o\000r\000m\000a\000l}{section.1}% 10
\BOOKMARK [2][-]{subsection.1.10}{\376\377\000U\000n\000\040\000r\000e\000s\000u\000l\000t\000a\000d\000o\000\040\000i\000m\000p\000o\000r\000t\000a\000n\000t\000e}{section.1}% 11
\BOOKMARK [2][-]{subsection.1.11}{\376\377\000A\000l\000g\000u\000n\000o\000s\000\040\000t\000\351\000r\000m\000i\000n\000o\000s}{section.1}% 12
\BOOKMARK [2][-]{subsection.1.12}{\376\377\000E\000j\000e\000m\000p\000l\000o\000s\000\040\000d\000e\000\040\000e\000s\000t\000a\000d\000\355\000s\000t\000i\000c\000o\000s}{section.1}% 13
\BOOKMARK [2][-]{subsection.1.13}{\376\377\000L\000a\000\040\000m\000e\000d\000i\000a\000\040\000m\000u\000e\000s\000t\000r\000a\000l}{section.1}% 14
\BOOKMARK [3][-]{subsubsection.1.13.1}{\376\377\000E\000s\000p\000e\000r\000a\000n\000z\000a\000\040\000y\000\040\000v\000a\000r\000i\000a\000n\000z\000a\000\040\000d\000e\000\040\000l\000a\000\040\000m\000e\000d\000i\000a\000\040\000m\000u\000e\000s\000t\000r\000a\000l}{subsection.1.13}% 15
\BOOKMARK [2][-]{subsection.1.14}{\376\377\000C\000o\000n\000s\000e\000c\000u\000e\000n\000c\000i\000a\000\040\000p\000r\000\341\000c\000t\000i\000c\000a}{section.1}% 16
\BOOKMARK [3][-]{subsubsection.1.14.1}{\376\377\000A\000n\000a\000l\000o\000g\000\355\000a\000\040\000c\000o\000n\000\040\000u\000n\000a\000\040\000d\000i\000a\000n\000a}{subsection.1.14}% 17
\BOOKMARK [2][-]{subsection.1.15}{\376\377\000V\000a\000r\000i\000a\000n\000z\000a\000\040\000m\000u\000e\000s\000t\000r\000a\000l}{section.1}% 18
\BOOKMARK [3][-]{subsubsection.1.15.1}{\376\377\000D\000o\000s\000\040\000a\000p\000u\000n\000t\000e\000s}{subsection.1.15}% 19
\BOOKMARK [2][-]{subsection.1.16}{\376\377\000E\000s\000p\000e\000r\000a\000n\000z\000a\000\040\000d\000e\000\040\000l\000a\000\040\000v\000a\000r\000i\000a\000n\000z\000a\000\040\000m\000u\000e\000s\000t\000r\000a\000l}{section.1}% 20
\BOOKMARK [2][-]{subsection.1.17}{\376\377\000D\000i\000s\000t\000r\000i\000b\000u\000c\000i\000o\000n\000e\000s\000\040\000m\000u\000e\000s\000t\000r\000a\000l\000e\000s\000\040\000d\000e\000\040\000X\000\040\000y\000\040\000S\0002}{section.1}% 21
\BOOKMARK [2][-]{subsection.1.18}{\376\377\000D\000i\000s\000t\000r\000i\000b\000u\000c\000i\000\363\000n\000\040\000d\000e\000\040\000X\000\040\000y\000\040\000S\0002\000\040\000p\000a\000r\000a\000\040\000u\000n\000a\000\040\000m\000.\000a\000.\000s\000.\000\040\000d\000e\000\040\000u\000n\000a\000\040\000d\000i\000s\000t\000r\000i\000b\000u\000c\000i\000\363\000n\000\040\000n\000o\000r\000m\000a\000l}{section.1}% 22
\BOOKMARK [2][-]{subsection.1.19}{\376\377\000R\000e\000c\000o\000r\000d\000a\000t\000o\000r\000i\000o\000:\000\040\000d\000i\000s\000t\000r\000i\000b\000u\000c\000i\000\363\000n\000\040\0002\000\040\000c\000o\000n\000\040\000p\000\040\000g\000r\000a\000d\000o\000s\000\040\000d\000e\000\040\000l\000i\000b\000e\000r\000t\000a\000d}{section.1}% 23
\BOOKMARK [2][-]{subsection.1.20}{\376\377\000D\000i\000s\000t\000r\000i\000b\000u\000c\000i\000\363\000n\000\040\000t\000-\000S\000t\000u\000d\000e\000n\000t}{section.1}% 24
\BOOKMARK [2][-]{subsection.1.21}{\376\377\000D\000i\000s\000t\000r\000i\000b\000u\000c\000i\000\363\000n\000\040\000F\000\040\000d\000e\000\040\000S\000n\000e\000d\000e\000c\000o\000r\000\040\000p\000a\000r\000a\000\040\000e\000l\000\040\000c\000o\000c\000i\000e\000n\000t\000e\000\040\000d\000e\000\040\000v\000a\000r\000i\000a\000n\000z\000a\000s}{section.1}% 25
\BOOKMARK [2][-]{subsection.1.22}{\376\377\000S\000i\000\040\000l\000a\000\040\000d\000i\000s\000t\000r\000i\000b\000u\000c\000i\000\363\000n\000\040\000d\000e\000\040\000X\000\040\000n\000o\000\040\000e\000s\000\040\000N\000o\000r\000m\000a\000l}{section.1}% 26
