\BOOKMARK [1][-]{section.1}{\376\377\000R\000e\000c\000u\000p\000e\000r\000a\000c\000i\000\363\000n\000\040\000d\000e\000\040\000d\000a\000t\000o\000s\000\040\000y\000\040\000f\000o\000r\000m\000a\000t\000o\000s\000\040\000d\000e\000\040\000s\000e\000r\000i\000a\000l\000i\000z\000a\000c\000i\000\363\000n}{}% 1
\BOOKMARK [2][-]{subsection.1.1}{\376\377\000N\000e\000c\000e\000s\000i\000d\000a\000d\000\040\000d\000e\000\040\000f\000o\000r\000m\000a\000t\000o\000s\000\040\000d\000e\000\040\000s\000e\000r\000i\000a\000l\000i\000z\000a\000c\000i\000\363\000n}{section.1}% 2
\BOOKMARK [2][-]{subsection.1.2}{\376\377\000C\000a\000r\000a\000c\000t\000e\000r\000\355\000s\000t\000i\000c\000a\000s\000\040\000a\000\040\000a\000n\000a\000l\000i\000z\000a\000r}{section.1}% 3
\BOOKMARK [3][-]{subsubsection.1.2.1}{\376\377\000P\000a\000n\000d\000a\000s}{subsection.1.2}% 4
\BOOKMARK [3][-]{subsubsection.1.2.2}{\376\377\000X\000M\000L\000\040\000\050\000e\000X\000t\000e\000n\000s\000i\000b\000l\000e\000\040\000M\000a\000r\000k\000u\000p\000\040\000L\000a\000n\000g\000u\000a\000g\000e\000\051}{subsection.1.2}% 5
\BOOKMARK [3][-]{subsubsection.1.2.3}{\376\377\000C\000S\000V\000\040\000\050\000C\000o\000m\000m\000a\000-\000S\000e\000p\000a\000r\000a\000t\000e\000d\000\040\000V\000a\000l\000u\000e\000s\000\051}{subsection.1.2}% 6
\BOOKMARK [3][-]{subsubsection.1.2.4}{\376\377\000J\000S\000O\000N\000\040\000\050\000J\000a\000v\000a\000S\000c\000r\000i\000p\000t\000\040\000O\000b\000j\000e\000c\000t\000\040\000N\000o\000t\000a\000t\000i\000o\000n\000\051}{subsection.1.2}% 7
\BOOKMARK [3][-]{subsubsection.1.2.5}{\376\377\000A\000p\000a\000c\000h\000e\000\040\000A\000v\000r\000o}{subsection.1.2}% 8
\BOOKMARK [3][-]{subsubsection.1.2.6}{\376\377\000T\000h\000r\000i\000f\000t}{subsection.1.2}% 9
\BOOKMARK [3][-]{subsubsection.1.2.7}{\376\377\000P\000r\000e\000-\000p\000r\000o\000c\000e\000s\000a\000m\000i\000e\000n\000t\000o\000\040\000d\000e\000\040\000d\000a\000t\000o\000s\000\040\000c\000o\000n\000\040\000P\000a\000n\000d\000a\000s}{subsection.1.2}% 10
\BOOKMARK [2][-]{subsection.1.3}{\376\377\000C\000o\000n\000c\000l\000u\000s\000i\000o\000n\000e\000s}{section.1}% 11
\BOOKMARK [1][-]{section.2}{\376\377\000I\000n\000t\000r\000o\000d\000u\000c\000c\000i\000\363\000n\000\040\000a\000\040\000l\000o\000s\000\040\000s\000i\000s\000t\000e\000m\000a\000s\000\040\000N\000o\000S\000Q\000L}{}% 12
\BOOKMARK [2][-]{subsection.2.1}{\376\377\000I\000n\000t\000r\000o\000d\000u\000c\000c\000i\000\363\000n\000\040\000a\000\040\000N\000o\000S\000Q\000L}{section.2}% 13
\BOOKMARK [3][-]{subsubsection.2.1.1}{\376\377\000\277\000P\000o\000r\000\040\000q\000u\000\351\000\040\000s\000e\000\040\000p\000l\000a\000n\000t\000e\000a\000r\000o\000n\000?}{subsection.2.1}% 14
\BOOKMARK [3][-]{subsubsection.2.1.2}{\376\377\000C\000a\000r\000a\000c\000t\000e\000r\000\355\000s\000t\000i\000c\000a\000s}{subsection.2.1}% 15
\BOOKMARK [4][-]{subsubsubsection.2.1.2.1}{\376\377\000C\000a\000t\000e\000g\000o\000r\000\355\000a\000s\000\040\000d\000e\000\040\000N\000o\000S\000Q\000L}{subsubsection.2.1.2}% 16
\BOOKMARK [3][-]{subsubsection.2.1.3}{\376\377\000E\000v\000o\000l\000u\000c\000i\000\363\000n\000\040\000d\000e\000s\000d\000e\000\040\000e\000l\000\040\000m\000o\000d\000e\000l\000o\000\040\000r\000e\000l\000a\000c\000i\000o\000n\000a\000l}{subsection.2.1}% 17
\BOOKMARK [2][-]{subsection.2.2}{\376\377\000A\000d\000o\000p\000c\000i\000\363\000n\000\040\000d\000e\000\040\000N\000o\000S\000Q\000L}{section.2}% 18
\BOOKMARK [3][-]{subsubsection.2.2.1}{\376\377\000A\000n\000\341\000l\000i\000s\000i\000s}{subsection.2.2}% 19
\BOOKMARK [2][-]{subsection.2.3}{\376\377\000C\000a\000m\000b\000i\000o\000\040\000d\000e\000\040\000p\000e\000r\000s\000p\000e\000c\000t\000i\000v\000a\000:\000\040\000R\000e\000d}{section.2}% 20
\BOOKMARK [3][-]{subsubsubsection.2.3.0.1}{\376\377\000A\000l\000m\000a\000c\000e\000n\000a\000m\000i\000e\000n\000t\000o\000\040\000d\000i\000s\000t\000r\000i\000b\000u\000i\000d\000o}{subsection.2.3}% 21
\BOOKMARK [4][-]{subsubsubsection.2.3.0.2}{\376\377\000P\000r\000o\000c\000e\000s\000a\000m\000i\000e\000n\000t\000o\000\040\000d\000i\000s\000t\000r\000i\000b\000u\000i\000d\000o}{subsubsubsection.2.3.0.1}% 22
\BOOKMARK [4][-]{subsubsubsection.2.3.0.3}{\376\377\000M\000o\000d\000e\000l\000o\000\040\000d\000e\000\040\000d\000a\000t\000o\000s}{subsubsubsection.2.3.0.1}% 23
\BOOKMARK [2][-]{subsection.2.4}{\376\377\000S\000c\000h\000e\000m\000a\000l\000e\000s\000s}{section.2}% 24
\BOOKMARK [3][-]{subsubsection.2.4.1}{\376\377\000\277\000C\000u\000\341\000n\000d\000o\000\040\000e\000s\000\040\000a\000p\000r\000o\000p\000i\000a\000d\000o\000\040\000s\000c\000h\000e\000m\000a\000l\000e\000s\000s\000?}{subsection.2.4}% 25
\BOOKMARK [2][-]{subsection.2.5}{\376\377\000M\000a\000p\000-\000R\000e\000d\000u\000c\000e}{section.2}% 26
\BOOKMARK [3][-]{subsubsection.2.5.1}{\376\377\000E\000f\000i\000c\000i\000e\000n\000c\000i\000a\000\040\000r\000a\000w}{subsection.2.5}% 27
\BOOKMARK [2][-]{subsection.2.6}{\376\377\000T\000i\000p\000o\000s\000\040\000d\000e\000\040\000s\000i\000s\000t\000e\000m\000a\000s\000\040\000N\000o\000S\000Q\000L}{section.2}% 28
\BOOKMARK [3][-]{subsubsection.2.6.1}{\376\377\000K\000e\000y\000-\000V\000a\000l\000u\000e\000\040\000S\000t\000o\000r\000e\000s\000\040\000y\000\040\000D\000o\000c\000u\000m\000e\000n\000t\000a\000l\000e\000s}{subsection.2.6}% 29
\BOOKMARK [3][-]{subsubsection.2.6.2}{\376\377\000B\000a\000s\000e\000s\000\040\000d\000e\000\040\000D\000a\000t\000o\000s\000\040\000C\000o\000l\000u\000m\000n\000a\000r\000e\000s}{subsection.2.6}% 30
\BOOKMARK [3][-]{subsubsection.2.6.3}{\376\377\000B\000a\000s\000e\000s\000\040\000d\000e\000\040\000D\000a\000t\000o\000s\000\040\000d\000e\000\040\000G\000r\000a\000f\000o\000s}{subsection.2.6}% 31
\BOOKMARK [4][-]{subsubsubsection.2.6.3.1}{\376\377\000G\000r\000a\000f\000o\000\040\000y\000\040\000c\000o\000n\000s\000u\000l\000t\000a\000\040\000e\000n\000\040\000N\000e\000o\0004\000j}{subsubsection.2.6.3}% 32
\BOOKMARK [3][-]{subsubsection.2.6.4}{\376\377\000B\000a\000s\000e\000s\000\040\000d\000e\000\040\000D\000a\000t\000o\000s\000\040\000b\000a\000s\000a\000d\000a\000s\000\040\000e\000n\000\040\000A\000r\000r\000a\000y\000s}{subsection.2.6}% 33
\BOOKMARK [1][-]{section.3}{\376\377\000B\000a\000s\000e\000s\000\040\000d\000e\000\040\000d\000a\000t\000o\000s\000\040\000b\000a\000s\000a\000d\000a\000s\000\040\000e\000n\000\040\000d\000o\000c\000u\000m\000e\000n\000t\000o\000s}{}% 34
\BOOKMARK [2][-]{subsection.3.1}{\376\377\000I\000n\000t\000r\000o\000d\000u\000c\000c\000i\000\363\000n\000\040\000a\000\040\000l\000a\000s\000\040\000b\000a\000s\000e\000s\000\040\000d\000e\000\040\000d\000a\000t\000o\000s\000\040\000d\000e\000\040\000d\000o\000c\000u\000m\000e\000n\000t\000o\000s}{section.3}% 35
\BOOKMARK [3][-]{subsubsection.3.1.1}{\376\377\000B\000a\000s\000e\000s\000\040\000d\000a\000t\000o\000s\000\040\000D\000o\000c\000u\000m\000e\000n\000t\000a\000l\000e\000s}{subsection.3.1}% 36
\BOOKMARK [2][-]{subsection.3.2}{\376\377\000M\000o\000d\000e\000l\000a\000d\000o\000\040\000d\000e\000\040\000b\000a\000s\000e\000s\000\040\000d\000e\000\040\000d\000a\000t\000o\000s\000\040\000d\000e\000\040\000d\000o\000c\000u\000m\000e\000n\000t\000o\000s}{section.3}% 37
\BOOKMARK [3][-]{subsubsection.3.2.1}{\376\377\000M\000o\000d\000e\000l\000a\000d\000o\000\040\000d\000e\000\040\000d\000a\000t\000o\000s\000\040\000e\000n\000\040\000N\000o\000S\000Q\000L}{subsection.3.2}% 38
\BOOKMARK [3][-]{subsubsection.3.2.2}{\376\377\000R\000e\000p\000r\000e\000s\000e\000n\000t\000a\000c\000i\000\363\000n\000\040\000d\000e\000\040\000C\000V\000\040\000c\000o\000m\000o\000\040\000t\000a\000b\000l\000a\000s}{subsection.3.2}% 39
\BOOKMARK [3][-]{subsubsection.3.2.3}{\376\377\000R\000e\000p\000r\000e\000s\000e\000n\000t\000a\000c\000i\000\363\000n\000\040\000d\000e\000\040\000r\000e\000l\000a\000c\000i\000o\000n\000e\000s}{subsection.3.2}% 40
\BOOKMARK [4][-]{subsubsubsection.3.2.3.1}{\376\377\000R\000e\000l\000a\000c\000i\000o\000n\000e\000s\000\040\000u\000n\000o\000\040\000a\000\040\000m\000u\000c\000h\000o\000s}{subsubsection.3.2.3}% 41
\BOOKMARK [3][-]{subsubsection.3.2.4}{\376\377\000C\000V\000\040\000c\000o\000m\000o\000\040\000u\000n\000\040\000d\000o\000c\000u\000m\000e\000n\000t\000o}{subsection.3.2}% 42
\BOOKMARK [3][-]{subsubsection.3.2.5}{\376\377\000C\000V\000\040\000c\000o\000m\000o\000\040\000u\000n\000\040\000\341\000r\000b\000o\000l}{subsection.3.2}% 43
\BOOKMARK [3][-]{subsubsection.3.2.6}{\376\377\000R\000e\000p\000r\000e\000s\000e\000n\000t\000a\000c\000i\000\363\000n\000\040\000d\000e\000\040\000R\000e\000l\000a\000c\000i\000o\000n\000e\000s}{subsection.3.2}% 44
\BOOKMARK [4][-]{subsubsubsection.3.2.6.1}{\376\377\000M\000o\000d\000e\000l\000o\000\040\000d\000e\000\040\000d\000o\000c\000u\000m\000e\000n\000t\000o\000s}{subsubsection.3.2.6}% 45
\BOOKMARK [4][-]{subsubsubsection.3.2.6.2}{\376\377\000U\000n\000o\000\040\000a\000\040\000m\000u\000c\000h\000o\000s\000\040\000-\000\040\000N\000o\000S\000Q\000L}{subsubsection.3.2.6}% 46
\BOOKMARK [4][-]{subsubsubsection.3.2.6.3}{\376\377\000M\000u\000c\000h\000o\000s\000\040\000a\000\040\000u\000n\000o\000\040\000y\000\040\000m\000u\000c\000h\000o\000s\000\040\000a\000\040\000m\000u\000c\000h\000o\000s}{subsubsection.3.2.6}% 47
\BOOKMARK [2][-]{subsection.3.3}{\376\377\000I\000n\000t\000r\000o\000d\000u\000c\000c\000i\000\363\000n\000\040\000a\000\040\000M\000o\000n\000g\000o\000D\000B}{section.3}% 48
\BOOKMARK [3][-]{subsubsection.3.3.1}{\376\377\000U\000s\000o\000\040\000b\000\341\000s\000i\000c\000o\000\040\000d\000e\000\040\000M\000o\000n\000g\000o\000D\000B}{subsection.3.3}% 49
\BOOKMARK [3][-]{subsubsection.3.3.2}{\376\377\000A\000c\000t\000u\000a\000l\000i\000z\000a\000c\000i\000\363\000n\000\040\000y\000\040\000c\000o\000n\000s\000u\000l\000t\000a}{subsection.3.3}% 50
\BOOKMARK [3][-]{subsubsection.3.3.3}{\376\377\000C\000o\000n\000s\000u\000l\000t\000a\000s\000\040\000M\000a\000p\000R\000e\000d\000u\000c\000e}{subsection.3.3}% 51
\BOOKMARK [3][-]{subsubsection.3.3.4}{\376\377\000V\000a\000l\000i\000d\000a\000c\000i\000\363\000n\000\040\000d\000e\000l\000\040\000e\000s\000q\000u\000e\000m\000a}{subsection.3.3}% 52
\BOOKMARK [3][-]{subsubsection.3.3.5}{\376\377\000\315\000n\000d\000i\000c\000e\000s\000\040\000y\000\040\000d\000e\000s\000n\000o\000r\000m\000a\000l\000i\000z\000a\000c\000i\000\363\000n}{subsection.3.3}% 53
\BOOKMARK [4][-]{subsubsubsection.3.3.5.1}{\376\377\000\315\000n\000d\000i\000c\000e\000s}{subsubsection.3.3.5}% 54
\BOOKMARK [4][-]{subsubsubsection.3.3.5.2}{\376\377\000D\000e\000s\000n\000o\000r\000m\000a\000l\000i\000z\000a\000c\000i\000\363\000n}{subsubsection.3.3.5}% 55
\BOOKMARK [2][-]{subsection.3.4}{\376\377\000U\000s\000o\000\040\000d\000e\000\040\000M\000o\000n\000g\000o\000D\000B\000\040\000d\000e\000s\000d\000e\000\040\000p\000y\000m\000o\000n\000g\000o}{section.3}% 56
\BOOKMARK [3][-]{subsubsection.3.4.1}{\376\377\000M\000\351\000t\000o\000d\000o\000s\000\040\000d\000e\000\040\000b\000\372\000s\000q\000u\000e\000d\000a}{subsection.3.4}% 57
\BOOKMARK [4][-]{subsubsubsection.3.4.1.1}{\376\377\000E\000j\000e\000m\000p\000l\000o\000s\000\040\000i\000n\000t\000r\000o\000d\000u\000c\000t\000o\000r\000i\000o\000s}{subsubsection.3.4.1}% 58
\BOOKMARK [4][-]{subsubsubsection.3.4.1.2}{\376\377\000E\000j\000e\000m\000p\000l\000o\000s\000\040\000b\000\341\000s\000i\000c\000o\000s}{subsubsection.3.4.1}% 59
\BOOKMARK [3][-]{subsubsection.3.4.2}{\376\377\000M\000\351\000t\000o\000d\000o\000s\000\040\000d\000e\000\040\000i\000n\000s\000e\000r\000c\000i\000\363\000n\000\040\000y\000\040\000a\000c\000t\000u\000a\000l\000i\000z\000a\000c\000i\000\363\000n}{subsection.3.4}% 60
\BOOKMARK [4][-]{subsubsubsection.3.4.2.1}{\376\377\000\315\000n\000d\000i\000c\000e\000s\000,\000\040\000e\000x\000p\000l\000a\000i\000n\000\050\000\051}{subsubsection.3.4.2}% 61
\BOOKMARK [3][-]{subsubsection.3.4.3}{\376\377\000F\000r\000a\000m\000e\000w\000o\000r\000k\000\040\000d\000e\000\040\000a\000g\000r\000e\000g\000a\000c\000i\000\363\000n}{subsection.3.4}% 62
\BOOKMARK [3][-]{subsubsection.3.4.4}{\376\377\000\315\000n\000d\000i\000c\000e\000s}{subsection.3.4}% 63
\BOOKMARK [4][-]{subsubsubsection.3.4.4.1}{\376\377\000C\000r\000e\000a\000c\000i\000\363\000n\000\040\000d\000e\000\040\000\355\000n\000d\000i\000c\000e\000s}{subsubsection.3.4.4}% 64
\BOOKMARK [4][-]{subsubsubsection.3.4.4.2}{\376\377\000N\000o\000m\000b\000r\000a\000d\000o\000\040\000y\000\040\000b\000o\000r\000r\000a\000d\000o\000\040\000d\000e\000\040\000\355\000n\000d\000i\000c\000e\000s}{subsubsection.3.4.4}% 65
\BOOKMARK [4][-]{subsubsubsection.3.4.4.3}{\376\377\000T\000i\000p\000o\000s\000\040\000d\000e\000\040\000\355\000n\000d\000i\000c\000e\000s\000\040\000e\000n\000\040\000M\000o\000n\000g\000o\000D\000B}{subsubsection.3.4.4}% 66
