This is pdfTeX, Version 3.141592653-2.6-1.40.25 (MiKTeX 23.10.12) (preloaded format=pdflatex 2023.10.17)  26 DEC 2023 12:33
entering extended mode
 restricted \write18 enabled.
 %&-line parsing enabled.
**"./Hoja 1.tex"
(Hoja 1.tex
LaTeX2e <2023-06-01> patch level 1
L3 programming layer <2023-10-10>

LaTeX Warning: \include should only be used after \begin{document} on input lin
e 1.

No file Tareas/Hoja 1/Hoja 1.pdf.
)
! Emergency stop.
<*> "./Hoja 1.tex"
                  
*** (job aborted, no legal \end found)

 
Here is how much of TeX's memory you used:
 20 strings out of 474824
 519 string characters out of 5750976
 1920043 words of memory out of 5000000
 22068 multiletter control sequences out of 15000+600000
 558069 words of font info for 36 fonts, out of 8000000 for 9000
 1141 hyphenation exceptions out of 8191
 18i,0n,28p,89b,18s stack positions out of 10000i,1000n,20000p,200000b,200000s
!  ==> Fatal error occurred, no output PDF file produced!
