\BOOKMARK [1][-]{section.1}{\376\377\000V\000e\000c\000t\000o\000r\000e\000s\000\040\000a\000l\000e\000a\000t\000o\000r\000i\000o\000s}{}% 1
\BOOKMARK [2][-]{subsection.1.1}{\376\377\000I\000n\000t\000r\000o\000d\000u\000c\000c\000i\000\363\000n}{section.1}% 2
\BOOKMARK [2][-]{subsection.1.2}{\376\377\000I\000n\000d\000e\000p\000e\000n\000d\000e\000n\000c\000i\000a\000\040\000d\000e\000\040\000l\000a\000s\000\040\000v\000a\000r\000i\000a\000b\000l\000e\000s\000\040\000a\000l\000e\000a\000t\000o\000r\000i\000a\000s}{section.1}% 3
\BOOKMARK [2][-]{subsection.1.3}{\376\377\000D\000i\000s\000t\000r\000i\000b\000u\000c\000i\000o\000n\000e\000s\000\040\000m\000a\000r\000g\000i\000n\000a\000l\000e\000s}{section.1}% 4
\BOOKMARK [2][-]{subsection.1.4}{\376\377\000V\000e\000c\000t\000o\000r\000\040\000a\000l\000e\000a\000t\000o\000r\000i\000o\000\040\000a\000b\000s\000o\000l\000u\000t\000a\000m\000e\000n\000t\000e\000\040\000c\000o\000n\000t\000i\000n\000u\000o}{section.1}% 5
\BOOKMARK [2][-]{subsection.1.5}{\376\377\000V\000e\000c\000t\000o\000r\000\040\000a\000l\000e\000a\000t\000o\000r\000i\000o\000\040\000d\000i\000s\000c\000r\000e\000t\000o}{section.1}% 6
\BOOKMARK [2][-]{subsection.1.6}{\376\377\000D\000i\000s\000t\000r\000i\000b\000u\000c\000i\000o\000n\000e\000s\000\040\000m\000a\000r\000g\000i\000n\000a\000l\000e\000s}{section.1}% 7
\BOOKMARK [3][-]{subsubsection.1.6.1}{\376\377\000C\000a\000s\000o\000\040\000c\000o\000n\000t\000i\000n\000u\000o}{subsection.1.6}% 8
\BOOKMARK [3][-]{subsubsection.1.6.2}{\376\377\000C\000a\000s\000o\000\040\000d\000i\000s\000c\000r\000e\000t\000o}{subsection.1.6}% 9
\BOOKMARK [2][-]{subsection.1.7}{\376\377\000D\000i\000s\000t\000r\000i\000b\000u\000c\000i\000o\000n\000e\000s\000\040\000c\000o\000n\000d\000i\000c\000i\000o\000n\000a\000d\000a\000s}{section.1}% 10
\BOOKMARK [3][-]{subsubsection.1.7.1}{\376\377\000C\000a\000s\000o\000\040\000c\000o\000n\000t\000i\000n\000u\000o}{subsection.1.7}% 11
\BOOKMARK [3][-]{subsubsection.1.7.2}{\376\377\000C\000a\000s\000o\000\040\000d\000i\000s\000c\000r\000e\000t\000o}{subsection.1.7}% 12
\BOOKMARK [2][-]{subsection.1.8}{\376\377\000D\000i\000s\000t\000r\000i\000b\000u\000c\000i\000\363\000n\000\040\000n\000o\000r\000m\000a\000l\000\040\000m\000u\000l\000t\000i\000v\000a\000r\000i\000a\000n\000t\000e\000\040\000N\000\137\000k\000\050\000,\000V\000\051}{section.1}% 13
\BOOKMARK [3][-]{subsubsection.1.8.1}{\376\377\000N\000o\000r\000m\000a\000l\000\040\000b\000i\000v\000a\000r\000i\000a\000n\000t\000e}{subsection.1.8}% 14
\BOOKMARK [2][-]{subsection.1.9}{\376\377\000D\000i\000s\000t\000r\000i\000b\000u\000c\000i\000\363\000n\000\040\000m\000u\000l\000t\000i\000n\000o\000m\000i\000a\000l\000\040\000M\000\137\000k\000\050\000n\000,\000p\000\137\0001\000,\040\046\000,\000p\000\137\000k\000\051}{section.1}% 15
\BOOKMARK [2][-]{subsection.1.10}{\376\377\000E\000s\000t\000a\000d\000\355\000s\000t\000i\000c\000o\000\040\000d\000e\000\040\000P\000e\000a\000r\000s\000o\000n}{section.1}% 16
\BOOKMARK [2][-]{subsection.1.11}{\376\377\000M\000e\000d\000i\000a\000s\000\040\000y\000\040\000c\000o\000v\000a\000r\000i\000a\000n\000z\000a\000s}{section.1}% 17
\BOOKMARK [3][-]{subsubsection.1.11.1}{\376\377\000E\000s\000p\000e\000r\000a\000n\000z\000a\000\040\000d\000e\000\040\000l\000a\000\040\000t\000r\000a\000n\000s\000f\000o\000r\000m\000a\000c\000i\000\363\000n\000\040\000g\000:\000`\0003\003\001\0009\000`\0004\0002\000`\000"\003\007\0006\0001\0003\000A\000`\000`\0004\0005\000`\0004\0007\000`\000"\0006\0000\0003\000A\000R\000k\000-\0003\000m\000u\000`\0003\003\001\0009\000`\0004\0002\000`\000"\003\007\0006\0001\0003\000A\000`\000`\0004\0005\000`\0004\0007\000`\000"\0006\0000\0003\000A\000R}{subsection.1.11}% 18
\BOOKMARK [2][-]{subsection.1.12}{\376\377\000C\000o\000r\000r\000e\000l\000a\000c\000i\000\363\000n}{section.1}% 19
\BOOKMARK [2][-]{subsection.1.13}{\376\377\000C\000o\000r\000r\000e\000l\000a\000c\000i\000\363\000n\000\040\000e\000n\000t\000r\000e\000\040\000v\000e\000c\000t\000o\000r\000e\000s\000\040\000a\000l\000e\000a\000t\000o\000r\000i\000o\000s}{section.1}% 20
\BOOKMARK [2][-]{subsection.1.14}{\376\377\000R\000e\000s\000u\000l\000t\000a\000d\000o\000s\000\040\000b\000\341\000s\000i\000c\000o\000s\000\040\000d\000e\000\040\000l\000a\000\040\000i\000n\000f\000e\000r\000e\000n\000c\000i\000a}{section.1}% 21
\BOOKMARK [3][-]{subsubsection.1.14.1}{\376\377\000\277\000C\000\363\000m\000o\000\040\000s\000e\000\040\000r\000e\000p\000r\000e\000s\000e\000n\000t\000a\000n\000\040\000l\000a\000s\000\040\000m\000u\000e\000s\000t\000r\000a\000s\000\040\000a\000l\000e\000a\000t\000o\000r\000i\000a\000s\000?}{subsection.1.14}% 22
\BOOKMARK [3][-]{subsubsection.1.14.2}{\376\377\000\277\000C\000\363\000m\000o\000\040\000s\000e\000\040\000m\000u\000e\000s\000t\000r\000a\000n\000\040\000l\000o\000s\000\040\000v\000a\000l\000o\000r\000e\000s\000\040\000m\000u\000e\000s\000t\000r\000a\000l\000e\000s\000?}{subsection.1.14}% 23
\BOOKMARK [3][-]{subsubsection.1.14.3}{\376\377\000E\000l\000\040\000c\000o\000n\000j\000u\000n\000t\000o\000\040\000d\000e\000\040\000d\000a\000t\000o\000s\000\040\000L\000i\000f\000e\000C\000y\000c\000l\000e\000S\000a\000v\000i\000n\000g\000s}{subsection.1.14}% 24
\BOOKMARK [2][-]{subsection.1.15}{\376\377\000E\000s\000t\000i\000m\000a\000d\000o\000r\000\040\000p\000a\000r\000a\000\040\000e\000l\000\040\000v\000e\000c\000t\000o\000r\000\040\000d\000e\000\040\000m\000e\000d\000i\000a\000s\000\040}{section.1}% 25
\BOOKMARK [3][-]{subsubsection.1.15.1}{\376\377\000\277\000D\000\363\000n\000d\000e\000\040\000s\000e\000\040\000e\000n\000c\000u\000e\000n\000t\000r\000a\000\040\000e\000l\000\040\000v\000e\000c\000t\000o\000r\000\040\000d\000e\000\040\000m\000e\000d\000i\000a\000s\000\040\000m\000u\000e\000s\000t\000r\000a\000l\000e\000s\000?}{subsection.1.15}% 26
\BOOKMARK [2][-]{subsection.1.16}{\376\377\000E\000s\000t\000i\000m\000a\000d\000o\000r\000\040\000p\000a\000r\000a\000\040\000l\000a\000\040\000m\000a\000t\000r\000i\000z\000\040\000d\000e\000\040\000c\000o\000v\000a\000r\000i\000a\000n\000z\000a\000s\000\040\000V}{section.1}% 27
\BOOKMARK [3][-]{subsubsection.1.16.1}{\376\377\000P\000a\000r\000a\000\040\000u\000n\000a\000\040\000d\000i\000s\000t\000r\000i\000b\000u\000c\000i\000\363\000n\000\040\000n\000o\000r\000m\000a\000l}{subsection.1.16}% 28
