\BOOKMARK [1][-]{section.1}{\376\377\000C\000o\000n\000t\000r\000o\000l\000\040\000d\000e\000\040\000V\000e\000r\000s\000i\000o\000n\000e\000s\000\040\000\046\000\040\000D\000e\000s\000a\000r\000r\000o\000l\000l\000o\000\040\000b\000a\000s\000a\000d\000o\000\040\000e\000n\000\040\000T\000e\000s\000t}{}% 1
\BOOKMARK [2][-]{subsection.1.1}{\376\377\000M\000e\000t\000o\000d\000o\000l\000o\000g\000\355\000a\000s\000\040\000d\000e\000\040\000D\000e\000s\000a\000r\000r\000o\000l\000l\000o\000\040\000d\000e\000\040\000S\000o\000f\000t\000w\000a\000r\000e}{section.1}% 2
\BOOKMARK [3][-]{subsubsection.1.1.1}{\376\377\000I\000n\000t\000r\000o\000d\000u\000c\000c\000i\000\363\000n}{subsection.1.1}% 3
\BOOKMARK [3][-]{subsubsection.1.1.2}{\376\377\000T\000i\000p\000o\000s\000\040\000d\000e\000\040\000m\000e\000t\000o\000d\000o\000l\000o\000g\000\355\000a\000s}{subsection.1.1}% 4
\BOOKMARK [2][-]{subsection.1.2}{\376\377\000S\000i\000s\000t\000e\000m\000a\000\040\000d\000e\000\040\000C\000o\000n\000t\000r\000o\000l\000\040\000d\000e\000\040\000V\000e\000r\000s\000i\000o\000n\000e\000s}{section.1}% 5
\BOOKMARK [3][-]{subsubsection.1.2.1}{\376\377\000I\000n\000t\000r\000o\000d\000u\000c\000c\000i\000\363\000n}{subsection.1.2}% 6
\BOOKMARK [3][-]{subsubsection.1.2.2}{\376\377\000T\000i\000p\000o\000s}{subsection.1.2}% 7
\BOOKMARK [3][-]{subsubsection.1.2.3}{\376\377\000G\000i\000t}{subsection.1.2}% 8
\BOOKMARK [4][-]{subsubsubsection.1.2.3.1}{\376\377\000I\000n\000t\000r\000o\000d\000u\000c\000c\000i\000\363\000n}{subsubsection.1.2.3}% 9
\BOOKMARK [4][-]{subsubsubsection.1.2.3.2}{\376\377\000E\000s\000t\000r\000u\000c\000t\000u\000r\000a\000\040\000g\000e\000n\000e\000r\000a\000l}{subsubsection.1.2.3}% 10
\BOOKMARK [4][-]{subsubsubsection.1.2.3.3}{\376\377\000G\000i\000t\000\040\000W\000o\000r\000k\000f\000l\000o\000w}{subsubsection.1.2.3}% 11
\BOOKMARK [4][-]{subsubsubsection.1.2.3.4}{\376\377\000C\000o\000m\000p\000o\000n\000e\000n\000t\000e\000s\000\040\000d\000e\000\040\000u\000n\000\040\000r\000e\000p\000o\000s\000i\000t\000o\000r\000i\000o\000\040\000G\000i\000t}{subsubsection.1.2.3}% 12
\BOOKMARK [4][-]{subsubsubsection.1.2.3.5}{\376\377\000G\000e\000s\000t\000i\000\363\000n\000\040\000d\000e\000\040\000r\000a\000m\000a\000s}{subsubsection.1.2.3}% 13
\BOOKMARK [4][-]{subsubsubsection.1.2.3.6}{\376\377\000C\000r\000e\000a\000c\000i\000\363\000n\000\040\000d\000e\000\040\000r\000a\000m\000a\000s}{subsubsection.1.2.3}% 14
\BOOKMARK [4][-]{subsubsubsection.1.2.3.7}{\376\377\000F\000u\000s\000i\000\363\000n\000\040\000d\000e\000\040\000r\000a\000m\000a\000s}{subsubsection.1.2.3}% 15
\BOOKMARK [4][-]{subsubsubsection.1.2.3.8}{\376\377\000G\000e\000s\000t\000i\000\363\000n\000\040\000d\000e\000\040\000t\000a\000g\000s}{subsubsection.1.2.3}% 16
\BOOKMARK [4][-]{subsubsubsection.1.2.3.9}{\376\377\000C\000r\000e\000a\000c\000i\000\363\000n\000\040\000d\000e\000\040\000t\000a\000g\000s}{subsubsection.1.2.3}% 17
\BOOKMARK [4][-]{subsubsubsection.1.2.3.10}{\376\377\000b\000r\000a\000n\000c\000h\000e\000s\000\040\000v\000s\000\040\000t\000a\000g\000s}{subsubsection.1.2.3}% 18
\BOOKMARK [2][-]{subsection.1.3}{\376\377\000D\000e\000s\000a\000r\000r\000o\000l\000l\000o\000\040\000I\000m\000p\000u\000l\000s\000a\000d\000o\000\040\000p\000o\000r\000\040\000P\000r\000u\000e\000b\000a\000s}{section.1}% 19
\BOOKMARK [3][-]{subsubsection.1.3.1}{\376\377\000I\000n\000t\000r\000o\000d\000u\000c\000c\000i\000\363\000n}{subsection.1.3}% 20
\BOOKMARK [3][-]{subsubsection.1.3.2}{\376\377\000T\000e\000s\000t\000s\000\040\000u\000n\000i\000t\000a\000r\000i\000o\000s\000\040\000v\000s\000\040\000t\000e\000s\000t\000\040\000d\000e\000\040\000i\000n\000t\000e\000g\000r\000a\000c\000i\000\363\000n}{subsection.1.3}% 21
\BOOKMARK [3][-]{subsubsection.1.3.3}{\376\377\000D\000e\000f\000i\000n\000i\000r\000\040\000t\000e\000s\000t\000s\000\040\000e\000n\000\040\000P\000y\000t\000h\000o\000n}{subsection.1.3}% 22
\BOOKMARK [3][-]{subsubsection.1.3.4}{\376\377\000F\000r\000a\000m\000e\000w\000o\000r\000k\000s\000\040\000p\000a\000r\000a\000\040\000t\000e\000s\000t\000s}{subsection.1.3}% 23
\BOOKMARK [3][-]{subsubsection.1.3.5}{\376\377\000D\000e\000f\000i\000n\000i\000c\000i\000\363\000n\000\040\000d\000e\000\040\000t\000e\000s\000t\000\040\000c\000o\000n\000\040\000p\000y\000t\000e\000s\000t}{subsection.1.3}% 24
\BOOKMARK [2][-]{subsection.1.4}{\376\377\000C\000o\000n\000c\000l\000u\000s\000i\000o\000n\000e\000s}{section.1}% 25
\BOOKMARK [1][-]{section.2}{\376\377\000P\000r\000o\000g\000r\000a\000m\000a\000c\000i\000\363\000n\000\040\000o\000r\000i\000e\000n\000t\000a\000d\000a\000\040\000a\000\040\000o\000b\000j\000e\000t\000o\000s}{}% 26
\BOOKMARK [2][-]{subsection.2.1}{\376\377\000C\000a\000r\000a\000c\000t\000e\000r\000\355\000s\000t\000i\000c\000a\000s\000\040\000d\000e\000\040\000l\000a\000\040\000P\000r\000o\000g\000r\000a\000m\000a\000c\000i\000\363\000n\000\040\000O\000r\000i\000e\000n\000t\000a\000d\000a\000\040\000a\000\040\000O\000j\000e\000t\000o\000s\000\040}{section.2}% 27
\BOOKMARK [2][-]{subsection.2.2}{\376\377\000D\000e\000s\000a\000r\000r\000o\000l\000l\000o\000\040\000o\000r\000i\000e\000n\000t\000a\000d\000o\000\040\000a\000\040\000o\000b\000j\000e\000t\000o\000s}{section.2}% 28
\BOOKMARK [2][-]{subsection.2.3}{\376\377\000U\000M\000L}{section.2}% 29
\BOOKMARK [2][-]{subsection.2.4}{\376\377\000C\000l\000a\000s\000e\000s\000\040\000y\000\040\000O\000b\000j\000e\000t\000o\000s}{section.2}% 30
\BOOKMARK [2][-]{subsection.2.5}{\376\377\000E\000n\000c\000a\000p\000s\000u\000l\000a\000c\000i\000\363\000n}{section.2}% 31
\BOOKMARK [3][-]{subsubsection.2.5.1}{\376\377\000V\000i\000s\000i\000b\000i\000l\000i\000d\000a\000d}{subsection.2.5}% 32
\BOOKMARK [4][-]{subsubsubsection.2.5.1.1}{\376\377\000C\000a\000s\000o\000\040\000d\000e\000\040\000u\000s\000o}{subsubsection.2.5.1}% 33
\BOOKMARK [3][-]{subsubsection.2.5.2}{\376\377\000D\000e\000p\000e\000n\000d\000e\000n\000c\000i\000a}{subsection.2.5}% 34
