\BOOKMARK [1][-]{section.1}{\376\377\000E\000s\000t\000a\000d\000\355\000s\000t\000i\000c\000a\000\040\000D\000e\000s\000c\000r\000i\000p\000t\000i\000v\000a\000\040\000U\000n\000i\000v\000a\000r\000i\000a\000n\000t\000e}{}% 1
\BOOKMARK [2][-]{subsection.1.1}{\376\377\000I\000n\000t\000r\000o\000d\000u\000c\000c\000i\000\363\000n\000\040\000a\000\040\000l\000a\000\040\000E\000s\000t\000a\000d\000\355\000s\000t\000i\000c\000a}{section.1}% 2
\BOOKMARK [2][-]{subsection.1.2}{\376\377\000C\000o\000n\000c\000e\000p\000t\000o\000s\000\040\000b\000\341\000s\000i\000c\000o\000s}{section.1}% 3
\BOOKMARK [2][-]{subsection.1.3}{\376\377\000L\000a\000s\000\040\000t\000a\000b\000l\000a\000s\000\040\000d\000e\000\040\000f\000r\000e\000c\000u\000e\000n\000c\000i\000a\000s}{section.1}% 4
\BOOKMARK [2][-]{subsection.1.4}{\376\377\000M\000e\000d\000i\000d\000a\000s\000\040\000n\000u\000m\000\351\000r\000i\000c\000a\000s\000\040\000r\000e\000s\000u\000m\000e\000n}{section.1}% 5
\BOOKMARK [3][-]{subsubsection.1.4.1}{\376\377\000M\000e\000d\000i\000d\000a\000s\000\040\000d\000e\000\040\000c\000e\000n\000t\000r\000a\000l\000i\000z\000a\000c\000i\000\363\000n}{subsection.1.4}% 6
\BOOKMARK [3][-]{subsubsection.1.4.2}{\376\377\000M\000e\000d\000i\000d\000a\000s\000\040\000d\000e\000\040\000p\000o\000s\000i\000c\000i\000\363\000n}{subsection.1.4}% 7
\BOOKMARK [3][-]{subsubsection.1.4.3}{\376\377\000M\000e\000d\000i\000d\000a\000s\000\040\000d\000e\000\040\000f\000o\000r\000m\000a}{subsection.1.4}% 8
\BOOKMARK [3][-]{subsubsection.1.4.4}{\376\377\000M\000o\000m\000e\000n\000t\000o\000s\000\040\000m\000u\000e\000s\000t\000r\000a\000l\000e\000s}{subsection.1.4}% 9
\BOOKMARK [2][-]{subsection.1.5}{\376\377\000R\000e\000p\000r\000e\000s\000e\000n\000t\000a\000c\000i\000o\000n\000e\000s\000\040\000g\000r\000\341\000f\000i\000c\000a\000s}{section.1}% 10
\BOOKMARK [1][-]{section.2}{\376\377\000E\000s\000t\000a\000d\000\355\000s\000t\000i\000c\000a\000\040\000D\000e\000s\000c\000r\000i\000p\000t\000i\000v\000a\000\040\000M\000u\000l\000t\000i\000v\000a\000r\000i\000a\000n\000t\000e}{}% 11
\BOOKMARK [2][-]{subsection.2.1}{\376\377\000I\000n\000t\000r\000o\000d\000u\000c\000c\000i\000\363\000n}{section.2}% 12
\BOOKMARK [2][-]{subsection.2.2}{\376\377\000E\000s\000t\000a\000d\000\355\000s\000t\000i\000c\000a\000\040\000D\000e\000s\000c\000r\000i\000p\000t\000i\000v\000a\000\040\000B\000i\000v\000a\000r\000i\000a\000n\000t\000e}{section.2}% 13
\BOOKMARK [3][-]{subsubsection.2.2.1}{\376\377\000T\000a\000b\000l\000a\000s\000\040\000d\000e\000\040\000d\000o\000b\000l\000e\000\040\000e\000n\000t\000r\000a\000d\000a}{subsection.2.2}% 14
\BOOKMARK [3][-]{subsubsection.2.2.2}{\376\377\000M\000e\000d\000i\000d\000a\000s\000\040\000n\000u\000m\000\351\000r\000i\000c\000a\000s\000\040\000d\000e\000\040\000a\000s\000o\000c\000i\000a\000c\000i\000\363\000n}{subsection.2.2}% 15
\BOOKMARK [3][-]{subsubsection.2.2.3}{\376\377\000M\000o\000m\000e\000n\000t\000o\000s\000\040\000b\000i\000v\000a\000r\000i\000a\000n\000t\000e\000s}{subsection.2.2}% 16
\BOOKMARK [3][-]{subsubsection.2.2.4}{\376\377\000G\000r\000\341\000f\000i\000c\000o\000s\000\040\000p\000a\000r\000a\000\040\000d\000a\000t\000o\000s\000\040\000b\000i\000d\000i\000m\000e\000n\000s\000i\000o\000n\000a\000l\000e\000s}{subsection.2.2}% 17
\BOOKMARK [2][-]{subsection.2.3}{\376\377\000A\000j\000u\000s\000t\000e\000\040\000p\000o\000r\000\040\000m\000\355\000n\000i\000m\000o\000s\000\040\000c\000u\000a\000d\000r\000a\000d\000o\000s\000\040\000\050\000d\000a\000t\000o\000s\000\040\000b\000i\000d\000i\000m\000e\000n\000s\000i\000o\000n\000a\000l\000e\000s\000\051}{section.2}% 18
\BOOKMARK [2][-]{subsection.2.4}{\376\377\000E\000s\000t\000a\000d\000\355\000s\000t\000i\000c\000a\000\040\000D\000e\000s\000c\000r\000i\000p\000t\000i\000v\000a\000\040\000M\000u\000l\000t\000i\000v\000a\000r\000i\000a\000n\000t\000e}{section.2}% 19
\BOOKMARK [1][-]{section.3}{\376\377\000E\000s\000p\000a\000c\000i\000o\000s\000\040\000d\000e\000\040\000P\000r\000o\000b\000a\000b\000i\000l\000i\000d\000a\000d}{}% 20
\BOOKMARK [2][-]{subsection