This is pdfTeX, Version 3.141592653-2.6-1.40.25 (MiKTeX 23.9.24) (preloaded format=pdflatex 2023.10.5)  13 OCT 2023 11:49
entering extended mode
 restricted \write18 enabled.
 %&-line parsing enabled.
**"./Capitulo provisional.tex"
(Capitulo provisional.tex
LaTeX2e <2023-06-01> patch level 1
L3 programming layer <2023-08-29>
(C:\Users\fcoja\AppData\Local\Programs\MiKTeX\tex/latex/base\book.cls
Document Class: book 2023/05/17 v1.4n Standard LaTeX document class
(C:\Users\fcoja\AppData\Local\Programs\MiKTeX\tex/latex/base\bk12.clo
File: bk12.clo 2023/05/17 v1.4n Standard LaTeX file (size option)
)
\c@part=\count185
\c@chapter=\count186
\c@section=\count187
\c@subsection=\count188
\c@subsubsection=\count189
\c@paragraph=\count190
\c@subparagraph=\count191
\c@figure=\count192
\c@table=\count193
\abovecaptionskip=\skip48
\belowcaptionskip=\skip49
\bibindent=\dimen140
)
(C:\Users\fcoja\AppData\Local\Programs\MiKTeX\tex/latex/l3backend\l3backend-pdf
tex.def
File: l3backend-pdftex.def 2023-04-19 L3 backend support: PDF output (pdfTeX)
\l__color_backend_stack_int=\count194
\l__pdf_internal_box=\box51
) (Capitulo provisional.aux)
\openout1 = `"Capitulo provisional.aux"'.

LaTeX Font Info:    Checking defaults for OML/cmm/m/it on input line 9.
LaTeX Font Info:    ... okay on input line 9.
LaTeX Font Info:    Checking defaults for OMS/cmsy/m/n on input line 9.
LaTeX Font Info:    ... okay on input line 9.
LaTeX Font Info:    Checking defaults for OT1/cmr/m/n on input line 9.
LaTeX Font Info:    ... okay on input line 9.
LaTeX Font Info:    Checking defaults for T1/cmr/m/n on input line 9.
LaTeX Font Info:    ... okay on input line 9.
LaTeX Font Info:    Checking defaults for TS1/cmr/m/n on input line 9.
LaTeX Font Info:    ... okay on input line 9.
LaTeX Font Info:    Checking defaults for OMX/cmex/m/n on input line 9.
LaTeX Font Info:    ... okay on input line 9.
LaTeX Font Info:    Checking defaults for U/cmr/m/n on input line 9.
LaTeX Font Info:    ... okay on input line 9.
LaTeX Font Info:    External font `cmex10' loaded for size
(Font)              <14.4> on input line 10.
LaTeX Font Info:    External font `cmex10' loaded for size
(Font)              <7> on input line 10.
 [1


{C:/Users/fcoja/AppData/Local/MiKTeX/fonts/map/pdftex/pdftex.map}] [2

]
Capítulo 1.

Underfull \vbox (badness 10000) has occurred while \output is active []

 [3]
Underfull \vbox (badness 10000) has occurred while \output is active []

 [4]
[5] (Capitulo provisional.aux)
 ***********
LaTeX2e <2023-06-01> patch level 1
L3 programming layer <2023-08-29>
 ***********
 ) 
Here is how much of TeX's memory you used:
 480 strings out of 475248
 9312 string characters out of 5757813
 1924785 words of memory out of 5000000
 22080 multiletter control sequences out of 15000+600000
 561191 words of font info for 46 fonts, out of 8000000 for 9000
 1141 hyphenation exceptions out of 8191
 35i,7n,50p,624b,197s stack positions out of 10000i,1000n,20000p,200000b,200000s
<C:/Users/fcoja/AppData/Local/Programs/MiKTeX/fonts/type1/public/amsfonts/cm/
cmbx12.pfb><C:/Users/fcoja/AppData/Local/Programs/MiKTeX/fonts/type1/public/ams
fonts/cm/cmr12.pfb><C:/Users/fcoja/AppData/Local/Programs/MiKTeX/fonts/type1/pu
blic/amsfonts/cm/cmsl12.pfb><C:/Users/fcoja/AppData/Local/Programs/MiKTeX/fonts
/type1/public/amsfonts/cm/cmti12.pfb>
Output written on "Capitulo provisional.pdf" (5 pages, 58521 bytes).
PDF statistics:
 38 PDF objects out of 1000 (max. 8388607)
 0 named destinations out of 1000 (max. 500000)
 1 words of extra memory for PDF output out of 10000 (max. 10000000)

