This is pdfTeX, Version 3.141592653-2.6-1.40.26 (TeX Live 2024) (preloaded format=pdflatex 2024.5.24)  9 DEC 2024 23:35
entering extended mode
 restricted \write18 enabled.
 %&-line parsing enabled.
**x

(/private/var/mobile/Containers/Data/Application/AE711ED8-0AFC-4EA5-AD40-64CEC8
37337C/Library/texlive/2024/texmf-dist/tex/latex/tools/x.tex
LaTeX2e <2023-11-01> patch level 1
L3 programming layer <2024-05-08>

! .
l.38   \batchmode \errmessage{}
                               \csname @@end\endcsname \end
This error message was generated by an \errmessage
command, so I can't give any explicit help.
Pretend that you're Hercule Poirot: Examine all clues,
and deduce the truth by order and method.

 ) 
Here is how much of TeX's memory you used:
 15 strings out of 473993
 717 string characters out of 5699794
 1925904 words of memory out of 5000000
 22597 multiletter control sequences out of 15000+600000
 558069 words of font info for 36 fonts, out of 8000000 for 9000
 1141 hyphenation exceptions out of 8191
 12i,0n,13p,81b,8s stack positions out of 10000i,1000n,20000p,200000b,200000s

No pages of output.
PDF statistics:
 0 PDF objects out of 1000 (max. 8388607)
 0 named destinations out of 1000 (max. 500000)
 1 words of extra memory for PDF output out of 10000 (max. 10000000)

