\BOOKMARK [1][-]{section.1}{\376\377\000N\000\372\000m\000e\000r\000o\000s\000\040\000r\000e\000a\000l\000e\000s\000\040\000y\000\040\000c\000o\000m\000p\000l\000e\000j\000o\000s}{}% 1
\BOOKMARK [2][-]{subsection.1.1}{\376\377\000N\000\372\000m\000e\000r\000o\000s\000\040\000r\000e\000a\000l\000e\000s\000\040\000y\000\040\000s\000u\000\040\000r\000e\000p\000r\000e\000s\000e\000n\000t\000a\000c\000i\000\363\000n\000\040\000e\000n\000\040\000e\000l\000\040\000o\000r\000d\000e\000n\000a\000d\000o\000r}{section.1}% 2
\BOOKMARK [2][-]{subsection.1.2}{\376\377\000A\000l\000g\000u\000n\000o\000s\000\040\000n\000\372\000m\000e\000r\000o\000s\000\040\000c\000o\000m\000p\000l\000e\000j\000o\000s\000\040\000d\000e\000s\000t\000a\000c\000a\000d\000o\000s}{section.1}% 3
\BOOKMARK [2][-]{subsection.1.3}{\376\377\000R\000e\000p\000r\000e\000s\000e\000n\000t\000a\000c\000i\000\363\000n\000\040\000m\000a\000t\000e\000m\000\341\000t\000i\000c\000a\000\040\000d\000e\000\040\000u\000n\000a\000\040\000o\000n\000d\000a}{section.1}% 4
\BOOKMARK [2][-]{subsection.1.4}{\376\377\000R\000a\000\355\000c\000e\000s\000\040\000n\000-\000\351\000s\000i\000m\000a\000s\000\040\000y\000\040\000r\000a\000\355\000c\000e\000s\000\040\000d\000e\000\040\000p\000o\000l\000i\000n\000o\000m\000i\000o\000s}{section.1}% 5
\BOOKMARK [1][-]{section.2}{\376\377\000V\000e\000c\000t\000o\000r\000e\000s\000,\000\040\000m\000a\000t\000r\000i\000c\000e\000s\000\040\000y\000\040\000t\000e\000n\000s\000o\000r\000e\000s}{}% 6
\BOOKMARK [2][-]{subsection.2.1}{\376\377\000V\000e\000c\000t\000o\000r\000e\000s}{section.2}% 7
\BOOKMARK [3][-]{subsubsection.2.1.1}{\376\377\000D\000e\000p\000e\000n\000d\000e\000n\000c\000i\000a\000\040\000l\000i\000n\000e\000a}{subsection.2.1}% 8
\BOOKMARK [3][-]{subsubsection.2.1.2}{\376\377\000N\000o\000r\000m\000a\000s\000\040\000d\000e\000\040\000v\000e\000c\000t\000o\000r\000e\000s}{subsection.2.1}% 9
\BOOKMARK [3][-]{subsubsection.2.1.3}{\376\377\000P\000r\000o\000d\000u\000c\000t\000o\000\040\000e\000s\000c\000a\000l\000a\000r}{subsection.2.1}% 10
\BOOKMARK [3][-]{subsubsection.2.1.4}{\376\377\000O\000r\000t\000o\000g\000o\000n\000a\000l\000i\000d\000a\000d}{subsection.2.1}% 11
\BOOKMARK [2][-]{subsection.2.2}{\376\377\000M\000a\000t\000r\000i\000c\000e\000s}{section.2}% 12
\BOOKMARK [3][-]{subsubsection.2.2.1}{\376\377\000O\000p\000e\000r\000a\000c\000i\000o\000n\000e\000s\000\040\000c\000o\000n\000\040\000m\000a\000t\000r\000i\000c\000e\000s}{subsection.2.2}% 13
\BOOKMARK [3][-]{subsubsection.2.2.2}{\376\377\000O\000p\000e\000r\000a\000c\000i\000o\000n\000e\000s\000\040\000c\000o\000n\000\040\000m\000a\000t\000r\000i\000c\000e\000s\000\040\000p\000o\000r\000\040\000b\000l\000o\000q\000u\000e\000s}{subsection.2.2}% 14
\BOOKMARK [3][-]{subsubsection.2.2.3}{\376\377\000M\000a\000t\000r\000i\000c\000e\000s\000\040\000o\000r\000t\000o\000g\000o\000n\000a\000l\000e\000s}{subsection.2.2}% 15
\BOOKMARK [3][-]{subsubsection.2.2.4}{\376\377\000T\000e\000n\000s\000o\000r\000e\000s}{subsection.2.2}% 16
\BOOKMARK [1][-]{section.3}{\376\377\000S\000i\000s\000t\000e\000m\000a\000s\000\040\000d\000e\000\040\000e\000c\000u\000a\000c\000i\000o\000n\000e\000s\000\040\000y\000\040\000d\000e\000t\000e\000r\000m\000i\000n\000a\000n\000t\000e\000s}{}% 17
\BOOKMARK [2][-]{subsection.3.1}{\376\377\000O\000p\000e\000r\000a\000c\000i\000o\000n\000e\000s\000\040\000e\000l\000e\000m\000e\000n\000t\000a\000l\000e\000s\000\040\000e\000n\000\040\000u\000n\000a\000\040\000m\000a\000t\000r\000i\000z}{section.3}% 18
\BOOKMARK [2][-]{subsection.3.2}{\376\377\000S\000i\000s\000t\000e\000m\000a\000s\000\040\000d\000e\000\040\000e\000c\000u\000a\000c\000i\000o\000n\000e\000s}{section.3}% 19
\BOOKMARK [3][-]{subsubsection.3.2.1}{\376\377\000M\000\351\000t\000o\000d\000o\000\040\000d\000e\000\040\000G\000a\000u\000s\000s\000\040\000p\000a\000r\000a\000\040\000l\000a\000\040\000r\000e\000s\000o\000l\000u\000c\000i\000\363\000n\000\040\000d\000e\000\040\000s\000i\000s\000t\000e\000m\000a\000s\000\040\000l\000i\000n\000e\000a\000l\000e\000s}{subsection.3.2}% 20
\BOOKMARK [3][-]{subsubsection.3.2.2}{\376\377\000C\000\341\000l\000c\000u\000l\000o\000\040\000d\000e\000\040\000l\000a\000\040\000i\000n\000v\000e\000r\000s\000a\000\040\000d\000e\000\040\000u\000n\000a\000\040\000m\000a\000t\000r\000i\000z\000\040\000m\000e\000d\000i\000a\000n\000t\000e\000\040\000e\000l\000i\000m\000i\000n\000a\000c\000i\000\363\000n\000\040\000G\000a\000u\000s\000s\000i\000a\000n\000a}{subsection.3.2}% 21
\BOOKMARK [2][-]{subsection.3.3}{\376\377\000D\000e\000t\000e\000r\000m\000i\000n\000a\000n\000t\000e\000s}{section.3}% 22
\BOOKMARK [3][-]{subsubsection.3.3.1}{\376\377\000P\000r\000o\000p\000i\000e\000d\000a\000d\000e\000s\000\040\000b\000\341\000s\000i\000c\000a\000s}{subsection.3.3}% 23
\BOOKMARK [3][-]{subsubsection.3.3.2}{\376\377\000P\000r\000o\000p\000i\000e\000d\000a\000d\000e\000s\000\040\000d\000e\000\040\000l\000o\000s\000\040\000d\000e\000t\000e\000r\000m\000i\000n\000a\000n\000t\000e\000s\000\040\000y\000\040\000l\000a\000s\000\040\000o\000p\000e\000r\000a\000c\000i\000o\000n\000e\000s\000\040\000e\000l\000e\000m\000e\000n\000t\000a\000l\000e\000s}{subsection.3.3}% 24
\BOOKMARK [3][-]{subsubsection.3.3.3}{\376\377\000R\000e\000s\000o\000l\000u\000c\000i\000\363\000n\000\040\000d\000e\000\040\000s\000i\000s\000t\000e\000m\000a\000s\000\040\000l\000i\000n\000e\000a\000l\000e\000s\000\040\000u\000s\000a\000n\000d\000o\000\040\000d\000e\000t\000e\000r\000m\000i\000n\000a\000n\000t\000e\000s}{subsection.3.3}% 25
\BOOKMARK [3][-]{subsubsection.3.3.4}{\376\377\000C\000\341\000l\000c\000u\000l\000o\000\040\000d\000e\000\040\000l\000a\000\040\000i\000n\000v\000e\000r\000s\000a\000\040\000m\000e\000d\000i\000a\000n\000t\000e\000\040\000d\000e\000t\000e\000r\000m\000i\000n\000a\000n\000t\000e\000s}{subsection.3.3}% 26
\BOOKMARK [1][-]{section.4}{\376\377\000S\000u\000b\000e\000s\000p\000a\000c\000i\000o\000s\000\040\000v\000e\000c\000t\000o\000r\000i\000a\000l\000e\000s\000,\000\040\000b\000a\000s\000e\000s\000\040\000y\000\040\000c\000o\000o\000r\000d\000e\000n\000a\000d\000a\000s}{}% 27
\BOOKMARK [2][-]{subsection.4.1}{\376\377\000S\000u\000m\000a\000\040\000d\000e\000\040\000s\000u\000b\000e\000s\000p\000a\000c\000i\000o\000s\000\040\000v\000e\000c\000t\000o\000r\000i\000a\000l\000e\000s}{section.4}% 28
\BOOKMARK [2][-]{subsection.4.2}{\376\377\000O\000r\000t\000o\000g\000o\000n\000a\000l\000\040\000a\000\040\000u\000n\000\040\000s\000u\000b\000e\000s\000p\000a\000c\000i\000o}{section.4}% 29
\BOOKMARK [2][-]{subsection.4.3}{\376\377\000S\000u\000b\000e\000s\000p\000a\000c\000i\000o\000s\000\040\000a\000s\000o\000c\000i\000a\000d\000o\000s\000\040\000a\000\040\000u\000n\000a\000\040\000m\000a\000t\000r\000i\000z\000.\000\040\000R\000a\000n\000g\000o}{section.4}% 30
\BOOKMARK [2][-]{subsection.4.4}{\376\377\000C\000o\000o\000r\000d\000e\000n\000a\000d\000a\000s\000\040\000r\000e\000s\000p\000e\000c\000t\000o\000\040\000d\000e\000\040\000u\000n\000a\000\040\000b\000a\000s\000e}{section.4}% 31
\BOOKMARK [2][-]{subsection.4.5}{\376\377\000C\000o\000o\000r\000d\000e\000n\000a\000d\000a\000s\000\040\000e\000n\000\040\000b\000a\000s\000e\000s\000\040\000o\000r\000t\000o\000n\000o\000r\000m\000a\000l\000e\000s}{section.4}% 32
\BOOKMARK [1][-]{section.5}{\376\377\000\301\000l\000g\000e\000b\000r\000a\000\040\000L\000i\000n\000e\000a\000l\000\040\000C\000o\000m\000p\000u\000t\000a\000c\000i\000o\000n\000a\000l}{}% 33
\BOOKMARK [2][-]{subsection.5.1}{\376\377\000F\000a\000c\000t\000o\000r\000i\000z\000a\000c\000i\000o\000n\000e\000s\000\040\000L\000U\000,\000P\000L\000U\000\040\000y\000\040\000C\000h\000o\000l\000e\000s\000k\000y}{section.5}% 34
\BOOKMARK [3][-]{subsubsection.5.1.1}{\376\377\000F\000a\000c\000t\000o\000r\000i\000z\000a\000c\000i\000\363\000n\000\040\000P\000U\000\050\000P\000L\000U\000\051}{subsection.5.1}% 35
\BOOKMARK [2][-]{subsection.5.2}{\376\377\000A\000n\000\341\000l\000i\000s\000i\000s\000\040\000d\000e\000\040\000e\000r\000r\000o\000r\000e\000s}{section.5}% 36
\BOOKMARK [2][-]{subsection.5.3}{\376\377\000E\000j\000e\000r\000c\000i\000c\000i\000o\000s}{section.5}% 37
\BOOKMARK [1][-]{section.6}{\376\377\000T\000r\000a\000n\000s\000f\000o\000r\000m\000a\000c\000i\000o\000n\000e\000s\000\040\000l\000i\000n\000e\000a\000l\000e\000s}{}% 38
\BOOKMARK [2][-]{subsection.6.1}{\376\377\000I\000n\000t\000r\000o\000d\000u\000c\000c\000i\000\363\000n}{section.6}% 39
\BOOKMARK [2][-]{subsection.6.2}{\376\377\000A\000p\000l\000i\000c\000a\000c\000i\000o\000n\000e\000s\000\040\000l\000i\000n\000e\000a\000l\000e\000s}{section.6}% 40
\BOOKMARK [2][-]{subsection.6.3}{\376\377\000C\000a\000m\000b\000i\000o\000\040\000d\000e\000\040\000c\000o\000o\000r\000d\000e\000n\000a\000d\000a\000s\000\040\000\050\000o\000\040\000d\000e\000\040\000b\000a\000s\000e\000\040\000e\000n\000\040\000l\000a\000s\000\040\000a\000p\000l\000i\000c\000a\000c\000i\000o\000n\000e\000s\000\040\000l\000i\000n\000e\000a\000l\000e\000s\000\051}{section.6}% 41
\BOOKMARK [2][-]{subsection.6.4}{\376\377\000P\000r\000o\000y\000e\000c\000c\000i\000o\000n\000e\000s}{section.6}% 42
\BOOKMARK [2][-]{subsection.6.5}{\376\377\000C\000\341\000l\000c\000u\000l\000o\000\040\000d\000e\000\040\000l\000a\000\040\000m\000a\000t\000r\000i\000z\000\040\000a\000s\000o\000c\000i\000a\000d\000a\000\040\000a\000\040\000l\000a\000\040\000p\000r\000o\000y\000e\000c\000c\000i\000\363\000n\000\040\000s\000o\000b\000r\000e\000\040\000u\000n\000\040\000s\000u\000b\000e\000s\000p\000a\000c\000i\000o\000\040\000v\000e\000c\000t\000o\000r\000i\000a\000l}{section.6}% 43
\BOOKMARK [2][-]{subsection.6.6}{\376\377\000P\000r\000o\000y\000e\000c\000c\000i\000\363\000n\000\040\000s\000o\000b\000r\000e\000\040\000`\0003\003\001\0009\000`\0004\0002\000`\000"\003\007\0006\0001\0003\000A\000`\000`\0004\0005\000`\0004\0007\000`\000"\0006\0000\0003\000A\000C\000o\000l\000\050\000A\000\051}{section.6}% 44
\BOOKMARK [1][-]{section.7}{\376\377\000V\000a\000l\000o\000r\000e\000s\000\040\000y\000\040\000v\000e\000c\000t\000o\000r\000e\000s\000\040\000p\000r\000o\000p\000i\000o\000s}{}% 45
\BOOKMARK [2][-]{subsection.7.1}{\376\377\000I\000n\000t\000e\000r\000p\000r\000e\000t\000a\000c\000i\000\363\000n\000\040\000e\000n\000\040\000t\000\351\000r\000m\000i\000n\000o\000s\000\040\000d\000e\000\040\000a\000p\000l\000i\000c\000a\000c\000i\000o\000n\000e\000s\000\040\000l\000i\000n\000e\000a\000l\000e\000s}{section.7}% 46
\BOOKMARK [2][-]{subsection.7.2}{\376\377\000C\000\341\000l\000c\000u\000l\000o\000\040\000n\000u\000m\000\351\000r\000i\000c\000o\000\040\000d\000e\000\040\000v\000a\000l\000o\000r\000e\000s\000\040\000p\000r\000o\000p\000i\000o\000s}{section.7}% 47
\BOOKMARK [2][-]{subsection.7.3}{\376\377\000A\000l\000g\000o\000r\000i\000t\000m\000o\000\040\000Q\000R\000\040\000p\000a\000r\000a\000\040\000e\000l\000\040\000c\000\341\000l\000c\000u\000l\000o\000\040\000d\000e\000\040\000v\000a\000l\000o\000r\000e\000s\000\040\000p\000r\000o\000p\000i\000o\000s}{section.7}% 48
\BOOKMARK [2][-]{subsection.7.4}{\376\377\000M\000a\000t\000r\000i\000c\000e\000s\000\040\000s\000e\000m\000i\000d\000e\000f\000i\000n\000i\000d\000a\000s\000\040\000p\000o\000s\000i\000t\000i\000v\000a\000s}{section.7}% 49
\BOOKMARK [2][-]{subsection.7.5}{\376\377\000F\000a\000c\000t\000o\000r\000i\000z\000a\000c\000i\000\363\000n\000\040\000e\000n\000\040\000V\000a\000l\000o\000r\000e\000s\000\040\000S\000i\000n\000g\000u\000l\000a\000r\000e\000s\000\040\000\050\000S\000V\000D\000\051}{section.7}% 50
\BOOKMARK [3][-]{subsubsection.7.5.1}{\376\377\000L\000o\000s\000\040\000c\000u\000a\000t\000r\000o\000\040\000s\000u\000b\000e\000s\000p\000a\000c\000i\000o\000s\000\040\000f\000u\000n\000d\000a\000m\000e\000n\000t\000a\000l\000e\000s\000\040\000d\000e\000\040\000u\000n\000a\000\040\000m\000a\000t\000r\000i\000z\000\040\000y\000\040\000l\000a\000\040\000S\000V\000D}{subsection.7.5}% 51
