This is pdfTeX, Version 3.141592653-2.6-1.40.26 (TeX Live 2024) (preloaded format=pdflatex 2024.5.24)  4 JAN 2025 23:11
entering extended mode
 restricted \write18 enabled.
 %&-line parsing enabled.
**"Examen Enero 2024.tex"
(./Examen Enero 2024.tex
LaTeX2e <2023-11-01> patch level 1
L3 programming layer <2024-05-08>
(../../../Macros.tex
(/private/var/mobile/Containers/Data/Application/A30887E3-6A63-41CB-8143-4FBEFB
9A3AB3/Library/texlive/2024/texmf-dist/tex/latex/base/article.cls
Document Class: article 2023/05/17 v1.4n Standard LaTeX document class

(/private/var/mobile/Containers/Data/Application/A30887E3-6A63-41CB-8143-4FBEFB
9A3AB3/Library/texlive/2024/texmf-dist/tex/latex/base/size10.clo
File: size10.clo 2023/05/17 v1.4n Standard LaTeX file (size option)
)
\c@part=\count189
\c@section=\count190
\c@subsection=\count191
\c@subsubsection=\count192
\c@paragraph=\count193
\c@subparagraph=\count194
\c@figure=\count195
\c@table=\count196
\abovecaptionskip=\skip48
\belowcaptionskip=\skip49
\bibindent=\dimen140
)
(/private/var/mobile/Containers/Data/Application/A30887E3-6A63-41CB-8143-4FBEFB
9A3AB3/Library/texlive/2024/texmf-dist/tex/latex/preprint/fullpage.sty
Package: fullpage 1999/02/23 1.1 (PWD)
\FP@margin=\skip50
)
(/private/var/mobile/Containers/Data/Application/A30887E3-6A63-41CB-8143-4FBEFB
9A3AB3/Library/texlive/2024/texmf-dist/tex/latex/base/inputenc.sty
Package: inputenc 2021/02/14 v1.3d Input encoding file
\inpenc@prehook=\toks17
\inpenc@posthook=\toks18
)
(/private/var/mobile/Containers/Data/Application/A30887E3-6A63-41CB-8143-4FBEFB
9A3AB3/Library/texlive/2024/texmf-dist/tex/latex/setspace/setspace.sty
Package: setspace 2022/12/04 v6.7b set line spacing
)
(/private/var/mobile/Containers/Data/Application/A30887E3-6A63-41CB-8143-4FBEFB
9A3AB3/Library/texlive/2024/texmf-dist/tex/latex/pict2e/pict2e.sty
Package: pict2e 2020/09/30 v0.4b Improved picture commands (HjG,RN,JT)

(/private/var/mobile/Containers/Data/Application/A30887E3-6A63-41CB-8143-4FBEFB
9A3AB3/Library/texlive/2024/texmf-dist/tex/latex/pict2e/pict2e.cfg
File: pict2e.cfg 2016/02/05 v0.1u pict2e configuration for teTeX/TeXLive
)
Package pict2e Info: Driver file: pdftex.def on input line 112.

(/private/var/mobile/Containers/Data/Application/A30887E3-6A63-41CB-8143-4FBEFB
9A3AB3/Library/texlive/2024/texmf-dist/tex/latex/graphics-def/pdftex.def
File: pdftex.def 2024/04/13 v1.2c Graphics/color driver for pdftex
)
Package pict2e Info: Driver file for pict2e: p2e-pdftex.def on input line 114.

(/private/var/mobile/Containers/Data/Application/A30887E3-6A63-41CB-8143-4FBEFB
9A3AB3/Library/texlive/2024/texmf-dist/tex/latex/pict2e/p2e-pdftex.def
File: p2e-pdftex.def 2016/02/05 v0.1u Driver-dependant file (RN,HjG,JT)
)
(/private/var/mobile/Containers/Data/Application/A30887E3-6A63-41CB-8143-4FBEFB
9A3AB3/Library/texlive/2024/texmf-dist/tex/latex/graphics/trig.sty
Package: trig 2021/08/11 v1.11 sin cos tan (DPC)
)
\pIIe@GRAPH=\toks19
\@arclen=\dimen141
\@arcrad=\dimen142
\pIIe@tempdima=\dimen143
\pIIe@tempdimb=\dimen144
\pIIe@tempdimc=\dimen145
\pIIe@tempdimd=\dimen146
\pIIe@tempdime=\dimen147
\pIIe@tempdimf=\dimen148
)
(/private/var/mobile/Containers/Data/Application/A30887E3-6A63-41CB-8143-4FBEFB
9A3AB3/Library/texlive/2024/texmf-dist/tex/latex/amsmath/amsmath.sty
Package: amsmath 2023/05/13 v2.17o AMS math features
\@mathmargin=\skip51

For additional information on amsmath, use the `?' option.

(/private/var/mobile/Containers/Data/Application/A30887E3-6A63-41CB-8143-4FBEFB
9A3AB3/Library/texlive/2024/texmf-dist/tex/latex/amsmath/amstext.sty
Package: amstext 2021/08/26 v2.01 AMS text

(/private/var/mobile/Containers/Data/Application/A30887E3-6A63-41CB-8143-4FBEFB
9A3AB3/Library/texlive/2024/texmf-dist/tex/latex/amsmath/amsgen.sty
File: amsgen.sty 1999/11/30 v2.0 generic functions
\@emptytoks=\toks20
\ex@=\dimen149
))
(/private/var/mobile/Containers/Data/Application/A30887E3-6A63-41CB-8143-4FBEFB
9A3AB3/Library/texlive/2024/texmf-dist/tex/latex/amsmath/amsbsy.sty
Package: amsbsy 1999/11/29 v1.2d Bold Symbols
\pmbraise@=\dimen150
)
(/private/var/mobile/Containers/Data/Application/A30887E3-6A63-41CB-8143-4FBEFB
9A3AB3/Library/texlive/2024/texmf-dist/tex/latex/amsmath/amsopn.sty
Package: amsopn 2022/04/08 v2.04 operator names
)
\inf@bad=\count197
LaTeX Info: Redefining \frac on input line 234.
\uproot@=\count198
\leftroot@=\count199
LaTeX Info: Redefining \overline on input line 399.
LaTeX Info: Redefining \colon on input line 410.
\classnum@=\count266
\DOTSCASE@=\count267
LaTeX Info: Redefining \ldots on input line 496.
LaTeX Info: Redefining \dots on input line 499.
LaTeX Info: Redefining \cdots on input line 620.
\Mathstrutbox@=\box51
\strutbox@=\box52
LaTeX Info: Redefining \big on input line 722.
LaTeX Info: Redefining \Big on input line 723.
LaTeX Info: Redefining \bigg on input line 724.
LaTeX Info: Redefining \Bigg on input line 725.
\big@size=\dimen151
LaTeX Font Info:    Redeclaring font encoding OML on input line 743.
LaTeX Font Info:    Redeclaring font encoding OMS on input line 744.
\macc@depth=\count268
LaTeX Info: Redefining \bmod on input line 905.
LaTeX Info: Redefining \pmod on input line 910.
LaTeX Info: Redefining \smash on input line 940.
LaTeX Info: Redefining \relbar on input line 970.
LaTeX Info: Redefining \Relbar on input line 971.
\c@MaxMatrixCols=\count269
\dotsspace@=\muskip16
\c@parentequation=\count270
\dspbrk@lvl=\count271
\tag@help=\toks21
\row@=\count272
\column@=\count273
\maxfields@=\count274
\andhelp@=\toks22
\eqnshift@=\dimen152
\alignsep@=\dimen153
\tagshift@=\dimen154
\tagwidth@=\dimen155
\totwidth@=\dimen156
\lineht@=\dimen157
\@envbody=\toks23
\multlinegap=\skip52
\multlinetaggap=\skip53
\mathdisplay@stack=\toks24
LaTeX Info: Redefining \[ on input line 2953.
LaTeX Info: Redefining \] on input line 2954.
)
(/private/var/mobile/Containers/Data/Application/A30887E3-6A63-41CB-8143-4FBEFB
9A3AB3/Library/texlive/2024/texmf-dist/tex/latex/enumitem/enumitem.sty
Package: enumitem 2019/06/20 v3.9 Customized lists
\enitkv@toks@=\toks25
\labelindent=\skip54
\enit@outerparindent=\dimen158
\enit@toks=\toks26
\enit@inbox=\box53
\enit@count@id=\count275
\enitdp@description=\count276
)
(/private/var/mobile/Containers/Data/Application/A30887E3-6A63-41CB-8143-4FBEFB
9A3AB3/Library/texlive/2024/texmf-dist/tex/latex/eurosym/eurosym.sty
Package: eurosym 1998/08/06 v1.1 European currency symbol ``Euro''
\@eurobox=\box54
)
(/private/var/mobile/Containers/Data/Application/A30887E3-6A63-41CB-8143-4FBEFB
9A3AB3/Library/texlive/2024/texmf-dist/tex/latex/mathtools/mathtools.sty
Package: mathtools 2024/03/11 v1.30 mathematical typesetting tools

(/private/var/mobile/Containers/Data/Application/A30887E3-6A63-41CB-8143-4FBEFB
9A3AB3/Library/texlive/2024/texmf-dist/tex/latex/graphics/keyval.sty
Package: keyval 2022/05/29 v1.15 key=value parser (DPC)
\KV@toks@=\toks27
)
(/private/var/mobile/Containers/Data/Application/A30887E3-6A63-41CB-8143-4FBEFB
9A3AB3/Library/texlive/2024/texmf-dist/tex/latex/tools/calc.sty
Package: calc 2023/07/08 v4.3 Infix arithmetic (KKT,FJ)
\calc@Acount=\count277
\calc@Bcount=\count278
\calc@Adimen=\dimen159
\calc@Bdimen=\dimen160
\calc@Askip=\skip55
\calc@Bskip=\skip56
LaTeX Info: Redefining \setlength on input line 80.
LaTeX Info: Redefining \addtolength on input line 81.
\calc@Ccount=\count279
\calc@Cskip=\skip57
)
(/private/var/mobile/Containers/Data/Application/A30887E3-6A63-41CB-8143-4FBEFB
9A3AB3/Library/texlive/2024/texmf-dist/tex/latex/mathtools/mhsetup.sty
Package: mhsetup 2021/03/18 v1.4 programming setup (MH)
)
\g_MT_multlinerow_int=\count280
\l_MT_multwidth_dim=\dimen161
\origjot=\skip58
\l_MT_shortvdotswithinadjustabove_dim=\dimen162
\l_MT_shortvdotswithinadjustbelow_dim=\dimen163
\l_MT_above_intertext_sep=\dimen164
\l_MT_below_intertext_sep=\dimen165
\l_MT_above_shortintertext_sep=\dimen166
\l_MT_below_shortintertext_sep=\dimen167
\xmathstrut@box=\box55
\xmathstrut@dim=\dimen168
)
(/private/var/mobile/Containers/Data/Application/A30887E3-6A63-41CB-8143-4FBEFB
9A3AB3/Library/texlive/2024/texmf-dist/tex/latex/amsfonts/amssymb.sty
Package: amssymb 2013/01/14 v3.01 AMS font symbols

(/private/var/mobile/Containers/Data/Application/A30887E3-6A63-41CB-8143-4FBEFB
9A3AB3/Library/texlive/2024/texmf-dist/tex/latex/amsfonts/amsfonts.sty
Package: amsfonts 2013/01/14 v3.01 Basic AMSFonts support
\symAMSa=\mathgroup4
\symAMSb=\mathgroup5
LaTeX Font Info:    Redeclaring math symbol \hbar on input line 98.
LaTeX Font Info:    Overwriting math alphabet `\mathfrak' in version `bold'
(Font)                  U/euf/m/n --> U/euf/b/n on input line 106.
))
(/private/var/mobile/Containers/Data/Application/A30887E3-6A63-41CB-8143-4FBEFB
9A3AB3/Library/texlive/2024/texmf-dist/tex/latex/base/latexsym.sty
Package: latexsym 1998/08/17 v2.2e Standard LaTeX package (lasy symbols)
\symlasy=\mathgroup6
LaTeX Font Info:    Overwriting symbol font `lasy' in version `bold'
(Font)                  U/lasy/m/n --> U/lasy/b/n on input line 52.
)
(/private/var/mobile/Containers/Data/Application/A30887E3-6A63-41CB-8143-4FBEFB
9A3AB3/Library/texlive/2024/texmf-dist/tex/latex/cancel/cancel.sty
Package: cancel 2013/04/12 v2.2 Cancel math terms
)
(/private/var/mobile/Containers/Data/Application/A30887E3-6A63-41CB-8143-4FBEFB
9A3AB3/Library/texlive/2024/texmf-dist/tex/latex/caption/subcaption.sty
Package: subcaption 2023/07/28 v1.6b Sub-captions (AR)

(/private/var/mobile/Containers/Data/Application/A30887E3-6A63-41CB-8143-4FBEFB
9A3AB3/Library/texlive/2024/texmf-dist/tex/latex/caption/caption.sty
Package: caption 2023/08/05 v3.6o Customizing captions (AR)

(/private/var/mobile/Containers/Data/Application/A30887E3-6A63-41CB-8143-4FBEFB
9A3AB3/Library/texlive/2024/texmf-dist/tex/latex/caption/caption3.sty
Package: caption3 2023/07/31 v2.4d caption3 kernel (AR)
\caption@tempdima=\dimen169
\captionmargin=\dimen170
\caption@leftmargin=\dimen171
\caption@rightmargin=\dimen172
\caption@width=\dimen173
\caption@indent=\dimen174
\caption@parindent=\dimen175
\caption@hangindent=\dimen176
Package caption Info: Standard document class detected.
)
\c@caption@flags=\count281
\c@continuedfloat=\count282
)
Package caption Info: New subtype `subfigure' on input line 238.
\c@subfigure=\count283
Package caption Info: New subtype `subtable' on input line 238.
\c@subtable=\count284
)
(/private/var/mobile/Containers/Data/Application/A30887E3-6A63-41CB-8143-4FBEFB
9A3AB3/Library/texlive/2024/texmf-dist/tex/latex/tcolorbox/tcolorbox.sty
Package: tcolorbox 2024/01/10 version 6.2.0 text color boxes

(/private/var/mobile/Containers/Data/Application/A30887E3-6A63-41CB-8143-4FBEFB
9A3AB3/Library/texlive/2024/texmf-dist/tex/latex/pgf/basiclayer/pgf.sty
(/private/var/mobile/Containers/Data/Application/A30887E3-6A63-41CB-8143-4FBEFB
9A3AB3/Library/texlive/2024/texmf-dist/tex/latex/pgf/utilities/pgfrcs.sty
(/private/var/mobile/Containers/Data/Application/A30887E3-6A63-41CB-8143-4FBEFB
9A3AB3/Library/texlive/2024/texmf-dist/tex/generic/pgf/utilities/pgfutil-common
.tex
\pgfutil@everybye=\toks28
\pgfutil@tempdima=\dimen177
\pgfutil@tempdimb=\dimen178
)
(/private/var/mobile/Containers/Data/Application/A30887E3-6A63-41CB-8143-4FBEFB
9A3AB3/Library/texlive/2024/texmf-dist/tex/generic/pgf/utilities/pgfutil-latex.
def
\pgfutil@abb=\box56
)
(/private/var/mobile/Containers/Data/Application/A30887E3-6A63-41CB-8143-4FBEFB
9A3AB3/Library/texlive/2024/texmf-dist/tex/generic/pgf/utilities/pgfrcs.code.te
x
(/private/var/mobile/Containers/Data/Application/A30887E3-6A63-41CB-8143-4FBEFB
9A3AB3/Library/texlive/2024/texmf-dist/tex/generic/pgf/pgf.revision.tex)
Package: pgfrcs 2023-01-15 v3.1.10 (3.1.10)
))
Package: pgf 2023-01-15 v3.1.10 (3.1.10)

(/private/var/mobile/Containers/Data/Application/A30887E3-6A63-41CB-8143-4FBEFB
9A3AB3/Library/texlive/2024/texmf-dist/tex/latex/pgf/basiclayer/pgfcore.sty
(/private/var/mobile/Containers/Data/Application/A30887E3-6A63-41CB-8143-4FBEFB
9A3AB3/Library/texlive/2024/texmf-dist/tex/latex/graphics/graphicx.sty
Package: graphicx 2021/09/16 v1.2d Enhanced LaTeX Graphics (DPC,SPQR)

(/private/var/mobile/Containers/Data/Application/A30887E3-6A63-41CB-8143-4FBEFB
9A3AB3/Library/texlive/2024/texmf-dist/tex/latex/graphics/graphics.sty
Package: graphics 2022/03/10 v1.4e Standard LaTeX Graphics (DPC,SPQR)

(/private/var/mobile/Containers/Data/Application/A30887E3-6A63-41CB-8143-4FBEFB
9A3AB3/Library/texlive/2024/texmf-dist/tex/latex/graphics-cfg/graphics.cfg
File: graphics.cfg 2016/06/04 v1.11 sample graphics configuration
)
Package graphics Info: Driver file: pdftex.def on input line 107.
)
\Gin@req@height=\dimen179
\Gin@req@width=\dimen180
)
(/private/var/mobile/Containers/Data/Application/A30887E3-6A63-41CB-8143-4FBEFB
9A3AB3/Library/texlive/2024/texmf-dist/tex/latex/pgf/systemlayer/pgfsys.sty
(/private/var/mobile/Containers/Data/Application/A30887E3-6A63-41CB-8143-4FBEFB
9A3AB3/Library/texlive/2024/texmf-dist/tex/generic/pgf/systemlayer/pgfsys.code.
tex
Package: pgfsys 2023-01-15 v3.1.10 (3.1.10)

(/private/var/mobile/Containers/Data/Application/A30887E3-6A63-41CB-8143-4FBEFB
9A3AB3/Library/texlive/2024/texmf-dist/tex/generic/pgf/utilities/pgfkeys.code.t
ex
\pgfkeys@pathtoks=\toks29
\pgfkeys@temptoks=\toks30

(/private/var/mobile/Containers/Data/Application/A30887E3-6A63-41CB-8143-4FBEFB
9A3AB3/Library/texlive/2024/texmf-dist/tex/generic/pgf/utilities/pgfkeyslibrary
filtered.code.tex
\pgfkeys@tmptoks=\toks31
))
\pgf@x=\dimen181
\pgf@y=\dimen182
\pgf@xa=\dimen183
\pgf@ya=\dimen184
\pgf@xb=\dimen185
\pgf@yb=\dimen186
\pgf@xc=\dimen187
\pgf@yc=\dimen188
\pgf@xd=\dimen189
\pgf@yd=\dimen190
\w@pgf@writea=\write3
\r@pgf@reada=\read2
\c@pgf@counta=\count285
\c@pgf@countb=\count286
\c@pgf@countc=\count287
\c@pgf@countd=\count288
\t@pgf@toka=\toks32
\t@pgf@tokb=\toks33
\t@pgf@tokc=\toks34
\pgf@sys@id@count=\count289

(/private/var/mobile/Containers/Data/Application/A30887E3-6A63-41CB-8143-4FBEFB
9A3AB3/Library/texlive/2024/texmf-dist/tex/generic/pgf/systemlayer/pgf.cfg
File: pgf.cfg 2023-01-15 v3.1.10 (3.1.10)
)
Driver file for pgf: pgfsys-pdftex.def

(/private/var/mobile/Containers/Data/Application/A30887E3-6A63-41CB-8143-4FBEFB
9A3AB3/Library/texlive/2024/texmf-dist/tex/generic/pgf/systemlayer/pgfsys-pdfte
x.def
File: pgfsys-pdftex.def 2023-01-15 v3.1.10 (3.1.10)

(/private/var/mobile/Containers/Data/Application/A30887E3-6A63-41CB-8143-4FBEFB
9A3AB3/Library/texlive/2024/texmf-dist/tex/generic/pgf/systemlayer/pgfsys-commo
n-pdf.def
File: pgfsys-common-pdf.def 2023-01-15 v3.1.10 (3.1.10)
)))
(/private/var/mobile/Containers/Data/Application/A30887E3-6A63-41CB-8143-4FBEFB
9A3AB3/Library/texlive/2024/texmf-dist/tex/generic/pgf/systemlayer/pgfsyssoftpa
th.code.tex
File: pgfsyssoftpath.code.tex 2023-01-15 v3.1.10 (3.1.10)
\pgfsyssoftpath@smallbuffer@items=\count290
\pgfsyssoftpath@bigbuffer@items=\count291
)
(/private/var/mobile/Containers/Data/Application/A30887E3-6A63-41CB-8143-4FBEFB
9A3AB3/Library/texlive/2024/texmf-dist/tex/generic/pgf/systemlayer/pgfsysprotoc
ol.code.tex
File: pgfsysprotocol.code.tex 2023-01-15 v3.1.10 (3.1.10)
))
(/private/var/mobile/Containers/Data/Application/A30887E3-6A63-41CB-8143-4FBEFB
9A3AB3/Library/texlive/2024/texmf-dist/tex/latex/xcolor/xcolor.sty
Package: xcolor 2023/11/15 v3.01 LaTeX color extensions (UK)

(/private/var/mobile/Containers/Data/Application/A30887E3-6A63-41CB-8143-4FBEFB
9A3AB3/Library/texlive/2024/texmf-dist/tex/latex/graphics-cfg/color.cfg
File: color.cfg 2016/01/02 v1.6 sample color configuration
)
Package xcolor Info: Driver file: pdftex.def on input line 274.

(/private/var/mobile/Containers/Data/Application/A30887E3-6A63-41CB-8143-4FBEFB
9A3AB3/Library/texlive/2024/texmf-dist/tex/latex/graphics/mathcolor.ltx)
Package xcolor Info: Model `cmy' substituted by `cmy0' on input line 1350.
Package xcolor Info: Model `hsb' substituted by `rgb' on input line 1354.
Package xcolor Info: Model `RGB' extended on input line 1366.
Package xcolor Info: Model `HTML' substituted by `rgb' on input line 1368.
Package xcolor Info: Model `Hsb' substituted by `hsb' on input line 1369.
Package xcolor Info: Model `tHsb' substituted by `hsb' on input line 1370.
Package xcolor Info: Model `HSB' substituted by `hsb' on input line 1371.
Package xcolor Info: Model `Gray' substituted by `gray' on input line 1372.
Package xcolor Info: Model `wave' substituted by `hsb' on input line 1373.
)
(/private/var/mobile/Containers/Data/Application/A30887E3-6A63-41CB-8143-4FBEFB
9A3AB3/Library/texlive/2024/texmf-dist/tex/generic/pgf/basiclayer/pgfcore.code.
tex
Package: pgfcore 2023-01-15 v3.1.10 (3.1.10)

(/private/var/mobile/Containers/Data/Application/A30887E3-6A63-41CB-8143-4FBEFB
9A3AB3/Library/texlive/2024/texmf-dist/tex/generic/pgf/math/pgfmath.code.tex
(/private/var/mobile/Containers/Data/Application/A30887E3-6A63-41CB-8143-4FBEFB
9A3AB3/Library/texlive/2024/texmf-dist/tex/generic/pgf/math/pgfmathutil.code.te
x)
(/private/var/mobile/Containers/Data/Application/A30887E3-6A63-41CB-8143-4FBEFB
9A3AB3/Library/texlive/2024/texmf-dist/tex/generic/pgf/math/pgfmathparser.code.
tex
\pgfmath@dimen=\dimen191
\pgfmath@count=\count292
\pgfmath@box=\box57
\pgfmath@toks=\toks35
\pgfmath@stack@operand=\toks36
\pgfmath@stack@operation=\toks37
)
(/private/var/mobile/Containers/Data/Application/A30887E3-6A63-41CB-8143-4FBEFB
9A3AB3/Library/texlive/2024/texmf-dist/tex/generic/pgf/math/pgfmathfunctions.co
de.tex)
(/private/var/mobile/Containers/Data/Application/A30887E3-6A63-41CB-8143-4FBEFB
9A3AB3/Library/texlive/2024/texmf-dist/tex/generic/pgf/math/pgfmathfunctions.ba
sic.code.tex)
(/private/var/mobile/Containers/Data/Application/A30887E3-6A63-41CB-8143-4FBEFB
9A3AB3/Library/texlive/2024/texmf-dist/tex/generic/pgf/math/pgfmathfunctions.tr
igonometric.code.tex)
(/private/var/mobile/Containers/Data/Application/A30887E3-6A63-41CB-8143-4FBEFB
9A3AB3/Library/texlive/2024/texmf-dist/tex/generic/pgf/math/pgfmathfunctions.ra
ndom.code.tex)
(/private/var/mobile/Containers/Data/Application/A30887E3-6A63-41CB-8143-4FBEFB
9A3AB3/Library/texlive/2024/texmf-dist/tex/generic/pgf/math/pgfmathfunctions.co
mparison.code.tex)
(/private/var/mobile/Containers/Data/Application/A30887E3-6A63-41CB-8143-4FBEFB
9A3AB3/Library/texlive/2024/texmf-dist/tex/generic/pgf/math/pgfmathfunctions.ba
se.code.tex)
(/private/var/mobile/Containers/Data/Application/A30887E3-6A63-41CB-8143-4FBEFB
9A3AB3/Library/texlive/2024/texmf-dist/tex/generic/pgf/math/pgfmathfunctions.ro
und.code.tex)
(/private/var/mobile/Containers/Data/Application/A30887E3-6A63-41CB-8143-4FBEFB
9A3AB3/Library/texlive/2024/texmf-dist/tex/generic/pgf/math/pgfmathfunctions.mi
sc.code.tex)
(/private/var/mobile/Containers/Data/Application/A30887E3-6A63-41CB-8143-4FBEFB
9A3AB3/Library/texlive/2024/texmf-dist/tex/generic/pgf/math/pgfmathfunctions.in
tegerarithmetics.code.tex)
(/private/var/mobile/Containers/Data/Application/A30887E3-6A63-41CB-8143-4FBEFB
9A3AB3/Library/texlive/2024/texmf-dist/tex/generic/pgf/math/pgfmathcalc.code.te
x)
(/private/var/mobile/Containers/Data/Application/A30887E3-6A63-41CB-8143-4FBEFB
9A3AB3/Library/texlive/2024/texmf-dist/tex/generic/pgf/math/pgfmathfloat.code.t
ex
\c@pgfmathroundto@lastzeros=\count293
))
(/private/var/mobile/Containers/Data/Application/A30887E3-6A63-41CB-8143-4FBEFB
9A3AB3/Library/texlive/2024/texmf-dist/tex/generic/pgf/math/pgfint.code.tex)
(/private/var/mobile/Containers/Data/Application/A30887E3-6A63-41CB-8143-4FBEFB
9A3AB3/Library/texlive/2024/texmf-dist/tex/generic/pgf/basiclayer/pgfcorepoints
.code.tex
File: pgfcorepoints.code.tex 2023-01-15 v3.1.10 (3.1.10)
\pgf@picminx=\dimen192
\pgf@picmaxx=\dimen193
\pgf@picminy=\dimen194
\pgf@picmaxy=\dimen195
\pgf@pathminx=\dimen196
\pgf@pathmaxx=\dimen197
\pgf@pathminy=\dimen198
\pgf@pathmaxy=\dimen199
\pgf@xx=\dimen256
\pgf@xy=\dimen257
\pgf@yx=\dimen258
\pgf@yy=\dimen259
\pgf@zx=\dimen260
\pgf@zy=\dimen261
)
(/private/var/mobile/Containers/Data/Application/A30887E3-6A63-41CB-8143-4FBEFB
9A3AB3/Library/texlive/2024/texmf-dist/tex/generic/pgf/basiclayer/pgfcorepathco
nstruct.code.tex
File: pgfcorepathconstruct.code.tex 2023-01-15 v3.1.10 (3.1.10)
\pgf@path@lastx=\dimen262
\pgf@path@lasty=\dimen263
)
(/private/var/mobile/Containers/Data/Application/A30887E3-6A63-41CB-8143-4FBEFB
9A3AB3/Library/texlive/2024/texmf-dist/tex/generic/pgf/basiclayer/pgfcorepathus
age.code.tex
File: pgfcorepathusage.code.tex 2023-01-15 v3.1.10 (3.1.10)
\pgf@shorten@end@additional=\dimen264
\pgf@shorten@start@additional=\dimen265
)
(/private/var/mobile/Containers/Data/Application/A30887E3-6A63-41CB-8143-4FBEFB
9A3AB3/Library/texlive/2024/texmf-dist/tex/generic/pgf/basiclayer/pgfcorescopes
.code.tex
File: pgfcorescopes.code.tex 2023-01-15 v3.1.10 (3.1.10)
\pgfpic=\box58
\pgf@hbox=\box59
\pgf@layerbox@main=\box60
\pgf@picture@serial@count=\count294
)
(/private/var/mobile/Containers/Data/Application/A30887E3-6A63-41CB-8143-4FBEFB
9A3AB3/Library/texlive/2024/texmf-dist/tex/generic/pgf/basiclayer/pgfcoregraphi
cstate.code.tex
File: pgfcoregraphicstate.code.tex 2023-01-15 v3.1.10 (3.1.10)
\pgflinewidth=\dimen266
)
(/private/var/mobile/Containers/Data/Application/A30887E3-6A63-41CB-8143-4FBEFB
9A3AB3/Library/texlive/2024/texmf-dist/tex/generic/pgf/basiclayer/pgfcoretransf
ormations.code.tex
File: pgfcoretransformations.code.tex 2023-01-15 v3.1.10 (3.1.10)
\pgf@pt@x=\dimen267
\pgf@pt@y=\dimen268
\pgf@pt@temp=\dimen269
)
(/private/var/mobile/Containers/Data/Application/A30887E3-6A63-41CB-8143-4FBEFB
9A3AB3/Library/texlive/2024/texmf-dist/tex/generic/pgf/basiclayer/pgfcorequick.
code.tex
File: pgfcorequick.code.tex 2023-01-15 v3.1.10 (3.1.10)
)
(/private/var/mobile/Containers/Data/Application/A30887E3-6A63-41CB-8143-4FBEFB
9A3AB3/Library/texlive/2024/texmf-dist/tex/generic/pgf/basiclayer/pgfcoreobject
s.code.tex
File: pgfcoreobjects.code.tex 2023-01-15 v3.1.10 (3.1.10)
)
(/private/var/mobile/Containers/Data/Application/A30887E3-6A63-41CB-8143-4FBEFB
9A3AB3/Library/texlive/2024/texmf-dist/tex/generic/pgf/basiclayer/pgfcorepathpr
ocessing.code.tex
File: pgfcorepathprocessing.code.tex 2023-01-15 v3.1.10 (3.1.10)
)
(/private/var/mobile/Containers/Data/Application/A30887E3-6A63-41CB-8143-4FBEFB
9A3AB3/Library/texlive/2024/texmf-dist/tex/generic/pgf/basiclayer/pgfcorearrows
.code.tex
File: pgfcorearrows.code.tex 2023-01-15 v3.1.10 (3.1.10)
\pgfarrowsep=\dimen270
)
(/private/var/mobile/Containers/Data/Application/A30887E3-6A63-41CB-8143-4FBEFB
9A3AB3/Library/texlive/2024/texmf-dist/tex/generic/pgf/basiclayer/pgfcoreshade.
code.tex
File: pgfcoreshade.code.tex 2023-01-15 v3.1.10 (3.1.10)
\pgf@max=\dimen271
\pgf@sys@shading@range@num=\count295
\pgf@shadingcount=\count296
)
(/private/var/mobile/Containers/Data/Application/A30887E3-6A63-41CB-8143-4FBEFB
9A3AB3/Library/texlive/2024/texmf-dist/tex/generic/pgf/basiclayer/pgfcoreimage.
code.tex
File: pgfcoreimage.code.tex 2023-01-15 v3.1.10 (3.1.10)
)
(/private/var/mobile/Containers/Data/Application/A30887E3-6A63-41CB-8143-4FBEFB
9A3AB3/Library/texlive/2024/texmf-dist/tex/generic/pgf/basiclayer/pgfcoreextern
al.code.tex
File: pgfcoreexternal.code.tex 2023-01-15 v3.1.10 (3.1.10)
\pgfexternal@startupbox=\box61
)
(/private/var/mobile/Containers/Data/Application/A30887E3-6A63-41CB-8143-4FBEFB
9A3AB3/Library/texlive/2024/texmf-dist/tex/generic/pgf/basiclayer/pgfcorelayers
.code.tex
File: pgfcorelayers.code.tex 2023-01-15 v3.1.10 (3.1.10)
)
(/private/var/mobile/Containers/Data/Application/A30887E3-6A63-41CB-8143-4FBEFB
9A3AB3/Library/texlive/2024/texmf-dist/tex/generic/pgf/basiclayer/pgfcoretransp
arency.code.tex
File: pgfcoretransparency.code.tex 2023-01-15 v3.1.10 (3.1.10)
)
(/private/var/mobile/Containers/Data/Application/A30887E3-6A63-41CB-8143-4FBEFB
9A3AB3/Library/texlive/2024/texmf-dist/tex/generic/pgf/basiclayer/pgfcorepatter
ns.code.tex
File: pgfcorepatterns.code.tex 2023-01-15 v3.1.10 (3.1.10)
)
(/private/var/mobile/Containers/Data/Application/A30887E3-6A63-41CB-8143-4FBEFB
9A3AB3/Library/texlive/2024/texmf-dist/tex/generic/pgf/basiclayer/pgfcorerdf.co
de.tex
File: pgfcorerdf.code.tex 2023-01-15 v3.1.10 (3.1.10)
)))
(/private/var/mobile/Containers/Data/Application/A30887E3-6A63-41CB-8143-4FBEFB
9A3AB3/Library/texlive/2024/texmf-dist/tex/generic/pgf/modules/pgfmoduleshapes.
code.tex
File: pgfmoduleshapes.code.tex 2023-01-15 v3.1.10 (3.1.10)
\pgfnodeparttextbox=\box62
)
(/private/var/mobile/Containers/Data/Application/A30887E3-6A63-41CB-8143-4FBEFB
9A3AB3/Library/texlive/2024/texmf-dist/tex/generic/pgf/modules/pgfmoduleplot.co
de.tex
File: pgfmoduleplot.code.tex 2023-01-15 v3.1.10 (3.1.10)
)
(/private/var/mobile/Containers/Data/Application/A30887E3-6A63-41CB-8143-4FBEFB
9A3AB3/Library/texlive/2024/texmf-dist/tex/latex/pgf/compatibility/pgfcomp-vers
ion-0-65.sty
Package: pgfcomp-version-0-65 2023-01-15 v3.1.10 (3.1.10)
\pgf@nodesepstart=\dimen272
\pgf@nodesepend=\dimen273
)
(/private/var/mobile/Containers/Data/Application/A30887E3-6A63-41CB-8143-4FBEFB
9A3AB3/Library/texlive/2024/texmf-dist/tex/latex/pgf/compatibility/pgfcomp-vers
ion-1-18.sty
Package: pgfcomp-version-1-18 2023-01-15 v3.1.10 (3.1.10)
))
(/private/var/mobile/Containers/Data/Application/A30887E3-6A63-41CB-8143-4FBEFB
9A3AB3/Library/texlive/2024/texmf-dist/tex/latex/tools/verbatim.sty
Package: verbatim 2023-11-06 v1.5v LaTeX2e package for verbatim enhancements
\every@verbatim=\toks38
\verbatim@line=\toks39
\verbatim@in@stream=\read3
)
(/private/var/mobile/Containers/Data/Application/A30887E3-6A63-41CB-8143-4FBEFB
9A3AB3/Library/texlive/2024/texmf-dist/tex/latex/environ/environ.sty
Package: environ 2014/05/04 v0.3 A new way to define environments

(/private/var/mobile/Containers/Data/Application/A30887E3-6A63-41CB-8143-4FBEFB
9A3AB3/Library/texlive/2024/texmf-dist/tex/latex/trimspaces/trimspaces.sty
Package: trimspaces 2009/09/17 v1.1 Trim spaces around a token list
))
(/private/var/mobile/Containers/Data/Application/A30887E3-6A63-41CB-8143-4FBEFB
9A3AB3/Library/texlive/2024/texmf-dist/tex/latex/etoolbox/etoolbox.sty
Package: etoolbox 2020/10/05 v2.5k e-TeX tools for LaTeX (JAW)
\etb@tempcnta=\count297
)
\tcb@titlebox=\box63
\tcb@upperbox=\box64
\tcb@lowerbox=\box65
\tcb@phantombox=\box66
\c@tcbbreakpart=\count298
\c@tcblayer=\count299
\c@tcolorbox@number=\count300
\l__tcobox_tmpa_box=\box67
\l__tcobox_tmpa_dim=\dimen274
\tcb@temp=\box68
\tcb@temp=\box69
\tcb@temp=\box70
\tcb@temp=\box71
)
(/private/var/mobile/Containers/Data/Application/A30887E3-6A63-41CB-8143-4FBEFB
9A3AB3/Library/texlive/2024/texmf-dist/tex/latex/colortbl/colortbl.sty
Package: colortbl 2024/02/20 v1.0g Color table columns (DPC)

(/private/var/mobile/Containers/Data/Application/A30887E3-6A63-41CB-8143-4FBEFB
9A3AB3/Library/texlive/2024/texmf-dist/tex/latex/tools/array.sty
Package: array 2023/10/16 v2.5g Tabular extension package (FMi)
\col@sep=\dimen275
\ar@mcellbox=\box72
\extrarowheight=\dimen276
\NC@list=\toks40
\extratabsurround=\skip59
\backup@length=\skip60
\ar@cellbox=\box73
)
\everycr=\toks41
\minrowclearance=\skip61
\rownum=\count301
)
(/private/var/mobile/Containers/Data/Application/A30887E3-6A63-41CB-8143-4FBEFB
9A3AB3/Library/texlive/2024/texmf-dist/tex/latex/wrapfig/wrapfig.sty
\wrapoverhang=\dimen277
\WF@size=\dimen278
\c@WF@wrappedlines=\count302
\WF@box=\box74
\WF@everypar=\toks42
Package: wrapfig 2003/01/31  v 3.6
)
(/private/var/mobile/Containers/Data/Application/A30887E3-6A63-41CB-8143-4FBEFB
9A3AB3/Library/texlive/2024/texmf-dist/tex/latex/arydshln/arydshln.sty
Package: arydshln 2019/02/21 v1.76 
\dashlinedash=\dimen279
\dashlinegap=\dimen280
\adl@box=\box75
\adl@height=\dimen281
\adl@heightsave=\dimen282
\adl@depth=\dimen283
\adl@depthsave=\dimen284
\adl@finaldepth=\dimen285
\adl@columns=\count303
\adl@ncol=\count304
\adl@currentcolumn=\count305
\adl@currentcolumnsave=\count306
\adl@totalheight=\count307
\adl@totalheightsave=\count308
\adl@dash=\count309
\adl@gap=\count310
\adl@cla=\count311
\adl@clb=\count312
\adl@everyvbox=\toks43
\adl@LTpagetotal=\dimen286
)
(/private/var/mobile/Containers/Data/Application/A30887E3-6A63-41CB-8143-4FBEFB
9A3AB3/Library/texlive/2024/texmf-dist/tex/latex/mathtools/empheq.sty
Package: empheq 2017/03/31 v2.15 Emphasizing equations
\l_EQ_equationtype_int=\count313
\l_EQ_alignmentmode_int=\count314
\l_EQ_totalwidth_dim=\dimen287
\l_EQ_displaywidth_dim=\dimen288
\l_EQ_temp_linewidth_dim=\dimen289
\l_EQ_linewidth_dim=\dimen290
\EmphEqdelimitershortfall=\dimen291
\EmphEqdelimiterfactor=\count315
\g_EQ_toptag_height_dim=\dimen292
\g_EQ_bottomtag_depth_dim=\dimen293
\g_EQ_toprow_height_dim=\dimen294
\g_EQ_bottomrow_depth_dim=\dimen295
\g_EQ_widesttag_dim=\dimen296
\EQ_mathdisplay_box=\box76
\EQ_tag_box=\box77
\g_EQ_temprow_int=\count316
)
(/private/var/mobile/Containers/Data/Application/A30887E3-6A63-41CB-8143-4FBEFB
9A3AB3/Library/texlive/2024/texmf-dist/tex/latex/parskip/parskip.sty
Package: parskip 2021-03-14 v2.0h non-zero parskip adjustments

(/private/var/mobile/Containers/Data/Application/A30887E3-6A63-41CB-8143-4FBEFB
9A3AB3/Library/texlive/2024/texmf-dist/tex/latex/kvoptions/kvoptions.sty
Package: kvoptions 2022-06-15 v3.15 Key value format for package options (HO)

(/private/var/mobile/Containers/Data/Application/A30887E3-6A63-41CB-8143-4FBEFB
9A3AB3/Library/texlive/2024/texmf-dist/tex/generic/ltxcmds/ltxcmds.sty
Package: ltxcmds 2023-12-04 v1.26 LaTeX kernel commands for general use (HO)
)
(/private/var/mobile/Containers/Data/Application/A30887E3-6A63-41CB-8143-4FBEFB
9A3AB3/Library/texlive/2024/texmf-dist/tex/latex/kvsetkeys/kvsetkeys.sty
Package: kvsetkeys 2022-10-05 v1.19 Key value parser (HO)
)))
(/private/var/mobile/Containers/Data/Application/A30887E3-6A63-41CB-8143-4FBEFB
9A3AB3/Library/texlive/2024/texmf-dist/tex/latex/multirow/multirow.sty
Package: multirow 2021/03/15 v2.8 Span multiple rows of a table
\multirow@colwidth=\skip62
\multirow@cntb=\count317
\multirow@dima=\skip63
\bigstrutjot=\dimen297
)
(/private/var/mobile/Containers/Data/Application/A30887E3-6A63-41CB-8143-4FBEFB
9A3AB3/Library/texlive/2024/texmf-dist/tex/latex/tools/multicol.sty
Package: multicol 2023/03/30 v1.9f multicolumn formatting (FMi)
\c@tracingmulticols=\count318
\mult@box=\box78
\multicol@leftmargin=\dimen298
\c@unbalance=\count319
\c@collectmore=\count320
\doublecol@number=\count321
\multicoltolerance=\count322
\multicolpretolerance=\count323
\full@width=\dimen299
\page@free=\dimen300
\premulticols=\dimen301
\postmulticols=\dimen302
\multicolsep=\skip64
\multicolbaselineskip=\skip65
\partial@page=\box79
\last@line=\box80
\mc@boxedresult=\box81
\maxbalancingoverflow=\dimen303
\mult@rightbox=\box82
\mult@grightbox=\box83
\mult@firstbox=\box84
\mult@gfirstbox=\box85
\@tempa=\box86
\@tempa=\box87
\@tempa=\box88
\@tempa=\box89
\@tempa=\box90
\@tempa=\box91
\@tempa=\box92
\@tempa=\box93
\@tempa=\box94
\@tempa=\box95
\@tempa=\box96
\@tempa=\box97
\@tempa=\box98
\@tempa=\box99
\@tempa=\box100
\@tempa=\box101
\@tempa=\box102
\@tempa=\box103
\@tempa=\box104
\@tempa=\box105
\@tempa=\box106
\@tempa=\box107
\@tempa=\box108
\@tempa=\box109
\@tempa=\box110
\@tempa=\box111
\@tempa=\box112
\@tempa=\box113
\@tempa=\box114
\@tempa=\box115
\@tempa=\box116
\@tempa=\box117
\@tempa=\box118
\@tempa=\box119
\@tempa=\box120
\@tempa=\box121
\c@minrows=\count324
\c@columnbadness=\count325
\c@finalcolumnbadness=\count326
\last@try=\dimen304
\multicolovershoot=\dimen305
\multicolundershoot=\dimen306
\mult@nat@firstbox=\box122
\colbreak@box=\box123
\mc@col@check@num=\count327
)
(/private/var/mobile/Containers/Data/Application/A30887E3-6A63-41CB-8143-4FBEFB
9A3AB3/Library/texlive/2024/texmf-dist/tex/latex/listings/listings.sty
\lst@mode=\count328
\lst@gtempboxa=\box124
\lst@token=\toks44
\lst@length=\count329
\lst@currlwidth=\dimen307
\lst@column=\count330
\lst@pos=\count331
\lst@lostspace=\dimen308
\lst@width=\dimen309
\lst@newlines=\count332
\lst@lineno=\count333
\lst@maxwidth=\dimen310

(/private/var/mobile/Containers/Data/Application/A30887E3-6A63-41CB-8143-4FBEFB
9A3AB3/Library/texlive/2024/texmf-dist/tex/latex/listings/lstpatch.sty
File: lstpatch.sty 2024/03/11 1.10a (Carsten Heinz)
)
(/private/var/mobile/Containers/Data/Application/A30887E3-6A63-41CB-8143-4FBEFB
9A3AB3/Library/texlive/2024/texmf-dist/tex/latex/listings/lstmisc.sty
File: lstmisc.sty 2024/03/11 1.10a (Carsten Heinz)
\c@lstnumber=\count334
\lst@skipnumbers=\count335
\lst@framebox=\box125
)
(/private/var/mobile/Containers/Data/Application/A30887E3-6A63-41CB-8143-4FBEFB
9A3AB3/Library/texlive/2024/texmf-dist/tex/latex/listings/listings.cfg
File: listings.cfg 2024/03/11 1.10a listings configuration
))
Package: listings 2024/03/11 1.10a (Carsten Heinz)

(/private/var/mobile/Containers/Data/Application/A30887E3-6A63-41CB-8143-4FBEFB
9A3AB3/Library/texlive/2024/texmf-dist/tex/latex/pgf/frontendlayer/tikz.sty
(/private/var/mobile/Containers/Data/Application/A30887E3-6A63-41CB-8143-4FBEFB
9A3AB3/Library/texlive/2024/texmf-dist/tex/latex/pgf/utilities/pgffor.sty
(/private/var/mobile/Containers/Data/Application/A30887E3-6A63-41CB-8143-4FBEFB
9A3AB3/Library/texlive/2024/texmf-dist/tex/latex/pgf/utilities/pgfkeys.sty
(/private/var/mobile/Containers/Data/Application/A30887E3-6A63-41CB-8143-4FBEFB
9A3AB3/Library/texlive/2024/texmf-dist/tex/generic/pgf/utilities/pgfkeys.code.t
ex))
(/private/var/mobile/Containers/Data/Application/A30887E3-6A63-41CB-8143-4FBEFB
9A3AB3/Library/texlive/2024/texmf-dist/tex/latex/pgf/math/pgfmath.sty
(/private/var/mobile/Containers/Data/Application/A30887E3-6A63-41CB-8143-4FBEFB
9A3AB3/Library/texlive/2024/texmf-dist/tex/generic/pgf/math/pgfmath.code.tex))
(/private/var/mobile/Containers/Data/Application/A30887E3-6A63-41CB-8143-4FBEFB
9A3AB3/Library/texlive/2024/texmf-dist/tex/generic/pgf/utilities/pgffor.code.te
x
Package: pgffor 2023-01-15 v3.1.10 (3.1.10)
\pgffor@iter=\dimen311
\pgffor@skip=\dimen312
\pgffor@stack=\toks45
\pgffor@toks=\toks46
))
(/private/var/mobile/Containers/Data/Application/A30887E3-6A63-41CB-8143-4FBEFB
9A3AB3/Library/texlive/2024/texmf-dist/tex/generic/pgf/frontendlayer/tikz/tikz.
code.tex
Package: tikz 2023-01-15 v3.1.10 (3.1.10)

(/private/var/mobile/Containers/Data/Application/A30887E3-6A63-41CB-8143-4FBEFB
9A3AB3/Library/texlive/2024/texmf-dist/tex/generic/pgf/libraries/pgflibraryplot
handlers.code.tex
File: pgflibraryplothandlers.code.tex 2023-01-15 v3.1.10 (3.1.10)
\pgf@plot@mark@count=\count336
\pgfplotmarksize=\dimen313
)
\tikz@lastx=\dimen314
\tikz@lasty=\dimen315
\tikz@lastxsaved=\dimen316
\tikz@lastysaved=\dimen317
\tikz@lastmovetox=\dimen318
\tikz@lastmovetoy=\dimen319
\tikzleveldistance=\dimen320
\tikzsiblingdistance=\dimen321
\tikz@figbox=\box126
\tikz@figbox@bg=\box127
\tikz@tempbox=\box128
\tikz@tempbox@bg=\box129
\tikztreelevel=\count337
\tikznumberofchildren=\count338
\tikznumberofcurrentchild=\count339
\tikz@fig@count=\count340

(/private/var/mobile/Containers/Data/Application/A30887E3-6A63-41CB-8143-4FBEFB
9A3AB3/Library/texlive/2024/texmf-dist/tex/generic/pgf/modules/pgfmodulematrix.
code.tex
File: pgfmodulematrix.code.tex 2023-01-15 v3.1.10 (3.1.10)
\pgfmatrixcurrentrow=\count341
\pgfmatrixcurrentcolumn=\count342
\pgf@matrix@numberofcolumns=\count343
)
\tikz@expandcount=\count344

(/private/var/mobile/Containers/Data/Application/A30887E3-6A63-41CB-8143-4FBEFB
9A3AB3/Library/texlive/2024/texmf-dist/tex/generic/pgf/frontendlayer/tikz/libra
ries/tikzlibrarytopaths.code.tex
File: tikzlibrarytopaths.code.tex 2023-01-15 v3.1.10 (3.1.10)
)))
(/private/var/mobile/Containers/Data/Application/A30887E3-6A63-41CB-8143-4FBEFB
9A3AB3/Library/texlive/2024/texmf-dist/tex/latex/tikz-cd/tikz-cd.sty
Package: tikz-cd 2021/05/04 v1.0 Commutative diagrams with TikZ

(/private/var/mobile/Containers/Data/Application/A30887E3-6A63-41CB-8143-4FBEFB
9A3AB3/Library/texlive/2024/texmf-dist/tex/generic/tikz-cd/tikzlibrarycd.code.t
ex
(/private/var/mobile/Containers/Data/Application/A30887E3-6A63-41CB-8143-4FBEFB
9A3AB3/Library/texlive/2024/texmf-dist/tex/generic/pgf/frontendlayer/tikz/libra
ries/tikzlibrarymatrix.code.tex
File: tikzlibrarymatrix.code.tex 2023-01-15 v3.1.10 (3.1.10)
)
(/private/var/mobile/Containers/Data/Application/A30887E3-6A63-41CB-8143-4FBEFB
9A3AB3/Library/texlive/2024/texmf-dist/tex/generic/pgf/frontendlayer/tikz/libra
ries/tikzlibraryquotes.code.tex
File: tikzlibraryquotes.code.tex 2023-01-15 v3.1.10 (3.1.10)
)
(/private/var/mobile/Containers/Data/Application/A30887E3-6A63-41CB-8143-4FBEFB
9A3AB3/Library/texlive/2024/texmf-dist/tex/generic/pgf/libraries/pgflibraryarro
ws.meta.code.tex
File: pgflibraryarrows.meta.code.tex 2023-01-15 v3.1.10 (3.1.10)
\pgfarrowinset=\dimen322
\pgfarrowlength=\dimen323
\pgfarrowwidth=\dimen324
\pgfarrowlinewidth=\dimen325
)))
(/private/var/mobile/Containers/Data/Application/A30887E3-6A63-41CB-8143-4FBEFB
9A3AB3/Library/texlive/2024/texmf-dist/tex/generic/pgf/frontendlayer/tikz/libra
ries/tikzlibraryshapes.code.tex
File: tikzlibraryshapes.code.tex 2023-01-15 v3.1.10 (3.1.10)

(/private/var/mobile/Containers/Data/Application/A30887E3-6A63-41CB-8143-4FBEFB
9A3AB3/Library/texlive/2024/texmf-dist/tex/generic/pgf/frontendlayer/tikz/libra
ries/tikzlibraryshapes.geometric.code.tex
File: tikzlibraryshapes.geometric.code.tex 2023-01-15 v3.1.10 (3.1.10)

(/private/var/mobile/Containers/Data/Application/A30887E3-6A63-41CB-8143-4FBEFB
9A3AB3/Library/texlive/2024/texmf-dist/tex/generic/pgf/libraries/shapes/pgflibr
aryshapes.geometric.code.tex
File: pgflibraryshapes.geometric.code.tex 2023-01-15 v3.1.10 (3.1.10)
))
(/private/var/mobile/Containers/Data/Application/A30887E3-6A63-41CB-8143-4FBEFB
9A3AB3/Library/texlive/2024/texmf-dist/tex/generic/pgf/frontendlayer/tikz/libra
ries/tikzlibraryshapes.misc.code.tex
File: tikzlibraryshapes.misc.code.tex 2023-01-15 v3.1.10 (3.1.10)

(/private/var/mobile/Containers/Data/Application/A30887E3-6A63-41CB-8143-4FBEFB
9A3AB3/Library/texlive/2024/texmf-dist/tex/generic/pgf/libraries/shapes/pgflibr
aryshapes.misc.code.tex
File: pgflibraryshapes.misc.code.tex 2023-01-15 v3.1.10 (3.1.10)
))
(/private/var/mobile/Containers/Data/Application/A30887E3-6A63-41CB-8143-4FBEFB
9A3AB3/Library/texlive/2024/texmf-dist/tex/generic/pgf/frontendlayer/tikz/libra
ries/tikzlibraryshapes.symbols.code.tex
File: tikzlibraryshapes.symbols.code.tex 2023-01-15 v3.1.10 (3.1.10)

(/private/var/mobile/Containers/Data/Application/A30887E3-6A63-41CB-8143-4FBEFB
9A3AB3/Library/texlive/2024/texmf-dist/tex/generic/pgf/libraries/shapes/pgflibr
aryshapes.symbols.code.tex
File: pgflibraryshapes.symbols.code.tex 2023-01-15 v3.1.10 (3.1.10)
))
(/private/var/mobile/Containers/Data/Application/A30887E3-6A63-41CB-8143-4FBEFB
9A3AB3/Library/texlive/2024/texmf-dist/tex/generic/pgf/frontendlayer/tikz/libra
ries/tikzlibraryshapes.arrows.code.tex
File: tikzlibraryshapes.arrows.code.tex 2023-01-15 v3.1.10 (3.1.10)

(/private/var/mobile/Containers/Data/Application/A30887E3-6A63-41CB-8143-4FBEFB
9A3AB3/Library/texlive/2024/texmf-dist/tex/generic/pgf/libraries/shapes/pgflibr
aryshapes.arrows.code.tex
File: pgflibraryshapes.arrows.code.tex 2023-01-15 v3.1.10 (3.1.10)
))
(/private/var/mobile/Containers/Data/Application/A30887E3-6A63-41CB-8143-4FBEFB
9A3AB3/Library/texlive/2024/texmf-dist/tex/generic/pgf/frontendlayer/tikz/libra
ries/tikzlibraryshapes.callouts.code.tex
(/private/var/mobile/Containers/Data/Application/A30887E3-6A63-41CB-8143-4FBEFB
9A3AB3/Library/texlive/2024/texmf-dist/tex/generic/pgf/libraries/shapes/pgflibr
aryshapes.callouts.code.tex))
(/private/var/mobile/Containers/Data/Application/A30887E3-6A63-41CB-8143-4FBEFB
9A3AB3/Library/texlive/2024/texmf-dist/tex/generic/pgf/frontendlayer/tikz/libra
ries/tikzlibraryshapes.multipart.code.tex
File: tikzlibraryshapes.multipart.code.tex 2023-01-15 v3.1.10 (3.1.10)

(/private/var/mobile/Containers/Data/Application/A30887E3-6A63-41CB-8143-4FBEFB
9A3AB3/Library/texlive/2024/texmf-dist/tex/generic/pgf/libraries/shapes/pgflibr
aryshapes.multipart.code.tex
File: pgflibraryshapes.multipart.code.tex 2023-01-15 v3.1.10 (3.1.10)
\pgfnodepartlowerbox=\box130
\pgfnodeparttwobox=\box131
\pgfnodepartthreebox=\box132
\pgfnodepartfourbox=\box133
\pgfnodeparttwentybox=\box134
\pgfnodepartnineteenbox=\box135
\pgfnodeparteighteenbox=\box136
\pgfnodepartseventeenbox=\box137
\pgfnodepartsixteenbox=\box138
\pgfnodepartfifteenbox=\box139
\pgfnodepartfourteenbox=\box140
\pgfnodepartthirteenbox=\box141
\pgfnodeparttwelvebox=\box142
\pgfnodepartelevenbox=\box143
\pgfnodeparttenbox=\box144
\pgfnodepartninebox=\box145
\pgfnodeparteightbox=\box146
\pgfnodepartsevenbox=\box147
\pgfnodepartsixbox=\box148
\pgfnodepartfivebox=\box149
)))
(/private/var/mobile/Containers/Data/Application/A30887E3-6A63-41CB-8143-4FBEFB
9A3AB3/Library/texlive/2024/texmf-dist/tex/generic/pgf/frontendlayer/tikz/libra
ries/tikzlibrarypositioning.code.tex
File: tikzlibrarypositioning.code.tex 2023-01-15 v3.1.10 (3.1.10)
)
(/private/var/mobile/Containers/Data/Application/A30887E3-6A63-41CB-8143-4FBEFB
9A3AB3/Library/texlive/2024/texmf-dist/tex/generic/pgf/frontendlayer/tikz/libra
ries/tikzlibrarypatterns.code.tex
File: tikzlibrarypatterns.code.tex 2023-01-15 v3.1.10 (3.1.10)

(/private/var/mobile/Containers/Data/Application/A30887E3-6A63-41CB-8143-4FBEFB
9A3AB3/Library/texlive/2024/texmf-dist/tex/generic/pgf/libraries/pgflibrarypatt
erns.code.tex
File: pgflibrarypatterns.code.tex 2023-01-15 v3.1.10 (3.1.10)
))
(/private/var/mobile/Containers/Data/Application/A30887E3-6A63-41CB-8143-4FBEFB
9A3AB3/Library/texlive/2024/texmf-dist/tex/latex/tikz-qtree/tikz-qtree.sty
(/private/var/mobile/Containers/Data/Application/A30887E3-6A63-41CB-8143-4FBEFB
9A3AB3/Library/texlive/2024/texmf-dist/tex/latex/tikz-qtree/pgftree.sty
(/private/var/mobile/Containers/Data/Application/A30887E3-6A63-41CB-8143-4FBEFB
9A3AB3/Library/texlive/2024/texmf-dist/tex/latex/tikz-qtree/pgfsubpic.sty
(/private/var/mobile/Containers/Data/Application/A30887E3-6A63-41CB-8143-4FBEFB
9A3AB3/Library/texlive/2024/texmf-dist/tex/latex/tikz-qtree/pgfsubpic.tex
\pgf@subpicminx=\dimen326
\pgf@subpicminy=\dimen327
\pgf@subpicmaxx=\dimen328
\pgf@subpicmaxy=\dimen329
))
(/private/var/mobile/Containers/Data/Application/A30887E3-6A63-41CB-8143-4FBEFB
9A3AB3/Library/texlive/2024/texmf-dist/tex/latex/tikz-qtree/pgftree.tex
\levelsep=\dimen330
\subtreesep=\dimen331
\smuggle@levelsep=\dimen332
\smuggle@subtreesep=\dimen333
\this@levelsep=\dimen334
\this@subtreesep=\dimen335
\pgftree@childx=\dimen336
\pgftree@savechildx=\dimen337
\pgftree@childy=\dimen338
\pgftree@savechildy=\dimen339
\pgftree@childi=\count345
\pgftree@savechildi=\count346
\pgftree@level=\count347
\pgftree@depth=\dimen340
\pgf@subpic@hbox@children=\box150
\pgf@subpic@minx@children=\dimen341
\pgf@subpic@miny@children=\dimen342
\pgf@subpic@maxx@children=\dimen343
\pgf@subpic@maxy@children=\dimen344
\pgftree@lastchildx=\dimen345
\pgftree@lastchildy=\dimen346
))
(/private/var/mobile/Containers/Data/Application/A30887E3-6A63-41CB-8143-4FBEFB
9A3AB3/Library/texlive/2024/texmf-dist/tex/latex/tikz-qtree/tikz-qtree.tex
\@result=\toks47
\child@list=\toks48
\root@node=\toks49
))
(/private/var/mobile/Containers/Data/Application/A30887E3-6A63-41CB-8143-4FBEFB
9A3AB3/Library/texlive/2024/texmf-dist/tex/latex/biblatex/biblatex.sty
Package: biblatex 2024/03/21 v3.20 programmable bibliographies (PK/MW)

(/private/var/mobile/Containers/Data/Application/A30887E3-6A63-41CB-8143-4FBEFB
9A3AB3/Library/texlive/2024/texmf-dist/tex/generic/pdftexcmds/pdftexcmds.sty
Package: pdftexcmds 2020-06-27 v0.33 Utility functions of pdfTeX for LuaTeX (HO
)

(/private/var/mobile/Containers/Data/Application/A30887E3-6A63-41CB-8143-4FBEFB
9A3AB3/Library/texlive/2024/texmf-dist/tex/generic/infwarerr/infwarerr.sty
Package: infwarerr 2019/12/03 v1.5 Providing info/warning/error messages (HO)
)
(/private/var/mobile/Containers/Data/Application/A30887E3-6A63-41CB-8143-4FBEFB
9A3AB3/Library/texlive/2024/texmf-dist/tex/generic/iftex/iftex.sty
Package: iftex 2022/02/03 v1.0f TeX engine tests
)
Package pdftexcmds Info: \pdf@primitive is available.
Package pdftexcmds Info: \pdf@ifprimitive is available.
Package pdftexcmds Info: \pdfdraftmode found.
)
(/private/var/mobile/Containers/Data/Application/A30887E3-6A63-41CB-8143-4FBEFB
9A3AB3/Library/texlive/2024/texmf-dist/tex/latex/logreq/logreq.sty
Package: logreq 2010/08/04 v1.0 xml request logger
\lrq@indent=\count348

(/private/var/mobile/Containers/Data/Application/A30887E3-6A63-41CB-8143-4FBEFB
9A3AB3/Library/texlive/2024/texmf-dist/tex/latex/logreq/logreq.def
File: logreq.def 2010/08/04 v1.0 logreq spec v1.0
))
(/private/var/mobile/Containers/Data/Application/A30887E3-6A63-41CB-8143-4FBEFB
9A3AB3/Library/texlive/2024/texmf-dist/tex/latex/base/ifthen.sty
Package: ifthen 2022/04/13 v1.1d Standard LaTeX ifthen package (DPC)
)
(/private/var/mobile/Containers/Data/Application/A30887E3-6A63-41CB-8143-4FBEFB
9A3AB3/Library/texlive/2024/texmf-dist/tex/latex/url/url.sty
\Urlmuskip=\muskip17
Package: url 2013/09/16  ver 3.4  Verb mode for urls, etc.
)
\c@tabx@nest=\count349
\c@listtotal=\count350
\c@listcount=\count351
\c@liststart=\count352
\c@liststop=\count353
\c@citecount=\count354
\c@citetotal=\count355
\c@multicitecount=\count356
\c@multicitetotal=\count357
\c@instcount=\count358
\c@maxnames=\count359
\c@minnames=\count360
\c@maxitems=\count361
\c@minitems=\count362
\c@citecounter=\count363
\c@maxcitecounter=\count364
\c@savedcitecounter=\count365
\c@uniquelist=\count366
\c@uniquename=\count367
\c@refsection=\count368
\c@refsegment=\count369
\c@maxextratitle=\count370
\c@maxextratitleyear=\count371
\c@maxextraname=\count372
\c@maxextradate=\count373
\c@maxextraalpha=\count374
\c@abbrvpenalty=\count375
\c@highnamepenalty=\count376
\c@lownamepenalty=\count377
\c@maxparens=\count378
\c@parenlevel=\count379
\blx@tempcnta=\count380
\blx@tempcntb=\count381
\blx@tempcntc=\count382
\c@blx@maxsection=\count383
\blx@maxsegment@0=\count384
\blx@notetype=\count385
\blx@parenlevel@text=\count386
\blx@parenlevel@foot=\count387
\blx@sectionciteorder@0=\count388
\blx@sectionciteorderinternal@0=\count389
\blx@entrysetcounter=\count390
\blx@biblioinstance=\count391
\labelnumberwidth=\skip66
\labelalphawidth=\skip67
\biblabelsep=\skip68
\bibitemsep=\skip69
\bibnamesep=\skip70
\bibinitsep=\skip71
\bibparsep=\skip72
\bibhang=\skip73
\blx@bcfin=\read4
\blx@bcfout=\write4
\blx@langwohyphens=\language89
\c@mincomprange=\count392
\c@maxcomprange=\count393
\c@mincompwidth=\count394
Package biblatex Info: Trying to load biblatex default data model...
Package biblatex Info: ... file 'blx-dm.def' found.

(/private/var/mobile/Containers/Data/Application/A30887E3-6A63-41CB-8143-4FBEFB
9A3AB3/Library/texlive/2024/texmf-dist/tex/latex/biblatex/blx-dm.def
File: blx-dm.def 2024/03/21 v3.20 biblatex datamodel (PK/MW)
)
Package biblatex Info: Trying to load biblatex custom data model...
Package biblatex Info: ... file 'biblatex-dm.cfg' not found.
\c@afterword=\count395
\c@savedafterword=\count396
\c@annotator=\count397
\c@savedannotator=\count398
\c@author=\count399
\c@savedauthor=\count400
\c@bookauthor=\count401
\c@savedbookauthor=\count402
\c@commentator=\count403
\c@savedcommentator=\count404
\c@editor=\count405
\c@savededitor=\count406
\c@editora=\count407
\c@savededitora=\count408
\c@editorb=\count409
\c@savededitorb=\count410
\c@editorc=\count411
\c@savededitorc=\count412
\c@foreword=\count413
\c@savedforeword=\count414
\c@holder=\count415
\c@savedholder=\count416
\c@introduction=\count417
\c@savedintroduction=\count418
\c@namea=\count419
\c@savednamea=\count420
\c@nameb=\count421
\c@savednameb=\count422
\c@namec=\count423
\c@savednamec=\count424
\c@translator=\count425
\c@savedtranslator=\count426
\c@shortauthor=\count427
\c@savedshortauthor=\count428
\c@shorteditor=\count429
\c@savedshorteditor=\count430
\c@labelname=\count431
\c@savedlabelname=\count432
\c@institution=\count433
\c@savedinstitution=\count434
\c@lista=\count435
\c@savedlista=\count436
\c@listb=\count437
\c@savedlistb=\count438
\c@listc=\count439
\c@savedlistc=\count440
\c@listd=\count441
\c@savedlistd=\count442
\c@liste=\count443
\c@savedliste=\count444
\c@listf=\count445
\c@savedlistf=\count446
\c@location=\count447
\c@savedlocation=\count448
\c@organization=\count449
\c@savedorganization=\count450
\c@origlocation=\count451
\c@savedoriglocation=\count452
\c@origpublisher=\count453
\c@savedorigpublisher=\count454
\c@publisher=\count455
\c@savedpublisher=\count456
\c@language=\count457
\c@savedlanguage=\count458
\c@origlanguage=\count459
\c@savedoriglanguage=\count460
\c@pageref=\count461
\c@savedpageref=\count462
\shorthandwidth=\skip74
\shortjournalwidth=\skip75
\shortserieswidth=\skip76
\shorttitlewidth=\skip77
\shortauthorwidth=\skip78
\shorteditorwidth=\skip79
\locallabelnumberwidth=\skip80
\locallabelalphawidth=\skip81
\localshorthandwidth=\skip82
\localshortjournalwidth=\skip83
\localshortserieswidth=\skip84
\localshorttitlewidth=\skip85
\localshortauthorwidth=\skip86
\localshorteditorwidth=\skip87
Package biblatex Info: Trying to load compatibility code...
Package biblatex Info: ... file 'blx-compat.def' found.

(/private/var/mobile/Containers/Data/Application/A30887E3-6A63-41CB-8143-4FBEFB
9A3AB3/Library/texlive/2024/texmf-dist/tex/latex/biblatex/blx-compat.def
File: blx-compat.def 2024/03/21 v3.20 biblatex compatibility (PK/MW)
)
Package biblatex Info: Trying to load generic definitions...
Package biblatex Info: ... file 'biblatex.def' found.

(/private/var/mobile/Containers/Data/Application/A30887E3-6A63-41CB-8143-4FBEFB
9A3AB3/Library/texlive/2024/texmf-dist/tex/latex/biblatex/biblatex.def
File: biblatex.def 2024/03/21 v3.20 biblatex compatibility (PK/MW)
\c@textcitecount=\count463
\c@textcitetotal=\count464
\c@textcitemaxnames=\count465
\c@biburlbigbreakpenalty=\count466
\c@biburlbreakpenalty=\count467
\c@biburlnumpenalty=\count468
\c@biburlucpenalty=\count469
\c@biburllcpenalty=\count470
\biburlbigskip=\muskip18
\biburlnumskip=\muskip19
\biburlucskip=\muskip20
\biburllcskip=\muskip21
\c@smartand=\count471
)
Package biblatex Info: Trying to load bibliography style 'numeric'...
Package biblatex Info: ... file 'numeric.bbx' found.

(/private/var/mobile/Containers/Data/Application/A30887E3-6A63-41CB-8143-4FBEFB
9A3AB3/Library/texlive/2024/texmf-dist/tex/latex/biblatex/bbx/numeric.bbx
File: numeric.bbx 2024/03/21 v3.20 biblatex bibliography style (PK/MW)
Package biblatex Info: Trying to load bibliography style 'standard'...
Package biblatex Info: ... file 'standard.bbx' found.

(/private/var/mobile/Containers/Data/Application/A30887E3-6A63-41CB-8143-4FBEFB
9A3AB3/Library/texlive/2024/texmf-dist/tex/latex/biblatex/bbx/standard.bbx
File: standard.bbx 2024/03/21 v3.20 biblatex bibliography style (PK/MW)
\c@bbx:relatedcount=\count472
\c@bbx:relatedtotal=\count473
))
Package biblatex Info: Trying to load citation style 'numeric'...
Package biblatex Info: ... file 'numeric.cbx' found.

(/private/var/mobile/Containers/Data/Application/A30887E3-6A63-41CB-8143-4FBEFB
9A3AB3/Library/texlive/2024/texmf-dist/tex/latex/biblatex/cbx/numeric.cbx
File: numeric.cbx 2024/03/21 v3.20 biblatex citation style (PK/MW)
Package biblatex Info: Redefining '\cite'.
Package biblatex Info: Redefining '\parencite'.
Package biblatex Info: Redefining '\footcite'.
Package biblatex Info: Redefining '\footcitetext'.
Package biblatex Info: Redefining '\smartcite'.
Package biblatex Info: Redefining '\supercite'.
Package biblatex Info: Redefining '\textcite'.
Package biblatex Info: Redefining '\textcites'.
Package biblatex Info: Redefining '\cites'.
Package biblatex Info: Redefining '\parencites'.
Package biblatex Info: Redefining '\smartcites'.
)
Package biblatex Info: Trying to load configuration file...
Package biblatex Info: ... file 'biblatex.cfg' found.

(/private/var/mobile/Containers/Data/Application/A30887E3-6A63-41CB-8143-4FBEFB
9A3AB3/Library/texlive/2024/texmf-dist/tex/latex/biblatex/biblatex.cfg
File: biblatex.cfg 
)
Package biblatex Info: Input encoding 'utf8' detected.
Package biblatex Info: Document encoding is UTF8 ....

(/private/var/mobile/Containers/Data/Application/A30887E3-6A63-41CB-8143-4FBEFB
9A3AB3/Library/texlive/2024/texmf-dist/tex/latex/l3kernel/expl3.sty
Package: expl3 2024-05-08 L3 programming layer (loader) 

(/private/var/mobile/Containers/Data/Application/A30887E3-6A63-41CB-8143-4FBEFB
9A3AB3/Library/texlive/2024/texmf-dist/tex/latex/l3backend/l3backend-pdftex.def
File: l3backend-pdftex.def 2024-05-08 L3 backend support: PDF output (pdfTeX)
\l__color_backend_stack_int=\count474
\l__pdf_internal_box=\box151
))
Package biblatex Info: ... and expl3
(biblatex)             2024-05-08 L3 programming layer (loader) 
(biblatex)             is new enough (at least 2020/04/06),
(biblatex)             setting 'casechanger=expl3'.

(/private/var/mobile/Containers/Data/Application/A30887E3-6A63-41CB-8143-4FBEFB
9A3AB3/Library/texlive/2024/texmf-dist/tex/latex/biblatex/blx-case-expl3.sty
(/private/var/mobile/Containers/Data/Application/A30887E3-6A63-41CB-8143-4FBEFB
9A3AB3/Library/texlive/2024/texmf-dist/tex/latex/l3packages/xparse/xparse.sty
Package: xparse 2024-05-08 L3 Experimental document command parser
)
Package: blx-case-expl3 2024/03/21 v3.20 expl3 case changing code for biblatex
))
(/private/var/mobile/Containers/Data/Application/A30887E3-6A63-41CB-8143-4FBEFB
9A3AB3/Library/texlive/2024/texmf-dist/tex/latex/pdfpages/pdfpages.sty
Package: pdfpages 2024/01/21 v0.5y Insert pages of external PDF documents (AM)

(/private/var/mobile/Containers/Data/Application/A30887E3-6A63-41CB-8143-4FBEFB
9A3AB3/Library/texlive/2024/texmf-dist/tex/latex/eso-pic/eso-pic.sty
Package: eso-pic 2023/05/03 v3.0c eso-pic (RN)
\ESO@tempdima=\dimen347
\ESO@tempdimb=\dimen348
)
\AM@pagewidth=\dimen349
\AM@pageheight=\dimen350
\AM@fboxrule=\dimen351

(/private/var/mobile/Containers/Data/Application/A30887E3-6A63-41CB-8143-4FBEFB
9A3AB3/Library/texlive/2024/texmf-dist/tex/latex/pdfpages/pppdftex.def
File: pppdftex.def 2024/01/21 v0.5y Pdfpages driver for pdfTeX (AM)
)
\pdfpages@includegraphics@status=\count475
\AM@pagebox=\box152
\AM@global@opts=\toks50
\AM@pagecnt=\count476
\AM@toc@title=\toks51
\AM@lof@heading=\toks52
\c@AM@survey=\count477
\AM@templatesizebox=\box153
)
(/private/var/mobile/Containers/Data/Application/A30887E3-6A63-41CB-8143-4FBEFB
9A3AB3/Library/texlive/2024/texmf-dist/tex/latex/pgfplots/pgfplots.sty
(/private/var/mobile/Containers/Data/Application/A30887E3-6A63-41CB-8143-4FBEFB
9A3AB3/Library/texlive/2024/texmf-dist/tex/generic/pgfplots/pgfplots.revision.t
ex)
Package: pgfplots 2021/05/15 v1.18.1 Data Visualization (1.18.1)

(/private/var/mobile/Containers/Data/Application/A30887E3-6A63-41CB-8143-4FBEFB
9A3AB3/Library/texlive/2024/texmf-dist/tex/generic/pgfplots/pgfplots.code.tex
(/private/var/mobile/Containers/Data/Application/A30887E3-6A63-41CB-8143-4FBEFB
9A3AB3/Library/texlive/2024/texmf-dist/tex/generic/pgfplots/pgfplotscore.code.t
ex
\t@pgfplots@toka=\toks53
\t@pgfplots@tokb=\toks54
\t@pgfplots@tokc=\toks55
\pgfplots@tmpa=\dimen352
\c@pgfplots@coordindex=\count478
\c@pgfplots@scanlineindex=\count479

(/private/var/mobile/Containers/Data/Application/A30887E3-6A63-41CB-8143-4FBEFB
9A3AB3/Library/texlive/2024/texmf-dist/tex/generic/pgfplots/sys/pgfplotssysgene
ric.code.tex))
(/private/var/mobile/Containers/Data/Application/A30887E3-6A63-41CB-8143-4FBEFB
9A3AB3/Library/texlive/2024/texmf-dist/tex/generic/pgfplots/libs/pgfplotslibrar
y.code.tex)
(/private/var/mobile/Containers/Data/Application/A30887E3-6A63-41CB-8143-4FBEFB
9A3AB3/Library/texlive/2024/texmf-dist/tex/generic/pgfplots/oldpgfcompatib/pgfp
lotsoldpgfsupp_loader.code.tex
(/private/var/mobile/Containers/Data/Application/A30887E3-6A63-41CB-8143-4FBEFB
9A3AB3/Library/texlive/2024/texmf-dist/tex/generic/pgf/libraries/pgflibraryfpu.
code.tex)
Package pgfplots: loading complementary utilities for your pgf version...
\t@pgf@toka=\toks56
\t@pgf@tokb=\toks57
\t@pgf@tokc=\toks58

(/private/var/mobile/Containers/Data/Application/A30887E3-6A63-41CB-8143-4FBEFB
9A3AB3/Library/texlive/2024/texmf-dist/tex/generic/pgfplots/oldpgfcompatib/pgfp
lotsoldpgfsupp_pgfutil-common-lists.tex))
(/private/var/mobile/Containers/Data/Application/A30887E3-6A63-41CB-8143-4FBEFB
9A3AB3/Library/texlive/2024/texmf-dist/tex/generic/pgfplots/util/pgfplotsutil.c
ode.tex
(/private/var/mobile/Containers/Data/Application/A30887E3-6A63-41CB-8143-4FBEFB
9A3AB3/Library/texlive/2024/texmf-dist/tex/generic/pgfplots/liststructure/pgfpl
otsliststructure.code.tex)
(/private/var/mobile/Containers/Data/Application/A30887E3-6A63-41CB-8143-4FBEFB
9A3AB3/Library/texlive/2024/texmf-dist/tex/generic/pgfplots/liststructure/pgfpl
otsliststructureext.code.tex)
(/private/var/mobile/Containers/Data/Application/A30887E3-6A63-41CB-8143-4FBEFB
9A3AB3/Library/texlive/2024/texmf-dist/tex/generic/pgfplots/liststructure/pgfpl
otsarray.code.tex
\c@pgfplotsarray@tmp=\count480
)
(/private/var/mobile/Containers/Data/Application/A30887E3-6A63-41CB-8143-4FBEFB
9A3AB3/Library/texlive/2024/texmf-dist/tex/generic/pgfplots/liststructure/pgfpl
otsmatrix.code.tex)
(/private/var/mobile/Containers/Data/Application/A30887E3-6A63-41CB-8143-4FBEFB
9A3AB3/Library/texlive/2024/texmf-dist/tex/generic/pgfplots/numtable/pgfplotsta
bleshared.code.tex
\c@pgfplotstable@counta=\count481
\t@pgfplotstable@a=\toks59
)
(/private/var/mobile/Containers/Data/Application/A30887E3-6A63-41CB-8143-4FBEFB
9A3AB3/Library/texlive/2024/texmf-dist/tex/generic/pgfplots/liststructure/pgfpl
otsdeque.code.tex)
(/private/var/mobile/Containers/Data/Application/A30887E3-6A63-41CB-8143-4FBEFB
9A3AB3/Library/texlive/2024/texmf-dist/tex/generic/pgfplots/util/pgfplotsbinary
.code.tex
(/private/var/mobile/Containers/Data/Application/A30887E3-6A63-41CB-8143-4FBEFB
9A3AB3/Library/texlive/2024/texmf-dist/tex/generic/pgfplots/util/pgfplotsbinary
.data.code.tex))
(/private/var/mobile/Containers/Data/Application/A30887E3-6A63-41CB-8143-4FBEFB
9A3AB3/Library/texlive/2024/texmf-dist/tex/generic/pgfplots/util/pgfplotsutil.v
erb.code.tex)
(/private/var/mobile/Containers/Data/Application/A30887E3-6A63-41CB-8143-4FBEFB
9A3AB3/Library/texlive/2024/texmf-dist/tex/generic/pgfplots/libs/pgflibrarypgfp
lots.surfshading.code.tex
\c@pgfplotslibrarysurf@no=\count482

(/private/var/mobile/Containers/Data/Application/A30887E3-6A63-41CB-8143-4FBEFB
9A3AB3/Library/texlive/2024/texmf-dist/tex/generic/pgfplots/sys/pgflibrarypgfpl
ots.surfshading.pgfsys-pdftex.def)))
(/private/var/mobile/Containers/Data/Application/A30887E3-6A63-41CB-8143-4FBEFB
9A3AB3/Library/texlive/2024/texmf-dist/tex/generic/pgfplots/util/pgfplotscolorm
ap.code.tex
(/private/var/mobile/Containers/Data/Application/A30887E3-6A63-41CB-8143-4FBEFB
9A3AB3/Library/texlive/2024/texmf-dist/tex/generic/pgfplots/util/pgfplotscolor.
code.tex))
(/private/var/mobile/Containers/Data/Application/A30887E3-6A63-41CB-8143-4FBEFB
9A3AB3/Library/texlive/2024/texmf-dist/tex/generic/pgfplots/pgfplotsstackedplot
s.code.tex)
(/private/var/mobile/Containers/Data/Application/A30887E3-6A63-41CB-8143-4FBEFB
9A3AB3/Library/texlive/2024/texmf-dist/tex/generic/pgfplots/pgfplotsplothandler
s.code.tex
(/private/var/mobile/Containers/Data/Application/A30887E3-6A63-41CB-8143-4FBEFB
9A3AB3/Library/texlive/2024/texmf-dist/tex/generic/pgfplots/pgfplotsmeshplothan
dler.code.tex
(/private/var/mobile/Containers/Data/Application/A30887E3-6A63-41CB-8143-4FBEFB
9A3AB3/Library/texlive/2024/texmf-dist/tex/generic/pgfplots/pgfplotsmeshplotima
ge.code.tex)))
(/private/var/mobile/Containers/Data/Application/A30887E3-6A63-41CB-8143-4FBEFB
9A3AB3/Library/texlive/2024/texmf-dist/tex/generic/pgfplots/pgfplots.scaling.co
de.tex)
(/private/var/mobile/Containers/Data/Application/A30887E3-6A63-41CB-8143-4FBEFB
9A3AB3/Library/texlive/2024/texmf-dist/tex/generic/pgfplots/pgfplotscoordproces
sing.code.tex)
(/private/var/mobile/Containers/Data/Application/A30887E3-6A63-41CB-8143-4FBEFB
9A3AB3/Library/texlive/2024/texmf-dist/tex/generic/pgfplots/pgfplots.errorbars.
code.tex)
(/private/var/mobile/Containers/Data/Application/A30887E3-6A63-41CB-8143-4FBEFB
9A3AB3/Library/texlive/2024/texmf-dist/tex/generic/pgfplots/pgfplots.markers.co
de.tex)
(/private/var/mobile/Containers/Data/Application/A30887E3-6A63-41CB-8143-4FBEFB
9A3AB3/Library/texlive/2024/texmf-dist/tex/generic/pgfplots/pgfplotsticks.code.
tex)
(/private/var/mobile/Containers/Data/Application/A30887E3-6A63-41CB-8143-4FBEFB
9A3AB3/Library/texlive/2024/texmf-dist/tex/generic/pgfplots/pgfplots.paths.code
.tex)
(/private/var/mobile/Containers/Data/Application/A30887E3-6A63-41CB-8143-4FBEFB
9A3AB3/Library/texlive/2024/texmf-dist/tex/generic/pgf/frontendlayer/tikz/libra
ries/tikzlibrarydecorations.code.tex
(/private/var/mobile/Containers/Data/Application/A30887E3-6A63-41CB-8143-4FBEFB
9A3AB3/Library/texlive/2024/texmf-dist/tex/generic/pgf/modules/pgfmoduledecorat
ions.code.tex
\pgfdecoratedcompleteddistance=\dimen353
\pgfdecoratedremainingdistance=\dimen354
\pgfdecoratedinputsegmentcompleteddistance=\dimen355
\pgfdecoratedinputsegmentremainingdistance=\dimen356
\pgf@decorate@distancetomove=\dimen357
\pgf@decorate@repeatstate=\count483
\pgfdecorationsegmentamplitude=\dimen358
\pgfdecorationsegmentlength=\dimen359
)
\tikz@lib@dec@box=\box154
)
(/private/var/mobile/Containers/Data/Application/A30887E3-6A63-41CB-8143-4FBEFB
9A3AB3/Library/texlive/2024/texmf-dist/tex/generic/pgf/frontendlayer/tikz/libra
ries/tikzlibrarydecorations.pathmorphing.code.tex
(/private/var/mobile/Containers/Data/Application/A30887E3-6A63-41CB-8143-4FBEFB
9A3AB3/Library/texlive/2024/texmf-dist/tex/generic/pgf/libraries/decorations/pg
flibrarydecorations.pathmorphing.code.tex))
(/private/var/mobile/Containers/Data/Application/A30887E3-6A63-41CB-8143-4FBEFB
9A3AB3/Library/texlive/2024/texmf-dist/tex/generic/pgf/frontendlayer/tikz/libra
ries/tikzlibrarydecorations.pathreplacing.code.tex
(/private/var/mobile/Containers/Data/Application/A30887E3-6A63-41CB-8143-4FBEFB
9A3AB3/Library/texlive/2024/texmf-dist/tex/generic/pgf/libraries/decorations/pg
flibrarydecorations.pathreplacing.code.tex))
(/private/var/mobile/Containers/Data/Application/A30887E3-6A63-41CB-8143-4FBEFB
9A3AB3/Library/texlive/2024/texmf-dist/tex/generic/pgfplots/libs/tikzlibrarypgf
plots.contourlua.code.tex)
\pgfplots@numplots=\count484
\pgfplots@xmin@reg=\dimen360
\pgfplots@xmax@reg=\dimen361
\pgfplots@ymin@reg=\dimen362
\pgfplots@ymax@reg=\dimen363
\pgfplots@zmin@reg=\dimen364
\pgfplots@zmax@reg=\dimen365
)
(/private/var/mobile/Containers/Data/Application/A30887E3-6A63-41CB-8143-4FBEFB
9A3AB3/Library/texlive/2024/texmf-dist/tex/generic/pgf/frontendlayer/tikz/libra
ries/tikzlibraryplotmarks.code.tex
File: tikzlibraryplotmarks.code.tex 2023-01-15 v3.1.10 (3.1.10)

(/private/var/mobile/Containers/Data/Application/A30887E3-6A63-41CB-8143-4FBEFB
9A3AB3/Library/texlive/2024/texmf-dist/tex/generic/pgf/libraries/pgflibraryplot
marks.code.tex
File: pgflibraryplotmarks.code.tex 2023-01-15 v3.1.10 (3.1.10)
)))
(/private/var/mobile/Containers/Data/Application/A30887E3-6A63-41CB-8143-4FBEFB
9A3AB3/Library/texlive/2024/texmf-dist/tex/latex/geometry/geometry.sty
Package: geometry 2020/01/02 v5.9 Page Geometry

(/private/var/mobile/Containers/Data/Application/A30887E3-6A63-41CB-8143-4FBEFB
9A3AB3/Library/texlive/2024/texmf-dist/tex/generic/iftex/ifvtex.sty
Package: ifvtex 2019/10/25 v1.7 ifvtex legacy package. Use iftex instead.
)
\Gm@cnth=\count485
\Gm@cntv=\count486
\c@Gm@tempcnt=\count487
\Gm@bindingoffset=\dimen366
\Gm@wd@mp=\dimen367
\Gm@odd@mp=\dimen368
\Gm@even@mp=\dimen369
\Gm@layoutwidth=\dimen370
\Gm@layoutheight=\dimen371
\Gm@layouthoffset=\dimen372
\Gm@layoutvoffset=\dimen373
\Gm@dimlist=\toks60
)
(/private/var/mobile/Containers/Data/Application/A30887E3-6A63-41CB-8143-4FBEFB
9A3AB3/Library/texlive/2024/texmf-dist/tex/latex/titlesec/titlesec.sty
Package: titlesec 2023/10/27 v2.16 Sectioning titles
\ttl@box=\box155
\beforetitleunit=\skip88
\aftertitleunit=\skip89
\ttl@plus=\dimen374
\ttl@minus=\dimen375
\ttl@toksa=\toks61
\titlewidth=\dimen376
\titlewidthlast=\dimen377
\titlewidthfirst=\dimen378
)
(/private/var/mobile/Containers/Data/Application/A30887E3-6A63-41CB-8143-4FBEFB
9A3AB3/Library/texlive/2024/texmf-dist/tex/latex/titlesec/titletoc.sty
Package: titletoc 2023/10/27 v2.16 TOC entries
\ttl@leftsep=\dimen379
)
(/private/var/mobile/Containers/Data/Application/A30887E3-6A63-41CB-8143-4FBEFB
9A3AB3/Library/texlive/2024/texmf-dist/tex/latex/tikz-3dplot/tikz-3dplot.sty
(/private/var/mobile/Containers/Data/Application/A30887E3-6A63-41CB-8143-4FBEFB
9A3AB3/Library/texlive/2024/texmf-dist/tex/generic/pgf/frontendlayer/tikz/libra
ries/tikzlibrarycalc.code.tex
File: tikzlibrarycalc.code.tex 2023-01-15 v3.1.10 (3.1.10)
)
(/private/var/mobile/Containers/Data/Application/A30887E3-6A63-41CB-8143-4FBEFB
9A3AB3/Library/texlive/2024/texmf-dist/tex/generic/pgf/frontendlayer/tikz/libra
ries/tikzlibrary3d.code.tex
File: tikzlibrary3d.code.tex 2023-01-15 v3.1.10 (3.1.10)
)
(/private/var/mobile/Containers/Data/Application/A30887E3-6A63-41CB-8143-4FBEFB
9A3AB3/Library/texlive/2024/texmf-dist/tex/generic/pgf/frontendlayer/tikz/libra
ries/tikzlibraryarrows.code.tex
File: tikzlibraryarrows.code.tex 2023-01-15 v3.1.10 (3.1.10)

(/private/var/mobile/Containers/Data/Application/A30887E3-6A63-41CB-8143-4FBEFB
9A3AB3/Library/texlive/2024/texmf-dist/tex/generic/pgf/libraries/pgflibraryarro
ws.code.tex
File: pgflibraryarrows.code.tex 2023-01-15 v3.1.10 (3.1.10)
\arrowsize=\dimen380
)))
\c@subsubsubsection=\count488
)
\@quotelevel=\count489
\@quotereset=\count490

No file "Examen Enero 2024".aux.
\openout1 = `"Examen Enero 2024.aux"'.

LaTeX Font Info:    Checking defaults for OML/cmm/m/it on input line 4.
LaTeX Font Info:    ... okay on input line 4.
LaTeX Font Info:    Checking defaults for OMS/cmsy/m/n on input line 4.
LaTeX Font Info:    ... okay on input line 4.
LaTeX Font Info:    Checking defaults for OT1/cmr/m/n on input line 4.
LaTeX Font Info:    ... okay on input line 4.
LaTeX Font Info:    Checking defaults for T1/cmr/m/n on input line 4.
LaTeX Font Info:    ... okay on input line 4.
LaTeX Font Info:    Checking defaults for TS1/cmr/m/n on input line 4.
LaTeX Font Info:    ... okay on input line 4.
LaTeX Font Info:    Checking defaults for OMX/cmex/m/n on input line 4.
LaTeX Font Info:    ... okay on input line 4.
LaTeX Font Info:    Checking defaults for U/cmr/m/n on input line 4.
LaTeX Font Info:    ... okay on input line 4.

(/private/var/mobile/Containers/Data/Application/A30887E3-6A63-41CB-8143-4FBEFB
9A3AB3/Library/texlive/2024/texmf-dist/tex/context/base/mkii/supp-pdf.mkii
[Loading MPS to PDF converter (version 2006.09.02).]
\scratchcounter=\count491
\scratchdimen=\dimen381
\scratchbox=\box156
\nofMPsegments=\count492
\nofMParguments=\count493
\everyMPshowfont=\toks62
\MPscratchCnt=\count494
\MPscratchDim=\dimen382
\MPnumerator=\count495
\makeMPintoPDFobject=\count496
\everyMPtoPDFconversion=\toks63
)
(/private/var/mobile/Containers/Data/Application/A30887E3-6A63-41CB-8143-4FBEFB
9A3AB3/Library/texlive/2024/texmf-dist/tex/latex/epstopdf-pkg/epstopdf-base.sty
Package: epstopdf-base 2020-01-24 v2.11 Base part for package epstopdf
Package epstopdf-base Info: Redefining graphics rule for `.eps' on input line 4
85.

(/private/var/mobile/Containers/Data/Application/A30887E3-6A63-41CB-8143-4FBEFB
9A3AB3/Library/texlive/2024/texmf-dist/tex/latex/latexconfig/epstopdf-sys.cfg
File: epstopdf-sys.cfg 2010/07/13 v1.3 Configuration of (r)epstopdf for TeX Liv
e
))
Package caption Info: Begin \AtBeginDocument code.
Package caption Info: listings package is loaded.
Package caption Info: wrapfig package is loaded.
Package caption Info: End \AtBeginDocument code.
\Hy@linkcounter=\count497
\c@lstlisting=\count498
Package biblatex Info: Trying to load language 'english'...
Package biblatex Info: ... file 'english.lbx' found.

(/private/var/mobile/Containers/Data/Application/A30887E3-6A63-41CB-8143-4FBEFB
9A3AB3/Library/texlive/2024/texmf-dist/tex/latex/biblatex/lbx/english.lbx
File: english.lbx 2024/03/21 v3.20 biblatex localization (PK/MW)
)
Package biblatex Info: Input encoding 'utf8' detected.
Package biblatex Info: Automatic encoding selection.
(biblatex)             Assuming data encoding 'utf8'.
\openout4 = `"Examen Enero 2024.bcf"'.

Package biblatex Info: Trying to load bibliographic data...
Package biblatex Info: ... file '"Examen Enero 2024".bbl' not found.

No file "Examen Enero 2024".bbl.
Package biblatex Info: Reference section=0 on input line 4.
Package biblatex Info: Reference segment=0 on input line 4.

(/private/var/mobile/Containers/Data/Application/A30887E3-6A63-41CB-8143-4FBEFB
9A3AB3/Library/texlive/2024/texmf-dist/tex/latex/pdflscape/pdflscape.sty
Package: pdflscape 2022-10-27 v0.13 Display of landscape pages in PDF

(/private/var/mobile/Containers/Data/Application/A30887E3-6A63-41CB-8143-4FBEFB
9A3AB3/Library/texlive/2024/texmf-dist/tex/latex/pdflscape/pdflscape-nometadata
.sty
Package: pdflscape-nometadata 2022-10-28 v0.13 Display of landscape pages in PD
F (HO)

(/private/var/mobile/Containers/Data/Application/A30887E3-6A63-41CB-8143-4FBEFB
9A3AB3/Library/texlive/2024/texmf-dist/tex/latex/graphics/lscape.sty
Package: lscape 2020/05/28 v3.02 Landscape Pages (DPC)
)
Package pdflscape Info: Auto-detected driver: pdftex on input line 81.
))

Package pgfplots Warning: running in backwards compatibility mode (unsuitable t
ick labels; missing features). Consider writing \pgfplotsset{compat=1.18} into 
your preamble.
 on input line 4.

*geometry* driver: auto-detecting
*geometry* detected driver: pdftex
*geometry* verbose mode - [ preamble ] result:
* driver: pdftex
* paper: a4paper
* layout: <same size as paper>
* layoutoffset:(h,v)=(0.0pt,0.0pt)
* modes: 
* h-part:(L,W,R)=(28.45274pt, 540.60239pt, 28.45274pt)
* v-part:(T,H,B)=(28.45274pt, 773.91498pt, 42.67912pt)
* \paperwidth=597.50787pt
* \paperheight=845.04684pt
* \textwidth=540.60239pt
* \textheight=773.91498pt
* \oddsidemargin=-43.81725pt
* \evensidemargin=-43.81725pt
* \topmargin=-43.81725pt
* \headheight=0.0pt
* \headsep=0.0pt
* \topskip=10.0pt
* \footskip=30.0pt
* \marginparwidth=57.0pt
* \marginparsep=11.0pt
* \columnsep=10.0pt
* \skip\footins=9.0pt plus 4.0pt minus 2.0pt
* \hoffset=0.0pt
* \voffset=0.0pt
* \mag=1000
* \@twocolumnfalse
* \@twosidefalse
* \@mparswitchfalse
* \@reversemarginfalse
* (1in=72.27pt=25.4mm, 1cm=28.453pt)

LaTeX Font Info:    Trying to load font information for U+msa on input line 5.

(/private/var/mobile/Containers/Data/Application/A30887E3-6A63-41CB-8143-4FBEFB
9A3AB3/Library/texlive/2024/texmf-dist/tex/latex/amsfonts/umsa.fd
File: umsa.fd 2013/01/14 v3.01 AMS symbols A
)
LaTeX Font Info:    Trying to load font information for U+msb on input line 5.

(/private/var/mobile/Containers/Data/Application/A30887E3-6A63-41CB-8143-4FBEFB
9A3AB3/Library/texlive/2024/texmf-dist/tex/latex/amsfonts/umsb.fd
File: umsb.fd 2013/01/14 v3.01 AMS symbols B
)
LaTeX Font Info:    Trying to load font information for U+lasy on input line 5.


(/private/var/mobile/Containers/Data/Application/A30887E3-6A63-41CB-8143-4FBEFB
9A3AB3/Library/texlive/2024/texmf-dist/tex/latex/base/ulasy.fd
File: ulasy.fd 1998/08/17 v2.2e LaTeX symbol font definitions
) [1

{/private/var/mobile/Containers/Data/Application/A30887E3-6A63-41CB-8143-4FBEFB
9A3AB3/Library/texlive/2024/texmf-var/fonts/map/pdftex/updmap/pdftex.map}] [2]
(./Examen Enero 2024.aux)
 ***********
LaTeX2e <2023-11-01> patch level 1
L3 programming layer <2024-05-08>
 ***********


LaTeX Warning: There were undefined references.


Package biblatex Warning: Please (re)run Biber on the file:
(biblatex)                "Examen Enero 2024"
(biblatex)                and rerun LaTeX afterwards.

Package logreq Info: Writing requests to '"Examen Enero 2024".run.xml'.
\openout1 = `"Examen Enero 2024.run.xml"'.

 ) 
Here is how much of TeX's memory you used:
 43637 strings out of 473993
 1081698 string characters out of 5699794
 1950399 words of memory out of 5000000
 65436 multiletter control sequences out of 15000+600000
 565656 words of font info for 70 fonts, out of 8000000 for 9000
 1141 hyphenation exceptions out of 8191
 98i,8n,100p,1208b,803s stack positions out of 10000i,1000n,20000p,200000b,200000s
</private/var/mobile/Containers/Data/Application/A30887E3-6A63-41CB-8143-4FBE
FB9A3AB3/Library/texlive/2024/texmf-dist/fonts/type1/public/amsfonts/cm/cmbx10.
pfb></private/var/mobile/Containers/Data/Application/A30887E3-6A63-41CB-8143-4F
BEFB9A3AB3/Library/texlive/2024/texmf-dist/fonts/type1/public/amsfonts/cm/cmex1
0.pfb></private/var/mobile/Containers/Data/Application/A30887E3-6A63-41CB-8143-
4FBEFB9A3AB3/Library/texlive/2024/texmf-dist/fonts/type1/public/amsfonts/cm/cmm
i10.pfb></private/var/mobile/Containers/Data/Application/A30887E3-6A63-41CB-814
3-4FBEFB9A3AB3/Library/texlive/2024/texmf-dist/fonts/type1/public/amsfonts/cm/c
mmi5.pfb></private/var/mobile/Containers/Data/Application/A30887E3-6A63-41CB-81
43-4FBEFB9A3AB3/Library/texlive/2024/texmf-dist/fonts/type1/public/amsfonts/cm/
cmmi7.pfb></private/var/mobile/Containers/Data/Application/A30887E3-6A63-41CB-8
143-4FBEFB9A3AB3/Library/texlive/2024/texmf-dist/fonts/type1/public/amsfonts/cm
/cmr10.pfb></private/var/mobile/Containers/Data/Application/A30887E3-6A63-41CB-
8143-4FBEFB9A3AB3/Library/texlive/2024/texmf-dist/fonts/type1/public/amsfonts/c
m/cmr12.pfb></private/var/mobile/Containers/Data/Application/A30887E3-6A63-41CB
-8143-4FBEFB9A3AB3/Library/texlive/2024/texmf-dist/fonts/type1/public/amsfonts/
cm/cmr17.pfb></private/var/mobile/Containers/Data/Application/A30887E3-6A63-41C
B-8143-4FBEFB9A3AB3/Library/texlive/2024/texmf-dist/fonts/type1/public/amsfonts
/cm/cmr5.pfb></private/var/mobile/Containers/Data/Application/A30887E3-6A63-41C
B-8143-4FBEFB9A3AB3/Library/texlive/2024/texmf-dist/fonts/type1/public/amsfonts
/cm/cmr7.pfb></private/var/mobile/Containers/Data/Application/A30887E3-6A63-41C
B-8143-4FBEFB9A3AB3/Library/texlive/2024/texmf-dist/fonts/type1/public/amsfonts
/cm/cmsy10.pfb></private/var/mobile/Containers/Data/Application/A30887E3-6A63-4
1CB-8143-4FBEFB9A3AB3/Library/texlive/2024/texmf-dist/fonts/type1/public/amsfon
ts/cm/cmsy7.pfb></private/var/mobile/Containers/Data/Application/A30887E3-6A63-
41CB-8143-4FBEFB9A3AB3/Library/texlive/2024/texmf-dist/fonts/type1/public/amsfo
nts/symbols/msam7.pfb></private/var/mobile/Containers/Data/Application/A30887E3
-6A63-41CB-8143-4FBEFB9A3AB3/Library/texlive/2024/texmf-dist/fonts/type1/public
/amsfonts/symbols/msbm10.pfb>
Output written on "Examen Enero 2024.pdf" (2 pages, 141901 bytes).
PDF statistics:
 84 PDF objects out of 1000 (max. 8388607)
 51 compressed objects within 1 object stream
 0 named destinations out of 1000 (max. 500000)
 13 words of extra memory for PDF output out of 10000 (max. 10000000)

